6169320
2524140
2476152
64476
174798
120
739170
1020
135
16704
6
36
2
648000
4968
20
99144
2154768
3
12
3
31536
4
3608640
6109020
260760
38080
257600
10800
1340550
1464210
164160
2
1836
783360
484
56
454968
1280
54
4
1190630
20
12528
6230
216
864
40320
12870
22024
1404
263520
4
1
1040
1508
220
7261056
12690
75
5400
1397280
108
192
272
1109160
2637000
446148
62748
19740
12
24
2
5824
49350
72
40
1536732
9532800
7680
96012
1296
255
228180
215952
8
2500
8332740
1215
448740
10
2754
4100
48
1
383760
414
7290
72
424
585432
8816
6
1
299808
108
18
3131128
6
2583000
10125
5398272
3
1440
720
464
418824
60
353808
111
2664
180
10
24
1000
3260124
26752
144
30
2
168
10665
313632
3125
870240
1980
6
12
443664
66096
192
750
1719
69888
120
26208
353160
60
4
608886
40
162
4
48
2
737156
18666
674217
8100
3
6952320
1700550
1
742960
5382336
3200
42336
3240
5254704
22950
6851364
172640
3328
5
24
58700
31280
578220
20
4
1479600
5760
14200
1170
499114
964206
36
1
8355840
309150
8
311040
600
3499776
690
12
15120
769824
180
7248
1117800
30800
4760
10944
93312
240840
7635600
294354
11979
9
1462272
87
4
1040
108
966
68220
410800
17040
2120580
972
992880
432
4860
48246
2880
90
700
1937520
332100
4000
2570400
36
8490720
8964
80
330480
40
1011600
250
500040
246
23680
4752
324880
324
1387980
972
3150
10
3
1800
1170450
62810
5520
48
312480
78
1832544
15
6885
20
11826
3120
129600
13464000
5649240
3564
27
78
34
180
308000
8
11016
24327
146016
3640
2993760
7642992
20505
180
4
3840
6624
306
8
108
108864
510
4601496
10
1382616
675900
8529656
74448
397035
8
206280
13200
30
16
51
2714112
1
64
36450
134700
2
880
807840
204
5
10
40
41400
2130
6464150
2665872
5281266
2412
193824
8
138
1164
92
144
557280
133164
283176
2248
8
31365
54
5499252
181764
71190
20
8943750
2
140
15120
80
1600
108
4704000
10
56
189000
1036
15232
11807760
2
1
4
6968064
2622
552
1306368
3
2424
468
30
4941
6917616
6
96396
234
50
1533600
2583000
96
49700
2
109116
102
160
12731096
3240
1392300
160
576
972
1
2546100
72
4
1
75
60
8
86001
17295
906304
21870
952
60
1200
154224
1
5297400
46600
76032
180
414486
2
36
28
1944
108
50
2550
255340
8
10
29520
9
2
12
450
3058692
1
305280
2
3408
14580
6
831600
14472
1848
4200768
1
5338770
2925
76986
50544
64032
1848
7349532
7729344
40
280
20
5960
12204
240
6264
324
3264
20
1
120
90
2
1849698
11124000
720
400
20
67176
918
41280
36
6
1499832
1080
68499
288
1980000
288
23328
3883464
80
1
15984
729240
198690
252
63000
46260
30
130
3522040
2
5775
5088420
308124
3
90
44500
138237
2016
1
40
165600
50
223614
336
31872
36
718080
75600
526500
15
200475
32
40
5531868
75
4929896
65
2214
54
54675
8
2330
1
9792
2026425
54
480
1644624
60
1228050
2688
924
24
5760
36720
216540
1884960
18576
2375580
2025
51420
4253688
7609692
2093850
2551500
96
624000
1386
648
1
720
216
8532
2980800
6
11244800
3834
2
62640
5328000
5
100
36
1
71520
8
72
81
64800
540
3976
10
28
495990
486
509340
757215
4
462150
676056
2
3650400
424035
3
928
2
8055424
246
425
3264
24320
4440
7733760
426888
2700
60
1158750
2380
3521664
5728320
5012604
1
36
25
15
1152
2610
4
35660
9720
9622800
5025
28980
28
4847040
724500
858
648
2020788
1
6
3564
168096
280800
48
288
240084
25280
72
4
15
64125
4
17415
3341250
28
4278960
4740120
393
2
221760
4320
7524
3188640
81
400
5190360
16
12
470
840
180
42
40
41184
144
1738800
2888496
1020
6
1112832
3
13776048
24
2100
2040192
30
4704
48
72
609
2184840
836160
30
1521450
6827520
44800
15540000
606
489200
1530000
9360
100
9697200
7015680
2736
328
12006
10889082
15975
3
28
2340576
79164
400
48
1770120
8
10
648
9645588
1
8
1
13152
3144960
2575328
1845
959376
518400
6
738
57360
50
60
2
2448
4500
3587680
2
80190
18
8
540
352944
12
1
6912
243
23735376
540
191
15
2
1
1360
16632
1033896
1656
8
1
2
1663200
10
468
16576
1692
45360
9
936
24
24
1591866
5559840
47520
690
60
26568
26656
360
12381600
1458
19440
2
9828
8
6
15
32
20
46
571200
12
106080
912
900
500
15
27000
274920
99348
268
2112
2
3
2080
6120
909792
1249992
207000
2388540
450
987020
50
18238770
1
14416
60
36
77000
6480
1692
2349888
504
8
5760
800760
20240
6732
1
4960
306
2904
3454560
1519392
12060
4114800
40
6
60
1800
2
3
7290
3
97920
742040
1
16
57960
10400
430
21930
358128
200
144
120
3060
2
1332
3780
16
20625000
4
9885330
831600
8
2376
12330
420120
218584
61308
3090240
172368
38232
320
3888000
104
20400
3
4158
2
74736
450
318000
6
2503872
18900
16285680
408
23460
792
900
480
51192
3033342
280
1230
16752120
3730608
12
45360
120
246
216
287244
24
13043268
5716760
7170
12
3558168
13980672
2275344
878592
200000
420187
19494024
1377000
95970
304425
5171136
17280
1522800
16
6
18531000
2071008
281520
44800
72
540
1404
12830400
6800
1127520
19905920
3360
80
176064
3870
2840508
12767656
12492144
3553200
72928
8
120
66312
240
43173
736596
256
1048140
3216
14796
31752
18558288
120
100
2699388
2
3461940
9600
6450
10695312
2
249600
439920
3180
30270
3960
148580
90
1
12
6
5363169
21461760
1338444
16
30456
600
26000
36468
45360
323208
20629440
475704
3753000
16
263925
9440200
1334700
2520
15
90
279936
51700
140
8344
72420
486
3084210
254016
4768848
8532
792
12611100
49896
60
468
720
1728
229500
684
226680
24
378
16200
11304
12
18800100
846400
48
204
60156
3465
4
16
32400
960
5442600
2
2052960
4
17280
205212
240
1152
112
51828
3
50
353160
9319536
496692
2
78
84000
240
73344
1920
1047200
810
2
192
2279400
908
9312
144
4200
20
150
2880
2
1620
7383312
1
6
16387776
4
4578
213282
2954
12690
24
6917280
8160
54
6094224
144
96
816
110340
216
480
5285280
1389960
10890
210
98604
52
40368
162
3200
68
6
52480
225
10296832
84240
617760
40
4860
1265950
280
12090078
4
1242000
120
4785984
342258
2
2592
1728
4280832
72
434860
32
2040
27040
11151756
2
213840
1
1862
3
48
700060
48
21420
96
97200
90
349500
5400
3060
1
1296
30
26550160
4
96
900
60
1224
2
300
179700
8
4569600
4
82
18555906
260145
150477
15120
11504880
3536
612
166056
1248
756
360
4716
27299160
2160
1
23684400
26280
1800
5724
9720
6885
1404
4
7061040
8424
11016
450
10589508
12690
11547900
441000
393120
2606814
3276
1800
1190
34
3432
150
912
28
17793
522480
6696
3400
420
384800
5984
6
600
6
208980
12
146880
712908
432
86688
23400
220320
162
23760
1834164
3645
1
793692
7157025
1980720
8620416
160000
65120
240300
2366496
1759068
408000
76850
12960
1
2513430
2160
1687452
10368
1008
12
1
231840
15577920
1057050
58956
13080
1163712
2910006
36000
3
39168
4
18630
369
26520
25092
585540
17680
1
675
3240
160
7626
4199040
144
3
450
270
36
1777248
424
425250
141
1
1003860
304
8
3099870
18
17477856
18
900
6
41302146
4
1
2
6
3674160
5
270
17606400
14400
8938980
208080
235290
1391488
1152
6773832
216
1080
1
544
28366848
8640
1475070
8330175
2
933528
52969080
18
1
35655120
12096
240
16
32
394848
29227200
60
4180176
459300
100776
16569600
12
90
3666
1
16
2412240
5016
284040
6
120
15062784
1800
100
1719960
23040
54624
984
45
8
6
120
34128864
48
7145055
23950080
8
288
292320
4080
445536
270852
675
2862000
8730
1042848
30
52
15
284
32130
7274610
162
54
3
7650
2310
12600
2
375232
27
52
180
38600
2
1640
570
475728
455616
40392
360
57348
800
24192
5739612
12990
2527200
37800
461160
1629440
5160
126776
1316574
5895
2
15157800
2
3
20
199500
13741206
360
2240
5
1107456
207
270480
2
1296
3690
1008
200736
785700
49572
240
9216
6750
123120
780
9920
672
559440
8
672
295200
30000
972
9
75792
23950040
18
4800
2
8210592
448130
3901440
612
20
1
184
80532
1823472
12
78480
14952
204
14112000
25704000
20
19497920
143505
540
13930536
164
102
426000
107163
5
4128
189840
2
180
10
3060
26730
197064
10
143100
30
4
2090400
320
8
93660
8
28
32076
258450
1260
2
14673975
5
10689600
5499330
7152750
16
679995
422904
60
25920
19404
1482176
2592
24
25875
168
156
82764
240
270000
2
733824
35904
6648056
504
200
14922
29
3946950
4
16
9720
1017648
1312
16128
4500
504840
961380
820
21870
32670
264
27
650
8
1
18
72
96
2
211680
6228
1
1944
4356
3679984
12531240
6
48000
4482240
14220
8013222
16
2514
504
90
6
261
430920
56700
15450
5760
1100820
126720
6
12
34
4222728
1
12000
20
490008
5392608
24
198
6
13164
10906812
6216048
2621484
13305600
6
900
4
405
934800
6
50
1
24708888
1
76680
1242360
180
30056
101320
9
1561680
1008
1
5368
8
264
4
306
280
24
2142
2
9
6160
9028800
14899500
7820
305096
1839940
20090592
924
1620
1
1302000
421200
666
1
58400
3696
12
55920
612720
18
9319848
2160
252
350
360
7470
2
10
8640
1410615
18924840
8739900
3316768
69048
16
12
528
21627774
17125500
2
655016
10650780
3
24336
5236
300
13467024
2
81060
3040
31476
562128
2376
4
4032
12
136
39639600
7144800
6
240
22361400
1980
1428
4131
123
486
5
420
4062960
36
4943268
162
6901000
8460
90
347760
225
136500
193230
768060
491
764712
518400
84
18
1080
13676400
6912
360
21098880
840
276
1152
27540
13224
10
10
16
3
1446768
15
4350
8424
1
14112
16200
15198
8
45
1000
1
20772240
29070000
15396480
690
16
1
4
2120
2898504
28800
180
149760
810
30056832
1620
5100
112320
5273136
50
120
13200
2880
499200
5760
229680
40
320
660960
11603328
2009124
10
29211840
1360
147168
37692
15390
30
612360
2239380
4373600
792
553280
11760
996
375
15575814
198
900
12150
33452800
126
68880
13656
1155024
78540
3476160
31500
24
10
40
180
54
486018
870
20322
7560
36975
16
3810240
631800
8640
1
2
1187
20250
60
8
345
108
19618848
1922920
312
6
18938240
5112
2162400
10996
2681910
672
6
3420300
65310
787500
48
1
3942
706266
2
36447606
170040
21392
576
12
25020
24
26995320
58060800
225
17010
60
1
27762120
110880
10152
13284
870000
5330
21996
2405508
72
1606500
2916
1080
2
1808460
2
39558456
840
22680
4
282
13440000
1310
154160
1
18552
7728
4455000
717228
27000
360
10152
66948
36
82620
18
27600
40680
2200
799740
41363676
41552
3060
844560
33480
1080
1082160
3180
3186250
21984075
48
175500
2
3060288
5104
18
153360
34080
6
60
57437424
10
8003340
5
1504000
104
1
960
6629040
1165056
97200
7648
6250
716364
29531250
125
22440
2856224
11856
108
26334
6
1275
20
23677920
1318240
8444160
7562106
1486016
3259368
39
16
1
16671616
77000
5555880
8
3834
2
230400
6379440
180
345
9396
1530
54
16
1385100
46800
522936
624
59400
13186560
1375296
1
1600
1399680
263325
55026
96
2
18
4410
8
5748
34496
667320
23664
25720
3
4
2
10
3726
284
4
20416725
6
96
1
544768
24
23583420
9000
167520
7740
3498
3857868
12
244296
3032952
21000
20
96
35471205
2016090
1
238140
2792160
12480
1
49500
1440
10
2449960
64800
13500
47295360
918
69120
864
368
21201264
4976040
48
1640160
41820
8
1350
396720
3780
13056
251280
2
1
27
87
240
5064
12
501
30
2
1
24361722
28868400
110655
4092
2752
217140
426
1
3187616
258180
747600
4320
4
7592400
46278
1728
42624
384
1393920
4420
1142400
1
4367385
56
1004544
1337448
6
15615180
366
56448
144
72
20003760
36
625824
77
9573012
48
729
21504
18
8
385560
1
28
28560
28152
59073300
411168
993600
41648
60
3422770
11940
31680
66528
12
1805440
10
1094400
1557000
16
1019142
4467888
46880
756
245490
2
627984
324
500
9
3414000
1224
2160
13844160
1845
8
2974320
27736020
2
13974
896
12960
45189608
15
602208
12
420
25
192
1828980
486
428400
42120
160
1517184
576
1230516
1
9888520
5
17118687
50
692010
158080
698516
8976
59217240
1877904
1
16
16551216
2
180
1
1
3519000
19440
3438
28908
2160
4500
51
9424512
1
23300
2125440
7784640
102
20
816
384
4980
288
480
390060
2731950
108
36041760
96
48
2160
4455000
36
320
6552
55056
36
10
12960
11346156
18360
32
126
3550144
1564288
21643596
169344
216
70992
2891700
1578720
66710028
59771520
6072
25347960
2
48460032
162
4070
702
1350
511488
88
510
9576
32670
1088000
324
12
27
24
13673610
33101784
5
5028608
1846800
2552
5850
13440
95244
17250
1404
60
96
36
5508
18
273240
80
3
89052
40020552
4
1873020
17164800
11475
119745
3877200
4
3
2
2858100
18340400
1779840
1
5619600
1921320
71443350
8
592
40433280
4
251
4748
36008220
89964
3825
300
51000
440
360
40263
73440
12096
72
9
2
18
2965734
16740
20
1291050
42
67898
240
1800
407
400
418176
1
540
4166478
280
35717760
90
14400
1
24
240
13864270
77537544
7488
101833200
14400
10665
48
1920
570
43740
4850196
1382400
44198784
4800
1368
2
1254456
15617664
410
25440
870
136
2102016
417600
40
253968
432
2302944
24895350
1692704
6750
63440
18200
6272
8910
3495
1
2
354288
129584
21724200
379080
56
3
39816
608940
50
16
1872
249696
9140832
1
18
328
108
1161000
68791680
1
5033496
1446984
3414636
8264844
5
54
1836
1939680
90
32467176
116640
3862364
1716624
1032
15108
2783400
1473120
10
5139450
8201728
240
54720
948
8260
480
730368
15440
91525950
96
9
70164
71442
1
10185120
480
60
60
9
3429000
26856
2016
13417488
4
16657920
1
1
62952
15810
1620
300
16982280
578016
335340
4
12587328
2
2592
270
1
74520
2214
35174250
48060
60984
2160
1483920
5360
103275
79969680
2250
3240
471501
43680
8
35000
6
8
175824
1440
24300
1
6124800
5916000
954
2250
20880
11069856
16375008
70845804
2088
1
940
32076
3444336
3690000
2
107308800
192
70678080
10950
24
3
184005
4
180
1380
31103190
555324
4860
20548936
36644160
4
1
13356564
12384768
97080
2
4
3825
1
40
385560
10
6318
565488
120
216
139106376
276
32
121500
839808
15717240
7874144
7153920
1568
2153844
32852610
722880
1496952
61903440
36400
16
248274
2110000
5104
8
4335024
76176
7128
30
21549396
180
108
64872000
11068
97920
37296
264
1255527
1
1039270
24
90
5
1020
108
4752
6366
1440
240
55983624
226080
1008
130
33375
267648
2
20
5322258
6967620
18
1111968
13527864
137610
54
37068000
4233600
123600
24
90
210
24
62118
361800
48
2632500
58968
240
10
1
2287656
2
859560
481120
1520
123328
25236
720
40
781704
5163840
4
30240
900
90
80
651780
3946080
2
192960
30961755
2
18096
149328000
312
51
4
135
386100
45
22812792
75289600
90
4840
1
4
10800
361200
3
52094016
270000
2584476
95040
4
83200
40
8188368
4
1
14876400
762432
9
19469088
1
12
814830
13106400
12
15570000
161280
82025
960
340488
1
106986
2874960
2352700
225324
48
40
21060000
24136
3
4190
3888
256
30
357840
476856
20881250
48517920
480
1620
32
73401300
720
16587450
54
22198260
16380
12646530
138
27031320
75170
3760
38192
397440
9092160
300
10
453816
38583540
2189712
19097100
164550
3645
633360
108
20
18
118898000
486
30533580
12
38130
416
2016
29157744
2
7829360
26730576
19920
45756
9232416
15756
68984460
273618
313650
948
756
167184
108
20
58147695
3912384
366800
100620
50
29160
512244
15561816
12323745
850
56305110
530
2611840
1
16
2720
2
54
14
4928
125960
162
100
690
15525540
52278240
12
86400
243
4347
39534480
266112
244944
483750
256464
109880
3408
84
16
288
8928720
280
5501352
57651360
440
3749895
12703600
19437000
1
1260
650
39150
6648
30
168
2
30
24
17220
4304160
283662
4249260
22032
7200
70560
2
145627248
9
2759680
840
3918
4
47600
10
9
38352000
61630560
17321040
2
24445512
1536
33
91520
5825439
605880
60
62620740
818370
4064
234240
22848
498
2040
58
7952
7296
112205304
4
7668
750
984
47423610
672
7160400
84
1620
63504
126900
6
32175594
3570
252288
20916
39664026
51000
1169910
410670
840
64152
1288
198000
4402770
2
25347168
260
250560
2100
787320
8
56
19700
7176
1440
17253
1
56003712
1745550
68299200
182952
1644
3402
243
20
1035180
24
32760
1
240
2684850
2577744
3
256
280
6
4158000
13500
4
2918025
170
7650
365904
334778994
2
480
1496448
21783000
6881550
2280
137446296
120
1200
24360750
2513280
129168
40
94296960
8880
200
22464
12793980
87360
259758912
84564
128
96
579600
2
600
15943680
90
410
96341076
17368560
7500
120
414
2391120
432
103680
234785088
12096
4
4356612
12492
1
4
69
675
4356
946400
90
6
32
34272
6402024
12320
2
40200
3600
320
6605280
1844568
1048
18
247050
2
13411008
849090
6
15329664
7648
2
35679
63744
180
2
799656
10496880
40
2640
1000
105137418
100
45
936
38896875
90
1683840
12546
45
197195568
4212
8
3150
6165
4
328
379440
24850224
2181150
227742336
6
16074240
27
581016
320
19305
339
45608400
1875
54720
180
1080
1
108
72
645
883520
4
10
4519800
442800
44608
900
3902580
12
2538
243
9073530
2145456
246
135
13888
41904
1436240
15600
141048
43132500
13165200
324
1490832
68
3600
8144640
1152
1566
272700
162
123492
8
88
50
1260
1160760
83664
98172
65
108
2664
800
55080
2070
3
51456
2
587088
72
10003500
4500
1
12
1
18992430
557424
5298
4
26555984
100
10392
9025
180480
17040240
12194000
48
720
39
3570336
60
2652
574080
5
3000960
60
504
2610
2
8064
276
37532166
12
2
57225166
409920
4
50600
8
62712
11898500
24
164
194676
12530174
56
161889750
55548864
126360
47520
200
51
3
8
429408
3
27
12636
5
59904
3590082
270756
10200
1031520
4493340
48
12026700
80
28
203184
32
424944
4320
115123680
180
4320
9483552
25578000
10920
20838600
2496
5984
170
53
6653880
47940
12
46
243
5328
405
144040
1
1
20
1
53346600
80
1632
2040
351
757920
1340928
211842984
71886132
43860
1538740
371280
32
15876
16320
40590720
27144
3162276
195889200
18600
460
33000
263689344
110340
1
192196152
3468096
6
63379260
138733056
604908
93750
40
6
90423
6547660
380754
90
738
130362
343901376
34
168422400
161642712
2
2880
30
24343968
282880
31104
126690
2
175812930
41856960
1
12
1760
18
8611968
5
402840
24
6
64890360
150
4
8370
345000
4
30100
38537369
7018704
2
258130314
18194
34848
1
12
3694
39789792
40732
49667280
9600
6960
1400
50
11928420
3
215050
4324320
13065312
1
1259280
16875
294444344
39872
275184
470
148499490
68538
18
11004
27782892
200
1
8228304
10740912
140
10752000
6
636696
241866
75492
3456
6210
293596380
5625
135
16
6063200
80
166770
62208
738
177115500
10736
540
288753336
136080
5913
9825300
174024000
30
4836024
19760
69888
1
387000
11226600
8040
249804
4
18
264096
482250
104092000
15
45
4
63779072
473280
106094448
58770
1
1211028
1
2040
95904
203731976
24
846360
160
106812
2
5140800
1837080
48
8
64064
1686240
212
144
7200
37542960
1
6804228
216
1196874
24
162
1
264
144
59759
128520
1089945
92187396
1254192
2100
85790400
24
82247040
122435280
1268080
1456500
82137600
15
80
10402496
222480
1800
1
2688
117000
4
1
6270960
49620480
12
94863960
2674944
4
4920000
2
24
1
1721764
9152
45
218108800
150
4560
126360
384
1760
1032
253368
10854
72
56000
4
279408528
6
113040
1040
18861840
792
1
6
1
1712400
784
115738920
18066672
1350
1260
4
800
404037504
747936
783288
1
1
16
462496
1836000
128
1348400
176
2658432
9108
33929280
81
6
124675200
2321
180928
20112
56815020
140308740
14925820
486
480
18
20976
36
2
313200
367000
24
140
20
15460
1
13608
100110
162
2751840
324000
1
756
8700480
28
864
120
727272
3075600
1392
6355800
369
1478400
3
4
384936678
60480
362744960
13770
5176
1
12
8750896
176256
3268602
18
36180
396167520
320
417312
2
90
73080
1833316
219801600
195
10449000
8
840
291600
72
5828355
176904288
30827520
12830400
184
2
79612632
24
180
114465312
18
150
995148
92664
70656
2572800
2118825
240
208338
648
1620
108
286554
120
3714480
18
1
1630044
4
92
514395
426120
108
306
24
24
79153200
9201600
14040
5115150
64584
6
5
7200
1317600
23400
141004800
68850
480
517632
14971392
2
1266
148569600
12
6
1276
10
72872838
210492
265761790
120
28
68
6822450
4920
6
1174380
27
381000
225540
8
200
3240
3
10
62640
5600520
1728
14362176
22470993
124906140
9611136
1
8410660
33782280
1
24
63200
1320
16103529
378000
79448520
828
140
1796608
132
4300
2475360
331028775
7344
9691500
7240745
576
6240
1693710
219240
3168
3528
2688
156370500
36
8
36
138
25
424817520
67500
12096
1
109900800
9828
4
249210
2
10800
6
4
12151872
56
4240
306106080
45000
185486400
48
4
408
1386
3442824
6552
20800
50
399432
360
1412550
62694
2
16
416880
21420
4193208
2
108864
1
3701808
93669960
1943788
9016677
6258780
25941177
5627160
68
11475
78
402560
572832
350799444
2261520
2
2
12
1
927000
3840
88872192
1101600
950795
528
17415
2808
200
684864
2482884
2
30
2
16128
395280
714
60240
5159970
42416352
2
180
2606745
7332975
15
32351616
3060
2380320
428881
131090400
13311540
8
17547264
1080
3552
96552
201348
453816
97920
43939935
510
144
1592865
15
1
3
680400
17640
352
115020
31737200
2952
21996
53625600
340
1296
6960
4309740
7140
270
46816
520
2
72176832
1
375402
2
3204
327842536
144
109350
96
16
5009526
24
35926650
2693076
1
5824
351
216
2340
309110094
7836480
1048
204
140914944
4735584
20405160
168
43200
4
6465024
980
12
3535389
1876800
1
32
267720000
102798
7020
150280
204
3049200
153
2
1211964
450
8
37790016
10023885
720
1
13724928
1296
376272
1080
1390800
1039500
9828000
1020
195048
108
23936
2400
870
68
5
498086400
352
60
822528
660
12
360
56658
24
1566
3990
793560
100734480
63765
135
2
336
32
3312
108979520
424
58050
104961600
100
168
50544
80
60857892
41850090
2340900
12
68
31644
198900
3672
60
102
467560
5796
375
2000
9616
90
1
2700
1152
15
21330
1242
4
9882
442764000
1176120
60042
258781824
10630440
3509940
18966528
128290404
17136
18
46243386
27160560
12
6
2
36
4
694008
243264
3048920
65960
201371184
4320
181962900
810
8
3757
4722432
6
4
2538032
869686686
3561840
340
2250
909532800
57540319
56241920
416
510300
3632355
1
293922
7801848
4072530
598752
36
2952
1152
1
581938830
5049000
480
7992
4854528
21196800
19728
244
810
300
19320
100256
246
34634304
10968
4680
13328
408
18720
4
10
12
19687716
11610
224960
136221120
18
1584
4
27
488
9120
36
80
377039520
26418
872460288
46352880
123631956
2552
603840
517140
4536
5
89232
770661
6333600
12830400
134488620
489732480
21060
4
8
16320
109943144
12
320436
193909464
2
227808
1
331909600
44167680
208
6552
9324
507855960
15
2226816
6930
5171040
37260
351936
267321600
12216064
16166304
3690
96
22158180
54
216
1
381024000
38563320
3510
124732800
102816
52980768
39845376
701055
19116
45900
1242
3368130
388800
12543660
891
807296
176460
108970920
54
2340
900196902
292708080
8
16531200
4
52651872
142
21792
301260
105840
5800
5239080
250388472
4987008
17140224
56
227668104
545445
99982080
84
1944
27360
10
607824
10341168
2
391793220
4000
454410
2332800
11220957
22703031
8
9750
606485880
15351
64
310000
150
528458304
100
43846425
45636000
2163024
493998175
302800
99863280
1080
785610
429660000
4380
75091968
4896
42380000
336
8
91125
120
72
1568
242935560
12
22446
956760
16358958
446250
33967584
75492
168
108800
4428000
1904958
35380800
798315672
18720
18021960
1
4320
18675
516288
3725568
312
6540
2092050
120785688
6
1200
14338296
228
90
110040
3700890
20191680
51204
1
6
4890105
4293
1512
1170
432000
119710710
96
102
11784528
5230845
122616
13500
24495040
87984
126
168
4
96
144
861696
687960
423006840
2196
121500
1
22950
21396607
18932130
168523992
297900
84
10
16
13815882
1
11696076
7107750
104858950
108
6
3
1295400
140
8
27
12
120960
163744
44064
13104
10458
53282880
5328000
1
4
20
13770
46080
121680
709160400
24
108
786
24097500
16
7290
1512
576
1
83452320
2
20
4560
1296
19305
32
1436400
60
14920632
24372080
21394800
952979119
2
10080
209589120
1036
32700
1154790
14340
1
135263520
4009500
1920
336
346752
9
4
69984
3803436
1
39606
14280
12
110880
946458
80
447360512
12355200
370837320
135740160
9870
194567040
8
33654420
15966
1
2
5613300
35000
18380880
92610
2970
12549978
3669660
2130
12992
225
3824
4
160
350525797
628738200
41310
354024
12
5
11712
85280
1570500
18268080
24
11592
4
778610880
5
288951840
100752447
300
46176
432
78
120191904
49560
2
4752
44732610
21024
120
5730912
240
8295048
3833280
76050
54
2
3312000
388608
2818872
2
284655328
480
1
12
1152
399978
5
80
48
885232397
1946256
94221
5118960
64
20
132
887833320
99705502
50656080
2049024
16432286
12150
32938340
75
4095996
124603998
90
59850000
50
30
24
474957952
36
10
121258620
99443880
688252597
746977770
76680
72
10260
1
186279048
6298560
88
16
197796
32952
44940
410400
9072
7722
120402432
269640
936
720706
153504
256320286
72
20148
354564000
4
700164000
20
29016
7152
24
36
51726839
12
519552
580359600
7398
2559330
1056
763560000
5040
12480
971815320
12789
99376425
600
50301
324
1640
12672
264192
825
8640
312
1
931665
58385361
124647600
230
89255167
838080
3852000
8400
12
72
17
797040
12153232
450
4
40
8
732929310
37124370
1
66300
40
3
450
360
13987400
12
28157184
1508
15869007
328
22896
145300
132678
840
51282
20486880
26
100339560
3
585144000
9018304
141167040
1
8
20889664
3
1365936
2
270
354720
8467200
160
51109542
3
373107840
648
18
453525
231839467
106863428
477851263
4376187
2
1377
800
7349760
4
1302480
26400
3132
126000
34567236
4
173939647
4522320
559020
8952
7474900
7398
3
22626
20
160836127
89460
10
120
532140
474598094
2
8954226
2
2516000
85
2
80884062
131868
62724
292236000
2
329120
40
533920
24
2
3450
25
105984
319800
2668140
2
16
312
14326608
1468800
786019050
28380
7621668
240
540
118237968
54720
6928416
47660301
800
1
1035
24
10
202702500
6199200
91798272
87246720
43120
612786360
83070
24696
59409
30598200
25340040
180
112500
1
236419074
24
426600
45
60480
9631224
47955600
966452000
48600
900
5684840
684093600
751462567
1224
40
3621
34
69690
4374
100862303
15
762553087
1
2297760
159474900
133516800
9984
720
556817085
204848028
70642800
61801920
393652094
8
1
396809280
141120
288
21527100
6560
468450
48084
36
23355450
4644
279491472
6324396
734421600
3431600
3387
10560
17772
8076
3
9
11929680
10
864
12
36
61920
828
32
429068304
1087560
3025350
362880
12
234
11807870
62255088
496800
1
1125
12220
392
6528
387665280
60
252990
729204447
715191120
12510620
124128576
3
27
2560
8
270602640
1000
6888
648
3275640
2
2
14812
61118208
10528560
1
4641300
563400
4
18
9968
988756000
74412
1726272
90
20
760385340
1
2520
31590
214791904
480
324
36
5
120
291834495
51414408
2
53096334
5
128340
2899072
5358080
9004788
31478220
148102581
57143580
11648
2
6525
8712
720
72
220
1476
2
497313673
138
979440
28115712
603000
1
1
14003280
24
1
612
1
123552
26654400
4
18
1659042
97799100
6360075
18
10800
494087040
34
2250
2
7763040
80772480
80988
1440000
90072
36
12
4386
2386560
504
77039892
484282624
2
279936
1073760
3564
144
3510
5808
1853
24
90
1440
733257360
215803087
8038500
299174616
266760
5562
36342
3338820
9624
360
184800
2
117394112
46762500
55576920
63407340
195
2156868
8
1444896
1920
53040
135
216
1741600
68888820
36
33180
578501294
40652352
72
1009152
22032
409567934
96072768
11275506
36
5
27580400
30117744
289072447
1568280
27
15480
5340600
74973600
1337220
4160
72
35645400
916
10
45
13902
798780
6480
2
13608
6
2100
22308720
54
20
1
4348160
7209
563286864
5958
44928
1
2540160
16
17010
174420
7830000
5
1743408
38987640
48
756059421
576
918
22080
333722239
135
152296200
5040000
600
2817516
247680
219024
1296
324
18
16660
43904
1
1587600
1206
36288
2
6332340
24000
2321800
638660647
2080
89488036
48
1476288
66147
322693586
7779408
1043280
12420
59728968
427363747
16440840
32807105
21130560
212067741
36
305661020
88
53836941
488
822
616574700
121500
80
6
161568
745120
628696482
3324
27840
327600
1
816
7418100
601825256
607733280
59404800
300
10549968
1166400
16
12
2
91368
28932640
1208925
3
68
54
330880
428724223
33841152
312180120
9216
18
30
2
6600
17874
67860
38178
3806400
4000
432
8424
1
36
2
522720
10
75018960
588073903
687625142
193596480
5940
4
27000
65014140
4
4
1
6
225340
1211295
2340
47598400
6075
1548000
306
204009410
476
13721400
1800
480
72
13223250
9410688
396864331
1642500
652051454
960
360120655
42444
1520
8100162
22860
240
79074302
213
728720841
16186176
17280
50184
56160
3240
2
18144
61236
9062487
10800
7172928
9900
253789200
252358848
46258956
247212
97875
8693568
4
776314
30
484773120
6576
978
4173120
72
768601567
132
15471
4278400
72
348192000
7872
1627920
28
3628800
250
3600
55133890
84
1260
35550
501548
10
236205000
367502940
20
10680
248134870
2632608
5168
20
32
66688320
15228
421438910
4144
2925
55098272
122340192
16
666282585
1098240
8190
1358208
280
716897090
552276
14091840
30249900
526702500
9
406560
37504053
521100
300
162
13106480
5400
84240
27864
1303695
2
148776264
384067800
474012
141024
8160
911431029
75600
1424070
2
7441632
749849886
209678763
60
160
715986
360
125971200
2202
33334416
2
861252600
177174
192
35311896
7950
444276
4416
11820060
139700
514337040
36
983041920
138
759360
52547407
585000
453758976
414
72
1045640
960
27686880
714931891
7398
168000
976316611
21913803
909018240
470
240960
270
8256
468
59486400
4812
4724595
8
123272294
25850
109140
726368061
1793528
5400
70259040
6
120150
3
81120
207386417
913947422
216790992
6
4442100
341807421
6027840
4230
602097764
474192257
696
532728
480
20
115080
2679600
5184
309538497
2900
322056
332640
56509020
12
119488767
24913440
9776
36
177120
416263154
231647040
8748
115552000
981714621
3000
282960
1
195335541
2200
50
82
68880
35468160
1389312
1500
711019447
182520
120
49187700
1060740
346847866
53
300
15163200
4
364376880
164560
1
175240
2106
24
51294400
8748
1280
25350
4
6
77769900
108636
4356
268
35312760
4
320
72
4249476
2
866928240
900
3035
54
288900
56336
2597760
805760647
63648
180
881933882
3055104
97200
16
1017240
735131210
6
2636
312
22100
229906014
4
5904
430133760
11604
32760
724183200
8
216
657104400
2808
75340800
25559072
18700992
372564
2142
28
1531200
2084
12
1
5148
4992
180
2
2934090
300000
63045
216725544
24492000
1259840
55890
214326
3
6000555
204
66300
6170472
84
139428800
840
8040
48742290
93875700
426051360
4829208
691817470
10187520
8967840
41216
30400758
1618380
2081106
2
2
2
8
6030
39744
2754
1539240
17136
45
10446726
11292282
26
4736
216
20
753397747
1540
153
5
3
953197087
7720
162
1080
752535834
4
513278341
158409741
5344038
71486400
18724800
36
42780
1919904
136944000
70146
45947320
46310400
12
65052
10057920
851311500
14964
1771200
4374
2
36
32
64063814
53323560
21228480
10584
149175999
127114506
160720
392
4032
163221912
49610880
14476
9600
11269440
160
19779840
64152
878457914
20140848
18913176
29200704
70728000
10
967075200
12960
430
187296480
180
23
137459511
3024
240
542615858
1
273918616
140
1470
99100800
437760
5278500
8592528
3
211680
12
21168
53772
83200
714765434
90
102868602
14224000
177754848
2
8
489000
2880
859971895
524893434
3104640
371497341
131068800
766314478
66096
25443288
413831916
23337396
4
42784
2
63292272
302796917
468720
545167454
23440
228684768
21997584
5
1
38880
89140464
2292
1755
3058965
3360
616
784
135707124
164640
1560600
2428650
90
9216
31244616
1512
2
99483120
680
1
2200
173311515
336364351
4940
12
340
10410
43200
60
483018141
4
10584
7296
2
849924
37248
3432000
243000
656405208
180
15
985736188
5
56700
24290280
10
4
5698
332545040
174231
11228800
415651766
6
360
32
307521007
9
146880
58803300
12237760
69196348
557712100
188531405
25759620
214177023
3
4192
63658403
53282880
18
1
1129140
48141
2432160
28080
8241345
1598
74840100
351519487
1590
5926800
629888608
37840
7472250
1800
13872
1
589106894
494896723
117993960
4098
575020359
1
163018032
837465854
60
99360
4590
362592720
17280
539619066
824
120
2
66
51600
693957182
163728
36
3
507253341
462
1
456419037
22312896
1088
981360
11730
5085374
8120
361002141
34409760
178875
16
34203008
564
156
40500
1052352
90
1239840
1908
1152
769105896
221162250
1977840
1388016
21836
5126180
36570000
135
10008
456440
60
454936800
4730592
144
9072900
2
5994
120
2
3996
144
8036415
92760
644
24879780
146419260
150186432
324
3726000
73669500
19221514
955152
611960
9380
36
592434
814968
277240320
24
64587600
111755894
43740
250488
150
87220224
987124320
901584
85860
879226379
17053200
488806941
19926
612
3132
35086656
16800
166791038
1296
1970640
54
5829750
20914
240
70905780
36
1
79548
2700
209324000
30132
1380
426
266625
20
48
504768967
32
36
91565935
29007576
234797305
1066500
30481920
575678
6
2560320
255727953
146065680
16200
3840
7102464
545136480
21621600
823011727
39012662
3825
13632
1530
59904
4
210882
86800
21528
762407883
692340300
2725500
81065527
270
23355
147157640
180
193768176
20301300
999972
180
452645647
78094744
860371228
119563290
5
20
79206624
1999620
2216
1
6291054
275652720
39960000
520
69420
1836000
924409720
54
8
47040
1602
11237580
720741182
383872500
59962500
240
2
421200
55348110
14616
38206080
1872
8
4032
12
7200
993414240
592568678
7290
443394000
2052
5553600
708294550
58164480
1737450
594304844
450
1059120
72
646932899
15198750
968
4458240
12
53474788
239520
9
9550464
2400
675026682
1242666
10056
277704
24
18
121957488
147520
24600
11022900
90
875840
898128
154198015
64104210
100877040
6571260
924922341
465696
5280
7560
21603816
30600
113400
7200
770734023
407330109
38880
360
25422908
1510272
526671488
3060
50595882
2
1230
2246192
2
683213460
12
6500
884
120
3840
65593990
65512447
18806187
118830
6380
143500
1
11424
515535840
226726075
473961352
50
426319200
11880
937013616
75798954
914280875
584780367
15000
316134776
54
833842101
979074096
2
226777320
315480
79240128
166802946
1175040
7200
3354
80339790
775150207
573812391
623140041
744
40680
955011679
426005494
25910
176480
667744332
726784
1789200
1989
876781552
3294
5508
81
44536320
1021440
92178
511127177
3298860
188379007
4363191
121500
3872
4356720
56700
84
3047220
4
666922359
4847680
1
720
203448960
20
8
504
45967500
2
1800
7369296
82740
3
171790080
384527335
408
364597236
3
12
265819771
1
71350
606839220
160530915
50
4
4519440
9720
5
2
4840560
865611923
3420950
1750
6184
595980
223304202
607679168
92
12752280
569885926
11510
173948352
120
732388540
120
937303488
4
34
9
176085459
14288400
208
12
196000
4264960
2358
70
216
92
951136200
112
64724100
34736688
8
13734
20
60141984
4943520
1
4158
71328600
259200
2266056
12582
707744188
316949047
100
460
118841181
240
12
416793709
455441040
104
3168
910932192
158000
201584
19656
743108061
37584
212024
5205600
50
4
180
2
45120
914367132
845734656
240327
10368
10
32
428354046
24171264
150
86940
334746048
461894400
5760
284310
624
36
9792288
9825
38772594
96
895866775
440880
30642381
42606000
323505000
1593600
1
1316250
615628412
131395522
4970
3390
14310
244896696
393552
1512
750114
4
12
40544
844181323
314522323
111737900
339909696
8
418845415
630
510332414
59390
74563632
16859040
12
28
8
112
1320
70538256
1
80480
2940
6
568888207
270660456
900
707354562
11159662
18
22310640
554670
770
957729000
1
524147322
210091093
68
454101147
25500
73666200
2
64176275
364473720
748418047
62208
4320
7137
75
306042880
486231552
327058235
18054000
1360
52313148
20552
5184
4520256
5
2016
63226800
16
13166640
48
71199
3685176
7873536
564295680
480
108216
3462960
40
306
1542240
52488
34872
41760
2100
187899772
81
625571963
57344495
480
23231520
108994838
606896185
91800
928094250
30
150595848
397960297
7404
192
145904075
66194460
398809520
1660230
36
117133941
975342621
90
955908
3000
1200
84
8
722424
951221908
450720806
19975500
354805387
1
690354472
325289465
1
1
3
824
70080
10
494781534
2240
16200
72192
309600
3
8240
80383488
19404
55938900
219120
184881309
3900456
97785812
14767104
3
2
12
497850
58752
5614284
9862800
52608
2784600
120
3780
123105120
868653176
36784
779062588
13800
1577475
611388
471744
2398500
430585875
943949887
16
73568
8
19771884
75
6
68040
432
541791924
3936
103230
32940
161544
254234318
151661214
1110
1
576
120
167683648
5444928
903558282
12
72
398933832
10071360
66065439
1
9513792
843233490
468
1
14112
1
358000320
249011280
2292
456710400
89986687
1
88
1284
623118
199386000
133456169
43520
777259447
6246
18810
24653020
226800
323927100
63360
320
2534400
132
6633738
25957260
629690823
1
29308927
553891883
232889779
309013344
13000
2
6
8464500
273200256
45
34830000
217831784
77662464
810
600120
27945
907857914
100
24
24
5202
542142170
2
628456409
1146816
1
428825590
53
2496
81987500
4576
34945344
4
19459440
426
1
717300672
20
329664
165935616
798623280
1618560
4
736221728
12
19927944
7740
416069808
328
146823120
4
164
3600
20
2869344
48
15609510
162772050
915686897
36612
690
34272
596736
243
120
937270049
997724894
648674752
47628
192600
5760
496782720
1995650
17988
20
3667900
3
898262589
230157362
120
6804
23315040
1223400
72619200
8268000
1
167039316
198640
72306
3857580
3
48
5808
12
484981940
750
108
8924
8460
17920
30
180649560
13369341
63360
630889855
8570
12
702688700
581596732
910674
5777280
1045440
14236560
773451522
533116811
1154736
91392
801041155
106132224
690839658
633636748
10824
906245529
400
338692741
94770
8
16177725
600634411
9756
79830360
495802064
4
8
596673000
62853250
4
2106
400066757
12110616
15
59670
298411814
84266811
244306726
2035800
3600
729
7101920
21662640
231254459
346248
4680
4
1077120
4350
4350
211440
10
280
64
1020096
4653248
3
56
208110476
30276
392150700
302785830
1188
548610467
900
353920
54117266
2
27
6486480
89636220
400683160
120
30
131989723
5580
577136311
36960
70774569
700128
434463750
301731647
3840
24986232
8740
729412223
2106
8470890
15754500
687866643
48
3
9640
54000
8080
871310
1192
547950161
161556840
424315120
178363458
88150476
5304
15
36
333984890
5482080
115521394
62560
400698073
951611218
138
86205060
3280900
135363276
2
10
6570
587558714
672448
72
902339415
830801950
719550
960
6
2599200
911451771
504392982
1244
2
270
4957200
66912
12
388920
16020
270935680
295990027
11118
15016320
100
102960000
597266431
5280
505026256
204
344736
60056640
592704
2
69620400
665790737
11547360
857786400
4896
259200
111375000
36
229824
2
4449000
905395055
205784362
62850
12360
960
346129382
15
803764125
4
1456560
16200
10
160
3
16
31458426
285687
2363580
5297756
341462028
930364585
685778505
695466
288
230
2927808
96841728
256059936
1
543320133
6089700
353192
13122000
9016
90
15
352800
383744370
69000
3672
322703478
215980022
115313566
256295789
746792954
25032
557720678
20959244
227849529
6435
80
733433616
6831
769824
1829030
302026906
1836
450
78640146
324
5883840
296905991
8
28939680
11348964
233800675
1248
9180
900
3132
481590900
918
539048743
2
23680530
293040
110500
5145360
969664376
24
2
132840
715633427
7680
53250
60
7992768
20
5891340
78
26730
826059060
259622640
321315449
58092660
26661600
247519328
865497153
175383936
278964
70533000
5076
371088
2071951
23590724
1
797614054
23042880
768
332676521
22616
935233200
897517004
792
2
144
2083620
1298052
92400
6
1836
6891426
124239511
36
402540
2
253411948
307647416
30780
206640
79769502
3084480
72
1
10663812
689506892
361050
10
335287680
18
201960
866602744
349041960
4293
1069200
1040
394684416
210
915473016
750
760700
1080
150875433
502645353
3078
900
15
17136
627120
3205656
330407647
3510
13859200
48600
2
312
996406621
316820160
860736157
101036616
223950429
2922
480795701
711033994
904960
25080
394603588
1018248
30
23601780
4105024
2593680
440
817196965
658560
216
182822062
170
10320
703615248
644771800
16
24
3032565
267780
54
113050
548658387
18294402
80553528
866679127
1111044
664779999
2
6160
168
2
21000
137088
1174656
150222600
628728
543337410
336
2300
218859873
13488
97715673
9600
15120
861026190
90
6376
128544717
31175
104009400
582405882
757722352
16
1360590
248040
18333216
304515
40
116370
516956128
99540
72000
216
17800
32500587
164685000
553800
169302120
1619352
8
540000
2160
4128536
729798477
199560348
61308
184160
340
79824528
24
120
50880
522946703
1
5040
907531043
469560
28
1692
16
1863000
900272078
257278464
756804505
449064
3350295
2376
709321507
83520
370925294
1033020
24720
150155400
517263487
304
2
696693419
2
732454781
10818360
104
1620
531789476
1569600
156
55852956
104
191654375
7892
20
6
27241200
680400
2332800
683537007
642433194
8
975553335
559434
384
4470109
1046250
2
96
884988504
12
990885529
4158
427196563
853907148
12011760
843807995
4125888
1459584
279943922
820
1120
869515588
104220
234130720
9792
213570
60
1973664
282911076
4403196
2
3270600
804147288
36158040
384450531
27
11372328
228045312
795060
8100
651304517
34272
3822
17172
19152336
3440
51624
16515750
29349540
66792
46051200
8
714495748
25096500
315273384
300
8
296696857
10433024
203721482
2430
202
939778975
104857675
985557308
6621580
771396830
20
10888200
86167800
115128
3
720
707136088
13440
10998180
10
589680
1224720
631776998
60048216
106920
13350420
420
11640
280980
150
18918144
733876393
162
346112
16
21484
1836
32400
585766748
192
380749932
15702
43552080
956234639
1
2074140
3
67500
982945738
268504927
38059223
4196790
829883052
1607004
371304
340
646154938
26
12
571361734
623381622
967328150
654032562
399449790
642704
351592447
549139496
324
10368
265027004
243900
533205201
16
52164
71075223
161280
95904
59944900
72
157248
5
3870504
60
159590250
961200
90
879072319
18900
193173288
16
3
11799
6
943372589
149616
112320
1036800
570483744
555349711
276371294
18
59702720
30
55512
566767613
357506856
4
815959575
2808
688036929
425282449
210850
392
2432
167451620
447411513
19080
19740
1006992
32648
35661600
20412
4
352541271
440266744
20060
18
138327995
72
467070539
440640
769391969
354618
730943424
576
9048
9321984
699967330
866250
15321600
138
900
499122
173342106
83409831
4
886244117
242046
1024128
1
2214300
4320
76752296
8352
16
11097
128761332
826889027
745905480
839607552
1
100576
133186492
1391868
20
142256352
696960
20
973703952
85359456
72
306112950
2409564
721996084
2
390020081
228300800
49774685
173790
360
10542
541840418
157403250
28800
270477755
82827792
12
2
579182478
127828848
85430916
5743008
18360
3
630
70
359118297
7510
967411618
771594367
5
674245353
568276768
818004426
1296
117127620
62660400
6120
1380
8
722868202
131060
10
953763390
9452700
474903000
1020
51
221100
522474494
100
133029828
240
216
90051256
534720951
668700449
618110085
769759845
13887616
6
45179001
40552650
2316870
98132580
263461369
1134
94290
85961520
152051022
6948
16
276
15319125
284074576
54
60
216
58128840
51
1242
457701793
14127680
13536
135
647339315
113712448
109116
841961873
81324
733883241
279079200
13504
15717240
213870818
774
6312
537967692
5040
30
2545920
8526168
1370
10306
610563352
150
1656
63158
19169460
818182400
459
294119680
696224971
933367952
236367072
279147900
28798224
27
1350988
98470080
37084608
856615401
224228737
240196417
54
696600
616619121
180
881280
2
2
80
416
625817584
734152628
1361100
3
874746
41
489456
995940
105768
3610
35520912
15
2
49484
2970
10080
20256
234090
496579824
2
270481535
711264965
18
420
15
462367835
256
6
982357025
129756354
121500
596119327
495744079
3726
667897233
616427838
245414387
519759865
48
1080
3494736
40704960
649693150
849209008
466560
9579060
920740862
596700
784131882
5
118129905
366157304
2
1
900876677
5712
576
730188012
11836
24
35112
316710
396672
1188000
1604800
8
66714037
1112900
601075080
161528922
295506507
740481750
62880
136000
60912
44177250
908461483
256000
7860
328671783
270161280
320
17952
647353274
127500
597959480
60
958489338
396750879
276291175
2
8832
366685045
141787510
171701139
636684238
72
1140480
874707120
114467527
24
122376
2372400
4
16
687483187
412464960
288841392
955244046
3
177480
488115308
233468104
1
320953694
51480
811050094
73079200
7242
48
6580700
17445738
69900474
152463003
11566665
30220
180
66193200
821000258
8084160
4
683335304
1937520
5225400
64564747
188418236
3546828
976320
12632
71500725
4
874062840
197056886
646727303
562903934
454253772
42105630
804382200
15163200
36
9
715340537
647668230
3536
2772
342363420
405563860
29406
82075500
684334151
969067822
1179
113220991
389603491
439749348
648399241
15163200
108
984851053
287432124
782940102
927828
2262
420750
24
1
53284194
80449434
1096
57648672
2012256
122949808
549655086
1
19440
235985060
352500230
1215
820887703
312648768
599211979
1968912
10264488
23468760
31006800
806193096
450
113706
22243158
63180
8946
192
36
511261128
673223916
343908
310208821
4
23652
89856
243010130
84
204
712310760
75
10644
3414
360
18810
60
652421952
756900
1390080
64858896
1096200
641393567
72
37908
1
41990400
633880
79480
633165
129280
957625527
3600
324
411393420
763843185
757793412
50804938
720
620568
293919487
436476416
464271854
344052
24578624
189649421
111960
594254527
160
369
2904
4416
41472
311266504
16
616273920
64793538
48
3
3
81
504936
1
204649126
704873593
557123039
84564
4
130
160
640
35830080
10
82080
100980
355961563
154
46662
158940831
529905693
479156767
1866
724386003
687145159
232227661
93046032
100800
2196
204067265
254127457
167992
35796
287943809
1043640
46533175
700097378
96956115
324
25500
1200
465920
6704
10980
75173794
6
348329825
24
900860284
14191632
832125
742237287
949512454
712505700
3538080
270
785475795
84981254
62356680
713482480
30600
322560
2727000
290178727
722466302
709023145
234600
325260
19997250
547927985
33773561
160152750
42120
103950
32
1813710
183467175
59360
58019808
690122797
138613410
4896
2
12
196526250
31280
255713606
447120
512342853
144086540
562988382
28081185
9660
3216672
579854003
833255880
6484896
658970203
125314800
109041492
72
190360443
20
167976099
263111780
36
112
231474096
73333674
362880
1530
240
37688400
789372070
298350
458615363
66140980
139189364
799201826
357851520
2
246926699
35356608
366963960
145260
7425
768411617
211643058
4
17280
935820517
540
427633644
3264
1534032
2
7920
142819965
960316030
559728
366593688
504
138024
18
560675640
786805059
27
2100
432
296702403
813251697
320
8010600
19584
496606500
842190032
459
1512
6285
2880
80
815933915
255613088
18
140788015
136000
940556232
216
8
673884817
81
792
988442363
662161427
874259568
120
216540549
63000
875583790
170279805
931098466
692172
341279
8
169403226
2520
4448178
233191030
32704344
6
159536
120
24118848
374400
314545824
976635386
637955564
107155201
912761325
12672
96587185
249179445
412671
580107840
19669650
831138573
1
2100
2
416199895
1654533
456075144
43632
1215
14664
39420
3240
923057733
1120
94248
181440
102720
496567714
65958525
10176
209405700
18
939165174
944894636
196950435
504
782
762528
383963311
208116643
1
20
60
11520
781556731
33962251
24840
587572941
115668
43344
690
8364
369149695
84240
780
599953156
77760
749695997
151003440
304579656
950006719
785531232
783
766077216
24
352860533
1836
164976696
4
3868832
85248
720
915871008
666432
1151280
4320
771936000
502754124
135703105
21176
12709386
254195647
1652280
96024377
939875076
852320
1
940702342
105720
353088000
1296
90
1
76136
886133237
30
27592
78557340
884593374
797390285
12600
144
10625
2160
433755
587528167
36829800
869761018
5832
23940000
571554553
4
214016090
566926544
393046230
6
6
2111168
188115382
997846747
87314196
108120199
6
162
355658688
6577087
45
103275
917040
452003948
808618145
2820048
773482446
153163581
43784000
2238600
36
860
972
37756800
6365250
331800
49753411
544500
292215
908538380
54
138424247
8851338
24
645118215
810
58979700
740632370
50400
23568
468
4
41310
332248803
832385524
11000
51966
7000
55488
705290814
693637560
286035300
290
343610391
1820
1449550
649343894
809247974
204
3888
3
421125877
32940
2357712
204067551
1824
529306571
124673580
512608345
670820793
319662
4396392
10358712
405063504
6480
165588192
4885179
8640
543029760
964907860
659286252
42000
3000816
20
628237422
15288
543151835
356415522
4
515018418
367242858
237893760
769603727
702385152
84346080
5
10
35547360
297793153
612
253668799
414211176
411672871
587052
141840
37080
119280
98300
689310
775782
226980946
80
17802
1
86780337
4
216
852013332
209088
42560
2
851182405
2467584
3790800
724464818
397269247
24948
287309088
24259200
2
4
119232
18
544320
950398534
12
1
29648748
128748480
2793180
1375200
953167653
60259680
8
309869815
574085988
1827540
8910
358469784
19092000
1
14939820
823169560
48
9998208
172134
446111169
13031928
894224401
13891776
1118720
47448
271589760
768863362
212162392
39327120
167320
723954729
6111936
101920
409530256
4928040
71904
126
1
2
6123888
281252110
710665087
794861950
411424869
836992081
5023200
938726647
18985104
127680
43525307
510495044
817855485
172942359
254797323
9
863843616
156
184540073
463578649
300
144180
409270016
373858474
681166051
366884640
949064509
432
37127480
581353116
8
554463182
10
21546240
104724
404544240
41913500
122969594
134784
12
405
19860
545826244
2242080
798739860
28163457
204739451
77219557
64482592
15
128836200
72918282
25641
18
496478700
2484
456684778
216147670
46904400
45
486
200432312
1
6
2
10332
144900
30752865
991473215
2746548
21060
3288
11340
7052084
380530749
50
486000
912689932
1760
90
742806288
27
206
2080
194645851
18
58
54
1293768
6240
974744011
465528621
12
702322623
505380
16
274924800
8464
540
762064748
169756009
57830400
1098
896
13932
626729676
71227968
225072
67620150
2013000
801117333
659293059
12780
30149809
515209672
316000
490123830
10608
4371456
5290920
256832319
993568577
997618832
56056802
932042744
20
49473352
336391927
1
243632943
9362160
499997562
6
49938
1
229464
478266470
2376
104328000
942059168
10
48
1
93738131
564544114
812374496
400640
378093784
4
35932500
3772890
440280
870711161
3
476075471
439214546
34878300
643517422
43225056
149987376
424
1350
153694824
922320437
154985612
2059
320
3375
8812188
614833108
257895491
8
898393384
400
409194221
430
8440500
237033323
1
4662
239352141
135839294
30217600
565415027
145437082
65520
284
1230
1741500
334664640
12688
43403244
15399450
20680
93912840
53271648
7920
1377
1
264839567
216
40
290281794
60167675
2385
399261867
2420280
13735170
12
898363734
331668610
4771200
143833536
638908186
902730
216
289170
895863468
18000
8616096
489115619
13438
53640
7545312
222058150
5
183040
48595881
346194
1488384
110411434
952402203
363365387
138264670
2413440
452691504
388159756
6480
4320
210
3240
141002011
4
917572693
37836561
37556
482820044
5100
199230
1
2430
269123240
16136064
9497600
1
936
2
2772360
13764480
411887393
1920
406972080
1968
1747872
3035400
997943294
102
2034
888678021
7355880
2
603574253
188496
991523221
1714608
298944079
28440
876281327
109235934
200317731
4
1
26868594
280372341
96
6
213676285
928263369
222983890
10800
73084941
63456
532796720
977716826
600459273
8640
18
333586272
503366342
4
361579737
12
15
1
62217540
3250296
4
845645877
829031432
367120238
739931868
23112050
961796173
203780016
823924584
976719677
1905
756
150304
573297508
630
11360
204
1859000
13056
913674084
820659977
20
108
16
120
146471096
681928983
24470208
60240
146720026
639718041
180
623636675
2
36
35622375
159747100
2862528
862200364
232305612
1120
993664411
240
302283072
995959800
997455247
438490719
306171881
416663578
1151280
13828320
57053112
936
47449535
949563336
905352
12320
123000
82192
615084365
327503223
942304
983986588
634528508
619642302
86909804
35988
87725224
28
959564008
24
828283441
47602231
27602460
1
901879898
1092
74307592
216546113
3900
326074869
957251785
6
64
576209050
49875
597252
42495500
34
96
2
295188057
7332600
15289560
28047600
942014887
697577522
145713373
248226386
17581752
4370598
1224
1028160
20
20
34074
6785856
1530
1020
806751874
501389113
878087293
701999294
8658
82203380
481042989
876011755
338742
18
18572120
580811835
926834531
4382446
15660
609292649
754896127
471040460
239538
70972020
536671766
686700653
402723857
454896
997315873
54
706518021
497259914
44883848
184032
445096738
33150979
741291848
812467748
275616
2
2
54
16027200
64
3402
12
33969348
754032595
600
120
133803207
9581166
781046904
249206047
303028128
687642079
2729520
769669207
405300
19275570
114396048
792120189
13123165
87508833
622516694
319950
584363168
18825
109767708
42120
124273520
2925000
10
8964
146761109
810001026
606575905
16
1092
2
734215116
13123080
3
7899750
114048
643124323
526556688
84353400
547568659
320
528515285
44868720
839615625
535572
435836940
570649800
482555272
2431296
176690922
51097536
511045865
816128710
23220
24525
72
6957
12636521
2800
301788350
806092856
168
640
12
292940
679095930
111770254
669662052
15776
9234
20716080
507392257
176256
868358916
190512
215173230
738120746
1
2188512
650563327
807564960
1304652
620569581
341534922
907123807
54
180
16557120
814881403
871848
3240
2
869401024
603767167
737405149
74856649
6750
94435146
505491316
602500080
172878466
600235204
1138632
70146
1988820
52
120671636
2
240062130
119700
93400
347518080
895554050
231797301
353155086
276808983
3
970802177
282240896
50544
164492731
229500
72
52192
238093328
11072
36
231091152
1739640
847379615
660070092
408146384
3
879025096
16521627
45
523444274
317237407
179358
196052000
280260
4212
344098514
738943718
1456
407896063
49725000
87480
725379994
18
113231516
510
45
24
6
813708776
689473214
45057000
956162651
512020676
350578374
60309805
288
471925440
7488
272374567
88085820
816868537
276304501
7860
6
158192592
38452752
872430769
182320
1
363
858064028
51123717
854840
274493120
60669
450126547
440850
323086307
160470025
33780
307541520
6435360
80011042
106975008
54750
40
187083863
1122498
351597699
6
15
48
21935760
908844516
8
863321147
10
4867200
776939412
257193000
5
32976
478272000
12
552215894
3208
642529468
1566
480
710951877
120
417473925
622896925
2227284
5400
293124333
9120
552297902
66946824
839338761
742300660
929040781
4475484
4
748613258
869104942
545293038
661772577
133573895
711900
23396250
316737337
5589
106978839
412068
247102195
926457513
589949472
243558900
12
429561304
219877262
34
204000
855492592
2628000
18
4
695193720
8
361290314
841081405
1614540
430987120
32000
670558229
178730858
244989
830305835
852456770
84411768
331622790
54597074
2
2916
929824857
742320
8
60952080
13938690
206400
10
396
739486330
4313540
633648798
9720
333454688
1935024
40
668860021
456613879
809771061
4481568
423
2
4
28
21636720
31828914
981072312
18
5536512
430820707
605548940
1230228
37260
21600
8712
562287375
348857465
130368
15444989
19804680
8
551002295
264391668
48
70
793054987
720
342024861
6
768407051
445370571
744064198
3420264
777187496
8334000
66486420
533865616
477
935572991
2025
518713710
317324962
854221835
9072
904716400
32
771886490
170890759
599828317
311817536
12168
5
680448609
10962000
4469920
2
1
279304273
528
41863383
526563892
9384000
6348041
356140940
2400
3914400
14910231
2235616
229083558
12
460391368
969424764
734832
32229464
429262743
5760
496024560
182950023
728499002
360064
321715510
243955544
309705141
411655557
1564
471898957
20448
46620
145780615
102726055
987124897
978692677
612596706
762855074
2545920
8
223061590
766113874
1784864
452186808
57839625
183621543
298134610
685585576
108
897063262
491242620
19871897
132813856
2376
698362856
180846900
720747031
72051889
76369552
58752000
2423960
118437418
876085914
1563168
56896303
656252100
3
972344346
1904
627275735
456000
9
589248
75
639958208
633646363
4212
605475376
917465814
580232705
558900
911962800
70951805
112608
601686715
5
300
698990709
6
1544220
515216134
546174632
766041372
563644258
47218407
45276732
3456
472929828
979712255
65125548
6210
335052057
217242
60794522
971329134
460
148176
400
717898673
766810782
280409220
180697559
188183743
18
67470
615865865
934607134
531841183
835642311
677537670
11700
272230851
72
1309392
2
87995110
803351562
557640220
333332567
94176
353954657
525961510
3950
198576
159395575
268892400
936
256
318395695
784180571
140765184
513704430
2280150
672
10224
4
483761622
6120
19008756
607423373
670007043
378451057
818586999
566148722
1
260015689
42175251
3024
383949165
14
638561261
287965008
30789666
907851258
16416
2
359737979
15042607
276
2
335037690
364702239
30
1408608
16
4
559392278
162877872
403916800
507462027
121576070
352626249
959680654
48055040
716349730
836308135
450949032
520031680
2
64884526
520335174
680237005
209294715
2070
2112
555769184
33638
183884948
794594065
24958315
277597721
844803258
512659389
656780142
318847935
375429600
440
242234167
93088019
161781247
3118760
403735694
324
8100
754290866
6
937772423
163229040
38556
171963294
498014458
312
122148
688099892
4061952
21300
3483
490587945
14107192
502368929
813705969
952326802
789907372
6710880
424160
161499232
31347
4570830
300
244574585
180
889917831
988545469
542479167
401299980
2304
586123803
852243261
262711528
221205320
778446504
130
247713560
3075
221400
565590
2520
893440416
909833682
281150366
714000
48
152748040
182880
346379000
678365850
277772907
559807040
240119699
130203388
112
2277
280818910
790320
22176
491730879
16
73080
295428046
48552
30
6
1
6
104088
363502643
132829200
468139464
886230
720528711
288
9375
595412375
169769219
455546452
327502744
787603185
270050781
174164636
2
52748100
26531809
835950802
897190106
565350903
872045534
516822652
1272144
228078571
293668909
181946880
927990390
283869085
862353028
469864927
10469880
479090323
9990540
154764828
979043088
3816
761722248
470
137171909
900204131
918719453
951633046
227775240
1694120
24
849173709
76858747
319925632
315262285
16176
835039952
302535
540027533
249804000
104923590
889490834
101852385
264276782
176490
144000554
852405682
954311465
187352357
263884200
35981463
120
13572
631216390
72300357
64152
887112000
903749176
123
159617640
807590700
268720976
18144
17354496
3491124
2550
1
92700
251872305
97422883
240641717
235052595
8
4
20880
346146728
625474385
366645426
531358440
12617340
963319563
2
282622664
22963068
2466
26429721
49838622
537893350
860406087
90324720
677591974
57273087
510349865
309200
918290296
439924686
243162423
139139940
80349667
771413486
476248062
31740511
369594996
314274240
29970
354664152
132678
422768576
6072
624780
147176928
645846394
4800
2
679916349
1
560891541
380306126
601303830
289915542
102888900
64
1
1080
690039000
45000
15266880
822390935
138391989
141096117
915050336
55485144
521640
90
601188439
446907240
52828160
288
277086189
906185552
9154
374893556
48
303337412
828214969
308768717
570049268
443845936
826352249
988741587
206292598
166350377
133698245
2550
9572640
984871340
360
74513899
434819875
964844850
714323099
65735758
54432
74530291
709981941
590973806
989525679
35980617
418234724
1300
319235117
100875339
603306175
136408123
300
83719536
173680521
735313019
34455706
212853960
836010214
924376295
442080416
241146214
719218370
345678712
842921281
986915211
622184665
790427462
604592090
359287961
246244838
280883954
400
920511082
1
20
881280
449895505
360162497
747061271
550246119
962067974
387142687
603105854
499868077
314574847
210
6
318494586
1378
83383741
1
2
218980172
262755349
430218106
16
846800151
6266970
774121478
553213772
3942
63156055
29575692
846539345
16656640
2
441726527
356178954
995949840
1
34268463
213843021
1215
356701839
630473371
663005894
585
795442834
703725969
415027687
112
490663017
221940
521122110
971001740
354475932
1184832
1404
463966402
711657527
99013627
852327423
435826017
219694341
292461145
910316
540938530
6
112298047
327074035
425072045
338657807
923618088
533545726
5490
889690929
706460440
99325153
276842265
66096
162470880
621184053
399779357
395754828
2
190835150
360
943471620
478615220
393396968
254041978
539446785
8
213276190
522555301
980325437
217719835
21631680
989492809
770698002
3801600
5600
50585472
677654682
353415007
80882371
487079408
635037153
34320
972585146
849868200
858444558
845793251
582592443
666179000
688363016
464800867
346515960
938617668
508281854
432343658
320042864
690078366
995504676
414298772
252
130801013
304960282
4979475
283014154
618450146
996300541
749943792
738726765
2940
445654485
373176
626412546
350945668
276290498
990538923
468644487
21228480
28800
614248537
288
751000501
22534848
485770682
44938744
279141054
735080544
623847257
538003405
174183048
305303658
132589440
89244
936039764
428762737
924103365
3757104
624152715
2320
690848647
510582687
224640
5239080
414552084
498512352
201828583
284352483
588168722
25419420
48
265650
122403967
274358722
21638707
994030248
485221712
626045206
86521706
22800
480511440
1516672
274024571
779245840
2
969478081
485108689
773866108
17816760
654507833
162360
127607905
608455790
330821421
390
963881280
96458704
8032
192683870
100155144
750655228
739421376
420433242
646631075
389005166
163656960
648
818366606
942653088
461637270
13050
430255075
233452800
641520
803088000
387874736
987050205
161792986
9354884
664363466
344712867
135974597
6700
712096927
3692544
115433439
341339662
478899019
1414260
593116770
571048955
92882172
707369642
1917
116656901
136447856
305968768
3649536
221468602
1208520
258426878
155329264
862953670
65484
469816354
521292185
670501305
784743117
171928062
97500
823311187
161382490
398013696
123143744
4
284501448
139692677
631307959
4
554642736
2030
197706730
266419199
636098493
152193753
18144
108
329910976
550499752
351843636
653225112
11167875
236623553
137715721
364880039
721719610
619968401
155691072
4562199
97297200
103517665
267297125
779810760
30
766814422
157071
619244185
827022250
13770
27021852
142350
771715069
56
698148
39115440
807207229
511458434
915898729
718636995
298610350
48
127234800
694656
752468793
551075810
60386040
162902458
823961552
586072881
2
172673787
439832239
423
100729727
1
1
679161600
960785779
658021714
184367620
2367630
377024491
55272265
30837591
814450687
925076515
357423893
286959387
221286610
48576
306
261638776
192
878039204
974852247
883104768
777796477
588496966
13644180
467506526
107672312
643120440
70491384
232567508
66528
1120
324229407
474203609
450275863
882961725
297
3293164
285768
305625821
600192421
18720
282849854
967668826
468
364608
2
4590
716445234
587705732
2086155
594896795
531613299
286659477
470326383
730318395
857378530
38700
24811427
767853361
46200
10800
287300525
318
98813520
134011800
752544
263298633
319551655
117500442
792248626
913323415
10
16
785988438
630163983
396
730804260
782663463
8784
5240
13770
827846165
7638300
1296
854446715
412558731
1620
92885282
749105573
695479229
389663995
96
816300
10546560
120096147
489259825
580153646
960876
4400
517826598
92498112
11695992
325864868
18048
979896319
540459228
697862840
54
23260527
2160
536642526
924487135
16200
635715896
85038280
812573161
7605
199725588
109699920
862824753
436282416
264870650
78000
205386044
793347005
363181676
7344
391189165
360
304536823
790103166
66812216
73870793
724875435
8553600
392040
312
299149797
224
66692992
492755196
240419387
2
359704396
302722037
36397755
6
300436636
478172126
816690220
240209719
782296562
12
102601151
798712589
9
40098240
206426262
220060310
9968508
3645
461950960
932635729
12528
219443580
838812886
8
450536040
361269856
963732006
926473764
168907587
8
656941161
803872872
234867243
373835162
270
515001713
28761
409433092
634704
2159136
103050730
886678812
513212597
6
671976
534317383
364815360
454033714
65094400
851717928
451008
6808080
8
74844480
734832
685307744
333835134
54945
850645868
60
484903977
24
625655338
237685697
733081004
251761257
892863328
352103938
617716464
424194394
154733759
30388261
6672342
36006360
240997680
648391397
745050331
364899533
948133391
982977169
24
886152960
733173107
204313275
1558116
307061440
7200
402427685
840
2754
891029705
153019950
871474984
490791987
963695527
422285624
657399926
641802108
656169542
1216260
438974499
4
297986051
199406357
277312779
5112
324
3978
524940
553819332
247036670
717087980
616176
376705412
717519588
517993529
17521920
403750318
304472858
103180
50514827
7830
662913121
175178083
622381089
648992571
166822510
867336623
829606478
392327654
624989559
160862044
765655671
82006050
992542966
13440
183408433
293049728
802025870
163981928
233078037
630653225
919474485
824006846
51172110
12
359997648
2880
924140219
954712517
748861740
683028370
72858156
302897215
52
508594940
374255698
81693795
911250312
478395081
11658240
730837523
96
2
938382525
126
69660
57856739
6
7703138
233210073
255570951
134034649
677780803
463075626
620046971
628539059
80240056
459248953
610522504
672530891
81900
691600
936728442
1296
2400
497828235
759852586
48201558
54
426432577
190393163
917405647
446267658
403921694
274405596
891443804
861602645
767228738
184369039
728250486
151356
2157000
519790400
540
856015835
90882519
536664715
582378438
606662178
825210331
513531250
806274105
663389171
611469669
90789257
79437559
713841506
14078070
45086143
764630681
576189578
200560
38514993
12
861435300
439847967
205443681
674278862
751630846
862928640
474293268
628598693
340207807
90361008
326778621
393343532
81443843
619508890
820965343
737976512
181057163
176569606
4041576
3897369
624962524
5638500
466519977
996065661
554874567
465453414
894691380
833015480
85841078
169389409
131238875
421517293
919763469
647503283
423554407
738078775
488967398
605201767
14564806
619476170
373729935
25
545267090
2
8500
453353936
863330200
4176
948956930
111279916
396167933
177246401
58189632
373250525
516260423
360
724715416
810001541
905428428
6120
782305963
856158137
229000
419094000
49634498
48740154
638009057
557812332
415959000
175343565
2120
95005919
556407879
194578827
79488
2352
887048373
80
404826287
580573227
208024859
2136
303273590
367690519
342517989
928525975
912993782
974614192
341880672
761548581
41618869
355709734
189808496
1440
208481441
30
840617040
183319021
647508476
368766272
372053475
984060
609366014
655305619
136802802
314244
468653812
535964875
163041009
260320328
309862728
315656725
995833702
828911037
719007840
289202304
143352067
970939886
359367071
3294720
246821896
345464192
348688764
573647498
72059880
302434068
302622741
12
654739958
388786320
753130220
922123039
448361399
172923917
608139805
585586138
904367858
212014033
838399135
585961946
843722280
190073854
46632590
221049844
9731926
884733746
981765637
723972468
830310174
679968129
459224228
219728247
633562949
189779298
966830144
694737631
12
2
2673
275253454
983116917
23497692
381604101
532699809
70629172
881234994
3
553935599
982825934
575736261
25548534
176951435
3872400
407461713
929264753
80
34606186
960306474
618977918
48448512
847872951
195600143
280021419
343448203
730651574
859723200
66715434
336615750
309192638
93281223
624109761
751390824
369576855
792734251
503968165
123702572
905707406
2608200
734884219
134448155
692216617
313355573
4523904
222100588
622380441
448721684
260947008
696783270
54583375
391806562
349996
132506256
148939169
15
144
120993611
244044302
355732833
395096432
2100
1260
163359401
577659269
57451387
117837024
263376211
243
888938403
25344
625436924
308373604
348651725
103349647
881346809
512802724
494705406
153430848
284589677
442935122
5126199
69870594
88
306959892
549899375
191800923
135344141
46668722
954340232
6
672116652
931321185
882773892
17850
2370
1
3
347936492
898774680
226112733
676200054
995526123
484863313
535154338
44707302
28973594
11530973
382992405
264444004
367425
911583383
216
474838557
966416027
646842096
685963862
253628508
238809583
259092251
92575314
232637075
720830223
780787139
787158797
302160594
513526291
823155808
601042545
692757401
392070323
187429193
12056915
627194580
223236
5705303
739436072
924472334
295932281
616752086
10
175737600
516294828
765164489
192456
580104245
443314273
790344485
5948640
677293753
143296042
663841348
976020596
294874347
798217986
93851258
30
647591214
25728
567466523
28219123
378514890
532887355
276140748
381653631
484688977
948665021
359035836
366135017
523794016
220955512
108877563
611093328
724791563
278860466
784566217
93472520
545476248
527722048
59548347
