197620
25200
8
667440
4
6
1760
1188
25
4
55485
7084
22464
1
3594
2765016
60
5701275
5
167670
212628
2016
2
6270
4
45360
10
23520
3951090
2
1
77200
120150
376320
6
320
30096
61344
372705
80730
324
1291140
3
38070
64
413775
572940
1080
157140
8670
18
3
3825
343872
1
40
7290
1056
4352
4974
2
120
9792
97776
8409420
13440
66
56028
1630044
989604
106920
1818
7647060
2693712
817560
4
6486120
10145520
1999200
85248
20000
1420800
134
288
162
617760
3300
5940
4798080
11745000
293760
5400
10
54
530880
13122
4589298
2889216
185136
1
104940
2
729000
6047190
12656736
2
852
2
16
69552
500
1
120
269640
690
1701000
146880
353232
15
138148
480
5256
258981
540
336
1
108
1649340
81252
39900
792
11016
336
2448
4
171360
2058810
20
65178
425856
132
8840
72
255
96
94710
9660
12420
864
18
480
1
33048
14112
272
912
1440
8527680
2520
75300
30
240
504
1
8
10
430560
42
5
1404
68976
4366008
820
4194378
38700
87
1967580
615888
21840
270
58500
48024
16
16596
24
9
9
1457784
1
54
238140
293301
19134
2644040
10512
340480
420
1084320
432
1980
2088
540
163176
10357632
84
98550
18
1
204408
94
1
54
1224
61965
6
1
45
2
36660
8
173400
3198
17010
673794
38640
2430
3
3888
157950
348
288
442260
8
4
50
3
212982
1
948
7984256
8353800
20
3825
188160
2
2042676
108192
9900
2156625
2958
3018312
254016
1272
46115
4
174000
101910
30
60
6
2875500
6
136
10
168424
440
1001376
3
5202
13064400
3600
3646470
108
72
769692
586683
1
765
3955350
2
1
2
24
128520
1010880
14904
30
267120
45
840
6480
108
196800
1799280
1477980
4584
100
4937400
82
62910
20
1200
61200
2
2914560
3382560
1250
42018
15
9
1428
2501928
1620
48
80
2
6
762048
1131
5
138
2856
29184
153750
157920
58
11284000
336
90
16200
1
17544
2800
457200
19130112
9104480
4
576
2452320
15636
501120
11340
20
13848
19680
4500
2468886
3853920
3
679536
6804
18811530
1344
1
270
224
8
144
9
540
1604529
3770
624
11842200
18
425
1224
11128380
34416
33048
480
100800
203310
63945
2
10
16
20
5184
78750
432
123480
216
1115370
2
665280
2
351900
1
8
25
410
9
243000
5
268
5911920
336
6
3
77490
61880
129375
2164800
2010
18
5670
3251539
1232010
32
1428
8786250
300
2472960
8
990
80
18
108
3240
37500
720
29952
342315
2620620
755310
46400
150
330480
10800
1992
13600
1836
16
10
9240000
392
6
12817728
30
6
506688
112
131040
84024
2721600
54300
4
2
2
25248
2
1
8748
36
1002240
3450
1
96
80
300
40284
423330
95676
3630
8448
19200
377000
144
3
1350
4244640
81
3015
1836
4752
252
27
5740
3182400
23
2700
67500
4620
51000
466
4
10992
15064
852
84456
16560
6
70560
3693312
20
15840
2496
12
280080
67760
11210922
6537048
16800
648432
16032
5045436
501840
6
3432744
72
55800
1143072
4308
163300
80
75
1625184
1638630
1176
10899324
3655872
976896
900
240
28296
7714700
250488
120
20700
3817080
7218750
2493180
128520
1080
91056
9306
4480
27
1268376
10503000
51480
26048
8560104
10586160
87840
12
1800720
9
770796
501
1056
1392
129528
1
33460
5400
22356
2307516
8
1100
720
4
3
7396848
150756
1064
13050
1
990
2336256
2
27
486
713856
3960
90480
731520
3000
7030
18
3569664
1460592
144
3
46440
72660
102
3672
1560
3034908
55608
12
4000
30140
42
1
10314
5127408
8
84864
1771200
8
147800
3888
114696
583200
72
280
4334400
6
7668
4
432
2
792
630216
72
7070400
128
957474
40
10
6030
1224
714
9450792
1638720
50544
1138392
6252102
336
5544
348000
321900
747240
3
6941528
2
2592
9693600
100
324000
40572
15
11610
5970
2271996
1172340
1
38080
12925640
3993300
5
4
640
13153536
23760
16200
9579024
2
2
110160
2
6
1
177480
10
359280
13860
10665000
10
192
38340
306
2
4
9720
2700
4
48708
2144880
1800
720
9315
704
2952
25200
5524992
6168
246
3
8
504
218016
223400
96
5042250
40
325
4
3280
5988
841752
16248960
34
25200
27
579672
16200
247200
64
340200
38825280
11016
112140
2604000
6
355
12
173880
31050
2
16
3562720
7576200
173880
1
95040
1
951210
4
19284480
13464
1377
10
90
11867016
2160
1202040
420
50400
27101232
5
11512740
768
1919340
27030
1
16
630
6
4350
15
846
180
4
20100
6430
108992
420
2352
259740
21459816
596
4095
168
3104
1176552
25784
1
1080
152480
288
2246400
414
874
4
2490
23730
2632
58500
4492800
210704
1135680
122400
5105100
50
675
1404
18
7200
20624220
14188716
3009312
491328
12594296
5076
128466
10800
2340
110160
2732400
25992
2464
10795680
80
576
90
6
60180
10
120
8550
10
66300
1824
612
46240
787200
423360
864
720
580
103800
47040
312174
36
11530400
72
182964
16560
272
44928
213
24
9540
4010040
486
126
89856
20167056
2160
11340
5981184
468
104760
2
501336
4
17
10208
4536
2208
2040000
1918080
200
310014
6
13452
996
48
192
14002240
22764032
9435
1910385
486
2184975
936
10
280
4
60
23596200
318720
635040
320
1
8840
77112
80
264504
4
35840
62850
520
4
216
924
5
1672128
81
16848
12
8
440910
2340
30
153120
900
631800
27
4
24946208
44370
277542
4
3
9144576
1024110
4
2
2982
45
272
1080
1
3502
13704660
1496880
1290
2376
2
3672000
516
42768
400680
1188
5964660
5088
8
48
2
55360
1
24
81
19165572
4860
4
8
8
23804208
11832
2376
312
3024
284
8910
14599872
272
1
214200
112000
968
2
12
14
24
4900
124200
2
88
353808
2
416
35100
4860
216
864
417600
2
171360
308400
1491120
756540
294570
5520000
99360
6480
223920
1120
4782564
793152
179712
103320
437436
12
104
36
984
3030
5
60
520128
4608
8
11892600
120
138
17688
100
88704
18900
8640
424332
60
210
8160
11421
6727968
10998900
16193520
27324
768
1530
3
1248
6
4693545
16
307680
609840
6
243
36340
27840
73800
140
4
3
4470
36400
8640
51
80
3600
2064
6408
1
1725
25500
444528
4
183780
28
312
14240250
1892916
16479440
670560
1248
3240
34890
60
2800
17280
116235
3
240
1
924
36
51
363906
4704
372
125760
1
150720
460
1
158340
27540
11007360
1407744
18489744
4
1
69120
2808000
126
12
705
36
164
36
298428
1080
510
12
4
54
21456
2016
352
81
1384140
121176
4
312
18614610
48
7952
8769376
1666
18
14616
18519192
270
1296
383496
2887470
426
6502032
3288
30780
432
26265600
304800
11808
16
34932
1250316
107568
1275
3
1004
1422840
96
24
324
3189375
41
14
5760
4
24
4
1
90
378
5305500
15
891328
6
225
18
1856
1
1363
8181
428490
60
3
16524
10
1645120
2125
2376
24
4
784296
90180
960
7388000
5
2
39600
1
4
293760
2
56
24
1120
1766100
958176
1925937
864
1177520
10244880
101100
2250
470208
3774600
56
864
250
1944
3
10
1
92
1045440
1225296
30
999702
318
17446800
1440
1
15028
504
240
1
30
875160
11682
548136
3
10
19758024
5240700
2024728
3
364500
436176
98658
135330
11520000
22080
2010
38880
4419900
46800
405
402
202206
6
360
17601672
889785
1
5391360
118800
29937600
98136
3976
810
58
12450
4
36
7000
178740
13552
6763440
13320
646668
12
8
3132
95904
12852
4
1200
1278
408
240
12894336
832446
3240
17190
1725
107460
2
1
828
110124
2
34654620
51480
2
36
5904
111300
76140
32
1194264
464
424440
1632
18
178740
370710
3294
108
2220642
12
90
2522880
8
784
1
1440
37528896
7704720
12810
6336
3888
6
6
109434
85140
909792
18
2772
3
20304
140760
18
800
24
28769580
3752
2
1632
3548160
12
132096
624
1310
2
2381400
24480
2862
18954000
2130
6
626292
50400
783000
25500
230
163840
628080
28
6
160
390
100
10
4498560
53760
5040
108
7877250
36
103408
10776
6120
4558
5642350
72
4
16275222
2
340
30
360
5616000
1509659
2
165240
4864860
2299700
8157510
5284440
19950
120
22709160
660
336
1391040
50
808200
234
641880
163254
6624
24
1080
846
320
1184
76680
6
39270000
280
224
120
5274
681
1
200880
11380
432
100
14736384
218700
330
3600
3134700
18
12
79200
738
13245120
3240
800
9417600
1603000
20
936360
848
520
36
10
2
2
475524
608
720
4
2
3681600
144
524448
64
16657824
1260
102
4
690480
8
240
31422600
18
86850
10125
715968
8748
8
39204
280
4
4134240
103680
55026
2250
2
76296
25
3700
4074624
11747160
2
39960
2
84
597168
36
7068
399465
24
160
2
22500
17
13225662
648
30294
8160
2960
2283270
986160
120
337176
1576704
32
180
313920
8469888
8316672
299016
4182
68
6669864
1999968
588168
1560
34824960
30016
1620
11040
2320
98560
522
1071
88
301278
2400960
3408
24
3900600
520290
1
2160
82404
2
124020
180
144
2120580
160
270
20
14694
3744
118728
720
5184
30
192
390
2
1425600
8000
48
20
500
25650
2241552
1350
11586816
5088
306
10800
48
850
120
2
1769040
1170
5840640
162
11520
1020600
2501312
6048
1
798
124872
1008
859104
240
3300
72352
1420
88
4050
1125
2
90
1
2250
248400
1768
1078056
347004
2944
184
13953060
113724
3960
9979200
45
18053376
90
1073088
470934
12
152784
3072
6828
1620
617900
15840
72
11856
138
10743624
3888
2856
3510000
1
4992
4734720
168480
2
2240
2
47752
10512
2821248
25020090
6
18
416520
1635280
2
32
5040
8
160160
1706160
2312
11424117
4061112
26244
11959245
30
32805
810
5000
29445768
540540
360
5940
351780
4897476
3549600
1452
640
144
33152
3058440
9054738
161280
56160
810
6642
4920
6
5280
23960412
2856
4200
25
36
572112
59005584
12741700
220
9
100
360
34
5040
1080
18
540
12
1040
2583360
2095578
1022868
737262
586710
10639776
2970
43344
67584
64
14751660
25272
66420
42
1
34680
1
1
40880
26244
30600
2
14099184
634800
2
24
26081280
7931940
132944
12574848
476
1
17951520
5
142
5414912
2187990
10
12
480
18
246048
3024
16927380
11616
90
432
183600
7207200
1348830
1999488
120
60
15120
5
16484
192
16680
17933400
70
224640
150
7785150
37440
15680
1
240165
8517000
4
240
4806
1
5880
1
4347000
3600
13536
8712
1440
3
8
27200
61722
405152
49342500
15202648
100
230
3278756
21092115
1920
2
16704
64045
168300
26
29239056
55436400
2
1761784
680
10530990
48
3
4254720
1296
2
5874540
2899520
2
6120
2296080
54
69696
2800
68269065
71616
156
8
15360
7560
3518
2
12
6576
2
15965544
3450
4968
36
25740
87036
5
171600
1192320
2376
288
1152
1080
1480
8736000
228720
816
4
1922400
40
11340
30
948480
576
142
29725704
32
57672
12
1411816
10
18558
960
18662940
69
2
48136704
33380
1
8175
1417680
1536
35200
230000
1020800
9752616
6
100
345690
368200
3814800
21212568
655776
397600
54
27417474
24
36
648
693
1
44424
12
3590944
6051672
2821280
22405680
19728
59816064
2672352
706020
1465695
12
4
67200
221103
47394360
20350224
6834240
4
11221056
2
1135875
36
180
2376000
24
58440
5647680
93240
65950
170
270
1920
840
4
2
129580
9456
17875
21084000
1
636
8424
29376
384000
48
4
133200
14256
2
89856
295245
106528
53125
396
12
1470
19678464
2
16
40268880
961584
2808
4243008
420
62290944
5
2100
2
6178770
666
683298
171360
80
10347777
280
1080
1634240
12
528
310500
43040
1530
4455360
11945120
18
6
4050
116586
54
6
5762160
56880
13068
20038200
208
715860
18785520
2068740
27
60
7542000
86692480
6656778
1344
7749000
12928
50
160
35316
11232
2430
16564
3193344
34
12444
224
6900
64800
4
766290
2813184
2830464
10
16032
2989008
278784
52356780
1120500
25
3936600
34783280
72
31822560
42606
7812
176832
6800
4053390
8
1100
2972556
520
925506
53180
2
338436
30
20
480
10080
12
10560
432
40704
44
10155840
25200
112320
84
264
168
86292
24120
36
266748
6
5832
12960
2
4
16800
213
9314
3060
1170
4164048
200475
6
13064
2190240
929280
204516
4050
24324300
48
192080
2652
552
12144
4
184
64500012
1
1224
810
864
1728
2
22934340
18
32382
522
10522080
2
44779680
480
1
450
20
21067560
16
144
163700
430488
10530
3974217
2822850
5473008
13064976
4896
6
250
2343
2912
18
76608
28431
15324000
4074300
3347760
25212
153
184
488988
44425260
1
55664
6210
63960
100980
248020
102192
90
867325
1
22410
2
2244
914760
60
162
885600
2700
24
14097888
6
20
1880
8820
270
10
16
1600
3564
97200
19584320
2
423765
11552
522
15
17820
11435904
675
90
220
28
28068
549108
1620
1155168
6
91800
20309555
84
42
1
370440
24640
239424
15566910
1125
7290
7872
27468
12240
6
1072
30
589680
1
216
6600
32944320
6
51291900
3
36
665664
3582040
12960
2520
4056
1
1175244
15135120
1840
1648
2902
4526400
12
12
328
1
787320
6
92200
2
419508
48
16500
2
4242
1056
400
2153088
3240
3060
3975
19656
2
3412670
1350
36976160
24708
162
18
161500
4374
4536
1956080
82
35425280
23275560
17
2
17919
60
18752
5670972
4752000
12128
60
10425720
756
3
24768
182352
3120
800
41484000
270
6190740
612
32571264
2
13800
1568484
13480320
576
56
84
35640
4
4
42
16
2443608
987552
1620
87
1556700
378112
659196
204
28682640
792
14
27
9567936
45
774336
936
2784
2396850
5376
1008
408
120
1210
4
96
129499200
34836480
18194
4
487080
2160
2038
450
3375
166590
1848
27419568
25831680
288
620136
108
226848
10184400
80198400
1
4792635
1
128
1
672
3048480
4
19194300
2
10944
24
10
1305696
1653456
32
28
100368
6058800
2106000
147840
36
48
2864376
10771800
548250
17448960
64400400
7848
2201640
20810496
2
3930
5678424
2040
2
4
5760
16
120
22680
75224032
288
36
260
3034620
5037552
2241860
2
133052112
3742740
5712
54
42040944
6
233688
95311072
1676064
1560
4800
164
14166900
96
40
16
10
202770
146880
216104
9
38134800
10
40151700
64
5076
30
4
8850456
1307232
50
7176
16344
10040184
192
3
2993760
80124
4046688
19359840
132
72
171720
2246940
1500
8
4131
68211
8667725
134406
216
8895008
71280
66528
55133040
180
1425816
5
34
72
1126608
4080
37062
4082400
2872064
18
1230000
276
3584
162400
281596
111672
62208
36900
3080
334800
72
1296
2520
4
36
6480
11377800
51
10296
20
128520
1014000
1670592
31607296
6845424
1107810
21360
448416
314106
18
481320
486
421264
5940
28
4
4860
156
40
163251288
11252736
158688
363216
7050
55434132
2
144
4923936
244
1
6536880
1600
163296
36709200
1411776
341820
2
11431644
47730318
52800
17496
5760
487744
2
1598
72
3456378
4062080
1518
470
180
4
54
49260960
108
339732
1803200
1
840
2268
59042394
41940
70859672
16236288
15
13242
41310
30
17028
4
30
50
5434332
69120
8
8460
2724
1
36
9384480
8837400
106092
8
54
1040
1404
12
3863496
2240
10805400
5040
2442
4
180
39555000
132
10125360
6
47970
1
38718
2155328
659228
40255830
25008480
2400
1890
140
11376
19837440
34231500
12000
90
3
6650
22680
1836
5137740
10009980
32
18461520
2610
12445422
1
658944
8240
178050
82134
20160
36
2
4
15840
8786400
43229436
66000
3
28208880
648
2
6222
8
971040
4633875
1881000
316800
1593000
279708
4741470
56898
8
74934720
6480
1519600
41477184
2808
3946800
28644
3672
1188
3
36
2400
381600
16704
34680
20
1
2002
23598
69300
84448
1152
1250
10752
2016
112
96
4220
235800
32
2
143387010
85
20
57024
34932800
2
20656856
66
7621500
900
27267840
3392928
111780
281424
263696
28512
6
81
144
648
16836
954
4
40
16
536832
42444
249464
5536
576
34704
670
1503360
108458400
39312
45552
3
77760
3916080
3427200
145100
14686980
136
50254380
198288
22425885
8
30
73010
6400
18
2308320
300
468
1073790
725900
20
17388
1944
1
31701600
3057850
3876
432
45150
1
465280
7470752
168
5
3095700
63562600
6030
24
4111560
48
2079
208
486
4014144
8
4341150
203190
204
12
162
2460
20
1
553878
5
12
16800
270
3744
5832
250
2
271728
2
151042672
312
312
18960
4576
77728896
1366400
32
30
185850
2070
40
50000
11890476
12030564
50280
1289728
3834
4
1566
23069160
8424
30
20940
45004680
47700
2
1
12000
4
15
132600
688500
54097890
24885144
1260
85522800
53856
1481480
26005440
4167450
40365
8
186116
2422875
145600
43520
15
313200
309600
9003120
3029400
2050
4
92350368
60824400
63504
36288
66142336
1219848
300
306
30
197999968
272
70341210
40560
3
1764
95069376
720000
1482
1872640
126291960
4678245
81556650
45
20250
900
24
5530
15097500
2
2462600
576
38001204
7452
1404
67109472
103514112
144
81
850176
2
3
18
960
4963800
88440
115096320
733788
340
2400
1406592
403200
5
4
1
20278272
1152
70713
874656
119557872
42188256
4
1496
1005480
968
2244
4
1365120
2
4939776
3240
3880
675
7884
44254944
36
88880
4
240
120768
100
22351680
49956120
1
2952
561816
8
2
4599000
22176
10
87265080
5101326
80
240
8412
143205552
1
1380
1080
1305696
18819
22497354
336663
20
359640
3738240
24
423200
1061200
73567200
2910
48
1440
11072
192434616
90
108
252
7792128
70761600
6
6
240
50540
4371228
2
23130
5508
3240
20898270
4
1800
429000
20
1
5092416
1969920
7346376
842928
1170
4
4608000
63140
504
2
397332
84384
14625912
435456
3854700
3
102
1
3
4260000
252
120
7508
96206400
45892420
103417376
209061000
54
20
2
2
4176
470000
756
1184400
86537592
342864
12
4900
23584
121392528
7240860
1
21528
72
16128
32
150
19299420
12
96
298740
12558
2684
1674720
14
90
247744
49842
381024
7122660
3360
9180
396630
10159488
654804
115516800
20304
10368
696
340
17920
37801300
299280
8841456
18144000
1
2
14040
404416
162
270
20
12
8
2263518
54
5405300
373410
3450
44259750
35802
1317600
800
231731892
129805776
2429352
18
13023360
4
3276
720
89670
114264
14805504
3440
1800
2250
28500
1413120
27
2
1296
15
76908
22263744
22869
5
1183626
6
1
35520
4156560
32164
11835720
432
24640
2920616
25113627
4050
500832
1421550
2
660
204
27486
84
153764
101
8532
526320
64
59622912
1
398640
1944
18
3
216
122277600
12
215188344
260
322500
84
1149984
1
9
438
60750
2244
8964
65663136
1082016
8
27829032
2464800
60300
6185120
792
25099200
1620
514
4824
64938
99540360
1
18
675
1340
172773
80307000
629856
1035
16
6
978180
563200
38250
4079320
18
3
33796380
23099520
522
30192264
299250
560000
984
132048
173670606
67635
8528720
224928
30
399300
486
347310
10020846
8640
32643
1632624
47076744
5763060
128
6
1585845
1473120
520
16045500
11322360
6556140
43650
52483932
1028160
1
6
4590
2392
1080
40
1944
76005540
18
30
79200
37773216
203028
182056896
24120
14
27043600
918
12
6752
27000
7521096
54000
66858440
6507735
9472
5670
192
63000
104
4
2
90480
215424
360
30
59400
147
560
1620
357279576
172692000
132200208
96
1
120
45
35387100
15525
6720
32
633240
2763072
28
14580
344736
1
34686
329760
100800
4
500
82
1366470
32847120
12432
827544
24
140
560
340
88592400
29754
1099322
3
7300
120
28643584
16700580
622080
24948
450
1601600
5323320
6808
810
168928848
47520
10
103488000
2
45312
90
360
168
2
3912480
23535954
26826
54288
112550750
176
108
144504
1
72
21636
19002600
96876000
84046080
270
258336000
12
224133260
151178220
7418610
2016
5846139
2
4
3060
2422200
3696
589440
3
1161
217469100
256800
161979520
157584
1220
127500
119340
81770
2060
1000
10880
45620820
8712
2
211264200
1360
55080
5
1148
3564
220480
21384
51201912
5196960
128700
1
8
8
140
356016
82814400
5987520
32946000
162
108
8365500
256
90
216
14280
3126084
31500
3672
2156382
453411
405720
8532
2690496
280
450
40
20412
13066
486
77112000
99450
6300
67848768
144
7676640
3019680
31046652
225
211023360
8
29600256
3
396807406
120060
1
16
491590
756000
16
70344480
1
144000
15
93600
1
3672
6
11895
15127002
54
93277440
154224
1501740
6619932
421920
104130
1008
2
7344
18792
2478112
3
19753500
11467248
544
6120
1036800
59962122
19983800
55046250
10264320
15192360
389925
2
12932520
98400
299491584
1180494
1407600
5562
921690
2
11648
92073
56250
131
131040
4898880
12
34263
459
60
2430000
40800
11040
2880
648
2
2
3397800
87681150
6595992
1
8316
354996000
17280585
108
46440
2376
295680
4
72
2396304
19615500
189293598
26240
396
324
3013680
1038
144529920
10
12600
54
11334
60
177136974
2
222682500
9720
2395008
1170
1550772
3077550
2
120
16299396
7679300
73568
48
31320
1356
108
1
345169836
2
28800
93957300
40
2
91564200
2782080
1800
288318680
1
3888
300
80280
24
36
112392
288
872100
10546200
10
2
460
4128
194340804
18
2958255
14122404
72503424
1008
344316540
69
114240
1152940
7459200
2141856
1457280
55890
94812900
600
223560
8
672
500
1321920
331776
2
2652
30553200
605768760
274145280
304
57960
704928960
90
1088640
8
6
3309072
165360
4060
72
8
95819106
252
592
9
151560
2120
102240
20000
261
252
13320
3
1584
63280
24262740
1870830
292248
19440
34992
15990312
30
162
60
1
1956864
24
1215
16320
179400
6095520
2562756
2
2871612
14008680
62646390
29808
144
544
239112
74013552
324129600
1737450
19341576
1150
3600
1600245
47904
19418256
1360
1000
450
285120
364320
6227232
500
1855152
735420
28
1802832
24149340
7240
360
24
3510
2322
164921760
510
7395
140
12768975
2730
167400
31198230
5832
1
212976
49140
54120
16
75984480
216902400
600
4284
84082432
2043264
5055540
2520
213840
29576124
82207440
4896
32
361936848
162
2248
5904
4050
5339200
2563920
7290
7935840
10177728
3948
47520
540
648810
15120
46200
4
16
148500
418460
176880864
989696
24
19656
4291056
149760
872320
195270912
99320
51265710
286137800
104611500
2760
30404160
583440
105511860
26
327959280
84784320
9499680
3360
18600
2
842400
1
2
720
405000
16862256
33
10126152
234
50733540
17633280
139124160
270108000
488
76025466
90
2
262396800
9838400
12
54
2160
49894200
125382528
637560
20160
1108080
24
498698400
1709613
1880
52
867192480
1530
8659980
1
69861000
25
222552
16320
1428
12
158117520
528
8231400
18
16
17640
3987
154970580
8887320
108
152821728
5
9
1338
385859376
17280
80
5722200
34
90
135
73445400
50
90
612
13737600
180
8030400
6
2
772812
18180
5910
6483840
3317040
336314349
7234
3077816
273
1296
15412500
1040
417690000
18963072
6750
93636
135
102536000
43740
2
6
12
9
303883272
1399680
203816304
31104
208539
123552
306517792
150
1012500
1408
51383910
1530
21546
264
104
270
345
74412
3501456
1364220
2502400
138
34
9
18
140
7920
1
8
7737155
47520
1
59008122
2352
2317680
728
21870
8
6840
576457280
1584
12261780
210418560
360
221203008
73323540
223660116
408240
6392
57092490
2
34
10
1660800
6
2
20973750
18746640
18144
319269888
90
17620
365932140
52
10
6
243059400
2928420
4
28800
169199040
42
39204
1296
472500
1129680
62195520
6
3011040
1224
1
7950
7773
1
7560
50400
360
23160
57098400
314400
5984721
183600
9792288
90
480
9216
526250
12680940
32
10
5304
300
6
1484100
810
4284
3
780
249600
93916800
2412
126
9
6534
200
65895714
4395600
27
14136
74520
79056000
5091579
204204600
2224080
35784
12
2458944
10
199260
4
425
3
50135232
45120
71550
8100
5100
352
12150
232
25920
60
639
4
461340
1
119167416
4943736
510
153
1650600
28
65862720
70
210
1393920
1032864
113131710
6
10
5184
279471360
9337680
238
714912
6912
6591240
14
73008
126464
128600325
393984
5815584
43200
302047500
8
630
745232400
14022
5195232
5940
100
4
43571520
30490656
610800
49392
3615480
791775
6075790
12
1152
13204800
810
7920
2
307795752
100
14720
231218972
610632
90
2448
28
22131060
4
1
150
259922520
26460
21060
24
1673952
5
282744
2
72
8
1
108
498760416
3480800
1107270
15360930
374085000
12
9388548
2118
3600
280
261773952
108
32833920
4590
9120
300
16
416
29160
105583338
1440
2
859170
230256
1350
18367440
33102432
37728
1879920
505440
3528
11040
641520
36
3150
7389387
74412
102879
71
40800
80
290922912
162
864
68544
136
39456
16
174236832
144
8488800
2
9228960
193536108
26400
48960
604224354
26762400
105984000
2
5167800
353749248
6720
20700
2
62964
167348472
3768
9105664
1
5470992
34
900
36
547322535
85432608
28512675
8
744
1080
5000
467712
6664680
84593360
1333989
17789760
8
5400
1345824
18
79380
146888532
2776275
116640
2358
1633446
288960
60588
413780250
453600
3150
39618840
275940
142359720
3
60
2664
574000
169344
228519144
355850880
16873344
48
30950110
200
414
1997536
241730
125
1072
30481920
163004400
580992
72
480
200
33
4620
6
63450
48
280
4115160
3
85
1340
87024
46149960
5781
3813600
17616224
5376
355188960
725760
21490380
2869020
50976
44328
4
43992
5670
120
400680000
6
47139300
1485
14907600
922876020
420
23832
4428
342332
12
39976800
94
12
24
18750
240
1
3733050
6185088
79038270
4320
6716850
267097740
2
524760
10
21960
864
18
720
106588800
84006
504
1598400
3250368
571142340
19650
100602000
96130800
4284
1
2880
666792
68
21060
112980420
60
1013310
576
2858856
52650000
2932640
3240
322983000
19783440
15
12
50460
305499830
3612
552103668
1
6
20
2906280
750
87552
655740
3084264
97804
24
1649160
149987250
15337638
56369790
2160
2346120
59136
2720
756
25887600
38321006
7710
44604
449812656
36
46512
1632
264120
144
647130
28
3707370
6
10560
25200
128
8064
4680
13344000
17280
2237472
377136
110000
62696000
2340
8
2155392
13927420
10
293152800
1336
15739560
250
22032
560049984
360
442434365
12
8134500
72
22400
9798
144
88399980
20217330
960
18
473850
146592
960
6
4
50
288
1506960
152174880
296240
24300
395040
3388360
17593980
984150
859844700
8546940
3935400
4
177558030
22016
54162
19407828
3
84850740
80
81
60
282384108
207360
7452
144
769486730
12
10265625
192
3537
419900850
116436396
705425647
143370500
155651760
72
3408
80
20160
98640
142560
91819000
178200
662976
3555
48
4032
4274424
19224
3875328
10594560
16
102336
6869016
896
24078060
2
288
223104
51405
102643200
5712
108
7872
290263147
4
59850
15456
69515982
72
2067308
15
144
967680
250
1152
14484
332806320
272
12846600
4060530
2460
36473600
4
330
2222000
794493727
16071120
4650048
6664
86625
12
180
447241500
161920
561400
256529727
12960
388326
328219747
2418240
36540
26444880
1383496
573356
10719280
8
2106
1620
39844998
25488
116728800
3576
7289460
4
10400
14580000
473326
1789008
540
11447100
720
21595840
360
227880000
16760
52028460
18
623040
40
12096
8
639090
10
4
9180
9694080
155952
27
1458
48843000
228096
148032
15120
147443205
780759
124416
8
1215
2268054
1142940
10769280
23868
54
3672
245110320
2108456
1584
6885648
2
134
210
150
11884890
360
18
674756352
35160
17552
427800
61758
8
370212
168
14471520
4
49320000
1
1770552
204573247
240
6480
765936
390015
633240
180
12
630897498
75168
3941100
11180
5524848
94517280
501066
160
48
3
12
920016153
414
162
704
75
9750
2556036
6
10
16200
169289342
60
207237044
14040
470448
93636
204984
2545920
99797360
2433240
8996220
1260
125296
1
60
18
203847840
4376158
821340
18
402
964114200
210
333000
198965376
1755648
128
78589056
9405828
1200
150
41285230
767142
455915599
8
5729580
40
3487995
49572
475971390
6256488
7150600
110880
20105280
1796340
578592
50
5162940
93150
150
29484
5248
60
3591216
1440
18283935
45
13068
562846648
116640
28
450
124848
8448
1320
3460
3420
2
181440
843042787
50
24
920465744
11520
50490
768
66792
206532
224572500
2219328
2240
6
665880750
505673942
10080
90
934589280
100
23965920
50329860
609430
1176
28188
8010
398520
2112
690330960
17775
18579720
594
25344
5
898
16
5143410
394212
1440
45
2
19535040
1
54878208
11016
2208320
102
1
203796
10
266637312
284229120
1035
669492
415938
72
12
653567616
24
125582016
6600
2739312
5184
18077346
127575000
149370
330160557
2100000
40662
96252000
8100
234312
40
16
1
204
10920
8100
13440
257077638
66960
23664
55860
7027120
60
828
90
4666740
5
5
200
16947504
2
24
6
7314000
5370192
24948
504
67200
942237036
419056128
763560
4
7228
9016
198238334
4
3227040
2176
108
192360
86940
1917
141546600
1
8692
102816
1164
869680447
24124080
136
2
43795
525480
2
51408
1832
68111280
39
265
60
890331854
1098480
580032
34020
144
2160
127120500
41935500
1
592732670
42385752
60
80
5100
98658
2
68
2
32136
23
4
202672
72
12
689884776
5760
2010096
14040
774076500
104328
6585640
98139600
300
1
319410
2664900
1416
20
45
97004376
7484
8
80
512431920
3
1
5195520
112
324804
7283760
253521664
91829052
2
810
58647996
180
499592191
591624
6120
25498
1260
140309136
5395600
1049760
1470150
275520
84709094
6
23605996
102040640
626424120
325620
854402047
17136
128340
390
50
2639952
2
160041599
3
352
17280
212464932
4
31866840
532876050
4000
520
27
187605
1421550
46368
4376592
3
33514200
25964424
2
1329534
643328
884050941
897405696
16
412977960
957336703
504
1044
3775
5904576
616
2960
972
37260
3888
360
2574072
661628115
102
80892
405
9952
204
4113648
504
841606842
2
4
168120600
301784436
120677940
367412931
6
6804
44666
273168
6636
15281784
41760
155623725
2328750
49674240
18289416
120
170100
87
52
65443788
10268064
92
434412
864
738
108181504
110781792
12142402
7290
1350
324
814302720
13288544
1500
2
527481000
15893640
1
331800
50
6
815952
208
28
15660
10
75632832
7256340
740458175
1080
18
137472
577258440
64
88347600
771840
2
900
674460
6048
6048000
163930200
269262630
810
60
180
60
34
301654368
10128000
208501776
3105
4
365958
606636432
19534
1431
88
272700
59616
6924
66669291
544
57960
240276456
558622461
599579438
48384
216
714850
217834696
3240
375
1343000
405347594
116069520
2994732
495
102
103680
72153504
6
8481200
108
441355934
26730
4
1837728
2453580
86036997
977586628
661963147
300
519777
319147200
25
24030
47525400
2448
1
204694
117100147
576
858038805
162
198
690
21384
18
3660
2893804
54
339444
6885
48
2340
13122
706176
279790
58500
1788480
270480
719448288
5760
76760
19500000
270
7452630
96
1
1000
2270268
2916
1
5510754
8640
648
14909250
470
217512675
179243006
14256
1
173184
449058398
906753794
854509500
161568
2396592
180
86752
358541287
254577600
5
1600
5
16279170
2
60
139712
30
113792
6192
867769106
2458080
1934064
3
416220
7071300
182835
5906550
1230
752
26904504
324
12
1296
188496000
38516
7930944
65364
2250
44277282
28208
3600
349745040
1
1034880
461582654
128
3
366442588
32040
654774354
528
27
408
5504
36
4
2942
45
321090494
47250
681939354
1836
37832184
331200
17851680
76748952
1
24
17939880
7884
86768640
1
3
23616
3193344
272604608
310252327
4
101857355
3692304
72
51856800
925527858
821280
6819840
28346400
245400
170
2960
504
11232
3200
1920
36108
640
2
3480
535988235
20910
107887050
20
3864
3372720
432
4
907744794
4284
180975738
49020
36
531861523
285733008
18
19440
328
2
2808
2
568157407
140340
178232076
961381302
960660
5417253
15
129273066
1856820
4
3
3611520
2
72
83200
20
57322242
595474900
404911101
6043310
3416280
210560
91040
540960
30253428
120
936
36
1184
9223740
316800
494783229
2700
563472000
19857504
174960
29331072
135921614
1782000
138
28
8
906270847
24
2094420
204
4
8
1491534
6
7944
163369800
1034500
4
88776
318636316
600
757138080
122
663000
2995200
300
290
28797120
4
576
560
396
1344
152070
688761589
5196
204921600
2
7500
851935294
4458240
60650640
2085750
300506389
2283624
576
3758400
2
164102400
108
127092894
2
28779072
280602
4504345
782280
3398976
52
677091901
1044
60
180
31488080
1
48576
422520
72800
119340
2267792
15000
2
376
673728
970950240
2592
858500152
576
24
6768
192
1152
1944
6961500
95400
2
9575280
80
888105210
168
3
8
62752
6767208
7663248
579331830
24968412
32
144
56160
420
2448
8551170
2412
20313810
243
3698838
150
9288
5633226
4590
2
572832
933750
27
549640
40
13266
8280
47925
168
5685108
1103925
140000
747171423
497195647
106600
173232
680
1
42673392
31808
11088
486
17638544
131385
4648
946657152
7128
12
12
28800
161164080
12982560
135
116073280
6318000
105600
1
11464440
778797907
10
1
36
623127960
4720392
822714922
33534
1
37152
9
110518560
37348920
5191635
54939456
972
4444
2
627120
44433
37152
211140
83014638
10800000
4
745680
7128
1
246480
4050
301234032
2308680
21060
880
13163760
30
56
241778973
57048000
120420
689114142
75480
175016014
982206
2880360
2592
17052007
1321920
421961340
64251144
688450037
197120
103800
2068040
27
854985690
551087599
6757776
25168744
18
7776
2970
72
12
486000
86540720
1351026
6
982502352
422425339
2
1
460080
192094948
140292
160
16
15101856
1325
241200
1
592791494
7830000
58800
429732
1
485035200
8
16362
2295
3936064
1200
11170
412026278
298368
1260
68
12972960
1403775
940933147
987147000
661424400
23900
312
457947727
84254720
12950685
100
2303520
1726920
17
3672
4896
2
1122000
312000
269464320
33660
1
1
50
16
11340
60
1693224
110880
1
947261952
1104
404447456
41697600
40
14760
30
562979502
5840820
2788272
1
125096400
20880288
2160
1890
18
1296
2
30
120
50154048
10
12
404
960
82800
48624300
711684117
7482
612
419093918
1312
344835072
315192
5367600
2
2
408
43048875
15332458
245678823
90
130480
892652816
9921744
120
609616431
48
10
571200
1171206
1
40500
116440
772356
1134
2601408
18
1280
26575228
3787020
684733866
521058157
5490
8
85968
1400
8033436
369948
3
2556
18
16016
509088
3048
8224524
1390
750232842
54
184
432480
84456
73895940
51450840
12242880
13197600
69516
2760
908106141
9126336
1020
3
2895372
216
1364688
6239133
619808
499782965
581095036
137307388
130968
144
1998360
95880
5
538299990
8
33150000
299841750
75
24
3559500
18
2610
240
33048
17175
120
720
14040
135
128304
33800
60773085
197888173
3
766339920
405
137862
7500
1
217971544
2
876960
4896
810
282796340
6770880
11200
378
12
1020
199085888
4787100
110970
1704
4
354816
34687440
478629104
68220
2018250
4999904
160
40902246
29587137
5
86400
16979280
40
2034900
198360
660
4
390397041
4707
20109600
1032
20
640
2
14930
3
49623176
352
608898
450796320
216
30976
1796
270
166359960
1704
270
199257408
477577579
12
210
569111013
24
7824600
40
316293631
2592
20250
60
819720
48600
164
25
489168
2880
3082950
2302560
185224880
72
45
43277850
115200
303606704
1792
85680
787200
1552032
350400
484668402
463660907
114434208
5
19945440
167400
236972736
9284640
11880
919728
3112
2700
36585360
20
9
24
2
29952
60900
1215
188979840
11040
75600
26622
1394820
642304327
5400
2
591552
10
798840
352575741
26469504
578318400
1760
10
1998
194208
612007882
192
149116965
58008960
305640
292740
165240
123211736
8
960423333
807270
8193060
69889040
60
251219647
17223040
17600
213880
3200
272
1530804
100
850354108
157600464
2665200
129400
42825
6384
1
94948686
53351294
145864800
783678772
117103140
3000
314167412
2
928
75255000
646866042
3600
805681007
2478588
435325785
631584
4048380
1
590168188
698856480
2464740
42336
13849704
12
10
252205920
1598400
10160
20754630
8100
16806816
15
982727167
393120079
451587080
500304895
102
5360
14286800
426006
6115
1330560
42
6
1
667722896
665805554
31590
1404
903689257
50
41223168
1056
33180
68
4
963090
163126224
425945172
5276880
945001393
336482661
1020
1371072
48286800
63648
540
369863647
733547901
32
21315150
416
414
261
12
120
5623980
10
25308900
471240
511611980
160
23803200
576
178602
74425694
17955
12330
264163328
575106559
106
72
293766000
12
93600
150
695987688
107280
79922304
1
5
2
9600
955800
18
126036000
7745400
1170450
4869888
145487232
25774020
205720
423331763
30067200
58128840
551895847
168889500
48
77112
4830
526530606
795782029
120884022
7017600
133781760
744238783
64800
2016
476
14
839677593
3834
4
270720
33728856
174
495053566
9744
268380
60
33048
612864
10785
92610
179304847
831028
7728
7344
300622080
972107350
8528
494530272
185800230
744962848
24
369837300
720
53600
21674520
60
3
225
154800
10521
981
23865840
45987200
4860
374400
36
89879284
18667880
300
922374294
544973888
257818237
1
334560
24811704
4
4
99
9504
2125
1959912
4140
1944
2
7254
45840
740880
977961600
168240
13512
136
5356
1
49756153
8
11663028
212688
60
12
108
60
28080
87957034
120
91661220
156421632
16875
9
29484000
97152141
960
1
51
110080
828360
112980420
68749560
3915
3327
36315
449820
470142439
207065160
291007080
80
870516446
174967423
3886
12951540
752824800
18144
274122
17184960
428652
65700
106956180
93336078
103500
16200
91392
819600
45155647
632664
4692
2297700
2
672022274
911535647
740726329
196044912
69660
2754
456110028
769437127
4
61710714
43680
24
17228922
4
117371520
176
14364
539578367
344159647
10
3
757311984
14943744
18200
6
14268
27000
30
10
747490
72716
665232
510
18
150
429408
217065041
56361628
446340607
14976
20069280
9240
444417529
14288400
168750
8892
919762756
421128720
2557632
606585824
316
496209535
19236
77837760
101836800
2
81675724
484050000
6382800
552
8
36
1440
4590
5040
10
29475
8840
347457315
97920
192774
6
3
19511520
733399293
547647176
920
75264487
87250
3
563304
864
736025400
74080056
800
36342
72
399738670
448
673280294
12256218
2
150
3235200
5738040
216
6
677056330
15552
153439920
16106688
45000
3240
472680
45
761617717
6580000
45439056
387840
27040
509292000
950400
7290
694579536
436734844
5920200
10
84291678
76032
46
481467741
864
2138400
36
64266254
485390527
8910
429005525
10
911738908
154254464
290880
4240575
71928
107100
770860800
42428
1
168
93750
257400
2
68
18
7314
3888
2497224
7000
896
980352
400433435
22161600
238896
591767168
48
11440
8064
19942495
275145228
27144
660072727
27899316
3592
20
1347840
3840
46094572
1968
657762977
86075
472829054
699720
56004
252
1092
15660
7020
1680
124956
16895872
18
24
137135647
384
4
24
6
1002510
30
2640
75026304
592200
55394346
7457940
5976500
540
150715392
169774020
18320
606360561
166333425
731946240
535050245
908638207
70
2400
80
13284
28
587715
479196
1080
180
28173420
193412922
446041505
823305600
1620
150
1
17908004
204
7525440
524333824
183190410
200
2
29622375
31836672
68520
67004496
5775
2
850174442
501319807
20493648
280
43013125
102
763560
2494604
4128345
48
25
117981360
653027421
4681152
450360
185136
462404516
473040000
180
4
974
4
60
401917956
6
2300
762279979
653184
15
214087860
813071894
8
542880
7820
609243415
841290
189215550
11409984
15088
96325200
261977344
2505600
1545060
214200
6
100
354600
18
438538336
35130
2607360
386619083
540
866005567
6
9
215400
1260
48
89229960
326609
6
402480
1
492552723
2
28512
230511282
30
4
4
142368
611130744
4860
707410368
16848
678196674
904860
2312
270967411
36720
18863820
108
520395570
16
640194676
3564
60
33920
9550657
14564095
4
815856
2496
155412
1692
10
413870441
39000
74839152
1
103847940
9719361
387462474
880
739103710
127872
15540
540
14400
4927968
521640
12
16400
448
3290220
794737440
5
120757392
2
726868052
45327960
168523200
444329524
119
36
600702480
2
508951152
1258312
240
391560
603958037
2484
340387693
14360085
1
25087320
27054
630589778
27
10
533768173
4
25519038
2574
732
29335200
60864
5
1446984
12
230967557
819063175
175588560
2
32285952
15083568
11836320
334368
59878049
1
9920232
372070400
526680
128266824
1178640
339480
20
18
5292540
650500927
361160616
949049100
681
1146000
198887463
96
1980
156654563
52045832
1152000
168
74411160
6
43056
66
12499740
445883793
29271007
236819520
114140016
7959384
60
864598334
230051807
4
450901980
672
65388056
130627728
90
5751
60623400
27227368
689730494
2
1
401040504
3017088
949212
2880
7558272
6920
27
3974400
155675520
149832
154
193500
676812024
514152
103275
10
60
787320
49112315
11538204
387175012
60
697264681
240
126
141680
5
265475808
205050
33030
3330
342720
1
282655980
58980
197549963
68
120
461088
3384
4928
696506628
3
898409971
2098152
508833637
966385566
266112
93150
108024
580
10
10
146081554
854304000
641418141
444017376
24300
162216
337343909
540
500775435
3181928
6240000
1
19278000
93456
320402894
910350
37650
270
47970
853427284
12
164880
202725
3762
212772
1080
715392
239112
3225728
257094
400
925425
204611
1578
7598880
50
16
920598535
545750004
612057600
59640
577399680
1
674662074
2695392
32072040
30
140
70585344
15
340578000
137664
1096704
720
821917078
180
350433216
2981880
38986863
54669168
39161880
29160
382228
13861876
984202235
82388944
982
936784922
43375500
372362479
39120176
4
18
421080759
6
168
24403680
902127780
12
210000
24
298732499
68535035
315693771
5376
239061888
9277215
2680
320
96696320
61786800
134881526
990
4
1
30807042
300080
4516560
12066068
272692658
72
1762668
72260760
23132223
26161904
4082400
1260
677672028
2176
267196644
29001600
583537500
404964560
919967751
20250
972
58470720
855174136
70752
92400
2
252
500958773
12027840
100
359480638
514983029
4165392
7290
297612
333819623
562961664
7040
689830112
110880
3864
28
382860
15840
6000
627280000
199854720
16759680
4
14384022
1978816
3392
450
1471680
2186730
1275648
615430200
1539
24
765
880
864
1440
86856
1008
222425000
510
520
307380151
13304250
656691463
31200
2
15248
2160
527898613
23100
5400
909780360
2
2
296155798
371790
860400
4
198047503
213972480
1515852
619581813
215481600
64
38866720
154354968
704
636506212
1245
16153440
255799550
758398280
491772625
3654
124320
369527424
823284
128159388
444
66364560
22950
150
424
471841920
3240
271515507
51250
65592
36
2317500
2
72
76190400
495241637
564167700
17172
16
252
5032
504
42
151643664
135
324
978694071
183873564
4739328
291199183
36
397770688
137474400
162
5040
31680
100
199360
38861648
4054752
276005964
4320
6720
903288281
817366627
873310355
57440
4
267562779
1080
12
55339200
16560
162562140
408
523600897
683673840
3328
648
247109632
234090
22712992
835818588
342374131
409811688
9600
396
567646241
262281600
251
324
17889984
252676570
3409560
1052
32
16
20844
1
508691340
6827040
4284
2758536
8874
728774212
624
44326656
18630
431943464
707615647
8566
46000
12
30803136
635355272
67620
128267550
306
30927120
31917780
8
567000
1
61429774
374270947
2728704
23868
7191
353693468
4668
57480192
3690
58882043
351839880
956329562
4
1008
883944374
2025
5160
35639294
486
15
40
468230
85
168692205
12
10
156240
686380683
1417500
71680
64264
198500
60
96030
6210
35178
4
135000360
15184512
168106703
295907328
678135835
280411984
332458560
354328320
272
1080
2952
190310400
174031026
12
3
3075
4
432
100192896
40230
63358416
760342407
826559475
978645794
133366824
228
8095248
2
3636
360
163024560
3128
7136640
16
213784
176
24300
1800
1872
161539280
219297780
13609440
100
40770
851091259
255
12
176
70301223
7472520
90848160
73920
2840112
679604950
48
1091880
126117
112
35040
484922689
557487600
894762850
510219769
7452
34776216
133217280
346371389
24
2
4833360
6864
9992664
784721520
4
667021500
12240
750990147
869379725
180485739
12
247686582
148137088
47316408
221400
96
16768944
8
139995648
894048732
30
561209775
153249408
283199112
79786630
45920
83522737
1938528
30
2
144055391
1
947488953
126672000
749054949
5304
655614000
123770880
14220
636328
31061040
948743597
102647027
810
296913334
442155469
16878
112968
5184
203655435
36
814740882
60
168093584
142560
64
1788480
120
2880
897308557
35688767
72993536
456912
564432624
27200
25
372081247
91520
4
769950380
880678368
5
60
54
220991167
48
283877166
338316862
154992
2880
90
960
438103807
4560
48734784
1131840
210502988
172956
178737408
1741374
25054434
713524845
1230
611826984
27
150429549
14917147
314122765
24840
162
700682988
90
865369153
111306
638026795
2
1867968
15230754
405345909
15036840
24514638
18
1542104
3
749412
4
913827474
380571967
11016
459248030
5832
4
158823280
392040
2070
626426650
165961127
6
54
28425
132768
8
48021120
273132
4
771492635
157912656
120
40
314308458
30909600
1
11650168
2
138
1296
15120
9
51226560
10560
42332393
753803273
47
816722192
712725882
4320
552980355
208
81393312
1
938222462
3
120150
798533640
9550440
70255224
538568057
6
1620
604800
100
977533688
76398115
50625
1
594235788
172445205
846521647
135
48144
2142
8
414612
278362865
782548469
40
13133120
3
814264025
907864467
720217008
1
421833639
18200
75
368309568
2
135958176
44520840
1200
2880
1
576
250342656
184518
540
27
330599383
223699476
2311416
40
32930496
113268282
876170964
24
105907824
36885240
53838847
407542883
375492156
617483511
1760
461274135
448
161046901
15964
116
957859637
71505180
801813296
1439424
28620
407274224
1620
18
935629970
3061800
30
224
198720
4
854917136
8968752
970068825
77167101
10
68893152
766276678
72
15600
175728451
35067600
179167764
305389440
121291560
310671113
5760
391680
292567860
2701674
64643712
4108500
17537994
30
87103742
115521120
589330247
178965
500173578
5304312
121504454
72
782741955
298538098
614532766
838229025
358849139
368839344
10982400
69672240
228538997
334207833
6181440
160476868
722252886
525860076
241650
100800
84240
181512576
1320
721106827
111537
5599800
477177120
3077016
553012
12672
710854055
248753231
576394630
21183066
972928638
612
1512000
24120
242401579
698214106
144
720
374976000
98569340
224094483
10843875
3709280
23520
65139840
142
215229786
246960
564443328
3
922807454
468
840411388
908132265
611951858
1836
327214177
3
4
28081620
1193940
861392791
100980
21033
414163955
8064
377715663
72
319872
277920
742489075
445716
345904763
123700396
84024
141441960
9540
10
352
3432600
7290
222687761
47225880
379904432
5508
1598895
971126790
5280
196918492
844846545
901044
189203064
1038906
129600
89466390
986821177
808893652
12900
7706340
1296000
43314
2615760
303250176
12024
483000
478080
425
300600
53169655
1680
580198301
675
1586416
973460466
54
879132352
148559040
8460
284
72
241923018
8
82500
550937769
550079124
25486092
767016
24
8001396
40
377482806
255
953740240
2595240
88
756030
3920
306180
58368
819098198
21354847
192278514
26
1560
256384128
852155840
220725
322936070
457788425
455651536
16
54120
10
122081256
619393118
6200064
72
6334056
40
581493600
15
648
971666160
552
24538140
939959538
6
804
753678355
227316180
32832
1414224
3972420
996735995
262264800
156
23207040
4
72356328
540
36
58087080
956843067
34
35944560
919430132
7800
239850
987028671
985240154
884800
2040
943779310
17
13848438
343194317
571084447
207792
28755
11520
5033781
640
79968000
212625
151560007
12
346442175
113037120
8412160
514357105
883398448
388800
4
318247338
10867120
102
1
4582980
833973529
450
49806
94612452
5
556175050
3078
884232664
969892
126900
295783488
9685494
828035608
423144618
376002042
463067280
497952
4863600
138200
272018592
1
36480
99278940
360
2
243000
5265
28000
283575000
164782364
977379991
14423040
69881152
823856963
75
501299743
980053218
462214207
773931718
12
480
46413147
174835247
614845376
6480
458280
474000
69092352
60
2484
16088771
385070924
47232000
198
56700
106920
2160
755640
240
790793301
1013472
596187547
440492414
619363568
15
512212736
1440
144900
137435846
896475841
175774500
1247400
977921025
604067192
17
20
266112
288487980
296862156
2
86799600
900979720
108
97494462
14580
263925
48
485781176
88992
230558760
36540
2820
56083422
8
1
432
449625304
3
698096850
14
27790236
13383216
741094374
1
521493740
13006840
211708670
969937613
408610195
882569368
680603580
402053594
2
960588743
828642785
108
6
631427328
253332826
634470392
272017129
317656288
2
541008
953346080
23976
240124416
8640
495237421
8
565053468
444728582
1386
1599696
279773636
441939504
797126752
285940046
157500
1056
60
533520
77416454
14964480
862497954
714
65092356
657
42
324
178109316
115000
35392
100
1512324
976519390
25410
249872464
309600
1080
176398284
30
1920
9
24312
257527336
15
512640
12
34320
1
40534709
480611250
901083438
4530
4212
519511789
893921980
228800
225
18
462649644
389824662
147726809
884115
772622512
57341803
1008
40729600
163208520
504
641315755
515384
519517152
485095321
64542923
967985622
1512912
612
796380976
102060
128520
691278
138230400
476852886
419109332
237600
560707947
697848101
216
10752
208359766
305712
1
213
343892200
12
2430
6502032
19795050
544813070
8732120
1092512
360
2448
686784
168912
277990235
649525788
2
344607408
60
963249570
180
241205435
1872
530830226
31212
15363
731229385
99284400
1840992
821992624
305046
850730289
306
11020680
549568654
90270
48
71970624
2325120
889765350
2237040
472602500
12
780
60
55714484
731209630
2
140255398
22490
339360
16
146530800
122049180
604433162
946621391
7840
270
467415360
316440035
391789760
11960
159732
613211071
94080
124867008
770791330
754387988
20928960
963758058
745229576
281329011
24
2721600
180206208
1
10560
407558098
855940594
76690800
8
2214000
5796
300
44
132541574
52
39948494
402355807
168036120
127693544
2520
318760550
7728
467904498
8952
19370546
4896
9
6
2
1
397041281
190400
543312
19170
179352
650469974
15004368
4
72
1
618539859
119243746
36
437400
42938173
470304
20144928
564689907
7818
126294494
1
24
125280000
719673
1129896
29854580
117865309
158352970
108000
361051793
168
8142048
151366720
760267897
85
953112240
4
15
842071137
669600
734769988
805796850
796489481
175112939
14256
168495191
2
590808341
80
791993802
163804608
8978400
581126769
2754
970132581
417508363
762273540
710802042
2
3060
470331564
790884161
524012652
387184349
27200
120060
40
564774
10
826756429
72
104
152280000
8178
136969298
278254732
384552
127130
647771730
60
10622700
888903203
174960
164543125
136297453
387
839
107423040
582810829
59400
571711473
20
1676
821327299
27567480
496543798
896966063
4
471659823
36
14516820
3200
730333717
684801879
697500
796895917
255820109
862636267
10673924
16200
24
10800
164
5550
666285434
552
43092000
997383489
18
6378624
244426552
144
1116
50051196
51912
207252223
9600
12
5292540
17742480
222066349
64892
1447020
520435714
520249682
109881871
99114354
743096669
8291840
84
253854614
809072550
627362484
467099450
448
168
823747752
861694097
371777452
72
877602200
515184
3132
395881066
24801017
48
9
2
746108119
36617568
477629711
42453216
1
31590
514570990
90
487104851
396880
20412
1367844
104
738947618
340360
307017744
577336722
5
530680012
348000
208080
530928
309644886
563477830
2484
79200
923854919
385232546
593768679
16085120
102441974
858212906
11016
1728
397416450
1
60
10501920
996975000
3450
77016420
39600
92026868
38081160
5194530
555101928
631176
832097494
224072374
519300875
31850
13651008
786394276
339947520
30
6
403930057
680855242
1692
2
16084096
102006360
500
176456043
8239320
1539
2
34626101
3164280
270080
2308184
2
19440
446720
6
10942131
58239456
1200
20790
8173872
368530682
430732502
236452320
457516530
260
112565141
36899071
7560
268185575
15096
9225
8
216757406
43342992
961870935
27241830
14880713
870680368
805011459
236160
270
117357660
4352400
703525295
6776
624
3151080
890143070
20
17787600
16632
261665130
17496
121500
142560
576
9246
5664
19968
690589183
71760
1322640
12
7395
108
645813694
191879973
344709
16
54432
90087512
189427840
796689787
2
45
844108234
116640
111431160
1
46700225
1
491857661
950381045
8
355935168
711934715
890804335
5599125
4611168
7717600
20
180
356320700
600088439
15658020
284544
140532
917003207
77888
72576
718644698
560459471
522600
40
47488680
809995327
459360
38280157
25650
524804145
24
346018130
13260
116399624
1093500
138600
907883995
14892
388620215
2
202126335
216
1670
279609408
837442833
1360
8999100
395406578
420136673
15
792
678861453
13662288
97027130
326071897
8
405
12
24944
616326727
526583909
2592
90
890530802
24331335
588752440
328402822
587629863
8232
5293512
3784041
2
776261947
609090688
459227880
1545912
539493724
194987520
850857752
10080
953587393
2
659991687
438446901
217725
31640400
182806767
24
815794198
129750265
112200
582749425
640607054
271911024
442675800
664794
839491979
336
22750
753644
175384150
30
430
206280
73158480
377886214
33120
778010400
75
6642
100
7272720
1
533196395
6
4431216
577372526
217881396
180455364
989485200
160290346
177622052
16613100
985780053
27246240
948542726
37104480
287465472
972043676
666336
968191959
494211603
183762
78065112
280
3240960
191417397
7465
524549211
92904
2
908223711
243614006
232289792
462041851
628650329
654
567490712
729
27540
154548
2160
101148415
737092485
51
48
35028447
592688065
16
300
659340
752161396
415610583
14364
14122360
982854144
856142625
23936
324577584
216
310724834
78
31614664
90
81900
20250
419200
569584588
132205939
327078
3738420
792098256
856907565
37296
594964348
1409856
143625168
38985375
16
20
607801464
68526000
257626203
397681156
1666637
16299048
531732895
25271784
137760
840117740
663836424
296676
170
931026678
89432297
1
6
70582562
27
90
242889609
2106
80380872
92127724
802174413
15480
30529477
89268480
209956666
111225000
43555680
666414
130370240
17952
42470274
12176304
120
613352569
848349810
905068590
637898930
519582206
142023149
3
873163842
431550446
3306
573622503
70
3
1760
454579375
318
80
1
628726567
1080
153372154
308394960
218424716
1008
70085062
6631470
24
541022407
924360194
1260
153041286
217419594
258028685
912011358
1180872
2
6408864
7280
256327414
982141219
228759315
78
818000911
811767663
515406592
28566
23677920
754093841
611019457
2
836885431
686345963
50000
126
318
246
6
14400
326885562
720
919454072
593810825
115363324
785345983
822989176
6
898966350
15
333056347
326432109
39921014
3903072
35100
1
3936
968
4
321913008
825300
5495875
320
388918207
54385584
100
822779468
153885760
254950402
347161760
714838194
108
10426443
18
9
593757951
326891086
484860096
3000
1
165212
710507701
1152
827008683
403758
269932635
6
183360189
28
5575680
24
482551543
2
125829619
7504
108
613196308
12573594
760805457
123406540
8889660
611094338
263614512
31374598
290605044
152678988
468203731
159061715
16848000
904028615
53905779
103998720
311425776
37260
30
688512328
939842481
1266
339289763
303546282
942627175
4
877718348
699231002
8
48
2414
308171176
288216127
48000
197121987
167577039
369324028
29880
654048943
270
108
30
962983288
846413872
708865563
905340072
16
14056
197050383
702
362049368
215617536
87474096
21894840
523103846
6240
29766528
1632960
520
5400
475706187
836865037
49504
768
776993501
16848
36
469209354
4452
707893465
22872960
9432
532363483
915504035
14208240
467127905
108781926
432
56
178164
12096
173559005
3234
143298377
722950706
700
6
611205720
871392015
220320
670847192
17251056
649137596
17646
303328447
6
37956
4896
792389447
8883872
90
459976320
153936
1850265
900
744246720
34590
49596
453120991
474884927
719338799
568985186
885174689
24
306
8985600
830930205
18
93396240
829504234
45
759584711
384599002
150660
12
13365
13464
915482112
1124592
105721727
36
720
126347326
90
443277990
36
516689351
3699921
844093060
6568380
52550400
789898992
3472560
900
14872493
107532
68
918408178
15400
17327862
630413425
101437087
614718720
12
54822825
538407
3054240
331258807
1410
873769331
1944
350481139
415800
1704
466089679
510690095
128
931514358
2518992
250507725
475442748
95303922
376735508
5580
408181825
84018621
880121213
653702116
601397441
826174598
9640
158802735
141192
352350
485452266
194947855
862160252
539167875
8
489888
299449571
814621132
61466105
28448700
242492047
679359408
221361893
2200
544502
216
28
438471885
2240
140
23123880
120
838529643
3450
883778047
72
205156881
19660500
587453823
222600000
165697256
547629152
6
446351830
2
4
310093056
926434875
3
6
598544824
579015120
326881173
473003382
36000
471645350
1
941861646
330031367
639
5859392
291621137
2203996
121559834
16
1509600
7736832
9899791
20
399427805
3159000
412499957
537319226
2
75
645029512
348192
328363779
309050734
618
284419510
72
12
471242826
182655352
537639920
272299200
934837798
86577656
275128574
776136
463212245
12
931948481
37840
553180401
214677569
475506295
543915000
211998330
42268243
5114880
2430
362580
700466343
1
4080
761563837
301765
165276735
42328
860943429
13049910
1
26622
11448
928359144
7188480
690547951
15
473767262
398484765
254323447
3
2
850494
2310
966851389
659599554
76726880
434560000
40
32450103
1225210
1257984
122754949
415025562
12600
477336286
16848
1886976
2
473859836
511711252
84098520
909887228
4
264
354524747
115328
805893438
710640
465384960
24
403549797
237718986
204000
43979511
774630697
744909535
23895
726124934
121589549
171748025
7070
584082871
845879890
2050300
474415748
10
8580000
732605435
810
617400
813775183
4794
10238976
551760147
3940
142573063
5508
8168160
168480
787342305
128304
326245028
39600
148190796
120
838311015
385
695176560
830518441
44226
7548408
19259136
180
770532385
5872920
892764049
5000
7708
31590
4
15499147
35121964
418844160
8
141562634
1991304
695019750
15610455
96
651649169
24
651941959
1332
36
3000
800414762
784630461
6216498
193652100
767901281
936440387
628500079
9008982
833245920
515474253
299438390
723483230
1
80
10
565138897
844667647
947993351
489037972
876864467
50504688
484752893
225504
127492813
48
233282176
501302536
48586500
474313575
342708513
25667712
97311385
90
1392
1496
457696188
74457672
20
899640
5103972
599323716
613169093
8
511313316
343200032
624236150
9962792
753097651
291569851
143942155
573361932
137771400
3690
672456362
6194904
574520336
3
74248992
393984
719670060
880414494
433776841
1800
4474440
750
987971946
3
8
87291
486268867
412879913
648
330339486
952
2347020
2
10699410
359780998
920344600
3060
85360
159286400
720001462
990033413
764986516
221486439
572891487
283747968
427681970
312900
905072618
231
722179135
20139
125725409
27128283
902230315
95219596
2239943
309446674
423993658
992249491
764472730
98617303
1044
280254974
640929387
916463707
469802337
489627335
519222166
93379200
719358588
348223663
10893600
118689724
391823512
679978704
341163175
4091625
801837007
401676734
912
12311808
6
22848
709379525
330853548
625435766
63936
931818494
90907384
2430
452664014
18800
229182722
163373760
224971344
574948856
32
150034500
458424011
292020548
2157792
730080
24
351612201
603524324
195275795
620709947
699267575
74178
31217472
125139168
806993895
4
14148
850848871
708751581
882502091
32390
193175254
747245057
758293608
121418223
2
21741444
938652213
21182040
1288
180
17928
1
8
654602492
885128518
407882333
948879689
24
354240
877505757
734618014
510377327
1
245646569
53035085
238075200
294926958
600191045
673607013
866194989
355939826
225909525
263301460
144
140
315825571
68928882
10048212
685580410
261591658
181183499
452727284
54
489600
178368000
931633181
788211561
903317624
802467443
371750580
336813301
417626820
201204
324
348763585
458225400
705196955
27
322358400
2
63690271
647631236
2
939028191
43371367
341208499
599971110
1242
288
420
651582999
266018523
319171415
6
412200
887387263
235347229
161528209
3280
423848555
5400
4
254867212
27864000
20
606648465
16
260278525
974878546
962230797
214119971
682863712
535869100
569773613
918
1417176
637747940
639049401
191670998
406772373
579664536
19044
931347574
572853653
2249424
166320
631369283
145331295
212323543
17308164
36720
1856352
195675647
368907589
50421179
906933272
47214900
382270394
637277767
742832643
48
95000
5012280
639753729
1647756
1
257216252
4
108
9686560
297982839
1
12428640
559350908
879212244
8
5308600
210233495
317393581
3168
421558423
23422641
483018356
753278485
193370580
21746219
3024
970275435
529609491
4000
32868
7767684
90
63811620
584976940
884583620
26080243
220506861
519955397
444102043
8
598509852
297879026
433958170
517321620
780
90
20
414
131684951
134400278
791185615
457889760
933982582
192
200826199
648191556
149333933
688746240
84
381358075
12237480
124182149
655723537
720
659880589
4896
580271151
520365
7128
154147712
645481507
97129460
973924548
985798714
412372932
507905219
293209373
50459151
128223444
527658750
6
101786823
566413150
8
48
507014188
343827761
175830587
6
56
108106772
139092734
15538
319013984
65768350
467540142
3392928
73451216
925325831
200
330652935
5030514
415037895
813634166
838093548
396240215
4
36
504
946394617
332416977
137818489
40784520
355765140
60084
2983260
823474691
152746300
747993039
1754986
301776812
1230000
501985605
444746991
509731852
1384992
10485240
666918450
620105694
548304546
1565760
217537683
964633483
792406399
495990310
490449927
960203251
838355135
2400
947023080
929442324
112183393
26703
3
607444705
31225600
225094328
2
44460
537908728
3086526
18
616281807
814492641
393317798
849043536
342883722
19318176
427036073
485462454
552632539
1961440
9484776
384
512307180
577510133
406550600
843590445
870570
2599168
474
9123040
2798569
94166362
18
565291636
57671292
605820456
1862784
899114203
8071209
59004273
547311000
118044636
36939456
210882702
177041372
724000037
591945308
45374320
771035443
648421123
577882386
763534438
368905365
457008613
941784237
602905412
29160
337511806
82652770
593081934
123581500
103883520
642842086
546947874
270536361
144672503
163017805
317162880
96467166
2
710200463
132085039
113639980
220168315
27969409
6
1524900
444156886
1408960
267947009
2
523720048
732727771
40197168
147619026
34266207
684335116
2297160
658800705
4
985437950
8122400
104134218
711562715
203167656
929781987
808478872
838555216
702648392
8
231857937
157031355
48241152
397500
983361706
28446912
402815027
1776
375569424
717476933
63000
819719508
571536
18
727360733
108
51904174
62250403
11160
18
936448857
102606253
798701788
181092032
344527001
16
466065918
355986834
801225
268673664
203741658
602667804
800393589
324485905
109601856
600168729
254569616
759140439
144
332259065
660362191
10646856
90360912
224718282
21150
70509987
560576028
949466688
960
465057948
649040583
362013911
985473265
4
2
296385612
4
197676852
290078841
646791031
2
60
667332829
253692
3
865401577
743258379
456185065
414578632
2
36450
487488079
687177492
61236
324432
776828424
1035
911199187
39117039
555248302
5575500
6
558191930
216905833
679594933
156120217
113561574
245830734
519605330
649667476
997347566
59312
239395604
983788347
750
422918950
60
2610
868795732
68241918
132533038
13769757
14500637
199323087
127543129
511193690
328318123
336
837398738
149283000
303494497
802852478
401504401
216
709943762
830566532
1617408
779479142
222696320
4
64076927
951479559
768304943
488935670
155985221
156040860
156456621
3590160
89325658
7620480
298567710
13374450
5472
522343360
346649367
89539323
110408805
327888
81533088
47514448
65370240
268557260
180820578
554408536
971691840
5845920
292734563
26210232
46777500
437054345
28171686
22590
408567599
559199185
339360
174654528
445824
775488607
693273408
653665960
1
326752034
260893415
354910583
482047570
362075951
207936960
62860832
261084031
157675534
417321659
940383764
270017845
112697864
1
951414856
25872
831808325
5
136849410
720150995
18768
276301552
258744207
229120
834819307
102746153
4178310
554959072
241440
292151578
680467999
862118655
662616443
124098144
795027355
857374982
97847100
113977173
29591953
3
265608
83776412
502454290
354259861
326776140
1407900
885535566
835807764
886691401
257750837
798205256
167914589
762785306
557110339
995299737
746392299
664547982
2
2142000
103682966
30
1316106
9720
255420400
4590
992850295
989185390
740244575
5544000
790114596
852008378
478090766
85277616
32130
2
477388830
486084333
914813139
259917046
775079707
176750208
850294755
9840
179172
466781051
6
554556827
47600326
711513720
908179853
1
72
814038856
196265343
210667878
8177381
699905986
551139747
567549130
536
538061951
386014173
147059830
770647690
790
138
969896912
792807386
482259635
532058469
643557972
289082650
896189336
440149235
100
21093063
501693865
973242331
6260800
1
658091286
1
240519516
679267180
927822273
126188425
265965655
995575108
878551009
35021236
639820264
940230096
413213560
289156439
76977702
18
966200184
9718235
492327619
285183827
80118315
42568139
962961076
107265029
716457852
697048526
141223214
123668089
140691264
6092766
26922984
901642642
874411577
968913763
108839541
306
866210134
477539449
618716370
681290990
650249866
962485543
997215771
894706129
3836
188575810
300735226
480
391020129
678075218
15470365
922122109
801309985
971368121
606487336
281294240
162014303
959835122
28512
857648395
30
3791340
843071353
440456336
305855941
64
605223459
416
549683071
48
621833461
175373492
18
315585458
17047008
368771918
457639818
12525
4665600
431304047
624641058
700060432
908443821
2566080
967240170
775807804
473769751
266116710
701157760
683059014
660734273
5773680
558311284
797869257
398235494
201501705
14484
901725861
675087786
184216179
556226140
221547410
93780
52608
541858506
79293989
840
4
13166168
418805128
149589804
651901707
939868156
410710715
350355328
63921281
703862851
152457580
342925221
390657122
14592690
458245814
434732078
712835107
7680
923780081
3
50192633
776285886
8750
75946781
476222953
583440
589771169
6
403841534
966736218
19750760
1557072
679681925
966932362
7727400
695518889
714583364
742755580
186591204
168260220
869762586
93806061
40
527625182
339465457
1080
318362763
754790704
87482125
186883200
170836292
1
15
444193642
1840
367092063
540
615641655
494014132
567961003
896459256
901830556
323205933
20
167614041
788385379
552
306559262
756385713
3834720
866964276
159161256
864944318
732089357
512971895
8253408
648
551448
667902466
435031125
646800
83238415
363858960
349472240
6555000
566828612
53760
5
2
704
4080
668437592
6
796320
646119926
442140
463453169
671366191
421842297
845629984
72865423
389287111
876455647
45
978206348
756987071
53846476
230955988
57054884
121588
348171136
106661987
556108163
188
378
210573830
919892870
192265048
568509845
742674596
698186517
260978381
632638545
384819798
339575653
128304
234353636
63848056
367298469
64620678
316505800
877696137
920373375
212065269
674875696
243488516
723299133
82134455
765873709
978462406
236324311
303884182
354311323
5040
686005688
30208869
989530980
5972520
221015943
94905
6150060
207321120
338571684
733683057
244570221
509318633
179089471
170119677
791070677
920135299
816348014
12
654147963
5289727
365211507
140255709
536834102
661939766
44382800
398950276
354172975
10837344
607376453
66798801
589655285
1500
661698962
194543314
587605829
782401649
244350
469627237
414827469
689855630
201042645
1917600
101624621
914197874
437187756
742670552
814646023
682528630
697009342
212483864
212370791
310438502
18
66000
101732641
475392060
959257139
564333122
238979137
10880
10
417605129
123748108
5555755
100481840
237906287
438706719
49515022
136726963
740597112
844202020
781162317
723100034
3240
698863244
246938611
627892501
790469101
37995480
282248714
774
740744294
92453361
462490653
420136936
129499274
690903747
203636405
78590218
557724771
167789411
155934506
239798189
3085560
411422335
329370661
280946736
545790404
259600088
8491392
147788564
240812360
6715735
669189600
337546696
540463616
907433280
154437047
153755835
368696809
4686933
662152568
10800000
362686377
935235073
765602816
676237740
641528545
14058000
885712290
469292587
4208457
237621985
570048561
323376679
25200
416947527
408234451
119480481
48960883
584546113
635636163
2
784961119
583493049
9727776
295139016
484446950
411374250
574756354
352766992
715392344
1
26410332
280739758
528039773
242266234
733381408
640341742
8154
918437243
136997276
627478552
386325257
851190782
876424615
129762
801159806
553485182
252
68
543182525
84575229
715780913
179772158
381518611
2176
1
641065680
933263250
582971215
182576117
260128622
150625838
36
547608861
777949006
505255968
316281034
583395797
189345791
697125721
158514828
349498969
817018848
16145496
14345425
337540263
944131880
196882842
823085358
354879248
587355505
927215753
666951521
877085332
345188871
80250730
205042605
736391149
61350033
215712210
765654795
52572039
240682174
798697568
46921048
117563455
2
154263382
648408158
23491120
12751084
30492169
875360299
889948301
70474213
850485697
583534912
39064339
887621531
327006450
937999992
914434488
45501609
93530823
916095974
477689591
569546110
335520
212625179
46480885
650959844
160
880493679
598903485
717903602
9085440
890121592
859315444
835540121
387750
249990062
915883988
692825408
448007536
483024081
228852712
451902802
868200212
350105399
267924668
719712
17518061
475423111
763484766
728037499
56512321
623199355
788304038
116675313
464223503
322185560
647860808
74880
580669421
815845570
505185989
793001294
266975091
957069928
848121275
776979013
775829233
5997427
545246806
32704424
751722444
496157749
472680598
637098998
385755374
742505630
819168454
324
96502464
632074178
8
518840250
830125615
494426599
250645131
599003775
267238299
845927744
5
757016737
664686367
776584503
647883998
828622739
974392397
856270333
15
250285834
892686980
425158886
69814383
853177133
927423089
93977792
951877181
682785136
808019644
223270040
823671774
929987483
389760462
404985058
143055529
518825749
