11010816
11950848
11190114
7042140
7875000
7120386
7646400
12000285
6146560
6442128
7094392
6836400
6728022
22077792
13734360
6875700
8296200
7411085
7728336
7537698
6521900
12099480
17082960
9661032
8164800
6619008
13872656
12144000
12235050
11066766
8712466
20582100
13453376
15142464
16285440
12555648
7891200
9593400
12650040
8923600
8939484
7862400
12411360
22927968
10563696
7763220
10369269
15397920
10085400
6869853
6433360
14457600
20697984
18183960
11114604
12971200
6367860
9908568
7014000
11459880
7672125
15366780
9464040
10218000
11922768
13445760
13856640
15823872
6495840
12519360
6470100
5189590
12240644
9195606
7909200
9455400
6222384
7529861
17880200
12248896
10272240
10096640
11850000
8154432
15046776
11275200
7635888
10598769
11497824
7231500
9277308
7771140
9984400
9044544
11864640
9949320
7975440
12976260
13960704
13874760
11232000
15680760
18408096
8100000
13065840
8461040
19603200
8173740
13246464
10373184
11105470
10796544
11043200
9480240
12792000
8426880
12167200
6134940
7170800
14295096
10154088
12377596
9173250
9067500
13123080
10150000
10540800
8659440
9732600
7686900
9355500
6153570
5606400
8580240
14863440
10183680
12737264
7473600
8606052
15806340
6318000
5442822
14810688
22994400
12168288
9163440
10600200
12597816
6335280
7978500
23663808
10265472
7456140
16457904
8978256
11443320
10080864
11690000
9498888
7829055
12190338
10841040
9752064
13596048
14882400
11319750
10659168
10342800
13616640
11515392
14012352
8779680
7890750
10494288
11228760
6143550
13144656
13406976
11154240
10542868
16139520
14621040
10140930
10120680
14106600
9454896
14087736
10878168
9453024
11127552
13400320
8143200
13757040
8812530
12643420
11109120
7230552
13150800
7514136
8702004
9197496
17518248
9199872
9847008
10649514
11889520
10276200
18892800
16308864
15073200
18950160
10086336
8976704
13625136
12642840
9554688
12461850
6688440
10705500
11139420
15543840
10406448
8051400
11503050
8353584
9261000
22848000
5381544
9152595
13342752
9471040
14428800
7244640
9789696
11287575
9146088
21095640
8568576
10607520
10142496
9690840
12499200
13728960
13163100
10083060
8154594
8273160
13713672
9581296
11897928
8626851
11707344
14328468
7259616
7743870
13519080
10265130
21233952
8726130
8453250
12292800
7616700
13139760
13949928
8120952
11262240
9973152
10911348
11953656
6676020
5556096
11098620
9246180
16624840
14648256
10219023
6910080
10772832
8279232
14379984
7238400
6977880
10820790
10892622
10029360
10031040
9617160
9746784
13868328
8866620
7991100
13878000
9668160
10624272
10613700
9778315
18224640
19040646
8780940
11007360
7640500
7806400
12243636
8155392
11235744
7909002
8415792
9144900
7230600
10866664
15482880
7373340
7556976
10269180
10310400
8074404
13727556
19887120
8787840
8693568
7562160
7876000
12261780
9888750
6462720
6851700
9852678
9159360
5629550
9174880
12609504
13082830
8700048
11029200
12780342
9722700
6238150
8498680
9053100
8124480
13005000
7170504
15430104
9137520
8568900
14654952
15247368
8654112
9792720
10669680
7089600
7081032
5821875
12652080
10530990
8350650
10396350
10625472
11509680
10240560
10345600
15444000
6339060
9434880
8845200
6703200
6223800
14464000
13522896
6847470
8946000
14099904
6513030
10886400
11736900
16311750
6793200
6105600
5842368
8261370
6608000
5199816
14686800
14303500
12500550
7429590
16613760
8778510
19136832
9914400
10988640
15340800
15236052
10134720
5724135
7089888
5017782
7603920
9228960
8272800
12098736
14858312
9255276
11522736
12913200
13392000
6677640
14770080
6515964
18693216
9372000
10653120
9132840
14729472
8040060
9150750
8839854
10115604
14570640
15651200
8709120
10001790
8959104
11910944
11347500
7357440
8001000
8988570
10375560
9254520
10660734
9186630
12737088
17172000
7790298
6063498
8116416
18091776
7325370
12115512
7807050
12186720
11523672
6557070
11647608
6738480
9282000
6407520
6173000
15200784
9790470
8797005
11484600
14265720
13737360
13985952
19347120
9379760
9763200
5814000
16168704
17619840
7495470
11551410
7378240
10472000
6101760
10452288
5525520
11334400
9446976
11931360
19695000
15848256
8798832
8221905
9533600
12509640
9648720
5667870
9882740
8358642
16390352
10987704
9006066
13832280
11103750
7678665
7042140
9558432
10255896
9689680
11955444
11810502
12925440
10575360
7514100
11307600
8656632
12080880
7848960
7097112
6643350
8201250
12222560
15854400
7884864
12048960
15470064
12578976
9264294
10005120
5821200
15059520
19345920
11137500
9841500
9661680
7327575
17133408
6739746
9660816
14580000
13815456
14065744
8558730
13518400
5454180
9827136
11071080
7596900
6350400
8118144
12195808
15670368
8748000
10376100
7426186
8436970
12768600
13936416
12545280
6493176
7025760
8656128
7637760
11474460
7088172
8706600
7637760
8192548
8319360
11726208
10635240
8369760
16061328
6715800
7507539
12636960
8988570
9494496
9354240
15319584
6553932
11969280
12255300
5699170
14688864
10704936
7810992
7130592
9641016
7907805
13122090
6926418
8533350
12502048
8967024
15664320
11975040
9134400
12009654
10656954
9011250
10254600
16347744
13386276
7015680
13124880
5981445
9616968
13870080
11434720
6854298
6559020
5645145
11867688
11318400
10474975
8670816
8424000
10460016
8964000
6447420
10915632
11348568
7283520
9870660
10747836
10889904
11529864
11493900
5971260
10586160
7144020
20614200
11926480
15604072
8360352
8818956
7821000
12231688
6605469
14725224
11042640
19001520
10554300
10878192
15858990
8685920
9497820
6748392
7335200
6894720
11335464
10927536
9273600
10942020
11566800
10964160
7539975
9326400
11070000
6175440
9002370
8488800
12196800
7248852
8799804
13308240
6581250
7623396
5614200
8483720
8741040
12597120
10857400
13926612
7993890
8624000
7801080
7510464
8682240
11947200
13401936
17583096
7528320
5773005
9858672
8654394
9160700
9331200
9720000
6587202
8992320
7639632
8885424
6237000
15180000
9686208
6769920
10521600
15262632
7451520
10410120
9006018
9049950
10042704
15159744
9863280
13436928
8213184
10593006
8613000
7047180
12909600
9377856
7231069
10130400
7715004
8904450
13906080
8606250
6786990
6357120
15240192
24101280
7307010
11257920
16960896
7192224
9331200
12147300
10685500
11191851
10987920
11016000
8732568
8426922
5660235
8376048
9155200
8725500
6494400
12917952
5665380
10871640
10263240
10500000
8996736
11120256
13923840
11321820
5721408
13332352
6815232
11598444
10235160
7886080
7600400
8995980
10046120
7553700
8358720
10058280
10478160
6361920
7518420
12782112
14714208
19094400
15522240
10308060
8189910
13959000
10638720
10480500
7892100
9017960
13547520
6095250
5896800
9891720
7523280
14091640
9238320
10782000
9580032
10010000
13145400
7158300
9292800
7735800
11006928
10947420
8980932
10855884
10458000
12244320
13144944
10572980
9800028
11106304
7256250
20753760
11185440
9063080
8937000
10363280
12587400
8730018
12930624
9197496
16763760
22949440
11232000
9293940
12270960
12508464
8607060
7420800
9860544
8719884
8941860
8833056
11335680
9586080
7151220
8032752
10497536
7053075
9541000
12674880
6156800
9325008
8063440
7736040
7338492
9624816
12424830
8020740
12568608
6996456
15262800
7796880
7739585
13447680
10031040
7446660
9498384
4917744
9211200
9425052
8565440
8164800
8304120
8715168
24342240
18252720
15659118
7675425
9776484
13803840
13837860
10875000
9031500
12631080
7891200
5526702
10848816
10206000
7750080
12396672
8977590
8149350
10157724
8596791
7372680
18106848
7885260
6227550
7591320
7511340
14282772
7020000
8049806
15340320
9296280
13030488
11136600
17214120
12301632
7794468
9362304
14362880
11826000
10055430
14510720
13753300
9765000
7711200
12519276
10950144
10698090
16358760
10098000
6972264
7740640
9495510
8149680
15757776
5424496
6223176
8782360
18398250
15422400
7700000
10047665
12879504
7931520
6354288
6311250
7012320
8477560
15982200
10524852
13406400
6530832
6875928
7035600
8684280
11683152
4616192
15443880
6954000
9171792
10959648
11241090
13041000
11383680
10646136
9711900
8746272
8210565
6434130
9435096
8910000
6680610
8861724
6755400
12032496
12227760
11693400
12246300
9951760
11718000
10397592
8792955
16453800
10763640
13532832
7964850
6201360
7017570
10175760
13513500
8087040
6709485
9939384
5433480
18455040
12367590
14034384
11623040
12067704
8948772
6113664
7731360
11358672
10053120
12430032
8227170
10638000
12398400
10282896
10112418
12383976
11242016
9580581
5896800
6210000
8043750
7738475
6742395
8856000
15480000
10803780
12354264
12655500
8232093
7573500
7401510
11539260
9896256
10716282
12591360
6340824
7838208
15341760
7550010
6897033
11518200
9898416
10234080
10320372
10219440
12801240
11034369
6865274
11078433
11479104
17246832
18789624
7277445
11762400
11632896
5919552
9859968
9347280
7524630
22039272
9513920
11104776
12252240
12639114
7875392
8753244
11737600
7931280
7931520
12721024
9730152
9465570
14662400
8361225
7579440
28005120
9487452
9396972
5964960
7426314
12286512
8144613
9470380
10555200
12338352
12168000
10858848
8073000
14446080
9657360
11871360
5814355
7811648
7865280
10266072
21134400
7288950
8891500
12240000
10533300
8900280
11192256
16506720
9978624
5637300
8329440
9438264
8991000
8151840
4875360
8064504
11047149
8049888
16189992
22366000
17845920
11168010
10746414
6979764
13746192
6014736
11635200
14929920
17136000
10336032
15497280
15701472
9519048
13001900
8101608
10455480
6426000
9342864
12478536
9644400
11157168
16094520
8611200
10337616
6766578
8943700
9279144
12642840
12610080
18837440
13808232
8250984
8721756
12402720
13898520
7964496
8654400
10684800
15410648
10596960
9666540
10752000
7003626
8916460
11574780
6390249
24000192
6555456
13283712
11263500
17248704
13923000
15909416
7864005
5762460
9252096
18950760
12968910
15489360
14712192
10963680
6365250
14667520
12083600
27068416
10681512
10558350
13125120
15085440
12247200
8959416
15586560
5906952
9348696
11798136
9668160
9428112
11199600
5862672
8130870
13983840
9749160
10793300
16323840
14370048
7503392
10838016
10638900
11040480
13188960
8277500
19774512
9432000
7498560
12683304
36501120
7364280
15263208
7053795
6859644
8882160
7751943
7545960
11809800
17213472
10693440
15985728
13708800
15899760
8021664
14241600
9990000
10737030
20405400
8644320
7986888
10922400
10463200
11960832
15367680
6796062
7411014
14195088
7541478
10439280
6888440
8818200
17420160
6214320
6289488
18340608
8373456
4272831
12339280
11601360
8999172
16058880
7173360
14566464
6604560
11016000
8299740
12686760
10595200
11085822
6388200
9153000
10940520
9122310
16486344
10646064
6666192
7860000
10936800
7906752
14414400
13152888
12542040
8721972
10013625
13762520
12209400
18176400
10173240
7876764
7648650
7743264
7711200
10109880
6326496
10781100
8153460
6608790
12861144
14311200
9797760
9661437
10714080
8897400
5759460
7351344
7207920
11524128
9076536
19099584
12846670
10141704
8288280
10646370
10124460
10005000
7525632
7470800
4771908
17983280
7842940
8201340
12875664
12897288
17320704
8190720
20940768
7004400
10230600
12248832
7829640
7982520
13473180
12056000
9786420
13226976
10354960
10288620
8747200
10503864
11931360
8553636
7912080
19614240
17591904
9740016
8844048
12375552
7859376
21487524
8906824
16457904
5982720
13806720
9412362
13851200
10299960
14685480
12570120
12999168
8849520
14348928
9472500
7511616
8832096
7726908
14707584
10770750
11430144
11031552
5780880
13335168
8018302
11056840
17873760
9666540
8953840
7405425
9787500
9242640
15338804
12156480
11066220
9764352
7936110
6677550
8867880
12627360
8408760
7501200
13507580
7893888
8367492
11444085
9360192
13311000
12334680
7338240
21298464
8791740
14889600
7096320
7097220
9111360
6630741
8807400
8145720
8509384
15268176
7639776
19850832
24997500
9036828
12117600
26384256
15138432
9938040
11281530
9479640
5843610
10829520
8269536
11539080
9018666
8874360
20896128
6074599
12925440
16956000
9324000
13779360
7969680
9849840
8491320
10141280
12208800
18637056
7592256
8988000
6820800
12794880
9393400
12051585
10497600
8401725
8027760
8948520
24396192
8375400
7821360
15367680
16979424
9403200
6992280
5608710
7392060
9071280
12830400
20568816
7826490
12637620
10855350
8651340
7628450
9018360
9947142
9273600
9679500
15492708
8338744
8568000
6678504
8452560
7538310
8529840
13080528
11784540
8878704
10464480
13302912
13605372
9543339
9847332
9212110
9058896
8318080
7413120
9031824
6378750
14434200
11731320
13972500
11260470
8913240
11980400
11416962
18705168
7897500
9829536
10228680
5449728
5200860
13547520
13015200
7490880
8994564
11095168
7004316
9586890
11866176
9733360
10169910
10341265
14441200
12312000
9147600
14162544
15931824
15130200
9961056
8390998
8052352
15606432
7088370
7605000
8480700
8846520
11811600
10456992
11533764
11384820
12156480
10010088
10162944
18729984
14322840
12596310
10216800
7585200
6072990
7653042
9623940
8195088
15745536
9022104
7873740
13736736
11346320
8114100
9415980
8478036
12862080
6027000
6912796
6680700
7320375
10592880
8539360
10125360
9304512
7389234
8845950
7792200
13431366
5901000
5703264
8118540
11227248
10516704
14822640
12980568
9528030
7715232
7599600
9424188
10290240
9097648
19677888
12643830
8202480
11903260
13417056
7457408
9249588
6307000
8487080
13581568
13859040
10553136
9908640
10977120
11579040
6003720
12324276
6053112
17440000
8115360
14018368
8223036
10106460
11149488
9116064
18061560
7061360
11264040
18295200
10567200
14294016
11387070
9688480
6967296
13442400
10439280
10627200
10575360
8825760
7194600
13675200
8250480
12127800
11612160
12319560
10749032
15626400
8689212
10064250
7402320
5094250
7265700
7704720
23250240
11428560
9963360
7535040
7401240
9864936
9421062
11527920
19965036
8541312
10580760
8971560
12559200
8748000
9197064
13802400
5469625
6567075
9008470
11490726
8904780
8386560
7265700
10862544
10505040
19140096
9171144
8549550
8969856
9763200
9780408
6695190
9701250
6020850
6439680
10939968
7946568
9348800
8137584
10644480
16565760
7591360
6464430
10108800
8147250
14854656
13582080
13099140
5889024
7697808
9033120
9015300
8704800
10180560
7151400
9695034
8932500
8712216
7856100
15526440
8777160
7391088
8643000
12377040
15543576
11236368
13287540
7323048
11699856
10416000
17790864
11766060
12877056
18295120
4690000
9258600
8573040
8557728
8789040
9179950
10727964
11095200
11820168
8880300
8727888
13239720
10230624
14092848
11070400
10611000
14126400
8551872
11289888
10018800
16222320
10048500
8861616
11952360
8067006
5789388
8559000
8628158
9721824
9007600
5993856
14315000
13970448
9620640
11318736
13951440
12286890
5273640
7619850
9119250
8756748
10554300
11897550
7513884
15207696
12315888
8789056
11039616
6210000
27380160
10041120
17000280
17294720
10578588
10264320
13207744
23675176
9216480
11744964
10092600
12457152
7581600
9021375
14526000
9475580
7310250
5529384
9767265
14862150
10856352
9100000
16281648
6290040
15251082
8900964
11253492
10699920
14614320
15009624
14269860
7621200
7673400
7855380
8087310
9590400
14498688
9911160
6683040
9338448
9624258
13813200
7709175
9045792
6681132
8628768
14451360
7322832
11068200
9998500
7034760
8362640
6603660
8197200
12683216
10241748
10519872
23627520
9987300
15319584
10452000
6918650
7417875
12179160
11895520
10631970
12811500
12532596
14695136
8470656
10174570
10555776
10489248
9161500
7092360
7865424
9450900
14178456
10452960
17761920
10018080
7164450
11064924
12512400
7017632
13983840
7593264
7223040
11793600
13010850
6159375
8200440
12316920
7810488
23154000
10467000
15645312
8445870
7849800
14902272
12165120
10720080
13025400
8425704
7900200
8803620
9656220
8030526
8831160
13018320
8621244
19344960
9546660
7780480
9596160
7851330
10315350
15453000
6308325
6792384
11857920
6317980
11731534
10321020
10523880
5433750
10010952
11883000
8323560
10038600
11306088
10886076
11134380
8864100
7195685
19339200
13121280
10125000
8528520
15146880
13821408
10242540
8437200
8926120
6494400
10806048
8646795
9404100
6763176
9173090
6107360
10714320
12997155
7321512
7564320
8553600
10755000
13889340
7542400
11261376
9321980
6768580
10200000
11613600
6870096
5350644
7608780
20453040
8869536
13771296
10323369
24261120
8517150
10923120
8682240
9570960
13798224
8773920
9611880
15964224
16173600
6798816
14545008
16654680
8158878
8532960
9562950
9444600
19902720
9542610
10622016
7146144
10389600
9394434
6893100
8868240
18552984
12428320
9963000
5219136
13343616
9132500
11689200
7701850
9412200
10967040
7465500
15142464
6844500
8238560
8346240
8125596
7688871
10265360
13250376
13235904
5974773
7964460
12704808
5689665
8925480
12690000
9815256
13440000
5898420
16154400
10863072
8226180
12672000
12708720
16311024
11213370
6921420
8590716
11127150
15822900
10501212
10078020
14350136
11623104
6095000
11507400
12440736
13172544
8670816
8238168
8230020
13521456
8904976
12960000
9215360
10242672
7685496
9491264
9431640
9906030
9898200
13811704
7604725
11340000
7030800
7958250
14774400
20838888
11194560
9429534
7740000
8295740
11568600
7138824
9253440
13692780
11340000
17981424
10155618
16722288
9487044
12390432
10979280
11346480
9551850
10298124
7360548
9160288
13210800
6785775
9159360
9609600
10574698
9033120
9663780
9763392
7463988
8417196
11464200
11955060
8273561
8754075
9903384
10170840
8385360
10351960
5552064
32047920
8053668
13040462
5868450
9710064
8792532
9794538
8028720
8626800
6658895
11050686
8858700
20755104
8662710
11373858
7450020
8247040
7694880
8702640
11910240
12150432
7492500
10701900
19377792
8212320
11458272
6209280
7000000
12163500
5859000
9186912
12096000
11066220
9652869
8509491
7398600
10432368
13004550
7097700
12859560
11023431
15890376
7635852
7362432
6659100
11391840
12545280
10554240
9267648
5615220
13492500
9734400
6768608
17246196
14121096
7350705
8748000
6572880
7035840
6762252
7603500
17635968
6734640
8636085
6666156
9829836
10361520
7024752
9165492
10628820
8164800
11045832
18727632
11486016
13446720
15023232
8109816
12334680
12203460
9100800
12609600
7840560
11624850
9728100
12280320
12256272
10607520
9877400
6951600
8361360
14873352
13335840
16295580
10709820
12874950
10080864
6459550
19377792
11935440
11172672
11866504
12529920
6421140
14857080
7783776
11505240
6953600
8170300
7271820
6172560
10044000
11370996
10373400
14089920
11852568
11249280
4717440
13846464
7779134
12465760
8907660
10937640
11911524
9712440
9514356
7915050
19929780
10457720
12264048
8210925
10703952
8216640
8069490
9976680
6879852
12956216
10969992
10920936
10764000
7925310
11976000
14288400
8585380
11318736
9496256
13721724
6532812
8781300
11212344
15507840
13708800
6967620
8446680
11605050
9640296
9452520
12929280
9088200
8258760
19770480
6288470
12315744
9257472
9229860
8660650
7037990
7389900
11308680
13093920
9265590
10167066
12415950
8809920
9337680
21585600
6969456
10226520
14795028
8342784
12681984
7418880
8993100
6906060
6557625
11291400
18144672
8794575
7136668
10353258
10199160
13351392
9072360
17759040
11361400
8051904
9376500
18980736
7932120
21547680
13752576
11052450
10281600
15648960
6179544
8963136
6756930
9215136
8086986
13646880
9621612
16125060
10960668
12355600
10222500
13669344
15396480
7820700
10152060
6341730
8482320
10143900
8091000
9380800
11575872
5773680
8346240
12467520
24355968
6846255
13405248
10607580
8197944
7387134
14659488
12396420
11686194
12117600
14602490
8718840
9954630
6534290
8607060
14478750
7151616
12977200
9313920
7755048
15860544
6163920
7250850
9270720
10520280
17771000
6948630
9298800
15202080
8318700
6806592
15642720
7364115
4950405
12646368
11941155
8588800
10348800
7875840
10774080
7476960
13217280
19110816
13483584
13565520
10474971
13110944
4787370
13411170
10967000
20341152
12906740
15729552
6996600
14165280
8285220
13570560
9940410
11502000
10769976
16301824
8263632
9368820
14091084
15510960
27490320
9165960
16720000
8319376
7200150
10602900
17380440
21003840
11651800
6259680
9660600
9214560
8104887
7113582
12614000
20131848
7008300
5148000
11149650
8718444
8527680
6840504
9574440
8328660
8217864
14256000
7532500
14852400
7265916
6286950
8896446
17032080
9424800
17910960
9196304
10617750
8431800
11085627
13418472
14013936
8108100
13031000
10978740
11048440
11006820
10848150
16286400
6610350
13548480
5297355
9969336
7711200
9225900
9860760
14288160
6900000
8083530
13186800
14658300
8268075
10512000
12880440
10662960
8744736
11571840
12591234
8263242
12172680
8497350
10930560
14517360
16422000
5524155
13860720
6737280
11484912
11617047
9014880
18581376
6851520
10027920
9192554
9974274
13073280
11019096
10870848
6602310
13157892
12213990
9477000
11091600
7319520
12811200
9540000
10015488
7829010
8678880
5736672
7355880
7671420
7711200
7011040
15796980
13880160
10975608
11217600
6904800
5707260
9260352
7733880
12947760
6952660
9174960
11911680
12728151
11232000
8720640
9478350
9730692
6737400
13281624
6082200
18309024
9145386
8874000
8622720
8074080
11389896
8096760
12297600
8971560
9229440
13176000
8565750
6041952
7175610
17952300
17203440
17314992
12677580
8095500
11126970
12413232
9390996
8755200
8104950
9598500
13354200
14896980
9639000
9221310
5262960
9843520
9021760
8806000
10364016
13020000
9022104
7232008
8715168
10458228
10871982
7442676
14442912
8402130
26655936
13962240
8959968
10578384
11927968
18185688
8527176
7986450
14523705
7110000
11576655
7491984
9672960
7644375
12863968
6400008
10878840
8887008
16130016
7229700
8157996
7126485
7714800
13614720
8640177
8482320
11148800
6424300
8740000
9390600
10886400
7699050
6284300
11276496
9863856
9224280
16422000
9274500
9819040
12607056
8966610
7112448
15774000
9788100
11642008
4953312
12676920
10277280
10506720
9294750
15065676
8663760
6030000
8997120
9762480
10414800
12409440
7695900
16485120
8763300
9929088
8699157
14187096
7312536
6886880
8270397
13935240
8583120
13449600
11897280
13525200
11116440
10377990
5950560
12112092
11995104
9963200
8110176
7898150
14100480
11158776
13714272
10719744
8273960
12080700
16324776
8610750
6577200
8028720
8492778
12247200
7227630
13598880
6710400
8201250
8248500
9711000
7766654
7710248
6369000
7702128
6733408
12685680
12765168
7314450
9212320
12444688
8067400
16610256
8644320
11676042
11810529
10584000
6115230
11835720
18651600
7357840
10799856
6609600
10256400
6694170
9886320
11235840
13380192
12590640
11527448
8710092
6759720
7473732
6456024
22170720
8216910
9120052
18094800
7611732
4891185
12958400
8830620
10755360
12682800
13834260
9614400
12376432
6297345
14427072
9200400
9971520
11146356
8994580
7518420
6726060
8575320
8400504
16210944
11765520
17092096
14807232
7875072
17955216
6555384
8942400
8573040
12363012
14076000
16032000
6907680
10513422
9962490
13343616
9363276
5969880
9305040
6345360
13981680
16816800
4790160
7522926
9396900
6580575
9430920
7970040
8990016
9765360
7917210
7832160
13909320
9504000
10025136
11848480
11569635
8211888
11481600
11401560
6618150
6543675
7397028
7116984
14056110
24157440
8145270
8297520
13349952
7284060
8602740
11621880
6062500
12894336
7341384
8280360
7891911
12153024
8003880
12155616
10336020
13215312
8471925
10238632
9439080
7271775
13331376
7956432
10450440
14458500
5365440
7250040
10287648
11583000
16985376
9141534
10044840
7275520
13608000
8836800
12021210
7794270
13326368
8395002
11504160
11365200
6812560
7182702
7616328
7339320
12499776
6658470
9385200
7928280
7579170
14881230
6687912
16262400
12027840
13101210
13781220
8161020
7371000
8074518
11285568
7496048
9931680
8926500
10016982
7993830
11178000
9555040
5818176
9856080
6807888
5989200
9395730
13081500
10947960
10349640
9650960
13736250
10209920
10882080
9404100
7816800
10497816
7068600
12603888
12167856
13280328
6585978
10474380
18045738
15537840
8456140
10432800
12308760
9080910
14384520
9665280
9907568
12780000
8940672
12749400
8262000
13445436
9745920
13655712
10510080
15428880
9663264
14585292
8812800
6450840
15845544
7757856
12923000
7275744
9900324
14206752
11587200
7387875
9117576
8833536
7685280
12684600
8013150
8554572
18118840
10049160
15388800
6384840
9080760
8286705
7672320
13343616
10796760
5478420
8524800
13777344
6844246
9865800
7757568
16654176
8928570
12099600
10521090
10549656
15471216
11066760
6874560
8485800
10599212
8690472
30633984
9429372
12334680
6337926
8008443
14632704
7650720
7916832
8940480
11600640
10496970
7796880
15798240
9195900
9066006
12111120
12830400
5738850
9911238
18176400
7955280
11923800
9516100
7885458
6397440
19160560
9415008
8706420
13832208
14828280
10169640
13381632
10413000
10280880
8250750
9897120
22179200
5977800
10988460
22356000
10981880
7025760
12822480
8634600
13172960
5915520
6335016
11233404
10662570
8320968
9496200
11006184
8968752
8137584
9687600
6067440
8832264
6027756
8626800
6276452
13553568
12052800
10298232
8349900
8550360
14908320
7798590
10038330
11687040
6188832
8535870
9179100
8829018
11871360
8400888
7221600
11454300
10699800
11052720
11162448
12078360
16861824
15049692
10363080
8215956
13887288
11520000
10342800
8804520
19351440
7229040
10881000
10133760
12869280
10575360
7620480
8044515
8421035
9379968
10036944
10913616
10876600
7405440
8524260
7909650
12542400
9720000
10428912
14974200
10449600
7050240
11580408
10771200
10487880
18098064
14196060
7896528
10200960
25164288
7287120
10219176
7866112
16442496
8973680
9819912
10377744
10688184
11934720
8668440
12998880
24682320
8087040
10082880
11671074
11645400
8601750
15397416
5344704
6028605
10442880
9043650
9217296
11532294
18551088
13293720
7046786
9482760
9404160
9002448
7328880
9807840
16353744
8611200
7351500
14587776
8013978
9444924
13597848
9374211
9491850
5794200
8434800
8014608
7153920
7333558
5579280
23912064
10387080
19160064
8741250
9789000
11473920
8186112
7654050
15427152
8289540
5995782
11043000
12280320
10004904
13314400
9272880
11940480
7348320
7391250
8349408
8145312
8600844
12475800
12074064
5757570
6533730
9351936
12076800
11196768
13003200
6814710
6444360
6767649
12168000
8794500
13538232
6527514
9294750
7058340
9947040
11131328
15517632
11584008
26053248
11954976
7505541
7315080
8236800
12548448
11471544
10444800
9679932
8221152
10357308
14548800
11934000
11116440
5232240
8182944
11247084
8752386
7959168
10601856
7347648
8608824
9381840
11185020
6343860
9092160
12752640
6042600
9730720
8274240
8367030
7332525
14261184
8400000
8026000
11778144
6232320
10220448
7826868
9163200
7877250
10606950
10410120
12850560
9603522
13087008
6890400
6809140
4605120
13442760
10160640
10180800
10843200
7544331
11088000
6256800
8726016
11135800
11299200
9286650
11113020
11686072
6768669
7279500
10228842
7001316
12120576
7409556
18190656
8274240
14018224
17802504
7983360
7696512
9967320
17532984
10647120
6201000
9831780
7900200
6997050
13448160
8910000
8823000
14231160
7829910
14238432
12394320
9564480
5639040
8545075
5967000
15206400
9755820
12636000
7513660
6752970
12624768
12185124
19545120
6209250
13805992
10478160
9973152
10458111
9147600
8900280
13465440
13676832
16266960
13619340
8903304
6721220
12886272
10655008
13025280
6966960
10038000
7281360
7309120
8776728
21297936
6818550
10593180
15850128
15221520
11466672
26866320
8967552
14466816
12004872
7873200
16865760
14203728
8467200
5477220
10157952
12476160
6835968
11307600
8453403
16030872
7233528
15330384
7093440
10159344
8034000
11555784
13839840
8991000
6506680
7855752
12711456
7152600
8135100
9139180
8883000
9925440
10983700
5300316
9262080
9669660
6641280
7150080
13582080
11368512
8874096
8000000
6070788
7539480
6637408
19934064
5973212
5107050
11131560
10556406
10130640
6331410
11493360
11264768
17104464
15973320
12558992
7276878
6208972
10715544
10788360
10057608
6403992
6486900
6961500
11346480
12201852
11246976
9254520
10550595
13241184
12880560
11139282
8254240
8151570
9927720
8230464
13781856
8434530
6682560
10575360
9072648
6389604
10741248
10798920
9755550
10750320
13746880
9982440
11755092
10513080
6455640
7906500
7536384
11340000
7627950
12212970
7741412
9347400
8870400
9290400
12707823
8986400
6652125
11517480
12294000
10912200
7616420
10859872
15467760
7915050
18083520
6345216
6268146
10044144
8671428
10395000
10646220
6530985
8994564
8334900
14904648
5629824
9999252
5907330
15681600
10518750
9775476
13453440
11050000
9702000
8586162
8030664
9507900
9830016
13392000
6102000
5770125
6572940
12517120
5846661
12163500
8644608
9960840
11289780
13434624
7980336
9844110
8267076
11219880
11406150
10024560
7309926
10306380
9297600
10722780
6271020
7516800
12566400
6572664
15965622
6113250
10373616
11287350
8577264
8032500
7814880
10450944
9031392
7876440
14513856
11917584
12941328
6496200
6412770
7445520
7359264
9482778
10965618
6757020
12259170
10160640
6843420
7902720
9976910
10152000
16603392
9962460
30523392
8400996
8913240
15933056
7990080
13987728
8647100
15522570
10655436
15440096
8402400
10476000
14250000
14833044
11571768
15544800
15205320
11062400
15929136
7195500
10361736
9903627
6661950
8545980
11091960
10143000
9752400
7956480
12612960
15218880
8261190
8559432
20553000
10271520
10743264
8281800
7547904
11883000
9866772
6928800
11011020
10068352
5502816
11633160
8442000
7324488
8981490
9027936
11871360
12072720
10179405
13794420
10036224
12209400
8524800
6678810
9047610
17506944
16398400
9107424
8541180
10455000
14137200
8895447
11962080
7821240
13471920
16401600
8029440
9104592
9896832
10550848
8629605
20693760
11803968
9345672
17388342
9826470
12800000
7725900
13426560
7139350
14159040
7509027
14454960
6901848
12843840
9971520
8514000
8814600
9356256
17208576
10440000
14429350
12422160
9434880
9687600
11645046
8983836
7826112
9249600
10849140
7548800
9175680
8870400
9048864
11684608
6444480
8346240
6499500
14237100
9008640
13548708
8117874
7266000
19612320
8648640
13888320
8164800
7261290
9477000
7270560
10288620
16344000
10274040
8481096
6730776
7800192
6520230
9391824
9277758
7407012
11547360
11884620
11143920
9643212
8682960
12345480
15246144
7915050
10195080
10534050
7938810
10729278
11300292
8380800
9131940
10879200
22504880
11153700
15086808
9442800
5332320
21265920
8211456
6970860
10614240
10409040
8595900
17878968
7650720
7721730
9307536
13437504
8087184
9846720
11280480
8083152
11811720
16193520
10614120
12318132
6589500
8476812
12483750
10672064
11844000
8252124
7260608
10458480
9619560
16562880
5575668
8643990
13268736
9745250
16069760
7013248
8625766
22857120
7207200
8173872
16057152
9316620
11621232
6548976
8862291
10952424
15050880
10148320
9362520
12893760
11043522
7911324
8726080
33306336
9492000
8437500
6531840
7054680
6237066
8418816
10267200
8241912
10703064
5261760
11738160
5995215
8702640
11745000
7732260
18467060
13239720
16409480
5773725
8036700
8572260
9813336
7377480
9056108
5827290
15682736
6235344
10442880
10667160
8454776
9549760
9922500
7508160
6652800
6508320
10238400
8550360
6223116
9950850
12733200
9680268
14328288
9676800
9652500
13217490
11851488
6391476
9240350
7254297
9616212
7948320
8665100
12695724
10162464
7034688
13358912
8358090
8980675
12330240
10488852
8941380
8377200
11083608
5493096
16530576
8867880
12101400
17335296
13227600
11871900
9076300
8486400
9403524
10111392
10203600
17615808
12667000
10887372
9601396
6862752
8874528
6334200
10882368
12983820
11638710
7540302
12765060
8271720
10443888
23193984
13090896
12927600
7935312
9737280
8092000
8610750
11294640
11258352
10716120
10672560
11603520
13812480
8708928
6535275
13248000
9409500
10032000
7449264
14446080
9252288
11866176
11286000
11670120
12495060
6436920
8492850
20120400
8028504
13659024
13628736
6682500
7115418
11235840
12164544
11785536
8517960
10561640
12270700
6810840
8687952
6376320
12591264
11185200
9746388
10368000
11654720
18508716
7071624
6043875
6312570
13818640
13402800
15361200
10593072
9555040
15443232
12256920
7197600
7584192
9123840
8227219
6160000
9078300
12858426
8718840
16087680
14312592
12923328
19488960
10748538
14295690
6305520
10189788
8397405
12364800
9775000
13191585
9417700
11314080
12182400
6009640
13591368
13175136
9804960
7893312
18475200
6938094
8171598
8246880
11938770
5477220
9714913
13579131
11272932
8731008
12979008
6977880
31144608
14683968
13559400
9032640
12328960
9337248
8522010
15046240
5281605
10063140
12753000
8565348
11315200
12240000
12433824
12916800
26611200
10239848
7138368
9358960
12572928
7087680
15130080
11878272
5669790
18349632
9928800
17999712
9875480
6876900
8356770
10547901
7611975
9757908
12625312
7983360
7824600
9448920
6359496
12411360
5825520
4717440
9291348
9609600
6788097
16128000
8586010
8375808
16953376
12484800
7602400
12723200
11988000
8456400
5200875
17625600
13926040
19169280
14828400
10315350
15127280
8085000
12934998
9282420
10038600
12798000
6081858
7779240
8655822
15165576
11950848
12306600
7932340
13000170
9883296
7839216
13287948
8572284
7608816
9012465
8697312
7008540
6971580
9943320
15769810
18893952
10118196
5969640
13153536
17916768
11190420
8836192
8050560
9758448
16337120
10310976
8280000
7081170
7099150
13426560
15610320
12047508
19440000
9982440
8905110
9187200
9139200
11574900
16572864
8327610
11526840
12582276
16735680
5133726
11704500
16320064
8855730
6657300
9525195
8695296
13957232
9460480
9497280
8391600
10571670
12538800
13714920
5695452
8759250
13254192
11900196
9594720
6130566
7103250
6921180
7255695
9793548
10205496
12906360
7341840
12744864
11138400
9434880
9650340
11880000
16758000
9226240
8007948
33484752
13078440
7262434
6541875
12847356
10416960
6862254
8360172
5756400
11787160
18273920
7905681
12718080
10517364
5931936
11456484
8819442
8643330
11891312
11771136
8874918
20374200
6366234
8525750
10829406
13173888
9088200
11907120
6527466
7270560
8533200
6978840
7650720
21319920
11943900
11812920
9640020
8417088
10577400
7769612
10501488
8643840
13874976
11209632
12934620
15837120
7499142
7630848
19620000
12055230
6447600
22364800
13139280
6988000
13631280
14153280
7725690
9224280
15586200
10798040
8904600
12941280
10225800
10582650
16964640
8751100
13125360
7591320
8225280
18115500
14934600
9921240
10648800
5622120
8560620
7762500
8733744
11975040
14734920
7128576
8641215
8921136
12700800
9383432
7654410
17507232
6191640
16914240
12576240
13824000
9599148
11897424
6940080
8273460
7623225
9279400
9186210
9879894
15923520
9027000
12549060
17868600
14024340
8229088
18154176
9477000
7499250
10899000
13192776
12573792
17740800
8794656
8844000
10795032
14174160
6927282
17118864
9874200
10262016
17022560
10296000
5847184
6939270
8221500
13492512
20209728
9258300
7573428
15136154
9680148
16957116
16145925
12828816
13638240
10643360
10856200
9023472
9323424
6870528
14042952
6192000
8777160
12018500
10272960
16524000
10995600
9607500
10268856
8827665
9840600
11596800
11477376
7728336
6557760
8063328
9966688
12445488
9529380
11950560
12074832
8395002
6180300
6793470
10672956
19499480
11248200
11132000
9916920
7015563
11708712
9356800
11552112
12529280
11107800
11573752
7984896
18431256
13877820
8849304
8202500
18746640
8234460
9841500
9545544
11750400
8918700
5575062
9185280
5960500
10252800
6039180
8865396
10670112
12657600
11887992
12248640
6311250
8791380
11345670
7843980
9579546
10597000
9531000
12101640
6254220
9889920
8564400
10017270
7831050
9492120
9134232
13768992
9856566
7494144
23897920
9519360
7382592
9127296
9170820
18459000
11358040
11148192
8273664
8911296
9134100
10698750
14125104
6756156
8773340
13792680
10782720
11566800
10345860
15215850
9235200
13656240
10065600
9783840
13107704
15047100
7918560
6965280
10403640
7286400
7809120
7670160
9119565
12591108
8523900
7202500
7160544
10367136
12312000
19535040
11124864
7836600
11324960
11322072
12216960
9177210
6312720
9196740
8356860
6145776
7198875
12625200
10442304
9878400
4757800
10653696
13208832
9652968
9059600
8978850
7418880
12721968
9933840
12566664
8445600
13809576
10623960
14108640
9598176
7270500
10786932
8471250
8620810
12152400
9826362
6849056
12772080
7102158
7897500
15685696
8485400
10563168
12402000
8590320
11599848
15046720
8746164
7443576
17334180
10805676
7715520
15249384
26914752
7833540
7305984
10032660
6096384
14929968
11241216
12355200
14673960
6698340
8942400
6532650
7682640
9182400
7994700
9071568
16170808
6755320
28481280
12778560
7121088
16656192
13745952
14558841
6058200
9594240
17845920
8716896
8595600
9715464
12156150
8697520
6870600
9364680
8359856
14051520
8057700
9298200
13802880
14891040
14305860
7253064
13245120
11509344
11651796
11291400
4730880
8163264
12554568
12939160
5775273
8690360
6862602
16033680
11119680
7632150
10407690
22156800
7892640
18451632
6088525
10837500
12516552
7147560
6715380
7501680
13277888
11404800
14126400
10783800
10317474
7539840
7242300
10891260
11582700
34008000
8701280
6567064
8352512
8424000
19218816
9737280
11039100
11453088
9374616
9348453
7695324
8328096
6579738
6277986
12381552
8625960
8282736
13515000
14900760
10181700
10162944
10855520
9167850
14106960
5865552
15371874
10660960
11614944
9248148
18556416
8402850
12910800
12159360
11777940
14592528
8206626
9215920
23721216
10702176
8180352
22074648
7956144
10454400
9060750
11350000
8704800
8862696
16358880
10575360
8323920
7943940
13302000
6861150
19284480
11629440
11519880
10460400
13045536
14218080
10577808
7286250
10044504
8706852
15487956
13092840
11487240
19904688
7231680
5110200
17370192
9524628
5861184
17603568
7259706
8423568
10126050
11078912
10911744
14090136
5278592
10405200
9180000
8365005
13874400
6061860
6137460
13906728
7255350
12908160
9774080
7116876
11092950
10910280
12538800
8813643
7703244
8598744
11561760
10359630
15026352
7850160
10746000
8164800
8951040
8684064
13416984
15765120
9440640
12393000
6618480
5644800
12060000
7553000
18144000
9972720
8168160
11520000
7141488
9721824
6058800
17036460
13400640
10432800
13732992
15487200
7465770
11689920
9420040
8370000
10205100
9278550
9408960
10512720
10395840
12862368
7290000
6166350
10487880
6624000
7970400
10428834
9607720
9273750
13696830
9193344
7085250
7750512
10826280
5670675
8403264
7892928
7277270
10233216
8100000
12657216
8366940
10243520
8879220
9854136
15822972
10464300
8156600
6206200
7864290
17889984
5213025
12787632
14369400
6241050
11079342
7474194
11299740
9590940
9378990
10334790
13053960
9017100
5790400
10061280
11321856
9434880
9073344
7066926
12010320
10337600
7040000
7498008
4583808
7791056
9027000
7762500
9865800
10050480
9556704
6852600
11594880
11906800
9172800
9024168
8564832
11237850
5558364
7126560
14082120
9207000
8082936
8496396
8080200
10609137
7412976
12465600
10096812
10178190
7822500
12339000
9970500
7998480
12874176
7488450
9513660
11128320
12707820
6537636
8087904
7326536
14612400
13048812
9542394
11080080
7467600
7465950
9040500
11072214
19915264
11416464
18059712
9886860
14707968
8071960
13468896
11387520
14169600
8051400
10376100
9409203
7690760
14262714
19300032
10934604
13674600
16572762
6632388
7447500
10515600
12830400
12008880
9348300
10098000
6232491
10478160
9156420
9858112
11594016
8506944
8400336
13770000
9963360
7402590
7174440
7809048
13020300
10749720
11189664
8792000
10756480
8653230
12576000
13937616
11742840
6631380
11105256
8236449
16657722
7696000
6162100
8593200
9864828
8002995
6554925
10106568
8346240
9293648
12852000
17277240
9355500
18055980
6396975
15866280
14317200
10115280
12245904
16395264
11263560
11017638
10334250
7983360
13338990
15680808
10853922
9547200
15379200
12337920
7759500
5376210
7730576
13024800
8610840
8074080
10910580
9266880
9597690
6723000
11981736
7711200
10342080
6874470
12044700
14586880
10147680
14218800
11340000
16524000
6390000
7683800
6391678
9175194
6512400
13938600
12985056
6701760
12096000
9780264
8431500
8160096
6839235
6852288
5612976
11264400
13304016
9250560
7939404
12287520
16487280
6349104
9868716
14494140
11261904
6814080
9502920
9574992
9212130
9132000
6981200
16998800
6567500
15081856
9165312
5531484
12594042
7840800
9053046
7376625
7213500
7616646
7605090
11876448
6298880
11809800
7793240
7471152
11656320
11619200
14229600
7208430
10886400
10193416
10547280
8996400
12393000
13971360
11816160
10299852
11934000
9004800
11198304
8283600
9366192
12597120
8343090
10024560
11661084
14084928
5581125
5289822
8537760
17176752
6389768
5934138
11742840
14146704
10434060
12249600
15249663
14202000
10098000
7690256
7257600
13132800
11775680
8164800
15419136
9526572
17962560
9063495
5244750
11186400
6716320
10289664
11344320
11293920
9103360
6768900
10442250
11651256
14049936
17785080
19173210
18047520
7922880
7447440
8971020
8366400
10388988
8948610
6136240
5784960
10299960
9360816
13000190
10218824
11212020
9241056
10121760
12060000
17062560
6453006
13093808
13007844
6940800
11304832
12859560
10720320
23813280
6057324
7964325
11399520
9682572
11331576
7934760
7037184
11282800
8851584
13497210
11917000
9160548
7513650
4929498
19684368
10221720
9080480
10072620
16077312
8284896
12060000
16542360
7628580
10525140
8650980
7976250
13086540
13476750
12609936
13901172
10459692
10137336
9875520
13945680
10132416
14806800
10695888
14082288
6773625
12327120
8978850
11104128
15397536
11923200
15350712
7650576
11830000
9980496
13125888
11199232
7108200
9530460
7182516
10530468
9465048
13291200
7505784
9555040
8836776
14513100
13200000
14434200
8235360
10094760
11095758
11444160
7951788
12240504
8366400
15720000
17741592
11159640
5371200
16060896
9281526
9421000
11824128
10209240
12413304
6259680
11701848
6826248
14803668
11776320
9921890
8255520
18316800
12894168
7358850
13127040
8400996
8781696
17349888
9092250
11750040
17825600
11088090
12409416
10853232
14918688
8716032
10024560
10119114
11635650
7182720
12655368
13952250
11381760
10170000
8856830
10762752
12873856
10005520
19944960
9452376
7319835
8062080
9636480
17915040
9202752
10566720
9690000
9592182
20049408
9302400
8452224
13396320
7591806
10841040
13336848
10444400
11293992
8539020
8404200
11854080
7469766
8578512
7153920
8749728
11729520
6997200
8488476
7310412
13767120
12940587
14222040
7281600
14263680
13421340
13943664
10008780
10342080
12749760
9812214
12157398
16872480
9959760
22126896
9340650
9983250
15228480
8616348
20005056
15055744
22450176
13773760
8521200
11013138
9343200
6274296
12104064
12247200
5377860
13457070
10862100
9210240
8601228
11350368
8602920
10731504
8077320
9156900
7384608
12013560
10413900
10465200
6949125
11294424
10487880
20318400
9585840
8965548
9942440
21083400
9720540
7966350
9622800
11322510
8782200
8174520
11445750
11579652
8115072
8930000
6177546
13552128
6947370
13632640
15850790
11140740
11035200
7959600
6201360
11961600
9052020
6726720
15514576
9941886
20988540
13426560
7102107
9893436
13590720
7790640
10121364
13236144
8514000
8869968
12327692
10962000
9807720
22794480
9072000
8981280
9165960
8779680
8005932
8300250
27538776
10039968
11158560
11225088
12161664
7548600
9678200
9250160
8452869
6348736
11712576
11241216
24721920
5790204
10069920
11699760
8277900
8477280
11575872
14414400
7695984
8199180
6571935
22784256
6967350
7847680
10735200
13117500
12260160
7481760
9313920
10021620
16562832
13413600
11151504
8470998
8468064
6076000
14464866
17572608
13611888
11683728
8326080
11369160
8586000
9459216
10441440
12175808
12596796
11036928
9690000
12105160
9868500
9935184
9902640
6102852
10555200
10975608
12276900
11147832
8675100
13813800
8443620
9236736
8517960
7839920
8355720
11230560
8974350
5566400
6022080
9061500
9655800
13753800
6331302
13284096
11662560
7315278
10335600
6880005
8675160
8803080
7704372
13378560
14718560
12781795
13608000
13678200
13499108
8259570
15120000
7354088
9253440
7085880
6426000
9180864
16675776
6882000
10251840
12787500
10183360
11377600
16065000
10432800
8418060
9342864
24657728
9556380
8802192
13635000
7360000
10566564
10993640
6048588
8805888
5796000
8377440
11996424
7239960
8926848
11370240
6593510
16858400
10565280
12512640
9386160
7733880
11016000
7486290
7046100
8788320
13050576
9429495
10789200
11130372
12080608
10807596
6451770
10147984
7013760
10410120
13759200
21912990
11889504
10959300
10984308
15056720
7738515
12800106
17804032
8642120
7541115
9254400
10419840
20057850
10050000
9022104
8335992
18260352
8633575
11247264
17569152
16516440
7565250
14431284
9215775
6060825
18363264
6069924
12377904
11138880
9066788
7196688
9208080
8906436
7309764
10074240
15824160
7837200
17108384
10513440
7198632
6201090
15990540
12517440
11962080
10590048
8562510
7504302
15020316
10262970
6968770
10520496
11733300
7272600
6873984
8047890
7243344
9484160
8985249
9485250
8768256
9093240
8952246
8572800
7455840
9666540
6603480
12006000
14933376
9508096
7179192
8741880
7004718
11946648
13565520
7858620
10258560
7157610
13045120
20233476
11057472
5130435
7668000
7764120
10282624
14126592
11158560
8553600
12988436
17916288
12960000
8048160
24655104
10309140
10944000
8450568
10008000
14712192
6599880
12200136
9893520
12003156
5727904
12657168
10295840
7349001
13524504
8263413
9669200
11272608
7185024
7888034
9753900
13716384
8808120
10594620
7208550
8659200
6593040
5556600
10498800
8621550
7800300
12671736
10824000
18944640
12022400
8529300
8946000
8814680
17057688
9695328
7971480
10432152
10235160
8500800
8681472
9314708
8554140
6700752
9794304
13174200
12054912
8130915
9208080
9030528
14181372
12275712
17581200
7676370
7778340
9210012
8315328
9883280
17274192
13927650
8895744
6592320
13091904
10089360
10466496
7579170
15574680
14053680
11582136
10745280
10148112
7329452
11203920
7721100
9844416
6821703
12775500
11210000
11564700
9228312
9767180
7374825
8902000
7232544
8383500
14040000
13360300
9835380
5598315
9321480
16632000
13325904
9409680
16077312
6875208
8553600
10873296
7941024
10345920
16811968
7552692
9028200
9735660
12435120
11880000
9714240
7695000
10139922
16028280
6542388
10959300
13802880
14936832
8976000
9477000
18456480
6965595
9862974
5385600
7341516
11266560
8323104
10687950
10165176
11522920
10795068
22574448
14223456
11009115
17301600
12028500
9435888
15645600
15756720
8862048
8202480
13315488
8864640
14643200
22464000
16648200
10418382
14805840
9282600
6253200
10221120
9990000
15940800
11674080
7020000
8648640
11929140
11390544
7246272
10386432
12418560
15662865
7547220
8375220
6006000
10283652
7729920
8685000
10545876
6949800
9747540
13417488
6762750
7705204
7253900
8205840
7291440
6961266
6850788
14981598
9499600
8734050
10485450
15400800
5823280
7015680
10176920
12670020
9604720
14126400
7224960
11964600
9059904
18274032
8826048
8991000
8519472
6856512
14430960
7795872
7540200
12787632
15415240
11223170
10347084
16710660
9866160
6903580
16333872
7476040
11612070
14484960
10909080
7368660
13600224
9554580
26192000
9686736
11321856
8850300
12972960
9464040
8362700
6723900
11528400
11460768
15375080
7284330
6716529
10768404
10252480
6648000
9788526
9253440
6329664
10082070
7934160
11423412
18066750
10708524
8641080
6170670
8114400
8762684
5784675
7601040
8228628
16926624
12410496
17585100
10424012
10134720
12371400
9261750
8184375
9467100
11159775
11990160
10701540
10027050
15402960
20460120
12812800
8576000
9432100
7576152
13336960
6157000
8486400
11751156
8916480
13496544
7838964
8151936
11146770
8326800
13843440
9141750
6940080
20764800
9537264
10903680
8874936
9248400
15227784
11167200
8300376
18032544
8151840
13771296
13318668
7767900
8340030
11229200
11316800
12491820
7761750
10933200
6991110
9738144
9482940
19486656
9230112
6826680
9767688
11339595
10642500
15120000
10901352
10624320
7530555
13796568
6804000
11554200
9491580
10015488
6755652
15415200
10647252
10644480
8304140
9395838
10651230
7805700
11955600
6174630
8030880
10701440
7412472
13069566
8157760
20868048
11835560
9001440
12239940
7336500
11688588
8812800
7956576
8799030
12684480
13141440
6861294
10656360
10745072
14595120
10114368
7026120
10698750
7882560
9396000
8576568
8452576
7080060
10513440
8001000
8710416
9165960
8688420
9395040
15198030
7086576
6926634
11404800
16565472
5802030
8511300
8370648
13780832
14886774
10755000
9280368
16247376
10539720
12671064
6635520
11551680
10936032
11845440
14954346
5771088
12157992
11907510
15978240
7885620
17512992
10333440
13549680
8401536
10226720
17089536
7650720
7223589
7512232
6915600
14772000
11159232
7120800
9119385
9576336
8539110
8424000
13649832
8631900
6378375
8033256
5786802
16757280
14793600
14435280
7473000
4800600
8136492
6843645
14344824
7472608
15636000
11585376
18646784
6479550
14649600
10297233
11512950
15897168
5761566
11530176
7834980
6157425
18613248
6423300
11497824
6963030
8250984
6948000
6711741
14356296
8808800
10760640
10557000
12744900
12447000
8365032
12181104
8635536
8503056
6654960
8244288
12182400
6227760
6599502
11703480
9181200
6137208
13962240
11942160
19068696
20049120
6764328
10390464
6484200
10650366
27737280
12668940
12141576
12664188
13060440
8076348
16531872
12499056
7677216
14256000
9721920
6159400
11091960
8140500
6572664
12558240
9776700
10348884
9482880
14339760
17433000
10024560
8447500
8318700
6159270
16324000
17460360
9313000
9704448
6856920
8942400
7635852
8610450
8215830
7848900
9956016
9766656
13167360
12904320
15541296
10344960
8739360
9167680
9135360
7773732
10777536
8306064
7555680
13570560
10711440
14033448
12029148
5544000
9379500
12703392
25572960
8168688
11266200
9584064
8136180
10807808
8812404
19190912
7011648
10746450
15574032
9996696
12106260
8618400
10244880
6334200
9733248
11190528
12731040
11624448
11634030
19645560
9973440
7185780
7232940
20995200
14283360
8402940
12098400
6336324
7373220
7763940
10593828
7493888
12936280
19464192
11922960
9547530
12760092
12342816
7228683
7112586
9263700
10024560
14889280
8852976
8646624
10998180
12979008
20855232
12187328
7654500
5780970
12482912
8167208
6410400
7351425
9206784
8070300
9592182
7756380
7378560
9471750
5766120
6566859
11888856
11692680
12158250
6125625
9979200
12128040
13317120
9286326
17230752
5946600
9594585
14910912
9346020
15075720
10664640
10500480
10753344
8968176
7854616
5840800
15363600
13044240
9500400
10859940
8549376
18285696
10293840
11790360
7350480
10427130
10180740
15107040
8722890
13898820
16857360
13082400
13841280
15964938
7497360
12553200
11436480
14776800
17899728
17130960
6719760
6274224
16023920
10290072
12874752
12463200
12719700
12161160
13039488
7228440
14418000
8656200
11236500
8956008
12391236
7077375
8635200
9908892
10755000
7529280
10268910
11466240
8494920
7484400
6594456
9864930
13012344
19101744
10886400
6953040
7921152
10876680
10774800
13033152
8243200
22202208
7194540
14751360
16904160
11669832
9996800
11184000
6567917
10740062
15856896
10200960
13535808
13645080
11152104
18368128
12548160
9052416
13043712
8643456
12486312
15799464
7594200
10382580
9864000
13716864
11115976
10988460
8838220
6070428
8886240
8599770
11141388
14123970
8858160
11355552
16577280
6493088
10277280
17015328
8424810
9542052
9168720
7144200
12640860
10321800
7517412
7242750
7372960
7297344
8672400
10309344
7835124
15882240
12562425
8848800
14699880
11246352
6194718
11151360
6051600
15213120
11730840
7550550
7038000
6072948
7276080
8974968
8079750
13513096
11138400
7504331
11140578
9455616
9016000
12243480
8867316
12304016
6795600
6704100
13555512
10806048
7872984
10752960
10421952
11819970
8150463
17481600
9186912
12020562
9148950
11465880
7050240
9703260
7365600
13855272
20370240
6901200
13741728
11010960
9382356
12410712
5595408
10883808
13019535
12597120
12398760
6974100
7300800
8735688
7416000
7749000
13845960
6300000
9555210
11703888
5336604
13232970
11766690
16676736
13681776
12767328
9057600
12038400
9880512
19137408
6161652
10266480
20122560
11037000
20031138
14722128
11448976
9022800
7991950
11117952
10609900
17027010
15429546
18270560
9185280
10972800
8628048
10821888
9790470
6984000
7764120
18165504
10572390
11267256
12052656
15253560
7860696
8848260
8175960
7737500
10040760
10031040
13804320
12012030
7922016
10593072
8286192
13486440
11559875
12196800
10069548
5768700
8971200
9016800
5927796
7560000
6199200
12908160
8937600
10841580
11214540
13501800
13698560
6349590
9087894
12905568
9854136
8983644
16890912
11035584
6368625
10176840
9716112
7527600
13306920
7021600
8864250
14405328
11773872
15798272
6087294
8328240
8156160
8350020
6676992
11045376
5162532
5907734
8819202
14832720
13834476
9852360
9057680
7476255
8608320
7228764
10526400
10527900
10019460
11491480
11550000
9057840
20401920
21601320
11176704
13189680
10519184
11908530
10086984
10424700
15066000
10824410
9315828
10476000
11642400
9998100
10466820
9710280
9885942
7950150
10514946
6756480
8480560
14231808
13308120
15091920
8866620
12270420
8065824
10300266
7236504
14063760
9774512
6876160
7256635
8091720
9662976
8606250
10991520
11898468
17204980
10913172
11979900
5042520
10483200
18539928
13101696
10129280
10155060
16524000
5032553
13386240
9354510
6601056
7599825
11597040
7931520
13701960
9036960
8407080
7787826
10690652
7287798
8625600
11474640
7370406
5523147
10663488
8981600
20955780
8164800
9590400
11599848
9603504
9714600
17270820
20187296
21058984
7042140
8402820
8411634
14504400
14276304
8741610
7344240
5086335
17670960
12921768
9748752
8196552
11970720
8134560
8692500
24494400
11839860
8525088
10581975
14933280
8932032
8813610
10165080
8624220
6966960
8551170
17214120
7600320
11898900
10230768
13996800
11943936
14447160
8626800
9880360
8908452
15489124
9487836
22959936
5614320
9569160
7626240
12189312
8263296
16230720
9412200
8382042
10371328
11251328
8283600
12456540
20857200
7606480
18431040
7542000
6869124
7798680
9914368
11216640
7689168
9121728
10760040
9744480
7538000
13637160
6555168
11114364
8449000
12365352
11707200
9738738
8230992
10936800
11867040
8313360
24713640
10166880
8058024
7046136
13152800
11322000
14882400
22270464
20347536
9859136
13967640
9088497
8718552
16095024
14332560
7747596
6323184
11880000
9076725
11267136
10265040
6098340
5163048
9419904
7039224
9034344
6576000
7851200
8939392
24082560
7715232
9421272
13899600
18228240
12388992
15172800
12360600
8106030
6387822
8956980
5896210
13939200
6779214
12589830
7443810
10601370
7598448
12200800
14985432
9008550
8445060
12312000
6084234
11873520
5607672
12859560
7955750
5169825
5564160
13204576
13110372
11164320
8669440
13838580
8908380
8796662
5850000
15795000
9471960
6633248
8424000
9374130
8491500
10993320
11519940
12169728
13035272
5679639
8632830
12498948
13333320
13498080
7980900
9296280
10879456
12694860
7936000
7717530
10496250
9051480
10641456
11518416
8033607
9302480
16037280
22875168
13536888
15017112
13809528
10233054
11939760
10216800
15620526
7684460
11624400
8452192
15575640
10817100
10450752
10243908
10933056
6273000
8959500
16407360
10195920
8856072
9354400
10419840
9053240
12177000
7347840
5966800
15396480
11925804
13677600
13716864
10266048
8265096
8928324
9207540
6326064
10432800
22115088
6859160
8513856
9702780
12947976
9434880
8339760
7264080
7568640
9562500
12756918
10127304
10996200
8464896
10087290
6279000
13905450
7235352
11004984
7960680
9608760
13576640
9022860
7072020
16927920
13506912
7620480
10248120
15931440
20792700
4522112
7189884
11946816
9814554
17349792
9355500
7071120
7777536
8869000
9453456
12753936
12600000
9365463
14580000
14932740
10366560
8748324
10812816
14382368
11616264
10438680
9203970
7200090
10243350
12344400
13617816
5648160
7461300
6909840
11442240
8626770
8836256
11998080
5019600
17902080
6374000
10359360
8370054
12799776
13042224
10698456
10425186
8068608
9992192
8115120
9060480
5942376
14451360
10134720
14201460
10164375
11303712
7159040
13769352
10035456
15201936
6715800
10437000
7027800
7865088
8347440
9761230
5362985
8594208
7839504
13909104
8707500
10060200
10944720
7417800
8930592
7496775
7706340
9172020
10310832
8041680
9634560
9396240
9501120
10272420
8080800
9938214
14541120
10241370
5730170
7983360
15238080
8225280
10979280
10848411
16755552
13785856
27465984
12973632
13475088
8675100
9291588
10296450
6871878
7727040
10382400
14112000
11649960
13746000
13996800
16100568
9175225
10033632
11577600
8746740
17181696
10443825
10228892
9461418
12814840
6644246
9437688
8268120
8476452
7787700
18833760
10395000
6640032
10140000
11319399
9005580
9123840
8206740
11040480
5914260
8739900
9100320
5213040
10249200
8743416
12288510
20619840
17107200
8594576
6346026
5686200
6054048
15194160
11261268
6984144
10658592
14040000
9547110
7219800
6347754
8939360
8462640
10831968
14152320
8157600
8823360
15082200
5992908
14133600
8892000
9001296
6906825
17816464
5797008
8016138
11953800
11214240
10120968
10916000
7117815
9001440
9424800
8781264
9851520
6853920
5731200
8311350
8255520
9447840
10294452
8130600
8988840
10655360
12137850
12314232
12859560
6721290
14245632
9677640
9299400
10954008
7740900
13479345
15012864
8888580
6733056
8609850
10916550
10081884
14593608
6878196
13442880
9259488
9896040
6204276
9285300
9533250
5637600
12755100
10468440
13961160
10798860
5987790
6322500
9623520
5586240
7142760
12947840
15218280
12346816
16664472
7865424
12667200
9593100
9850000
11947728
10785600
9611784
16884000
13649040
12210240
8748000
6136650
9829872
12480000
8541120
8231608
9998856
7348320
21318000
9968640
10354080
10387440
10843200
14174532
8501418
6519488
13402800
7297440
8877696
7071120
10085760
19156500
13456000
10449540
7180245
10379340
6275826
9381960
8974350
7343325
7299600
6977988
7326000
7379856
11269440
8289216
7169760
12301200
6533280
11133288
6480810
11467170
8624880
10355040
9911712
9411336
11703100
9632112
9894960
7666400
12845520
14877000
11819520
10289624
12267200
13969072
9492300
7868718
7964325
7372620
32739808
9396000
11040480
7963221
10663894
12844656
9269001
5630940
10707390
7597350
8529264
10551200
12450400
12130884
17550060
11425752
10328472
8859600
11246400
12754608
8209740
14578272
14333220
15970416
26865640
7225680
12138000
8482054
15666486
9549900
11226000
9027126
7081074
7765296
15648000
6674385
6003140
11214000
7732608
8248230
13586400
6630000
11404800
5611786
7976880
8847630
14833152
6121500
11884320
11539192
8477700
8455356
15717240
13809000
10170300
11266848
10189368
6888000
14929920
10198359
11608110
8636220
9208728
7368300
12136896
9618426
11355795
11668702
8495550
13072520
13909320
5897430
6349824
10877760
11460992
13855248
7758080
9724736
9646560
9124704
10438470
7854000
7157241
17363808
15903864
9069060
11255712
7899840
8845200
10452402
7824600
9043218
12175515
13002960
14636160
9754020
8487600
14249400
9542610
8232822
8172783
12921768
9058500
7674480
9729720
16262400
16447848
7796880
15418416
16581664
8352000
15695580
14586000
14644800
8104600
15275520
11522920
8299200
6901200
13053600
7586460
7244130
10316280
11490300
5649075
26780544
6807960
6640260
8326310
14236416
8593168
9094500
22628160
11634336
7913772
7579772
6327300
9353400
10515072
7473400
10668000
10454850
13588560
11401560
9936000
10795200
8221350
15267456
11243040
7938000
6564630
10523220
14069472
10553616
10286496
13331952
7350336
6083640
12282192
9567558
25429824
7559350
7940520
8116056
11262240
9546624
7854165
25053408
9296100
7943760
9252900
14644800
12413960
8644428
14826240
6398271
11512380
10067544
14673312
7625904
11495880
7839000
13930560
10062750
7000830
7147140
9240480
12757680
10859640
21040992
6424272
8365275
18708480
7495335
15338448
10834800
22535064
7680144
9871488
7752264
6228630
9903600
12597552
12990480
10481616
5948190
9836610
6408864
10931760
17245620
10038600
7125216
8337912
17921736
9551412
9370074
10548495
8288520
6587520
10029240
14211200
12056850
14524032
7840800
16278280
8666280
14443680
9317700
8450730
9507520
6205760
8322048
11479104
9319968
8840832
9486720
8811180
10098000
7856340
11158560
14586000
8720220
8679960
8055450
11864664
7968480
6343560
8526900
11413908
8978400
13899600
14106600
9147906
7717248
7649950
7381380
11669676
8172180
10161780
9424998
24920640
12199200
13380300
12109440
7504785
8541450
9149976
10962540
7153920
7109496
14695776
7228440
7484400
8052480
11881800
9003960
16238880
6941538
10579560
15603600
8466570
9972480
15988320
14470704
10782920
14263944
9837126
8092476
7554120
10531620
10982448
6611776
12096000
5770944
8563320
9033120
12838176
8175200
12925440
8978304
7861536
17152320
17166708
13058820
11547360
13443408
6125868
13861800
14823648
12103392
11992752
7805465
11565312
13228380
8591544
11047860
7507080
10929600
13136256
12652800
12863934
10066656
13164768
10540640
8703235
17095320
7914240
13703184
9396000
10750320
6986250
12423600
14878500
6857200
11421504
15509304
10011600
12749184
19686888
11805750
21702880
11765600
13262992
8614320
14937615
7497000
16074384
7215600
10904688
10303200
13007808
7355300
16224936
17044992
7507500
7018128
13776000
7699950
6138792
10417152
7841988
9574656
10217232
11528676
12087504
7497000
11614032
13890156
10062630
8153730
7175232
7387520
7188912
7334055
8111040
11701800
10046592
8054838
9450000
10653888
13357120
11276100
9360000
17000136
14504400
11024776
10349028
12552000
15033600
10588000
6683040
17812480
10808640
7142103
5924100
12594960
11469600
8767104
8230872
10543104
6132480
10252320
11881272
13676400
11404800
5892768
9961200
9984000
8109200
9578166
8349912
10894500
11412576
15321600
8501598
7963758
10763640
9968400
10463040
7483944
10740600
5687808
12844656
14809608
18950764
5542272
9015300
13183236
11394000
7943340
5947200
9424800
22891680
9868932
16211712
7770330
9028800
12313168
17776404
6022785
16714080
6260715
6687225
7295904
11589300
13041000
13621680
12534912
7647696
8867880
11178000
8052000
10171980
8527344
7642350
8687250
7258524
9588568
6172200
11067840
10902240
9117720
15660864
7691922
9476544
13705632
10922400
5213160
8957952
8135676
15023232
14557440
16380360
10172700
21635040
10988780
9420800
11398464
11587030
10849248
7265160
13365000
12355056
9250140
6209280
5484510
7656840
10465560
18278400
8643768
7985760
12509088
8383500
7852400
8274708
9517500
11689600
7915968
14582880
8503434
15498000
7188000
11704824
10108800
10089360
10703832
8610840
9546768
7115700
7518420
7349535
9680700
21014640
12022668
13415544
7920080
12456000
11312448
12978792
16022160
7340400
9765144
10960992
7185360
12319560
10404000
13368576
7507080
16725852
9379557
7748838
13264326
17122560
11896668
10737360
6085260
9877680
5595480
7796400
7544205
7337790
7728000
8443050
18190680
15251544
13547160
12905244
8047998
10424400
5949315
6955200
5477760
7671216
7235064
8545824
10114980
30163968
7242672
20002752
12836484
18766080
6166530
7289280
7945560
9229440
11002500
11139000
11624400
11973600
9380448
10935000
5873280
8352000
11236320
17061696
11995200
7529760
6231924
16727040
10866852
7957440
15306304
11246928
12337800
6994530
12510900
10730880
7472140
10073952
8722152
15705000
10719702
9509632
9372270
9389520
11092160
8607600
7219872
23183280
12970584
7264080
11265480
12155220
10935000
9985528
7512345
8119845
7936288
23285448
9050496
8902035
9674192
12858720
9679320
6324174
14851200
18845136
11393088
8237856
10449060
8643024
7093476
13090896
7363720
7718400
10965024
9219600
6786000
6456240
10582704
17845920
9964080
8529948
11862720
9699984
8825652
10031040
10233720
10957248
10893540
5195520
14478750
12427000
13085760
12247200
8798400
7895108
8425984
14879808
23353920
12533760
8468856
10410055
13037436
12671100
12458880
15589632
10663488
8971950
13934592
6535656
17072640
6864480
6259680
6627816
13606920
6121872
10173276
6592800
11860992
10357984
7750080
6152895
6335400
13618080
20977704
9108800
8571264
9487872
8997300
9408960
7013888
14088800
6860994
9881344
8633448
13495168
14668800
12981528
11969568
7346214
7025166
8393760
12003020
8287038
7991310
12690864
8814960
7365078
10162260
11827200
8673804
9190400
9598500
28728000
11819520
10806822
8709120
8287758
10810800
11730906
8764686
10291086
10256988
10802480
15336216
9515880
15962184
6910920
13800000
6240225
11547360
9683712
10474800
9146880
9720000
8886240
7637760
9677376
6822426
18070528
6619392
16240896
12728448
6336200
8984925
10824192
8030772
9840160
7707000
9287898
8426070
15586560
8927820
20119680
9270720
8424000
14108688
6741900
8839770
13102560
7563375
7644924
11067840
5846400
10898496
12611700
6795360
7740900
7676370
9448848
6852996
9013680
7517400
21987648
8103564
10028925
10541940
6564600
10389870
6369840
6888000
11897280
10103940
7686900
10769220
8808750
9929952
12160512
12948000
8717184
15279840
9332028
18423648
8690688
14407680
5997726
11143808
9627072
10805760
14080080
6360300
11107800
9355944
8234460
9870000
6563280
10511550
9327180
13690880
10772028
8375220
13067800
8767440
8076500
9604629
10062360
9937620
7221708
14784000
11428200
9421920
7348320
6460200
10291050
11934459
13662424
10410930
7484400
7722000
11836800
13766368
11413080
14868672
20433600
6597150
8419950
5539950
7184970
13104000
11321856
11838960
8971552
9391950
6766470
7784640
10821888
10398780
5858928
10920000
13047840
9953136
10611000
13751640
7329816
7819470
15158880
8791200
5474574
9533160
8275050
14561856
11694592
6298560
9704016
12538800
8181250
9960840
14834016
5729328
7303200
4500552
5479626
6671280
7550658
22302720
12416256
10532592
7392924
14390460
12182400
7420800
6841920
7826900
11380320
8505486
7806240
9367000
5878110
15327200
8396460
8064000
12431232
12145596
12260502
15273000
8393760
18497520
10239840
14473800
5969052
9731280
11170800
6727784
12120840
8302800
6868836
5710320
6881004
12282160
12992760
10366812
9750720
11720820
8876735
10902000
9149400
8763552
8725680
7033392
12057780
5961600
13125000
11445000
7623200
19223328
14343240
11451024
11611680
11757840
6872010
11825352
9596160
10973760
11022480
14302980
18188096
8416540
11739432
23001408
14386320
7417575
7724808
12425760
11748480
10176192
8837568
10481760
10651200
16548480
6187392
10395540
12433800
11674080
12723480
12842480
12531240
22906752
14876400
11443842
10559808
6662675
19032192
10408500
10032000
16934400
17632512
9008580
7377480
11796840
9443952
9245280
8189280
14208000
11035440
9177300
9716640
6184836
9533250
6950916
9026976
11600820
6630000
12887316
9022815
8523360
12722400
6749775
8714376
7625688
11035440
10982748
10514790
10576800
9776700
6711250
10294452
9077184
10160640
10377990
11577600
7821360
16571280
6768720
8590320
17092944
10164000
15777828
17013600
11305008
9564480
6881112
6921090
11126940
13680900
9172800
10795680
14562240
10102482
8046720
10813680
9738960
7341873
12575520
12077640
14249664
8157240
29685760
9316620
9496160
13910640
7138368
9407712
13283080
5904000
6638040
22136064
8322912
9923376
6656400
11424240
8763552
7549836
8419200
10074240
8678880
16974144
8202992
7863408
9408420
11158560
13802724
7758225
8186880
7350750
7491840
13680504
9797760
7927200
9643200
9816900
10271880
4892958
12672480
8776980
8625360
8347050
8057280
13278400
14163040
20741400
10554894
9506070
8327178
10367904
8156376
13691832
12561120
12636000
16914672
7983360
10038276
13267368
8353800
7960680
17297280
11113200
8389920
8979264
11943792
12701760
6553440
10729656
9432144
6023556
12767904
7749000
5040960
5297292
10360320
6329232
8523630
7839720
9514000
7957950
7447500
9043800
9549792
8429400
8424900
8473860
12591696
11117520
8580096
13106556
7443348
10388700
8048640
7944800
15357280
11626530
15860880
8094240
13885200
10170600
10959036
6889500
11805000
5812560
8883918
8436000
10363608
7396224
15193920
10928772
7863240
8643648
6158040
14404032
10319400
10736000
5674564
13733280
8507752
8290860
7410312
7715700
10445760
14253408
7657440
9133956
6529025
5250117
16034382
8005392
8329500
14317380
8089788
13239072
7372200
11757312
12800592
10859184
7948017
15384896
9768600
12386016
8050914
8020320
8451000
8299160
11097810
12912885
12072294
8185320
18634176
17746560
9374820
9246000
7977690
13028652
14748336
15980160
10684800
8704800
8171091
9028809
10120200
7970144
7733880
5608755
11205896
7399680
6165180
12941010
9459000
6192000
9190334
10581372
9281608
12393150
7716555
8153600
14724360
8528960
9574400
8554896
11580408
6835104
9342748
17265600
6458400
9366921
8061120
8023575
10186413
7375200
5641110
18008640
13225950
5697468
19698480
12008760
10815840
7880490
10536960
9623340
8035065
12790404
9939456
16080000
8888490
9160960
9404100
8675288
10126008
9429696
10272177
8369100
17347200
10156276
10441332
13546008
7387830
9331200
15377175
8550909
11618964
12788064
10175760
21356160
17740800
11702002
14865480
6269440
5316480
18714006
11852064
6990816
6713280
10663488
13150188
9015552
11471760
12645000
6443136
7967808
9135744
10065528
10537344
8981160
12303600
7794360
8991000
10866123
9347400
11071080
11113800
13346550
7882560
12495780
8487180
17424000
7984350
8524800
9822540
18466272
9550368
8164710
5743584
8389332
6945588
12124260
11570688
5125086
12100320
10859340
10920000
6604416
13125564
11404512
5799192
10236600
9637824
8412552
9613296
20450880
9979200
8290800
7855872
7559847
7673400
11959200
8981280
11445720
8655820
9326720
9686140
13785384
11091960
7739550
10424160
10317240
9236916
7317492
8514921
9979200
15833520
11007900
6921950
13197816
14105480
8121690
10427328
17210496
16347744
9608760
14379030
11045232
8792460
8997684
7965540
9689808
10850760
13265280
10164800
11419776
7465500
16997220
10547680
12077208
13276800
9379104
12156480
13413600
10847520
11973888
12102300
8453760
15923712
15645600
5866200
8706960
6635520
10530720
15543840
8545320
14061600
7318395
18066240
10590300
10067200
6623904
11488068
7338240
11706444
6802110
11412225
8500140
12084552
13126212
5934368
12235104
11875248
5807880
8857728
17615160
13601920
26481440
12760200
14871600
10046592
12186720
9864288
12242100
13195248
11995200
13775064
14563696
7729620
14512500
10123344
14517888
8000960
7228035
10315350
9022104
8513740
7901685
11966976
8168184
8606736
6235100
8507520
5128734
10369320
12312000
13598760
8192980
7326900
14111496
8891712
8921088
8262000
13635072
8915760
8198652
12887640
8554140
7693920
9465284
11803140
13039272
6386730
11668800
7152540
9573228
4984560
12608784
10803240
14730120
15285456
6372135
10644480
5864400
9354960
4941600
11885040
13515552
11279925
11239524
8163540
10450440
12964200
12107772
9554760
8468550
12425400
8632575
8969400
9876320
9225216
8219070
10570014
11016600
12787200
9003948
9195120
6332256
10863072
8179380
8112000
16924800
5232192
11043840
12964158
8559432
16479936
9598050
9111690
11757204
9762120
8614944
13927896
13885200
8685796
10719720
10143900
9711250
13029984
11491200
14049504
13401168
7137450
10517520
8817600
6473250
20560320
11014080
8638560
12906108
10395000
9199072
8182272
15143940
8872416
9119790
6953184
9309888
14241744
6564150
14093124
8771700
9182992
5450200
14009760
9991800
12334200
13495248
11950800
10647640
15509304
12509640
21119040
6722934
13449312
7463988
7681632
14594580
6504030
8766208
8780001
10646592
9896040
8331336
8568000
16589000
7724796
7502880
12096000
15240960
5895615
6735960
10499544
7223040
7063740
7364808
10507320
13005360
7455240
11153700
10118304
8019600
7841960
6100000
7858440
10378368
14458500
8200035
8983548
9829344
7839216
10859184
5192580
17417520
6309176
5950000
11407680
8031375
10294128
11674746
8312500
8598384
9141360
11669328
7369536
8981190
11547360
9125400
14712192
14313600
9473856
6650775
13042944
7900640
13133520
8483130
7632800
16399584
10342800
12798324
7127736
13817736
6310348
8198352
11275488
12913920
11155536
7441920
10346400
6506760
9746100
7743600
7623586
12874572
8582841
21954240
6407856
9900000
11161800
10111488
11067192
7938322
11683680
17261640
9702000
10404000
7521380
6290064
7008120
15686272
12817728
7545150
10950192
7842420
7440560
7616700
7219050
7818096
7807590
10325664
11721840
6700575
15351768
8776800
8402130
4865520
27737424
13279680
18511360
14645232
8289216
7836750
11580192
6620400
10370052
8451000
9704448
14663808
18180288
7767300
11651040
9495360
7767600
8977680
11053504
9252876
7742520
11782848
7562160
10026720
15508808
15079680
6034409
6793200
5993892
16516224
12680064
6503640
6945048
8225280
13884288
6998016
10750860
10291104
12772080
10014840
18791136
12609536
8538048
8639904
7829550
5361984
8251740
14668160
9016380
9716112
10732728
10379880
9417600
7869312
9224880
8058960
10162152
9494400
6577200
7967600
12614940
8812800
10939920
12788100
8078400
8760960
8804316
10099800
7735680
9064060
7517448
10274040
9934000
19880820
12384900
9301500
21454440
12969000
16334160
13725936
9360000
8424000
12196530
15881400
8997040
6620160
8188320
19199592
18689664
5488506
12120000
15050880
11005344
7534476
11318928
13463172
9655980
5544720
7650000
10147680
15257700
8021040
8422716
11795320
10283520
10947616
7578900
8281440
10385496
10440176
10083975
15635592
8950500
5947320
10906740
9134100
11970420
12618556
5751000
7782310
12137580
11616000
8443120
17489472
7110450
8094645
17878860
9649200
11331840
10095840
10683000
11952000
14144976
9198720
20313600
8371350
9868500
17463600
11481750
10966032
8411160
10990260
9552672
10544688
12371968
10506672
10828512
11790792
8485155
11819520
8263314
8403264
6682650
9745632
12684600
14081760
8550375
9972960
7405440
7725876
7953984
8194368
9099216
10147680
9427860
15348600
11271960
14324472
11424240
15954840
10707840
9622080
12201840
10237440
9066324
8395110
16914480
11968560
13026240
13982976
11667780
12173040
15299144
12324750
12812460
8434611
7619100
7721775
7642836
11184198
8929185
9107400
8966044
6343850
10779564
5677056
8737065
10989312
7420000
11625570
7288512
10161180
7330176
6763662
8612460
7421016
8296749
8017125
7354800
7888608
11996424
10178784
5076825
10809162
9739440
11123904
10045980
10328400
9722862
9249088
10355400
9431968
6970914
14800500
7615600
11813504
8633280
10277136
6121269
6458400
13728000
12672000
9623700
6721475
6584256
18817120
8168688
5920992
10625904
11700000
12471144
9661680
8560440
19053328
13986432
11884320
10646208
7862400
7753482
16855320
9663624
10094040
11356800
8659110
11069760
4305420
6268500
14897120
13708800
8560992
7204500
11488428
7336656
13069512
8476974
8546580
8805888
8407800
7796860
7171740
13302000
12244284
7417620
8754300
11065680
6321280
11750400
5883768
6027840
8213400
11721024
6276198
8081100
8546220
9280224
21371040
14303040
15079680
14796000
7484400
8640240
6837264
9884160
7534800
13001472
10152621
8141120
5834025
10200330
6763284
5854970
9815800
9281664
17991168
11847640
10251000
9875712
6404580
8157600
7358160
10676100
14210064
8784900
10375200
17018496
5988753
19257024
10951200
11611200
6918570
12809022
7851584
9246032
5780268
9446220
11929410
11706282
8689680
10003500
11717232
10235520
13063680
6539130
19711296
9181620
7140960
12221776
8612100
8075250
12044400
16038000
11080800
9720000
7163756
7390602
9918720
10189080
11252232
12766896
10002972
8799030
15446760
8743950
8999640
10156752
10472220
5940360
18551232
13827840
10794560
16450128
11597400
10057824
15666720
6849216
11766924
11673288
7682400
10617336
9694608
22162720
13545000
25785888
11158020
8995860
10691604
8675100
7797504
8930304
18653760
5094765
8856432
13342320
7952000
9473760
10424700
8977230
8374768
8782020
9273680
9492120
8054112
6346050
6237000
13158000
9866379
11491200
7811370
9950850
6298500
6817140
11620206
7917120
7335440
8170848
9172800
11742570
11499624
8316000
10715328
8255520
13146984
15033168
7924320
10212000
5789439
6573060
7593740
14803752
7610400
14971104
10142496
10323720
9058140
8753976
10898496
7786800
14227200
14720832
6982528
24848208
8916480
13447548
8284200
9480736
10663488
15075720
14043348
7863960
10305792
8302500
11404800
14172300
12393600
6897240
9790470
7224323
14106000
11931920
10496640
11989728
11196720
6958236
6459330
10275300
9693000
8692164
7378560
7833744
15505776
12043140
14634232
8942400
8585604
7240725
7184250
12135696
8687250
8591400
10109700
8262000
17663616
9687552
18398112
11975904
14180400
16344720
8870400
8783124
10440000
10548720
12142710
7927920
14895200
20743680
10962972
8803830
8185500
14313267
14735520
14826240
8398080
6958350
9602712
9375968
12038208
15154920
14289600
9297504
20379600
11190000
14697648
6227595
11984760
9145230
18433440
12047112
14722884
16133310
17146080
15708060
16764288
8084880
17569960
9879408
6575712
10197909
10269504
12191148
12864150
10411632
11021760
8591400
11549120
12896970
8225280
8834022
10186056
5446080
13319874
8628000
19599120
8055300
11700800
8162700
13856000
8915760
11638080
16634160
9812340
6706800
6606360
14290140
13105800
14626200
15380928
16893360
14343648
8125920
8458380
10201140
12484800
11950983
18662292
10614240
8550360
14752320
19267584
7701642
9102240
14546400
10518660
11512368
13212400
19426176
7173792
16740756
9286640
8326260
8424750
8122608
14965740
8987112
14907200
17438976
8778618
8356896
7391736
11757312
22968360
8134480
10017936
11159856
9654912
9214560
14660352
11599848
8812800
6460254
14418000
8422140
8503104
9716700
5181705
8580195
9580956
14375880
11207808
10943910
9022104
14209830
11222040
10203264
9736300
6926010
9993960
8234460
16873560
7801920
9369120
8253432
13186560
8995392
11989530
8404032
11281500
7986600
9313920
24345152
12107232
11481912
14449056
9615510
7750080
9511950
7295750
6713010
10926784
6805152
11281680
9155700
6817122
6907680
7166250
11734900
11993472
11774808
15941889
5685135
11635650
7838400
17061632
13565760
15587640
11272800
14414400
8164800
9977240
8232120
10137568
11966976
14301216
9065925
12396132
7095816
12492800
12353520
21133312
10019460
8227400
7513560
9228960
9469542
8748000
9469270
11712000
13115304
6224445
11256960
9657000
8085420
13880187
9916830
12587904
14116440
9033120
10891260
11965120
9242559
16262280
14142600
5766390
11056320
7105762
7022275
5981850
6479460
8860995
7560000
6070896
13944960
7244910
12054744
8187440
8087040
13281408
8350944
14087040
8529300
7376160
14545008
11758824
7591806
5795010
8179488
9801792
8561280
9360936
9939384
10412064
9733248
6220800
8154240
9127518
17441280
11340000
10782720
10940625
11927520
12233760
13044240
11090664
13448760
12614850
8143200
7934466
7567560
10815360
12590856
11266992
7799760
17155840
10039248
9455940
13261440
9109980
8040780
7991104
11823840
9247494
11128880
12176304
10708380
7123200
10998180
12611520
9311980
7055100
7440156
8548830
7851168
26342400
11550000
9548352
8841798
13245336
12337920
8932000
10738560
12153336
8935200
15859800
8573040
7698240
20357568
17125911
9961830
10929978
10753512
11391840
11373120
7538670
7102980
6651990
12831000
8181081
11304930
10688256
6790827
7180800
11404008
7233600
11303226
7776000
6447168
10340880
6043940
10479672
9354150
8981280
9438260
9039600
8285112
18887000
13355880
12646656
8942400
9720000
9266400
9377280
10679040
5869150
9478560
6865600
12465600
17033328
12620256
8561280
7469560
8923200
6162156
12558240
6227550
14432040
11846576
6628720
15642072
12477360
10978740
9334068
13224066
8891340
8709525
6237000
7272990
7721280
11314350
10211544
6426660
7934436
16329600
5845400
9834704
7640253
11130240
8498952
11310624
7213536
7483560
8280360
8574120
8299800
6866160
6753456
11051224
12103952
19872432
10038756
10031040
12637188
10727640
7300752
13845888
12470724
8457740
13871100
11936160
14354496
9047808
8262000
11483856
6614564
8751600
12247200
12885600
8652150
6127200
9445896
7015644
17978112
7933140
10611288
6342300
14691600
7391250
11689600
17331840
9273600
10973160
12877488
9619056
7687008
9207912
9853200
12282000
9816576
6539124
11610720
13554200
6481590
11181240
9827250
10344000
14974464
9253440
12634928
8116578
5791968
9666540
7337000
8463000
14433408
8643690
6676434
9665760
9385200
8950500
9823680
10252928
8117160
9749160
7448220
9102420
11565585
8677620
12190500
18506880
11244096
20847816
10065120
7252200
10704960
16128000
10977300
10490480
9944880
5798205
7160400
11309760
13000512
11475918
12495600
14069880
14103936
17120376
12061840
7036092
18746640
12320512
5991500
6384420
9900120
17056440
7806384
15565056
10256220
11090412
10316880
10183320
8869056
5936112
8151840
9655830
6199200
15795000
12411360
8610840
5936400
12825000
12344640
10103940
5992560
8865030
8535375
18285696
8001504
22505472
9030366
7351956
11086980
5693670
7679880
16500000
11245564
9222480
10720512
10615752
16923156
7890480
14074560
14051520
11061900
13124160
11682048
7683570
8123400
6639840
10534050
14165304
12080640
8944380
13015080
9357120
7563630
6614280
9469440
10483020
15392652
8588160
10608480
19958400
9122688
11127996
5812560
8265600
10865720
7911030
11488500
10565280
13914000
7196364
12762600
10376964
15672096
12567360
7466904
7136640
15440896
12994432
8267382
7527600
8103420
5385600
7050750
10683240
9498624
9363528
6481930
18495680
7980885
9679662
10261890
13240368
13780000
7380450
9623952
10136250
10343088
11534640
14417304
12908160
11008800
20384000
9414360
8537760
11627252
12137400
10641456
10318000
7061766
13452480
10572028
11120400
9661788
7345800
12342204
11009600
7587675
7213056
14086800
9831780
8823360
16070304
6940080
14228120
12598272
6368544
12347160
6133806
9590112
12088360
10257400
13010400
6241536
16536240
6658740
14445440
9871056
15116544
10549440
10929600
7374960
8892990
12515472
11893392
11976984
29927616
11884992
5828874
11500160
9781200
9634352
8574216
12989664
10274260
15831612
10142718
21750912
13625568
14517336
8201856
11213640
12141700
13789440
9161100
8365896
9596160
11611368
15273600
7076160
9133760
10069920
21345120
9270720
10056600
11276928
7822170
7443450
9529536
13438656
6084096
11097832
6087024
8568000
7523280
14704308
13021344
6583050
15285420
10418682
11792736
5453208
12911280
10603200
9165600
8505000
8205288
12521520
9477000
6842880
10087708
10745328
10240020
14432880
10587825
6864993
6985170
24229152
10374210
7929900
12742920
10361520
11119736
9754432
8258040
8913240
7164747
9405420
5886000
8994240
8921390
13129984
6737780
15985680
12138036
7895160
11922300
6858480
8995050
11333224
8675744
12521250
10935000
5184270
7070896
17125344
14439936
15102720
12806640
9037056
9544050
8044400
16311456
7545150
8213400
6200064
7501896
11421000
7159500
10636920
14054720
14188608
12021696
13287198
15054336
5940900
8483904
10279528
6080724
7783552
10200960
8634816
6913368
17147760
8051850
11414400
10548792
9857676
14035392
19173762
7355124
10018944
9099360
11446272
13095360
12697464
8140206
9142200
5915507
9515070
12900384
8133840
9225792
10060650
20812896
11704500
6975810
7946400
10806696
8343360
12557376
6501870
10938816
20009136
8796480
13743696
9828000
16621920
8895808
8098596
10198440
9024048
25559712
9273600
5412600
6389604
7249596
12010350
9729720
14798112
12914964
6266966
10326096
8696976
11003580
10565280
7816176
6724995
9421920
10440176
10627200
7697268
7530084
12487424
7719088
8625000
12463920
13436280
12150666
10122624
12752640
9382230
8791860
12778272
6662700
9634788
8246700
7574000
12363624
7960680
9567600
7030962
6441120
10676544
10311000
9220608
7482720
10095192
6905050
7829640
6259680
10885760
10972800
7293440
12852000
7882560
14887854
10349400
15969960
9255600
16896600
18703872
7809750
14901120
9957168
6085248
9211500
6850800
10441080
13410441
6147900
7299375
7050400
7368750
12234516
13435236
7543935
11309760
10732800
9167256
7499520
10663812
6666057
7840950
7970400
8414940
10395000
12172680
11566800
10877454
13672800
16891200
7944642
9945000
10462200
22238280
11415789
10362624
10609380
10750320
7237860
8109585
7634574
13097100
5919075
6908664
10441332
9723600
11012496
7411824
11324880
8106660
10768140
7714190
8449920
8741745
7058355
9555840
8833440
8154000
8373024
14436400
6307308
7433568
13172544
12229704
15619296
14558850
7604550
16811856
6127650
8860800
13280640
7672320
8060763
15600024
13323024
13957920
11531520
7113582
14793408
9110880
16757216
18552320
10818000
7044570
7939620
5585265
5952000
9168420
9116352
14188608
9815040
13584276
12230200
10166325
7051968
10607436
6282900
8423200
9832680
14358290
11069136
12684600
9022104
8658090
7632000
6817888
12830400
16423530
7422030
12166560
10834560
6635520
16525200
10333440
8588160
7017120
8226160
6726720
19504800
10974528
18165600
9839232
11823840
7534050
7762392
12653280
17255952
8939472
10469340
9710976
7838208
7761096
10645740
10494750
8797500
8876142
7650000
6429213
8635005
7965000
7281576
15538770
8986040
14461200
9514284
10464300
11058768
19470600
8806200
12929760
15751680
6845904
11768988
10218150
17110880
11528244
12817440
11280384
7523140
10655064
10019160
9485184
11275920
8569800
9139710
11731104
6984432
6899040
13733280
8807040
7690464
16388640
11119680
6953475
10505214
6440400
10298070
14851200
12668448
16572920
13787136
15649200
8752374
11426346
7305900
8524434
11688820
17812080
11564604
6632280
12353040
13087800
8820056
10665270
6395200
12912048
8106480
17052768
10265600
10252440
14407680
7954200
5598720
8722098
8610750
6175350
11566800
18374400
10343376
8100000
12491600
12402180
16381440
7484184
8693640
14660352
12409392
8995392
6683040
13974480
11134260
9159360
7235190
7940304
9975228
13975200
10684980
10783360
9626634
7990650
10822032
9175800
7303770
9162072
7451080
13953120
8789550
14541120
10986480
9520200
9130392
14129640
15521220
9498060
13343424
15436000
14152500
11007360
12298488
10281600
14188608
8582112
18626880
18360000
11889504
13340700
10361520
8025600
10493496
8655040
9618750
10632832
11982080
10973184
11945664
8550360
8706285
6795360
13318200
14258088
8102380
11905920
10737252
8599110
15444000
8842176
21485520
16721280
10295600
12120640
8687160
8395920
8331700
6577632
8390304
14310912
13575744
9945900
7906860
6595992
9981873
7768150
15902560
7193772
17197930
15275520
13861152
11757312
6856095
10725912
6088905
15227568
10886400
17772480
6160000
10653084
9585408
8039040
14545944
6784560
21036600
9137916
10460700
13733280
13572000
16016640
12761496
9482400
9508028
12858600
10988640
12204000
5544630
11547936
14599488
9355500
12194028
11600280
8087040
26036640
13790400
7278720
8255250
7935894
13825188
12765276
12255300
9362160
8412612
10198080
10813824
8862120
9359784
8743632
10782855
12182400
16154400
7087878
11716488
10879830
7239780
13529520
8763840
11389680
8204560
11228160
9517500
10497600
9097920
10570500
9987300
15730848
7761600
11170848
6907950
9467640
8148560
15984864
9846792
9140560
24625920
11262720
7132440
9858492
14933160
15378480
12238980
18123264
10773000
8983440
7958592
10182816
6619770
8616636
13319400
7232004
11335050
7702830
13559616
14061960
10668160
8687493
7873200
13542656
11256960
9889770
9126000
10668672
10155600
11223144
8179200
6512688
12828900
12973428
23856128
10016250
9802485
14539932
9058400
