10091250
9986328
7448320
10859184
7293000
8667810
12618000
7672896
7492500
17028000
10355040
7611732
6722352
15545664
10322468
11603988
7646670
13005612
13571712
6963840
9031680
8027184
11314736
7934400
17339796
11654490
13911336
9965970
9620100
8667648
8893152
11816640
13058496
8071488
8763750
8745360
14042640
7840512
6352416
9643200
10266750
14058000
9177560
13439100
9524760
6636096
9379170
13594320
9960300
13330800
11308416
7620480
6720675
7299390
10118712
11643048
15131200
12870360
14648764
13410240
12587760
8392815
12312000
14053152
17004000
7229963
9334890
12833088
16765056
9598500
16997760
8202450
8230410
9992472
6638280
6289800
8609328
8057070
22354976
9951120
10018800
8002400
8394480
8056422
11019480
9675720
9593130
5459714
7590000
17931240
6459750
7910280
12483144
18452160
8975520
8193600
12220176
7485696
12774600
8777808
8424000
6774840
12408912
10747412
6142110
7412256
10978617
7039872
8529300
9335790
14829480
9652368
7027605
13722336
14801472
8632000
20429664
12506304
10925088
7646400
6748560
7359012
22541904
9192620
17909760
11016000
9828000
12604848
8686944
10487640
8693640
8468460
13639428
7576917
12411360
9184896
11672640
9584568
20005056
7017705
11574576
8090928
10022400
10045620
7983360
13297680
15221520
10810880
7020480
10438912
11990576
14863168
13286656
7133000
9998142
12947472
10932768
11226600
15736560
9066600
10343619
9400110
9819630
10389384
8601264
10943430
10814958
5945940
14446080
8562600
5126976
7829460
13716864
11330880
7574364
10585080
15865200
11822922
10510080
10085328
13050720
7581600
7763346
14556672
9655184
10846000
13556160
10201500
12127104
11548800
17012160
10872576
11505600
10400000
13696512
25898400
8444128
13108480
6297600
11031128
13790304
6546605
13087008
7723950
9590724
8682390
7710768
8541450
10636440
7784640
8237925
23088960
12492144
5486250
9915750
13399600
6696864
6145416
8822520
8746574
10139760
10107552
6918912
12185856
12326904
12721620
10212480
9724860
10903000
11707740
9894600
9729984
9049320
6525560
14790408
7179870
12018240
13848642
8577792
14089464
13153500
9384255
21794400
11291400
14133504
10616670
16007472
12065040
5938560
6843200
9380124
21191520
13240500
11091600
10819404
15539608
12440736
6633200
10811070
19070064
9188084
9267148
11285568
9837990
10609280
8026380
9789480
12191040
6344750
5440000
9305280
5287800
17541144
11882460
16192170
7631262
5499270
9243360
12062520
11300000
13608000
25384404
6289850
8942400
11658940
7663500
8847630
17216064
7882434
9528840
8243460
7911918
10456020
7540000
18251730
8756748
6379725
10371564
9378297
9898200
11341404
10308846
11053395
14567800
5922678
10330320
7361280
9547200
9408960
10740600
9916416
8024940
11185408
8464176
14716800
8925640
8456208
7485296
7637300
12628800
11809800
12387096
12051072
15912000
8518356
8120805
12168000
7014624
10473840
11744892
11809800
11000610
9259014
10854000
12176640
9991308
7731612
7623072
11390544
14041512
15221520
23368608
8655108
8304120
12627225
14415300
13445028
12232044
11671800
7847280
12585888
11622600
8272800
10815930
7318260
13693680
11057664
18633600
12840300
7215750
9009000
9601020
9139392
15251040
20349856
8460900
41333760
12757680
14210640
9393300
7069920
14757120
7969500
10060000
9264618
11550492
11079612
12668400
8256300
8169660
10515680
8249400
7054830
8393760
8271720
10085040
8223336
11522940
9292038
12852000
11805696
11045580
8412696
9522198
10550500
11158312
5768700
14018560
11309220
8161296
10070800
9319968
14364720
8791860
7058400
10409024
8349600
11829564
23060160
13374720
11477376
21230784
8210048
14261940
7631400
9680820
9626760
13343616
12065760
8584800
9867200
8452080
23155200
6549750
10014700
10575360
6804000
8974980
6910380
7008120
8654445
8727936
15689700
9938160
8941500
12936320
7252740
10240020
7357140
9289280
7913376
12727560
8350452
7214340
14878080
11104686
11167200
11827200
9768600
7414740
12530700
9132750
15165144
5784534
13624408
8455590
11499840
16038000
5140600
15289560
12355020
16097784
9943560
11919600
13223088
5047920
9981180
11786472
6309495
9102198
16400376
7702020
14044032
16743600
11279250
9898200
9353344
15329664
14713920
8006121
8883280
9052800
7657556
10778484
7394112
11345528
9733400
8082378
14174328
12260160
11385036
7699020
8296992
7974180
10190656
11908296
9506616
8958600
13896000
11930625
9271416
7770330
11814048
11652624
7265700
11610540
11645140
11675664
8707400
10358400
9076536
9302400
15649200
8817120
10237536
6594480
10595900
10204740
11047920
8803800
22078512
14932440
9299880
7042140
11870064
9115744
14300400
16611712
10334232
8738068
9809454
6537915
8828064
10635200
11525490
9235800
8251875
16516080
8052696
11291060
7408800
6801080
7407720
15454800
6755859
11926080
7456941
8870400
8880300
10249200
8866080
14091408
17170272
12920040
16852968
7639632
8695512
15231456
14837580
10167740
12862800
6132294
23806800
7446761
12428240
9595404
5923413
5431875
10454400
9501300
16675848
11524032
10090080
14169600
10543680
15756960
11571840
6120000
9525600
11825040
6710160
17554320
7702500
16521552
9152676
10244520
9371700
11461632
8650044
8341920
13677984
11576448
7833600
13513000
26724672
9538236
9315000
13295880
12474000
9702990
13027492
11160432
15550920
5583168
17790840
8977176
14336712
7105320
9270450
14688000
8569000
10089360
9668070
19141200
6081936
8273784
7925400
10831482
6206255
6986754
11544584
18935616
10724388
8299104
12733200
19318176
13880160
8703378
13273570
11531520
9062200
9185400
6189237
14158080
6881784
13552920
17789760
9002448
18943200
11098314
12542040
14677416
9670680
15060546
9307410
6105888
9691326
9717012
11392380
19103040
7210830
10447200
7146720
9491328
11138400
9424800
8575632
12813696
8541450
7633038
13194720
8925000
8213400
9631224
10535616
15600000
11194560
9799056
10120320
21716544
17493392
11868120
8687376
13751856
8847144
8040150
10905840
7427700
12263094
11632896
9748662
10031040
10768140
8755200
12631544
6977880
7946736
13233888
10073700
10103940
20411104
12331260
6882336
11550600
9366726
6271065
15384402
9580788
27113616
12862080
10557000
8034606
10932912
8983072
12407580
12278784
10614240
11898432
8489460
7272350
11880000
15064884
9523656
6616890
14332032
8330040
8592480
7042140
12150432
7939566
11233200
7763760
8096004
10634976
7008120
9668736
12837288
17550000
15110880
13356000
5193216
10575000
7113582
9477000
11858016
7401375
6548850
14730000
10684800
20443320
5971950
9592128
8287272
11132430
9131805
10473840
10147680
8098650
9715500
7334340
14528760
7465248
6265350
10982400
8798328
11037582
9548328
10211400
6688800
7542360
7877856
9235980
8945640
11430720
9996480
16670448
7317450
14293260
8617320
16673328
7687290
12138480
8228250
9804240
11641320
18869760
15034002
11919624
10168200
8435340
8782863
15166278
8703936
14304528
7024185
12677784
8100000
9621630
16602138
22611996
10097696
9713088
11991672
7683570
10037820
16294608
8414872
12846600
12910824
8291160
7572870
6255882
11554900
9315720
5921760
19103432
5166330
15396210
7545600
10249344
13050660
7577031
15161040
8624070
11178000
8908380
8973180
7107456
19459440
5889429
17240400
11978676
11840472
7206520
9824580
8113170
9301760
9085230
5343120
11921580
8773380
15928320
10664088
11592000
8475840
12883248
8162550
8818992
11958688
11468600
8131266
11768706
8427240
11589480
9410592
8423721
6879600
8872500
18070848
16206696
10351800
13118400
6338556
11193600
22619520
23329920
10367460
9274056
9348768
8505432
7497000
9213750
7715493
7150032
9296280
10454660
13253130
13962504
7218240
8348130
16913232
7882560
17966592
7974108
12707280
11333520
9963000
11534292
10760400
18004392
20552400
10806840
9918720
7870464
18427248
7876440
10618188
7253220
8295120
9131050
11424510
5756270
7873200
8897256
14869008
5974020
9493200
7824600
9199008
6355314
9502140
12019216
8991180
6127200
19405440
7049322
13789440
7947450
8718192
8066340
11719104
9676083
6966648
12063096
7512750
8451702
8762328
10300160
11690730
10757736
7915050
11274090
6166530
12941100
10318440
13427080
8980395
20467200
7610535
23341248
13894848
7848876
12366000
8950500
7644240
10515600
15524784
9267500
11126874
8300808
8259146
11608840
7153920
9539550
9917664
15002280
11848320
10026960
12508992
8780184
7998480
7272720
13390080
8560170
8705952
12907755
10571850
11952864
21084120
10701856
12194100
9650784
17662320
11126808
8078292
8526960
6153840
8607060
8330784
12985848
10856754
11202048
13791360
6272640
6940080
8692272
9703800
12191400
6695136
5650479
13271100
7097112
12644352
8527680
12420128
13743680
4875264
9795240
15144960
10428480
7503840
12310584
9431868
13588536
5934432
14253408
11242440
8460045
9378288
10089000
7335900
8171280
16447200
5983320
7650000
10476702
6224880
6971778
6285300
11692872
10476216
11118240
11318400
9792000
10609500
9979155
11157300
10483200
8110125
14850000
8118000
7936380
21243168
8528256
9630900
10406880
9325944
9665136
11392992
8540154
10871640
7209000
11483550
9380780
6314750
21587040
28179240
14250600
10665600
8066250
7400808
9248580
8154594
7357500
13371520
10410444
19373160
7624773
6629337
7543800
21798720
10962216
15272400
16167384
13680576
15427328
10259172
8514720
5875740
6441120
7738350
11568960
6681285
6845760
9366840
8625528
17770848
10589400
20009952
10967140
10079664
9966726
7118500
7452900
9517824
7174656
6480825
12776544
10633194
7245000
12783600
9635000
9585576
11438280
10330200
8446464
14797728
6518475
20921544
20014984
12070080
7270032
9012800
26920512
5702400
12046320
14014512
5987520
16133472
15033040
5994324
9881352
16013832
15054336
10301496
9994104
10981020
7534016
10959696
13539600
8199792
10139940
12117600
12199200
13308300
9486400
6458760
7383960
13742460
7160022
8475300
15223464
8725491
14107824
10676250
9893556
13653120
8692110
8607060
20019600
6804414
9670320
18145800
19181760
8147220
10130400
7897500
11294208
12391400
12711360
9945864
11117600
9695700
6648840
10700100
9448320
8682240
10123380
10665600
9741072
14395500
10940400
11989188
14763600
7900200
12923760
9742680
11566800
6137208
13880160
16288752
10137960
10886322
7144800
14580000
8093700
12682656
11350800
8089640
8476812
10555140
9376290
16213080
5745152
9974016
8656956
12271500
13230000
9987300
9136800
9523656
8599950
10009550
9832860
9116760
18233856
7560540
15771360
10057500
9094680
14480872
7672437
11889360
10811502
6209374
14763600
8696100
9832320
11004480
7541424
8822790
10602900
7894650
12420000
7425600
13355712
8579670
10117872
6885648
19288000
8010090
13728000
8456400
7670016
10928250
11319480
10706904
7759436
9754128
8635584
13416300
13894200
9246768
10011708
13423806
8756100
13483584
9973020
8937118
12611340
16883712
14742000
7315542
8572608
8427240
9584190
20561040
10716300
11210400
31458636
6995772
16197760
9328592
9922662
8078616
16621200
11567270
12222900
8040384
11117280
7709910
11793600
17659290
11419380
8624880
14170464
11952768
10355688
10557339
6205248
10048500
7904556
25111248
16185312
15510528
21463200
21663744
10287940
9337680
8480350
6018180
7665840
8550360
14535000
8136000
7984425
11350000
8923590
6302832
8002800
15209350
7871424
10469760
6581184
10477632
8787366
7525710
8469360
8637900
29035584
4944920
8463690
6644960
12888720
6669000
12864240
6693750
8678880
9003150
19748040
12402720
15800148
22487040
11634720
10768680
6633900
7446760
6635655
7511373
11137176
9235200
5305950
9623880
8437800
11642400
8998290
12719922
7468524
10061892
13995720
7551360
6756554
8254038
7391292
6513584
9132288
8996400
9396800
8563200
9003150
13697024
8523900
8761536
9925722
11429262
13919040
8245338
8924286
6749760
7233543
9028992
9855000
21340160
11239680
12937320
10342326
8186112
8971200
10986624
12553800
15268176
12830400
13398210
12874752
9663822
10335468
11808000
8084592
7046280
9450090
7515600
9671040
11319048
10612800
16177824
8166960
12067240
18069570
12252032
9832914
9513504
14490976
17521800
10081620
6728400
9235200
8832720
9928944
8174520
8592480
13007790
10463550
9213480
8859504
8790030
6958192
12531456
10481744
13578000
7598772
30514176
10689840
6473250
7522800
6083820
7074450
9864288
6638490
14790000
13584780
8038800
9690000
9599680
8656128
10272960
5889096
9386604
7025760
24208000
6241050
11714304
12073776
7817200
5713461
15642800
11711592
12279888
5376618
11070000
6435450
13054800
14677920
9132480
7358274
8012700
8506800
9375642
9047808
7418790
8967900
7085100
10902960
11220840
10135320
13398000
12918640
16038000
11761200
10187046
18017280
9640128
7786240
12816000
5776536
11003040
16227856
7139808
11112640
9891840
7270200
10940400
9722430
7337600
7577280
6356868
8937700
15305355
6836982
6227055
5844600
6725025
8507700
7352840
10962944
9363384
13746240
6427980
9841920
13818366
10697076
13082724
13269984
20976768
16422912
11588736
12542464
9195120
11207040
5361216
8311088
11527560
23221008
8252904
13628076
12809160
17161632
15762672
15348960
14280000
13657392
14504400
7348320
18532800
11445840
8523900
25005600
16002036
16519920
14370840
9991080
7800250
10957856
12843160
8091160
12083472
11136204
6241050
6477927
14351040
7358400
11351988
8138880
11842200
17535840
9844880
12089088
18456336
8966700
9071370
9430920
16690680
10810008
10197000
8118090
7257600
4829305
17378424
9163272
7068600
6496040
6141375
9510480
10550088
9635652
16304904
8403360
8775774
17219952
9502056
13951764
12124728
11877888
10176600
10657980
11550600
7540380
12382656
8376210
6664680
14742000
13830016
13708860
9081072
10278900
5616000
8789202
6912000
12111360
10376280
7107264
17597952
9038406
7642080
16333088
8720400
8866368
6550632
9801864
5509275
10661040
9608480
8552088
20752680
14664672
7608816
8102640
7902333
13880160
10373184
11664960
7810560
10742400
17468452
10366380
14364000
9576000
16228800
12538800
8078336
11694810
10938780
11189640
17250624
10801188
11600256
11259000
15314832
12900384
10953984
8743950
10677240
9989700
12976200
7188480
12448656
11505000
7724416
9547200
7481565
11843808
11327040
23417856
6508176
8594040
10869120
5890654
7826868
6454107
14982912
8901090
10895640
19686888
9172800
6414240
15212032
8833536
12457152
8493102
16228800
9585000
7787520
12625920
11444160
7254000
11135000
10402560
8190855
10410120
8287515
16383360
17527104
8725808
9356256
13169520
9058950
9163890
6402798
10797584
8654400
20857572
18176400
17340480
8346240
11866880
10266600
8441920
13603308
9276930
12945744
12772728
17821440
7071948
11575872
13478400
12955785
8933400
11803920
11303920
6644736
6192000
21233664
9656136
7728000
13376000
10335510
10954512
6451380
11540000
9136800
10715760
8144640
10695024
10162260
12856320
6265350
7785720
14864796
12023424
11673600
11635800
12619776
14788368
13596984
6787428
13438224
10474230
8748000
9207280
14025690
12737520
10238292
8446680
10216000
9674574
10185458
15815904
7677180
5963148
7967808
9270000
9923220
13174800
8571720
9148200
8413380
21574800
6905520
8168880
10515360
9154080
15510000
13878240
14290104
12078720
8197200
11224978
9402120
8963136
6710184
8366064
10608360
13523220
9702936
16008832
10179000
8259300
16991352
10859994
8403372
11077650
11983728
8920620
9582300
8096112
7628448
8101632
11438460
6130320
12229776
17331840
9664800
18639180
8784936
8752800
14008680
11835000
13416480
9289280
11118600
11115450
9062550
7913376
12192960
7741980
12281568
9363600
6675750
8061300
11090664
6345000
9321318
14218416
5332096
8412960
13443408
16791300
9625680
9001440
9278550
12314400
11064960
5750800
11377600
14908572
5869710
9613080
7116876
8311572
9407664
10617144
14195088
6023160
9743400
8057304
10405120
16666416
7593040
8997318
7798860
12119808
11727072
9408000
13123116
8284416
11227320
5816286
7946400
8875272
7445844
7372620
8593600
18547200
6014736
9674496
5868450
10224180
9986592
8663166
9266400
15852064
9491580
8882100
14968296
8938440
16214688
21497760
8265138
7366626
9045190
13466250
12218580
7668000
13344048
8514720
8782992
9703800
11132640
11812080
9354420
6206928
10296720
12781440
8062740
6600950
13278400
10332000
7633890
11058768
16514784
15270912
10344510
12682880
11165440
17233920
5587968
9892800
10077600
9448860
10991760
7268940
15125760
9761400
9898740
17040672
10889400
11300256
6833970
8314247
7807488
7389900
9274536
15022560
7425000
5738810
12900240
10893960
14688000
13006224
14798520
10282800
10090332
11415168
11257740
14376852
8871174
7092360
11673728
6699555
6607440
9394515
18026624
20785240
5385036
14683032
9561480
11163096
7018992
10452960
6648000
14100480
6855192
9979200
6155775
12186450
15195000
12085248
11400480
9282958
6368976
7835400
8287510
10022400
17054400
15467040
16971120
10465320
9588990
14081760
14158440
10201680
10065900
8067750
11596992
10087740
11539584
8106150
7296600
5941056
6748485
7155783
8072724
7726122
6050610
12777600
13595400
8280384
8668026
13047408
8509536
8378216
16274304
11736576
9644000
11440080
11403540
8501760
12178782
10628820
7790445
8707176
8541072
20072448
7561500
7304420
14904648
13359960
7651800
12426948
12613986
8811180
9346176
12440400
10124928
12718080
9406950
32685696
8946288
12085776
12968256
8989992
5875125
8948700
8865537
14112000
11930220
10698000
7814730
6115200
13240260
12395592
9918480
18127200
6727266
17131920
12968688
10170240
9420120
9367680
11275200
8121690
8442000
10437336
6031440
13716054
9801568
9651780
10107144
8258562
18140904
7756560
6396975
8001822
13692312
13940424
7274592
7730088
11230740
11488392
8154432
11092464
7010880
5349960
5957874
7712982
20835360
7020000
12820896
10757124
10036800
11558556
8506596
9845550
14357520
10460160
13525200
10404828
5640612
13042512
16637152
8328420
6380640
6018840
11092032
8760825
8239539
14169600
14966800
7868772
8336020
7821000
12537936
9440550
13063680
18485280
20079792
12009312
12646640
8303760
15025440
7314300
11683260
10512288
11491200
7341408
16156800
9884106
15189840
9663726
9463500
7862400
8175810
8500140
8201250
10056384
6882480
10214400
12286080
7050420
6985440
12395568
8672400
11174760
6467040
8933760
11907000
12175653
6288320
13219200
7766928
12742920
7791600
8875836
14316480
12536832
17692668
12393000
7279380
15879240
8834560
10475910
12260808
7801600
12830400
9979728
12234339
6998640
7746840
9638838
14926560
9658500
9593130
8157760
12117600
11648196
12464328
9422640
11447568
8449425
6572205
8168256
17394048
11551680
9654876
5752440
6791850
8699700
8311464
16718400
10284150
6949480
10090248
8660512
10888704
12588372
10192464
9414360
12379968
13173888
15610320
9348720
10558350
7732260
13910904
6703200
10848600
13622400
5937498
11265480
13020800
9360180
10981656
15774640
14152320
13437600
13128480
15618096
7953454
13063080
9718056
10049760
9442440
12937968
7315380
23337600
7307496
11978820
9055260
8220690
12828600
12418286
8731800
11472000
12685860
9193600
7746030
16339392
13510000
14008680
13433760
13112840
9433476
8957844
9919584
7439040
11721024
15014400
7553664
7121700
10441584
10178784
20539200
13122852
12742920
9849600
7879872
11131500
15363216
9520896
8004420
13503520
12723480
15085440
9889200
8149680
8246880
7033380
13979700
9633600
11136870
12172680
6942690
7046880
12315000
8940375
24353280
4957302
8551170
11414400
18239220
14811136
12444354
5558877
8857350
7734456
14521536
5500560
10176400
12766410
9646392
14865768
14226240
10012200
10369296
10881816
6824520
13175136
7026822
9920124
14526864
10798230
7552212
12439608
7761600
11098890
12412176
10719360
7090704
7576254
8524416
9695052
10241616
8678592
8208200
15195648
8573040
11476080
12051990
6804000
5701248
9933840
7323000
14935752
9129600
14063520
8944680
12765600
10436607
8760150
10946430
12415128
9012960
6701670
7796880
8149680
10048188
7319874
5335200
7881840
6564600
8392700
7722800
11284704
11892180
8263944
14644152
8022960
9379500
6379560
12933360
13615368
7561620
8813252
28310880
11908480
23818860
11077868
16680060
10501374
11000394
7793280
12744900
8524800
10712736
11898432
9054180
11129400
7933965
10874412
17060760
16137856
11701356
9238320
6934200
12060000
11503440
6234624
10628820
9758880
10108266
10667160
12815216
12174624
8835480
9082320
17916120
9430848
13398372
12037928
11007360
9947448
8759520
12449900
7322832
6269760
11516256
6922698
9195108
13172544
9140976
9634784
13234500
12757680
6590610
8128890
16732160
16794900
9059400
13585152
5749128
9244440
7619508
11395440
9067140
9805840
12060000
11493360
21542400
7676370
6174720
9931400
8627730
17379216
11218500
9976824
25945920
11907000
15477000
11232420
10162260
6872544
7546800
10339200
8464500
10251360
6426000
6397440
10886400
11362140
8842752
10222038
9642240
12371616
6259680
6327720
8654100
12927600
6556500
9751200
6345675
8491392
23384064
12879000
9442644
9173736
14467968
9461096
11012760
15661360
10697760
11561400
14615104
8612712
13247376
6832896
12099264
12859236
7668360
15908400
7400646
8668800
5625200
6659800
5725500
14244120
6269400
13471920
6510816
10169640
6394050
9858000
8910000
16818516
9974400
13651200
11684736
6687360
8130546
15676800
21445920
8977122
10189920
8517150
17658000
6210828
12209184
9281016
11982960
10462608
8898053
9414912
13031440
9610236
10066131
9835560
10195416
13264020
10133760
6992580
13994400
9251451
13545760
18988600
9556960
10183320
12267200
12060000
10209942
12486960
6311760
6898500
10580832
10953360
13418064
9898200
12086976
7409556
11232000
11213778
9116280
12708608
9625230
20684960
13120296
8965404
11046360
12896928
10657152
9345888
8554896
16920576
10386840
10165500
8572800
16110900
19887120
11296602
7708932
12771000
10655064
10284750
17248320
8475300
11249280
8442468
12791520
7524000
9989000
13338000
6515072
12831600
13779072
8253000
20308608
12229200
19460480
13417380
7952640
6525000
9548604
11565828
11955168
7242180
14517360
8234028
5841408
8239440
15367968
12985920
7470540
12447264
11149824
8407168
9195768
15422400
13431744
7155000
11507328
9503340
12063780
17721504
14916960
13332816
6440850
12752640
7472520
9187200
12013440
9330552
10723860
13453938
15674760
9523230
9183510
9269460
10913400
15834112
12854376
12768192
9450000
7754400
10816200
10975744
9671400
8960400
12402720
7133022
11640720
29536000
9634464
9151380
7898016
14066784
7557120
5728320
12041865
6739724
13309400
10083840
8908380
11706192
8594424
22271284
8314650
6853176
9248175
9946800
27841104
8594750
9652500
7447950
9667800
10137204
10765392
9903600
12096000
14424310
12151728
7602000
9606789
12034176
15704640
13020912
7220985
15981792
16329600
9811746
10753722
11582400
10645344
15146424
7038360
10055826
9584568
6785254
7430940
9438500
16278210
10050480
11079376
9109980
13366080
11794860
11404800
20856600
12219328
8531160
10869390
13635648
8170956
19360320
11847168
12154320
8807400
11855808
8847480
11780640
11813100
9220500
10512080
7153977
8318500
9158184
10094388
8481480
12362040
10043280
16674288
10718400
9162720
10921140
8346240
10614240
8929620
9080160
12811200
10066176
7693920
11994960
10952256
6873636
6703200
7528950
10276840
6087822
16110900
10813608
12113640
10033632
8014500
10626480
20390400
13813632
8825760
10287576
6753240
6961425
9694080
9418950
7449300
8551170
11337300
11067672
8572860
7473600
9355986
9879408
7167360
11019456
6300672
9446976
9898848
11264064
12123936
12422160
13219200
14774400
13806288
9936024
7420815
7876440
11309760
11844144
5188509
6036120
6226920
7233714
5985232
14117040
11176192
11340000
12393000
8822520
11672100
10883172
8013600
4903850
11342886
10450944
11903328
8257500
8213376
11274714
12433968
10981728
7569450
15135120
16544256
8998452
10402112
17035360
9563040
9317700
13896792
8184372
7460586
9990036
9561600
11036412
9130176
14474640
12495816
12265056
8488800
12650040
6773256
8841520
9338112
7716996
18405792
11397696
11724600
7163520
8790132
11384016
10789220
5775120
8344224
9710280
11239800
14733840
5346810
10132248
7642350
10098480
9060480
10684816
9157104
10328640
10738560
8465940
6283000
14476608
11651520
22018464
10506240
7558704
9359784
5717175
7848288
10445400
8996074
11356272
9976000
10130640
7051080
8117415
11610000
9331200
8809920
7311150
12961000
16122600
11536800
14359840
6915465
12188880
6115590
10703880
9996660
9230400
9165312
15015168
14434200
9623880
9262350
15264000
8534592
6045021
7976160
11702880
12236736
7892640
7438704
6699321
10088640
12467040
8798400
12627864
7096320
14093676
9546768
11520720
9385146
10805400
11686080
14997960
12296256
11282544
12315248
8807400
7126269
12268800
21134400
16944470
7364112
8227800
13880160
9538560
8064840
5277720
7324212
12559440
12403776
18221280
8996400
15402000
4163859
10543008
10061280
13693680
11572848
13261032
15074640
15748208
6569640
7794900
10157076
11209968
12168000
11645820
12032664
19790688
9252480
10916000
5862780
5610384
8161080
12166080
11603520
11429100
18037848
16524000
8237376
7459200
8382528
10487880
20860416
13316160
10859988
9402768
8052336
5780208
8097520
8360226
8988570
10483200
7867368
13753344
11042724
9792990
13411332
8733582
11897280
13297140
8769600
7647804
10399380
17971240
14039568
17566956
10218120
6299944
8861130
8731800
10288560
10386432
7900728
8982528
11433690
9840960
7119684
11691702
9675288
5570532
12147300
10904544
13560000
9117600
11062818
7123200
8284140
8346240
7270200
7555275
9177000
9141852
7750080
13416300
12495600
9208080
13322880
5698560
8276580
17745216
10494000
12315744
7805952
15711000
10308600
9578763
7709040
8232570
13529880
13205292
14972544
7484400
11003760
10567260
10074600
11091600
6843060
15811632
8996736
9179280
4307072
12561300
9045900
8786880
12827156
25168784
10713900
11630124
13026816
15643584
10920960
16500780
14109120
8461530
7776000
8076600
7041897
9298800
11282328
10359936
7082640
11299500
7117200
11115072
18702216
7768800
7082964
12085200
11670550
14374512
9040500
10005984
9896832
6949800
11342892
10616704
10350144
8220267
13087008
8610840
12663000
7044090
7897188
10687500
12587328
11508900
10560480
13856400
16151904
19179216
10883808
5867892
8967348
9286704
11935620
15984000
7122425
17976984
7931250
14873472
10627200
25418016
15079680
11913804
10952760
7244550
10292480
9464475
11475540
7561500
11485800
14462400
8461376
11720862
8293470
9443841
9510480
13012416
6819795
12814200
11466000
16794000
7747488
12012000
13111560
12597120
14148000
12509640
8275500
13980720
11061232
19167840
10538460
8851950
10293696
8107596
10185120
10635576
10969760
11441880
9285858
11160000
9874872
8616450
10774260
7114500
15593760
12504976
10663326
18088380
8261350
18159264
9233244
8072400
7762560
10183212
9037980
9303660
8039360
5920992
9208440
10197792
6531840
9439060
7321600
10642680
9600000
11338704
6675750
12221928
8355072
10730880
9182690
13824030
11193120
13899744
9797760
10397607
11623584
7425600
7265079
6810300
11835264
8730450
13922304
17992800
12002928
9069312
9613800
8943696
7935165
9759904
10977120
10848600
9768600
8970000
7612704
5939520
9901182
9627072
14223456
12052800
13283328
6725268
7562676
9979200
11784264
9208890
8295048
16807824
19057536
7262250
7667352
9792000
7714872
11205810
12869028
9430632
10133004
11561700
8430525
13649284
10450944
8954400
6735960
12841920
16084440
9712800
8461440
6730590
8533728
10368810
5344640
9830160
11780208
5818080
11146998
5815992
6480000
15811200
14134176
10130400
9409410
11368000
14611680
6322050
17641800
8707104
7365315
7990326
9555300
7995680
5069568
8496600
7662600
6640920
11028960
8119665
9086720
8255520
15579000
10104822
15521544
9256994
8234460
7730800
11587520
11042136
4656960
9263520
9730800
9067875
10949472
9477840
12987135
10144764
11048724
9058560
10181700
8311680
12758400
11309220
7761600
6103215
16089840
10726776
7498575
9664152
12398100
16561440
12298854
10703710
8357040
11307600
8023400
9938016
10341576
9440640
6976800
16851840
14893632
14088816
7240200
7587000
8842608
11702880
11068200
10246500
10132200
13374720
8512290
7350615
8046220
6910920
9981711
7752624
5737368
8173440
9828918
8122464
7872768
10775295
7371000
8346240
8845200
6642000
11498490
7711200
7377075
8848602
9315864
12133248
9997020
15494706
9018624
8896050
7417500
11048760
10528218
12114984
12054636
6038760
9469710
9191260
10697680
8222760
12039840
7456680
7862400
8160850
9058560
10332252
9152052
9997020
6248688
8539440
7398216
15835500
20431296
8884080
8773440
11664000
9086400
11728800
8398720
10526760
9385200
9017940
8899908
8303040
8176320
10557000
8147250
8051085
8767440
10226250
10358694
11630160
9881352
11975040
6752592
10111230
8928000
11800404
10607520
8341740
15966720
13839822
15228000
7412400
17712000
12778560
13592880
14528448
18903456
10739520
9904944
15667200
11535696
9828000
11600064
10701840
9662166
9657960
15275520
9658341
13186404
14938896
7832214
9609600
6881175
11656512
11190960
8652000
23256000
7838376
11784336
9714276
9572580
11270124
7665840
10853752
9182336
17122560
7841592
10304550
13115520
8271500
10585080
9737010
8549280
9952768
8370900
14990848
10825680
9187236
7318260
7662600
8227170
7003125
7889920
8342715
6320160
10399950
9016920
13194720
6869880
10371240
8336448
10389600
9031680
8262000
9640128
11074128
18598338
15100992
8840304
8250840
12368880
8848330
10597554
11054352
8131200
9179280
7883070
7704312
12292220
8720208
8651464
7346430
10091628
7019232
6684312
12825780
10489500
5415120
13589856
8177004
17409600
14408832
21730080
8525088
8921088
7693866
15288780
10836352
9354192
10465848
7291674
11158560
11346480
15137280
11897585
10825650
6766578
15113952
13177920
9351936
16895520
9513180
6278688
11650392
13845216
7038414
12515008
15628800
11144952
7079400
10511100
11195520
10628832
11383680
13065360
8719200
17072640
12762792
9986004
13080640
12091008
9058140
9967860
13331790
6664680
10448064
8581056
7485408
10835316
14225706
10281432
10628820
15122700
16681968
10240800
13477632
10826952
5470740
17010864
12306816
6504432
12399800
10368000
9131340
11696256
6591312
12936456
15341184
8880350
7761495
9368000
11176920
10439712
9998964
11413584
9126918
10982088
11864895
6647184
6808485
11339730
9930600
7155990
7261920
9337680
11765520
6457680
11540880
12233200
20115144
13109040
7938000
8922960
9555408
9498060
7326270
26830080
8007940
13953600
9070704
8818380
9778500
14038208
16144128
10205712
13106880
6097600
18349344
9840960
13119600
6900180
9671400
6008175
9381498
12443340
9523800
10612224
12271500
7783776
8188320
12052800
14399136
6966000
6218784
6236532
6667920
17030304
5573475
9751104
9524736
7085250
6426000
17133840
8833104
7999992
8503866
8958540
6645600
15800000
10699920
10225440
10692864
14947760
13009920
24852096
7216960
17233920
10682496
7166880
21980160
20800640
12139650
9679554
8083712
17792064
21266280
10183680
9254095
7612500
9396000
7501875
12130200
7732440
6482430
15765840
9185400
5475960
8953500
6210000
11592000
8569080
26379760
10515756
8788280
11202532
17449560
17407872
8385536
12084300
7332039
7898000
20742480
9728100
21971952
9675975
11085840
12201024
9135828
10248854
6487404
7305840
9076375
14975640
13518848
13177840
8284416
8978040
9034200
6003000
6609792
13413600
18380250
9842184
9851400
9548032
8467200
11450808
13254408
12743472
14114880
13897728
9854460
8917200
12520640
8377200
7800000
11203920
10357080
15788632
10852776
12518280
7270560
10302000
27256320
7863057
9327780
11309760
9034038
13840200
8634600
9186768
5873400
10058526
7314696
15163968
10765820
17118400
17383248
6353280
7789600
7723980
6845536
9700768
13454640
19578240
6820128
6172385
8740224
8553600
8103240
15121080
11848320
7748550
6497400
6721440
14789632
7174560
8884260
17591904
17293248
12252240
13246464
10541820
30309552
12690720
6819120
10097784
8152380
6702750
7340036
9710604
9167760
17676288
15042656
7923960
15329052
8903898
11469744
9386604
12476232
8675100
9631040
8564292
9235312
12639600
13575600
9733465
9971520
22507200
8459100
9606831
7486080
10103940
6898848
6618780
8145360
13015728
7298112
6733800
13232352
8735982
11836368
14541800
9779700
10872576
10447800
12589911
13833000
7177248
11927520
6532552
8938800
9942912
8775000
12891312
8225280
9836460
8803620
7181020
12926700
16889568
6134184
10735380
25104240
14215500
9710604
11690244
8262000
12076600
7832376
7795800
12941568
14211504
9481680
14505972
7669200
9072000
8510775
8498920
14139552
12177132
19067400
8116065
11753120
14761500
17504000
9333792
12773340
7544736
11116440
8206920
11045776
9426132
5597640
16433040
8807130
8121600
14070996
12143736
9106101
7682688
11306790
10117000
7766304
11471056
7051460
7257600
11323224
11353950
7362072
13848408
13874112
8063440
11412900
10478160
16230240
10460070
15877620
6126090
17851680
9366696
11251936
11294640
7707535
13263912
10402020
9646560
12878712
15103200
35921920
9979200
10864800
19370400
8424486
9841500
11230092
11440320
12626640
6948930
7098000
9820260
11689920
19524960
8704234
9389520
8668800
16648200
11499840
13094784
7468560
12344400
14286120
11782584
7871136
8922960
9651000
19896192
13231944
10164690
8932846
10298736
10627200
6127200
12186960
8360577
17107200
13725720
8727440
10684440
10939500
16263504
9020412
14541768
16932672
8657068
8044380
13772640
10277280
9901440
13391520
9504000
8430300
12694440
13123200
12468270
10208040
13543488
10342080
6230400
7201040
10677420
11934720
10825528
10268856
10760400
15060480
11826120
9869088
8462520
9129510
9102600
10919040
14904432
9458460
14273280
7330176
7101600
16567200
13708800
5994576
8764360
8204625
14157180
6724120
14120400
9499952
8453952
12048831
9374400
11493048
8948520
8605800
7318080
8463690
7402752
8833860
10150000
9613080
6374654
7513830
15087840
7923780
7882560
13087008
8363800
8010540
8580000
5123328
9244260
8416980
14085000
6371460
12411360
8289540
9005580
6893600
7820955
14688000
6676992
8783424
13378320
7425432
18823800
13508880
9346990
14867520
7562160
11652120
14478696
13116792
8709120
14447880
5283252
9118980
9938400
16520280
20131400
22468608
9706500
9298944
9593640
18229536
13547328
11173140
9323640
11910960
8058960
17610480
13894848
8835456
10789200
13324014
14900688
16464708
12459096
11113648
9392760
8005680
7029568
9562500
9152184
12680640
16078560
8592480
15097158
7407680
10053153
8160264
11182050
10145250
6610165
13764960
9893480
9228960
9316374
8108100
9945900
10918908
11323800
11523600
8055450
9820440
7826000
11494992
9807072
6702780
13204512
9264000
12426048
10752480
11124960
9048432
10070980
7888860
11788920
8185050
14098176
6525306
15269760
11957088
11383380
12823200
7932540
7360500
13054608
9478656
12466440
7227792
25370928
14358870
6694030
8748000
8027910
14889552
12150000
8958575
9610272
10555776
6885648
6955680
9229680
11400480
6018750
7852000
7699480
13097888
10905840
11206944
8684640
13161984
7383312
11452050
7146468
13858560
8421000
14101776
11767680
8228480
10116585
7645560
10126400
7833000
23181120
6905430
9211408
12925440
9826488
10235400
10205838
6860808
8373096
6617940
7927920
8280360
12474000
6187860
6466824
11202300
17686080
10839744
7591248
12650040
11158560
10718280
9798624
7936380
10903896
8674315
12810000
9470520
5996500
10941952
9228168
10464012
10143810
7448826
5950125
6758559
9574380
18102960
14331168
7752800
18719040
8563536
12303060
12603018
10891044
10152432
11902140
10831744
9445376
11097720
9180952
9440304
15667104
7114050
9706950
12474000
7417359
15506528
8808240
6435216
10085625
6694272
7893600
6112260
17055360
4669560
16848000
9268080
9513680
9841500
10242000
11171328
10715202
10687140
11086848
15552864
9660816
8718840
5868772
9639000
13361760
11761200
9721300
23199696
8314500
12300288
7639920
9630720
9831360
7968000
10127700
7587270
10017280
18325440
9252000
12148864
17252352
8578024
6638520
5909760
9269760
18632916
7037010
13653720
9062700
14286624
19131072
19036620
6501792
10222488
5313600
8985600
11770512
7226064
7207380
13924640
8637921
9531480
8957844
7871325
13355280
10981152
7897560
13595472
10086705
11903400
10138800
6058430
6757020
8401536
7581624
6066360
13907200
12367392
5460462
11761200
6152832
9877000
7164612
9288000
12636000
5842125
18912000
7794900
7805700
10408320
13980016
14736816
8208630
7042828
7246080
12435600
7435800
13944960
9969400
10206000
6995450
13995250
8568000
10018512
8996400
14137200
9477000
12300960
6268080
13427400
9453105
7527240
7643350
14817168
10141200
6831600
20109600
8398080
10199008
16421184
6662916
10793808
9025380
10667544
7368696
9006345
16503552
9390120
8456400
10584000
10414746
8427240
7890960
9496608
10385232
13219200
9528030
7249320
8522100
12286728
9493200
8700192
11135676
12757068
6840288
7615944
10883880
8219475
11968000
11566800
9736740
10700560
9297360
12893040
9211320
6412770
13671152
7331808
10937640
11374992
9205812
16613184
8768340
8905104
13282110
6855840
9301920
14245840
9715680
8482320
7031040
11466564
14375880
6694650
6404580
9520224
12870384
12159450
7138314
6418962
8876414
11422296
6632472
11907324
11423328
5798600
19257264
8311248
11483620
13714920
7252448
16164000
7144200
12108096
7171200
10240992
11352600
5805000
9073026
9426720
6355665
7770390
10243200
14870040
20190720
8295456
16240896
5935776
14394240
6967296
10180800
12588576
10787520
9993984
10178784
5450172
5758830
7862400
13608540
8353100
9068280
9547200
12567024
8178120
9298800
10795680
9714600
14736960
13617000
10013760
19219200
12813120
10497816
13020480
12124000
15120000
17364480
7297080
13125168
9785880
7958114
12567648
9576000
8281008
19567680
16861824
12730500
17593920
8800800
12579000
9499736
9782640
17809120
14485184
8935200
17839152
9901582
10454184
7563780
4274991
11806800
12938240
9377424
5355504
11634840
10885185
8276160
10208160
12957492
13076208
20088288
7574400
5800378
10686240
5705181
7977216
15567552
11011248
7824600
8174700
12781440
15834000
7609140
7168000
6353600
11119680
6931620
11699298
8989056
10659040
9865800
13534080
9839430
31525200
14988288
17297712
11701260
6635070
15579648
8163585
9295020
8609412
8310120
13335840
11724732
7715898
12129432
9890976
8140140
12406770
12310848
8171046
8906976
12736180
13698720
12487239
11078694
9290295
11410400
8530080
10120032
8904654
9236416
9104724
10986624
9565776
18539520
8590350
10489824
6885540
10981440
11342400
6823440
13575384
7987716
9719952
7914600
10006272
14356520
8377488
9512802
11654400
11124064
9785880
5263874
8151705
14143680
7184688
6855828
12855360
18349056
9237818
10399380
13122000
7920000
7342488
11318736
15187200
10512000
8573408
17247168
9351936
6260922
9849100
10820304
6877710
8972208
9518472
5718620
25238880
11185408
6762750
16416000
8805510
7137900
13124160
7761780
12721528
8853120
7888200
10741428
8581300
10664208
12048696
16042296
9397560
7425600
8308750
7008612
13246200
9086256
7759584
15704280
15742080
11858112
9255072
16511148
8362960
12631680
8648640
10181700
7996320
11120400
10507644
19153152
12418758
12395040
10655400
9152000
8483556
16378560
8281440
5250375
6342336
11612160
7422192
7634250
6553440
8290200
6817200
7412629
10952640
10758060
13370400
14750208
8337000
13062000
14881644
15321600
12678512
7763850
6819066
6830208
17175680
10940112
7128212
10056690
10233216
6428160
11332320
6819876
9763740
8600202
12736944
7095040
14653440
6756480
9555570
6158625
6311520
11526816
10329060
10577672
10581468
7002936
9851706
6660900
7477110
10287810
10701720
7645422
8236200
12151160
19876800
10553400
13788600
12582000
12452670
8023536
8564220
11661408
8128890
9509400
10064376
12833640
14251120
8709120
8070192
12519360
8552670
11728000
12169500
12315060
10299960
10320912
13203000
10615794
12988340
9047880
7302960
8668352
7492320
10084500
6486480
7417872
10539934
12223872
7443072
11822272
13954518
6300000
14556100
23284832
11114640
11176920
8836808
12661488
11796000
11269980
8177004
15724800
7841250
9924320
6840360
9540000
11787930
14369760
11351988
12840992
19835904
6531294
13653360
9487800
14774088
9691326
12413760
10614240
8853000
16862436
15804880
6987150
8603496
11193120
8856540
7896636
7334424
7537920
6520290
8120112
19962624
9822080
9452460
17136000
7783776
6155352
9645565
6566670
10075500
11676330
9477000
10360320
12945744
16256000
6181680
6911520
13334112
15011568
8798625
10931200
7357200
11894400
14691456
16416960
6642360
7646040
11167200
7897500
15004608
9345024
10502283
17813772
8799570
12527232
17505600
14247360
7374240
14721480
13676040
7319340
16329600
10969728
8559936
16310160
12128940
8142444
15687000
9619200
16736256
9089901
8322264
9102016
9384960
10007712
11658090
7600320
8852976
9918000
6374160
12203892
13467600
6860700
8031384
11440800
9208080
6940080
13676076
7463456
7926660
16828812
9964944
11048400
9954486
7396284
8830080
8268480
14652900
10057905
8575342
8852760
8286300
9902250
11470767
11427228
11363328
7356800
9072000
10863612
7243200
8374254
5356125
18517248
12772080
8128080
10177020
14041500
10064250
6745680
7333875
13745876
8415680
6728922
12708792
11682720
10856820
9713358
14335380
13211856
8169660
7535472
13608000
6660000
8913168
5474952
8009280
8920464
8850576
7213338
6768900
7663600
8594910
10959300
11178000
8339328
11562944
10264320
8148660
10967040
8372644
9503208
9984600
7329462
10689600
8895690
8983872
9568620
11371152
9095265
11267424
8923200
10735740
11754990
6897240
9679500
12611520
11548440
13417488
8620250
6943545
5463120
12306816
10744680
15986160
11593368
14305760
9659520
7840800
5855332
10645200
7511400
5475600
12972960
24337728
11104864
10114320
12040656
8656740
9234000
5696208
8653680
17791488
9266400
31320384
8269290
6441984
7316064
8083152
10206000
7376070
21096864
5775219
19335198
11416140
12902400
9552960
14956800
9583410
9293130
11324700
11828808
9507468
16649280
10504000
5887080
9587592
7312812
15470340
11376288
8676180
16912800
15241824
11420960
17497440
17220960
8270176
8096352
6232310
6458130
7472192
6276690
14564928
5531490
6799408
9479400
6534144
11314296
8674770
16382088
23819664
7708288
42982400
8527500
7119000
9419166
10086525
6350400
9008496
9286590
10419360
8139690
6974100
7690800
12218880
6728265
11301660
5406804
20065920
8614944
9773334
14759196
8368677
5856030
12709200
10102400
13192800
11790820
10429776
23353000
17515440
9858600
23400000
8514666
5023296
9294750
10808640
9941490
11819520
14502240
14184000
6216900
11803968
8531640
14544000
6423300
9285192
8087040
13922296
5762820
12975480
16282368
10464840
11027016
8318016
5933340
6182400
8043330
10924200
12908880
10525788
10028352
8137800
8569328
13297536
9982080
17301960
12459744
11919600
11554524
13755840
11897568
8268360
8240604
9353070
6502704
7469100
9797760
9654480
12236940
11445250
11247792
10161750
10503936
17139600
6014500
9544392
8889390
14587520
6650883
16677034
8431650
7568316
8302800
11361600
16568064
15433600
11812500
10110340
8803080
11900196
10160640
9215190
8718192
11444400
12568464
13688748
8391348
16804196
14466240
7434336
8074080
21288960
13413600
12663432
12829672
12644910
9969440
9092160
6972156
14293260
9339264
14103936
8560440
13760208
11664000
7593750
7322532
7592760
11451648
11105964
7280000
6793200
8505000
8646990
10568960
5969600
10447104
10132884
8202600
13638240
13115520
10409260
8603712
9933840
11393088
9684376
10196820
14082720
11029824
11673900
8418978
12838500
8709120
12921768
10006740
13245120
9958872
7394832
11636352
11070000
6796500
11887360
13473600
7672770
6445980
10682496
7469280
14456640
7918740
5747511
13213560
8909040
15870240
8094816
8395920
17136000
14320800
12512100
10320000
12910230
7306200
11877300
4945584
9968400
13161600
8201088
8334900
15827968
8844840
18861600
9954690
10894824
6282720
10431990
7862625
12362400
7646400
12072384
8446000
8083152
6505470
6785280
6464448
9525600
9222390
11415600
8202708
10746012
8414000
13332924
15139500
13461228
10318320
11617020
10705464
9952344
8029440
14054400
8963460
9316800
12833640
14709600
9207728
8728720
12592800
10780250
13658112
14601600
10328760
18660096
9218604
7683984
9468576
12662784
7080372
7314057
19232640
7128576
13154736
11268720
7289568
11865060
13899200
8567208
6620670
10416960
5015673
17769024
13135200
8025600
9743760
6788622
9325350
17301600
6987600
9598500
6426810
5520960
9449700
12065112
8079750
9910032
10640484
10416600
9164790
8993180
8845848
7714200
13104960
8988336
6877440
8446500
10080000
12256920
11554056
12310336
9831780
10316400
15005680
6851250
8908920
7441728
9775680
15259104
8939052
16790400
12860640
10498428
8787096
6766560
11154600
7630848
11088160
11218968
8832690
8872740
12154860
13822256
9669600
7923270
18161000
9717120
10113168
8187120
5284440
7614500
10989000
10410120
12354000
14298336
6841260
9934218
9285192
12196252
6364512
9905220
9593016
6559677
15015168
8431920
11475720
10454400
7528950
11503620
7728858
10621600
18619392
7819830
11928600
17587520
12722220
9303480
12616128
10825056
9811200
11542272
7269600
10400256
7128000
6575634
7211160
11127500
8451540
12184884
7563780
9574740
14052744
13126368
5529465
9517032
10930392
8801784
7801920
8079624
10583676
6381603
12349440
10516030
8436960
12612600
6850300
15635988
6591078
11337312
11689920
13764960
8515368
7740330
11593044
13039488
6613600
8293443
11938080
7438200
17028288
12191940
7800300
22274560
9201600
9887920
9753750
10201680
8005392
10295100
7452000
7463907
9754120
7673778
17488224
11531520
7109640
6791400
8893800
10115840
14558400
9530940
8151975
7368165
11720160
12772080
7492230
17358240
9240000
12830400
8864208
23550336
12359424
7210560
8697470
12130560
13879800
10782720
7516992
4926264
13018320
12725856
9948960
7937028
6276690
5996190
14288400
16230240
6024750
12299840
18105120
10146516
7737420
6847250
14264640
10683090
7909380
11420640
12632592
10734528
10050240
9673356
5913648
12464000
7052760
11351040
6198480
11628204
11345670
8595072
6995520
21168000
9521550
10147680
8506116
6644736
6648444
11413620
6982850
6754940
9313920
10172256
14671104
7873632
10405800
14186592
9821970
14843380
12500406
10420650
9375000
20989968
8901984
17048592
16205760
9517500
7804836
16854480
8199648
9877140
7181550
7951365
11416140
11615175
10910592
8857350
9455940
7876764
18568160
6955200
12171600
9145116
7371000
7195320
11808000
11179200
8745804
8678880
11104128
15217856
6879444
12225000
6310450
8607060
13685760
20490624
12399840
6938865
9593640
12003300
14211384
17184960
12488040
10408860
11499840
9339226
8728480
10327500
11246040
10192824
5811750
11288250
10740114
8560800
12521250
10812000
13366960
17482176
16366560
9700200
8382960
10226364
10932768
7811790
14632002
10350970
9050940
10262715
12273960
9892530
12002256
7698240
9460500
10549440
8541696
9735858
7933194
7613595
8544444
12226112
21202936
5666304
8974272
8214570
7380450
11688780
12141792
10891260
13097700
9615600
11925711
11985120
11326284
19507068
6551550
11614400
7068750
9613860
4809120
15901056
10257880
7160400
12886880
6480000
10132416
13263120
12356388
16019640
6296108
7597800
11172560
6467680
10293750
8120331
6420952
15841728
10692864
7970625
16746912
10518840
7801920
12742920
9061920
14316720
11202840
11848320
8360352
9786645
11437200
10736960
10196274
10369800
10137960
12668400
16986720
8503836
7737120
9501504
6306300
22474080
13101600
14473064
11478636
18714280
8276520
6156360
12986100
9307000
7478496
14798784
8788104
6389928
8400000
8683200
9697968
11450000
7272216
9364680
10603200
8358714
10052100
6258365
15711408
8562500
16433280
9334440
11850960
9347310
6634143
8431500
9163476
13016160
8686512
12916800
9621504
17532984
11923200
20602470
11703696
13252572
14133800
14891040
9785160
9090360
15853200
8097195
12529080
14169600
12450240
11657088
14245740
14894496
5965050
12192180
7829550
6652260
7245920
6733125
6360000
10798920
7451865
10743720
14478912
8362980
6160320
7860960
10644480
7647464
7681632
8410752
10895040
12228480
9535680
9424188
14263312
26238960
8370864
19057680
11209800
9829740
13794300
15084576
6526800
14166900
7738290
8791200
12415680
13860792
10546200
8033580
11123224
6971184
10706532
7537860
7523280
6364512
11011200
14561640
12062520
6791050
14298324
19438056
9218205
6823440
11767140
13532184
7168000
12398400
6332625
8748000
6789900
9562320
13517712
9544500
8950110
9263160
10665270
8370960
7025103
11697960
13035600
11619840
8075700
20996640
7626690
10077696
9839584
16912800
11437800
6932520
12852672
11106900
10155558
7661385
15106356
10716120
16280220
7712180
13689600
9055800
8857632
15532608
8951904
10903248
23521344
8188128
7414740
6076390
7231510
12652848
6205045
10888512
20779200
9498060
7601040
6180000
8133400
5211360
9135756
17503200
6828960
6222000
8599608
11188584
6377280
7467200
11202840
9042300
11474720
8618400
14166900
12750000
7984080
7297290
8824176
8797500
8755020
8183610
10815072
11587680
6406400
9059980
6428960
12702096
13212264
11605248
11001120
10655820
17821440
8247674
8497848
13039488
7472520
11204730
9477720
14804640
5832604
14045400
16065000
16945200
9070464
10153080
17052768
11304900
7918560
10581156
8049600
8297280
7911360
12252880
13180320
12920472
7580700
12435280
7344432
10191420
7539774
7595451
9792900
5511375
12383280
13491000
10689930
7407288
8908380
15531480
9396000
7573500
8985600
9988650
8318700
7329816
10366542
10818960
9565220
13345920
13994640
10244880
13391616
9353680
6310224
10469952
8814774
6716750
10555776
18349664
15439140
7238160
7447950
8108880
8428860
8671320
11347560
7153920
15424955
14544000
6614622
10281600
10626000
10141848
14949224
14547384
19094400
10485660
17356752
7951284
9695160
7358850
14367600
10270584
8515152
11750400
8553600
9389480
8608032
6415200
12589350
11748080
7640784
11178000
13382400
7359072
13960992
14206080
12699504
10557000
7614600
11675664
12009312
13493064
13605872
9513640
21639744
8643096
11014920
8888040
13790400
7933464
6111207
14256000
9527400
13279464
10073079
5947425
8733852
12547224
9644184
11069136
15307056
8840340
11960352
10157400
9328950
10716300
7255170
12491944
7755132
25423264
9459520
7766928
7866000
13851504
7711200
7254000
9836640
9846144
20519136
9018360
9627144
12416940
14124240
9301500
9000720
9308520
11773180
15534108
6669880
6550200
9003200
13454100
10361120
8682360
6566976
10544580
7057274
9054180
8817872
6250761
11871360
10387776
12148920
9389520
8247600
8079192
6822000
18131904
10853028
11232000
7201404
17251104
14545344
10848882
14151888
9248256
11732292
7481160
6552000
10103940
9744000
11007900
10017180
11286000
6963264
8440632
6624000
9296640
9461772
9000072
9238050
8346105
15695680
7090983
9011250
8419950
17434656
8099550
10694880
11380176
6749424
11949360
14712336
15647136
12422088
8181765
10183680
11030400
7033725
12552192
8096571
8548875
8410500
5986890
11204700
9298800
10251630
17071560
10080000
10577952
14803776
8141232
7255872
7333200
14639040
7986000
10776276
5202202
13507920
10337976
10611000
7422100
6478080
8512290
7348320
8181750
9588096
8614144
5853960
12658752
12668480
12103830
12465488
9409500
15559500
9644328
7103780
10417056
12195828
9701040
8305920
8861490
10689840
7099200
7131150
8225280
10053450
9956556
10234080
14968800
8350800
10229112
6683040
15843776
12459408
7569000
10236564
11348320
9112500
8090100
10069920
7246260
15852000
8110260
12087600
15776000
8654688
7650720
9678804
18279888
9169572
15609264
9965700
11814336
8967600
11519982
7482720
6931602
15170400
8246880
8302500
8645940
12535596
9926064
14508752
8912592
12541920
8488656
13186800
9354420
13170800
8545500
7533504
7632000
13191984
7073440
10253952
6005328
12019968
9738036
7148400
14605920
9872676
11113200
7245888
10513152
12494976
10384200
7344432
10594800
7778484
8002800
8928960
6832800
9475800
10857504
11800890
6206280
18077904
10081782
6405000
13681260
7074720
14128128
5696640
13624650
8639136
10252704
7794500
6821658
19320000
24196368
13508442
15442800
6929664
8083500
17013024
7821000
12131064
7742700
9857463
12747000
10878300
7698600
9679680
9909072
8798976
9010710
13819680
6862320
7389096
15130000
6120576
8986362
8279040
9818010
12124400
11783556
11315200
8140500
7755264
10476216
6590400
13205160
8756370
6413985
8757840
11937420
14382000
9433152
7994500
11614788
5896800
8880300
10658520
9041175
8714160
10464480
6941760
16634970
7297290
10530792
9448736
11378400
10672920
12525660
11649072
13870944
6379600
8380840
7668000
11483058
13122000
13053960
7621440
14417304
7629652
11539080
5469786
6619820
17093024
16394400
9980160
14998608
9580032
6268185
9555570
13487472
7581600
9835200
6649200
7936000
8871840
14063940
13167232
10278302
13151936
11567520
10523240
13013676
9531108
10233600
10697022
10876320
27091800
7380000
18541440
12644424
7545600
11793240
7938000
15038208
11002860
7377480
11260800
5286048
12431124
8151840
12246080
10376142
7840800
9433152
16441920
10682892
8653230
9500088
10206000
8626500
7330554
11655630
17755200
11326824
7814852
10734174
11174112
33408000
11400000
9055800
9922050
17049600
12635200
18315360
7015896
6398360
7015680
8288370
10402416
11416320
20927808
7234650
12527280
7679529
8403840
9513990
11819520
13425588
6940512
8466000
9255708
10074240
11835720
9254040
20880000
7715736
11700000
11132800
8878304
7888950
8718840
12773376
9886860
10257360
6984432
7133192
12688200
6799572
5274360
7240800
10299960
12665160
10367280
10615617
16927236
6541875
8099208
12295800
11793600
8947260
13371804
10647900
4703625
11319912
11390544
8372916
8500140
6640480
11088000
7987086
13996800
6796730
9044460
10362600
20196352
6980904
8246250
9930924
14500080
9941778
15392400
14004000
7339410
11953440
9744840
10608604
9458208
9711900
9276120
9580032
6626070
8767080
9590880
10837800
7458240
8467578
4564800
6776875
8692904
8416080
14466960
11736000
7517664
14514960
9573480
8278200
8643000
13669836
10491210
11834880
13172544
6739200
6743250
9959040
10978740
14210700
14949440
11714892
17746300
12043008
8512800
7392000
6918750
18273600
6526464
11849544
6216000
6469680
9456588
9746880
13447480
10063536
7360320
5030208
14101776
10935000
9210600
11203920
5742880
10125360
17481600
12093520
23546376
19593792
13137072
16248640
12834432
9498048
8594730
8350200
6455500
11923569
14695200
6284304
8015616
9574712
20813760
6213900
7407261
12246080
20154784
12773376
12065760
6589674
11192580
11543040
7239420
12953280
14565912
5805800
6810804
19425920
8924760
8960320
9405396
6494160
13909320
5731830
15100800
8386560
17361000
13013160
8196552
10500000
10984896
7135500
8791640
9157050
11062688
8892060
17344692
10599160
10835968
7765410
12117600
7007884
14510340
9987120
9333150
9755200
5596320
7776630
10566688
7360500
8279544
13109040
8071908
14747670
9123840
11154624
7981920
8909648
15804000
9021312
6123600
10732800
12586000
12192768
5960304
6928600
17072640
8252310
7373240
9375264
12140496
11790720
12160512
8812800
11197520
6784140
9367650
11110770
9475200
7164720
9121860
4973850
8215020
10403712
7496775
10175620
10299744
14931000
14002560
10044864
8281440
10850000
12093084
9144000
13701600
11813472
9112992
9505440
9350640
9367680
11038632
12180992
13536720
10465200
21669120
8319780
10423020
11073024
6093760
7218000
19621440
6993000
9580350
10192000
7750890
7093008
10978260
5575500
11176704
9957951
9296100
23070048
9547200
7917750
10592100
6871536
10184496
9425000
8206380
7138125
19630512
6827200
7486332
12902400
11085984
12713976
15086400
12805520
7042140
9865800
11043864
8918720
11446542
17817984
11698956
15101984
12637360
6683904
7576800
8509452
10094220
9982000
10957248
10462284
12929238
7739400
13433376
12745800
7918560
6950340
10802352
5989695
12940928
11115792
11504808
9475256
14036320
16274640
8685900
11527944
9527544
10779912
11895660
13413600
6461184
20782272
11235696
10588032
12077712
5816055
7066140
9951930
16274232
6837280
7397850
8556219
16039296
7343568
9117360
7433964
10922982
10368000
13557024
9542610
9092660
9881535
7244640
20926458
7012040
8967840
9528264
8944731
10036200
8541936
11424240
10440900
15162120
8624070
17236768
7865088
13837824
9631944
9824166
11571840
13824000
10585080
7761600
9073026
14531880
8398080
6776360
8430480
8995500
8384958
9668736
16847640
13554315
7939575
6709376
13433472
16411842
9183213
10594710
9157698
11202786
12194424
10418760
7474854
9295104
9353400
12459096
8730624
15127060
10011600
8496180
7014195
9849060
14005488
8629686
10602090
15238080
10098000
8862372
15703380
11151756
17757792
6183918
8038808
14807040
7913538
7746480
9460476
12545280
7504000
10602576
17679456
17067840
5956650
8460144
12636000
15828480
8323560
7001280
6719296
8115120
8560770
10112688
7778700
12137000
7998915
18195840
6255900
9959760
9922390
13717399
8600616
11944284
11229180
18437280
12204500
7322616
12544200
8510859
12603840
9047124
17742816
9997224
12142560
8200800
10667280
10807200
6060180
16283880
6644750
20132640
7642400
9678240
10132416
10194390
20680272
12864852
9090040
6233920
9988140
9407700
11878152
8874480
8231424
9193500
7182540
11809152
12301110
14094768
7575960
11487780
20995200
7914816
10280790
7497215
11228004
11743056
12359952
20998080
16197120
9371142
12971160
8850688
6850200
6033360
15014400
13104000
7366950
12373560
8972208
10835202
11082240
13522432
16718400
15584310
7922520
10086000
8373012
8953080
11564250
10360680
10649232
13562532
8981280
13883472
7702400
7004844
8711388
7734480
8259579
8425190
19512056
11384736
8620000
11129400
11226600
10277992
8015616
5992480
15652980
15012928
11668140
6188364
12720240
7599564
17196300
11508480
11976984
16080000
6959358
8025048
10471356
7025760
10725600
8056800
22139712
9604575
8674848
11340000
19871640
15940152
11390652
11421000
6405620
13244688
11830440
12496000
11345400
7791084
5753250
10644480
6513750
6874262
9178875
13581900
11493120
17772480
5864586
14312430
8047953
14797728
10397970
13100472
10915800
12957024
13180320
6816000
12660120
15069888
9804294
17550000
13320000
9513600
9883296
9950850
8812800
18779040
13065624
8641080
8517204
14376300
12475008
9173736
8051520
8917776
7764375
12047481
6830010
10282356
13806720
7282752
8640618
9929088
13590000
15235020
7618428
8441010
13617396
9622800
8461560
15523200
7728336
7413120
14205456
5090085
6127110
10082880
14166900
13004064
15246000
12086184
10869120
11938032
9008064
10877382
14426496
10204920
9855000
8788320
8977000
10164528
8416206
30253164
11133720
10846080
11333520
9089900
8184960
11309760
7911936
7397040
15846992
10494000
20278272
12062520
8602281
8628480
9776700
10734768
11304900
10842984
7344675
14385616
12938292
8732484
11030344
12925536
7356220
7332000
12209400
10496820
12656160
9781560
14317560
9465900
9476544
8566704
10321866
7811232
7425090
11255160
11610000
10522116
14700240
24277056
7550550
12337920
12807936
13002000
13272064
10621296
6376865
6038400
7176780
10395000
11308880
7115724
14168000
8961120
8823816
5935104
7815280
7858620
8935920
6656160
10710000
12761856
7605171
7847280
9516150
20765160
7693276
15600000
10472220
12558240
11272410
15920840
16572600
13116120
9245521
8069112
18883320
9420120
5723928
15132348
9737208
10042461
10333875
8097888
19958320
11584512
8730180
8906040
11362080
7744680
6219234
7765200
9092088
9588768
12355200
16606620
7754525
5735520
11018700
7411014
13921920
12773376
8247042
8178930
14155560
8173440
9402318
7196976
8275800
13262976
9122400
8947572
13374720
8724672
5715150
10800000
8553600
8178000
18760168
11133360
16875168
16883104
12023964
8760960
8736444
7998480
7869312
15764544
7044408
7280160
10194260
7931616
9595488
8244990
15607080
6855225
7047000
8935794
10361700
8560992
11794992
10762470
11304900
7425855
5991300
15169200
9676128
11996424
8188848
11009880
9056832
9732960
7820280
9521550
12782160
13841168
11361168
7370580
15032160
8071488
19017228
10341000
11184000
7178522
11876876
7082880
7985070
8667120
7679840
12779040
9925404
9093210
8866350
9759750
12184560
11888640
8329438
14535000
9306990
5872500
7679424
17305200
23304960
14577408
9100800
9430828
8289945
7253280
8362890
8586000
8013280
8520000
10920960
11748000
10826400
10054800
6354936
11715000
7029432
10466400
13025772
10558836
12602304
7709472
6306300
11902464
16536960
19480440
7475760
8942220
10653984
20721744
14309568
9422892
12915552
12587904
8601984
6483240
13305600
9451400
8614284
5965740
9604800
10021008
10982736
18653760
11217600
7603200
11946240
8970624
7364700
8887500
10538640
9221364
13262400
10512464
6938800
11975040
13483584
14733504
11743673
5744640
6243120
14656000
15959952
10572300
12459300
14096160
10107360
7261200
8982630
7398828
9853200
8829432
11895840
12884508
10260432
8316000
9747124
7752255
14211400
19648512
8532000
15694884
11898144
8045730
11339136
11566800
11302416
12636000
8224800
12944160
11494872
12327120
8133216
14823000
10226250
8070192
7626000
15622880
7306560
6108453
10038600
8910000
10416681
6685632
6208275
9197064
10908594
12617808
9534945
11854080
10368000
14539704
8974980
10692000
9230760
17835776
10077210
10241056
7026300
13641000
9546180
11512200
7688520
6341088
5837160
10500270
6078222
12789576
10962000
10382580
16842560
14666376
13209616
16359000
11604060
12959160
5785065
7249905
6765120
14563080
7918592
11653200
7727200
9067500
7226250
10623980
15341760
9059688
11493900
9324580
8840664
7832970
16288488
8910720
10064064
14224140
15565608
13606800
12412224
9253440
10168620
5784615
11518200
6377625
10465092
12947300
9680310
15329520
6165645
12148200
6396000
13498650
9917880
5391360
20161152
9965120
10360650
23068800
14304276
9616320
13265280
8061984
14268960
9838800
9754986
9002178
10023750
8073300
16848000
12042800
10777536
12456360
18033600
8145200
13736088
11810772
11642076
8981712
16421400
8296020
9074448
7513830
8988750
14321664
9134100
6188400
7673904
16960968
11516256
14162904
9112500
15945600
15020316
12953952
12702312
14113440
9188784
7666912
5197800
8800320
6873660
9871764
8225280
11893400
7458750
20232000
17923680
11702460
23367960
11790000
10300320
13219200
7751700
6469200
11457368
7326024
7149150
8293824
9691812
8870400
6037500
8781696
7544160
7048350
8867880
7976070
8395434
11917935
12890880
8045250
16863552
11847528
10512000
8130150
7171720
13090560
12106260
10018080
8173620
11161200
7565976
14295520
8881920
12859560
7058745
10053636
7788312
12630000
6362658
15118848
13261440
11939886
12855424
12935520
12707820
11661400
12245544
7146756
15877620
6673680
11052288
13959792
12111840
6653070
12044160
4777500
12026880
8336496
18917280
11482200
14703300
10275140
11797650
19016064
8777160
6597360
8388000
12266316
14192580
10617600
10760640
10330560
5830272
8489490
9396027
8356500
14022240
12972960
9238840
10872000
8441820
7058040
7557250
7846956
11226600
14065792
11948592
6511428
9135126
9640512
19031760
11515392
5965740
7091190
12700800
13034988
14247360
6907680
8053668
9942075
8179360
16284708
7305450
7038720
6842492
14515200
15702960
13410144
10608408
9781616
9855600
8634600
11036808
13478400
6237504
8223936
10215864
7153920
11718270
11896896
15090300
11503432
6008340
9599040
16032000
9052560
7346880
17278848
9106500
9428184
9833616
13412490
12249720
7195320
6307200
17032912
7371000
10969728
10473750
16402824
13411392
6270129
10863000
13197384
9069880
9552960
7396272
15069888
10060200
8160768
6211080
11112192
16928784
10454400
7307200
9878400
7586208
14994000
9634560
10474920
8783424
12917433
7525206
12178188
15814656
13891584
5950560
15234912
9387360
9987318
9767772
7119147
10706560
25019280
11719512
11172864
10317150
11000880
10395000
6160672
19186048
10111890
10012830
9455544
8867880
17915200
7068600
9106344
10765080
13281120
17310528
7291350
10418880
10883125
14690160
7290960
17832960
11959650
10823616
9319760
7916832
11044320
8920098
15528996
12824163
10497600
13461120
14309136
13290480
8677152
8944992
6124800
17821248
9607500
9112992
7651072
13100400
13206240
5961600
6253200
8229816
8849526
11006442
8879780
10540000
8078400
8181684
9077100
11092136
14043360
9048960
13120800
8765208
6987400
8705130
13095040
9842250
24678768
11049696
7389900
9123300
6665625
6857136
8242050
9823560
10171980
11017944
9659664
7704000
10895808
7618293
11991488
8351424
13698400
13840200
8753976
10908756
17511360
13590720
13327320
7426272
6870906
16205248
7798032
9979200
9354000
8389500
10747080
9938700
7684650
10555000
13939184
8229564
13708500
8492400
15219432
9548840
11327040
9384000
11406528
34418880
8386416
8292816
9333576
9225216
7963920
5078920
13166730
9467640
13315200
17632080
11192580
10353420
7515013
9057294
10542312
9876960
11153700
8230260
15944688
7239456
9810972
5329350
8991000
7308000
8842770
9799680
5146470
11284920
9550710
16303200
8124000
8917668
12582108
12606768
10452000
12081960
10773000
11434438
21133824
7683840
9736416
11961000
9975420
6715548
12029472
11518200
8775900
7495470
11975040
14362812
9285696
6128794
11232000
11741184
9390528
6409125
10006740
12562992
9272844
7147840
9035160
9050320
10727520
7207576
36027072
10429416
14580000
8456400
9205320
7254645
7169160
12224430
6074400
11116440
8374608
10571208
9983250
10406448
9377100
13286112
11854272
9162720
16262856
5686380
5651100
12087900
6303600
9298800
10762752
7579260
10961640
10457550
9147600
16024176
11587472
8396640
10288620
10308780
12060000
20056640
8400580
9894416
12107196
9549900
10552860
16399016
18454800
10353420
13500000
12780000
11119536
7444425
7216128
8096574
11076912
12500048
17919360
8780520
8452386
7805250
11920560
13455936
7641090
10752480
10375848
10878204
18165600
6741000
15483600
6677424
15206856
9713358
8250000
10046592
18656352
10825650
8792910
6041179
8161296
10334736
6996080
5991412
15022464
6769000
9106020
16027200
12433968
15628050
9139200
8697300
17149860
10627200
8416120
9020900
7238700
7317270
9359100
10480000
8751600
9837738
10614240
9432008
8045730
10080512
13959680
8022960
8329620
10495404
11213136
14441840
10039512
12191166
6593400
12787200
24176640
6623370
9425250
11550000
7340488
10953600
10461636
14818050
15422400
11064600
10471680
14471460
17112784
12261780
10395540
12976848
9003150
12128480
7407288
12873168
9112500
8096760
7697536
12496640
9575892
5987520
7786800
9069984
6908004
8075295
7780167
7491744
11882788
8400336
10023750
16311456
10287720
7878500
15424560
12261240
13669992
12418560
7146054
7662816
8970624
7271289
5636520
8035200
16265504
7527558
10705002
8213400
13372128
7183440
8862390
12907890
12037248
12162960
5998941
13191000
8453700
6862248
8607420
13954208
15660736
7313328
7193125
6600000
6504624
9590400
8351640
12413880
23869440
11517952
10205540
19784000
8491200
9380880
20203776
16696680
9053430
8460000
12912480
8070750
26275200
12929280
6232770
13014864
9180648
6773256
19457856
10492160
7090200
13933224
9683520
12684672
11576010
26763372
9550400
9713925
8102736
14918904
7197120
9493940
8031150
12703392
8410320
9299850
9065250
11823840
7211232
5896800
6800080
14585220
8132040
9876800
10782360
14125590
5094960
6190531
8817984
11061900
11213880
15637050
15631920
20404800
11458422
7498917
9963000
10522800
10930626
7345800
13559400
7129080
6500736
15087800
6864000
10022400
10584000
9542440
11883100
9954000
11368000
9520200
7905420
4475520
14175648
11923200
7756560
7750080
7348320
8836938
17222400
16101180
9369360
10278900
12600000
6073704
9768600
7343136
14580900
9251040
7787832
11646828
6441120
12482000
23379840
9294750
9183672
8460900
16536960
16160192
8702040
5865192
12421152
10335600
9310050
11831184
11547360
8131200
9840600
7934400
7772220
12288900
7812180
11109960
9544800
13704704
18300672
15361920
7399827
6564480
8505000
10627200
12216960
12990780
8245380
12236184
11901120
15585696
8211000
8734392
10018890
8557346
8610840
10597752
9845400
13089600
11484360
21250880
7412349
8359200
13107744
9030600
8484540
9568552
8099168
10251540
10165014
8274240
18907600
15079680
8985114
8023860
9477000
18982080
7484400
9904950
4694625
10723440
9917136
13246608
10837800
12035304
8910000
9979200
12423600
6376500
14363400
6279120
13213728
8633970
7087500
6704730
8499168
17496000
9492384
13880160
11873790
8426442
18130112
11374020
9041058
7889700
12335064
7254450
11936646
7410200
15367320
19635840
7133616
7734150
5779128
8323425
9714276
13644000
14216080
8793252
7950474
8236890
10391040
8531244
9483264
8157240
8540235
19442220
8640000
6312690
12288348
14527520
15935616
15106176
13374720
15139200
12107040
8929504
10200960
13106016
9895500
10702962
8958762
14822640
8692320
16394400
19127040
8376720
6489972
12596480
13708528
13771296
11481912
11304360
9545400
7926660
17635968
9537600
9667680
13820544
17340000
11652480
10750320
15677280
15774528
9938400
10666080
12158910
7701120
17537652
11022480
9918720
4730880
11400000
7245000
10745856
8149620
10127936
12188880
8488476
8291832
6224720
7728028
12509280
7383555
8775000
14077800
6061440
7511184
6494130
11087160
7336332
7553980
8010570
12852000
9009000
14618880
11640660
7421112
9385584
8952300
10107828
5488214
7990920
10388820
10085166
10116600
8505000
13020000
11358880
12132120
6894720
9105120
9541908
12542400
9754020
10191420
14812440
7197120
8168160
9084042
12669972
24171264
5317815
11474784
6794928
11344212
14184324
5799240
7590276
12276576
6972750
19483200
16580160
10625000
8580096
8922750
11924820
7969428
10886400
12278692
8544000
7705152
7935408
16060800
8196084
6584256
9660000
6313256
9134748
9779840
14097888
9574740
6287625
8172360
9145440
9264080
7482888
11294640
15050880
8157600
11255760
13235940
9076050
13257720
17820000
15217632
7173936
9235650
9175680
7107966
6640608
9478364
11269470
7796400
14025960
21093600
13097646
7798104
6920802
12431496
8032392
10266768
11243880
12936000
6696704
14623500
9914400
8930250
11613840
7607600
13646880
12873600
21040560
6712920
10338900
11626140
8833536
12020400
8845980
12002112
5600070
12436650
10574550
11340000
11171160
10785024
9146088
18201600
12320100
6351660
12096000
8854920
5365248
28617120
6705360
8549550
7983300
10958976
6736175
8180550
14826720
12108340
13424220
12463740
10693000
9408960
6892820
9147600
11167980
14304600
8803190
13574952
10610400
10024560
16989120
11780640
19481088
26620416
11041110
13608000
8685000
9897120
9771300
12440520
11869440
7476980
17379648
12496680
8492900
13114752
10614464
8324694
11801052
14752512
7665840
17440640
6220800
6220800
14278032
7581600
13935564
11238264
10133100
11569608
9523000
8740872
11033100
13213284
8239644
10733424
15134040
15903360
7844700
8487666
9260784
9809408
7048944
11091600
8181675
9895392
8436960
13119300
10692000
11456640
6324000
8914800
7689528
10124352
6197100
4955304
13239040
9516640
8611200
9395760
5665800
10038330
10078110
5676480
7085250
15320520
9840960
9832500
8937264
6207840
16517160
10874304
9234828
12723480
7938720
8580096
9455576
13151232
8405824
11158560
13335840
12692184
10060200
7903575
7587000
5981688
7233138
10294128
12857616
10190752
9554425
9875844
10489200
9265896
8617752
10861614
10640448
9662298
10248552
8950500
8858688
12152160
5739300
14576640
9924600
9038304
13860288
18583560
8756720
10664100
13923000
5303961
9906000
8938566
8396460
9389520
8068032
8975232
11038840
9696960
16784712
6617072
5270427
6489450
8988570
10923660
10573500
12114792
14766612
12604800
9921200
9318078
6496200
10017408
16676604
7632240
12934980
7246400
9547956
11833920
15947280
11952360
8535240
9841602
9727740
8253000
13291200
8114400
7669350
6486480
8742384
9813888
16932144
21224160
5718720
13524894
9544056
11288460
10138776
12909354
8296596
9792000
12054392
7537860
7699185
10368000
16277632
7813260
10254818
9091530
14884944
7466100
11421696
6652160
7952850
9865800
6059475
10557000
7275520
7996428
6436260
8730036
7023984
9734256
7257600
9451904
10317504
10977120
15756720
10223136
5434110
16965120
10376154
5892588
8061740
11008536
7551360
12951900
13935240
8308812
8498250
16534728
11134200
14984880
14538888
13054932
7618240
8286972
8966250
24573024
9556272
18486720
11781000
7803117
16687440
7249280
16430268
18449532
9763848
21106848
10443420
14158800
11461536
9821952
7337088
17503200
15547896
9850950
7804632
8380800
8341872
10353096
10334160
10858848
8867118
7896900
11938590
10782720
12895680
11202840
5263440
12490632
11040900
18603648
6289920
13823040
16952724
12258135
6568944
15847920
17923032
15917472
9004800
12007440
15335856
10929114
7966728
6861375
15483000
20776448
9236685
17509960
13265280
15548336
9588504
6276240
7641000
11466000
11305224
9339858
12066288
14515200
8149680
11024640
19312560
6982074
8709048
9260160
8768736
11613456
7894530
8825175
17740800
11919600
12312000
8941940
9662490
12409344
9505440
9981210
12269070
18717696
16635680
10981920
11734362
11726856
8751240
11588736
7338240
10260000
10146996
11121300
7372890
6578880
15385680
9080652
12826440
11376288
23735808
8856000
16853760
12209400
6360525
11921352
14388480
9625920
7627230
10618260
16369920
15645663
8782620
13548060
10720944
9853164
6656080
8848416
5645052
24262944
14152320
7836500
10991520
6804600
21993840
7635420
10562520
13689000
9053400
9052472
14469840
13479804
6454300
6873768
8683200
9322110
14268960
10353420
9729720
7011900
13286152
9185886
8778375
9644508
14218416
6368625
8797590
7419915
12103200
11089008
9981414
7188399
7410792
10773648
8685600
10488960
14037240
19857408
9467640
5930820
11965320
13619316
7735734
7204680
18286400
7174440
10122420
15086400
8133048
10400544
7135968
8171280
10748160
5884375
10290672
8683680
10189920
6232710
8300136
9453360
8191350
10428264
8017380
9017568
8762850
7137480
9394560
6096330
9175400
10627200
7153920
9765360
7067844
8712918
10708038
18180288
16956480
9219096
11171040
9483348
8092656
10336500
6597360
9075760
13746816
8996400
7500220
12377664
15991560
13067244
5143125
8403120
8513568
13046616
18347040
13873564
10139136
10640160
8010240
10115952
9360000
12979300
14180148
6150510
12127800
8912376
9852192
11323800
10353056
12637272
6429618
7815600
12516930
7003500
13260000
10520832
11871576
24541056
7134480
8690640
8317440
10934400
11153700
13975632
11173950
5953500
9486234
11289780
11216580
12597408
16685568
10683288
11426400
7408800
9379800
12521223
14765376
9827280
15587988
8892600
10457088
8128800
6286896
14001336
6667100
7112826
17115840
13072320
10102320
8784660
6638985
12631120
10399920
7047348
8387568
11727000
7661568
10227120
13535616
18792104
10953576
14810400
9596313
11868675
7569666
10708620
5637938
9321480
14335056
17239560
9809100
14090076
11126160
9335484
16767000
12082608
10348180
16657860
10927872
15652000
27939840
13284000
12610944
9980031
11232000
15093000
12465900
11035584
12538800
10469760
6028704
8178975
5811500
10429380
9097920
12209400
6765120
8287272
13325472
6499800
13279680
12566400
8342100
10225908
18848448
11575818
7816260
7896780
6791008
11757312
15509760
10900656
16779680
9585000
8776800
10668240
7787550
15409440
9901440
7437888
7229250
7331472
10562400
8461908
8677800
7826400
7459452
7637760
10269760
10391250
8769020
8807040
9555840
12294180
10453680
7523280
10410120
12668400
13746000
12838912
9349166
12237960
14113440
11684736
10928940
8200926
9236916
12034710
9757800
7728000
12150000
11775750
11340000
7195500
14238000
12062724
11664000
6705972
8755425
17412408
9128700
13533156
13716864
5393520
8246190
7760016
6841344
7718400
15816288
9466680
12881160
7720000
13415976
10361520
8855280
9743184
8901360
7191828
10483200
12776400
18265824
8984196
9408960
10010385
7370028
13769460
15838416
9824436
8107965
5117730
8067696
11809800
7095024
14253408
11817630
5670000
9025929
8405712
10474272
11181240
10416384
15108768
7339410
11433312
8302500
15657408
18306624
10339740
11541768
18181260
8792640
11099088
7996800
8357013
12838500
8297100
6546960
9340650
7062660
13257720
9669600
10687824
7482024
11144520
5645484
10426416
8029296
7945236
8533230
11005344
12078558
7840360
9936432
15718698
8489205
10619136
8519856
13384440
9136140
10001880
9302931
16352640
10962000
11424000
16319880
11894724
10827216
14597280
14938240
10670184
12369240
9542016
13058496
8293120
8531680
15704352
10136750
10639860
14333112
6762960
7008120
5968776
18573600
11327040
14762736
10906000
9686304
9853272
13569390
6412032
13444416
7321509
13680576
8735904
10619100
10827612
6211125
8389332
9832752
7687152
16348320
7753920
9872280
6014736
8431280
19298944
10123392
9007776
7348320
8046702
10424700
6990720
8535340
6731100
9369270
7010640
6318000
10948476
14001072
13022640
9323328
11036280
10254400
10340352
10852380
10121664
17559072
8769870
12713760
10549440
13639104
13705200
6927000
6123600
14002560
12662208
12386720
7850304
10136016
9331200
15917440
7548600
11898468
7337220
15608448
7898256
6635200
12447936
12229920
9750240
10935000
9089636
8431938
9019296
10730274
6466680
7595280
9511830
15624360
6947352
19100800
14616720
7075350
10235088
17296560
9636000
7830000
6305504
12769360
9406692
10338480
6741990
10410120
10425630
15525000
9979200
12015054
12069200
11481912
5584176
8086920
14137920
7859700
16586400
9597285
10097920
10413600
7388160
10233216
8449500
10800000
7638300
14735520
11208780
9596928
7502040
8199000
13115200
5940000
10328000
12441600
7064064
13708800
9679824
8059200
10711440
9783360
16439040
9637056
12465666
23067360
7478880
18729216
13478400
7132440
9232200
18519120
15245648
11624112
12229720
10310040
6511374
10696000
6595020
10338210
8801100
11936384
6668112
16360416
8789760
15671880
19418400
8081640
12263868
8998704
7593264
10528440
8535225
13328680
11744460
6738018
10368000
11318940
11098296
9244080
10606140
12344400
6525468
7618050
9767360
14728560
13230864
20300800
9782220
6833160
12491280
10477440
8135235
10560780
10822490
13302432
6402240
7973680
14845680
11956464
8901090
6708000
12291972
12488256
7672725
19653344
11482722
11634840
8164800
10085760
9702522
17520768
8055936
14617152
7672000
10841600
10503000
10351800
8788500
13226625
10074528
8353125
8937540
11154080
8900480
11024352
7075200
9096309
8364816
9061800
11050000
13555584
7702200
12501216
5191875
9536400
12729600
8732934
9962040
8996760
10359360
18685680
9945666
8997075
10577600
9216000
11368320
9972720
7818930
5141880
16773120
13862016
13164120
15046560
6896372
10077600
8964648
9245280
17323416
15774480
17484930
8421072
16491020
15297336
8905600
10719000
11870064
12607610
7157280
6436215
7914816
8542908
8080440
6432777
7257600
16109600
10156800
12074880
11295360
17236800
13608000
17253324
7557300
8847360
9216000
10395900
4932441
8764560
11310940
17392032
10920000
7362630
9824400
8228160
9400320
17683416
12184704
7366920
16136064
9184560
13711680
13161060
8716240
10405080
12064600
14518272
8607456
12174360
10254600
6253824
8864856
10283904
7651904
5931072
14644704
9447840
10505560
9306000
9527760
14323392
13530240
7684306
11350440
7970400
14129568
9439936
12046944
11172096
14996736
8598150
6892704
14580240
8946432
10055712
11203920
6880830
11806536
12624768
7837830
7144800
16895232
13479840
17172000
7278000
15367872
11822160
7676370
18627840
7511796
13379200
12183696
5392968
10608640
13321728
10002960
9616320
7958184
12227760
13271040
7678800
9033120
7579170
13613832
11226880
18520704
8009912
9011520
14907200
7858620
10417230
8031420
14546400
7596000
13013512
8999920
8062470
11361168
5430321
18662400
6554100
5818095
12888450
7625520
12349542
12631140
10478160
6669432
6739200
7019232
7841367
13155912
7361952
9698304
11058976
11335680
12196800
15707520
10149894
8748135
11119680
16719768
16386552
11596500
7911540
10375200
7981155
7160400
18174456
11938590
8540140
8635476
11153700
8437500
10932480
6789744
10458162
11177640
10084320
9993984
12464388
11439360
5980554
9468000
10440000
13640400
12349440
11828124
9837360
14942592
12308544
11089440
9152676
10079640
12634920
8725050
7993440
10091520
7664832
9279360
12237792
6517071
11042976
13824000
11238480
5844150
10361520
8330850
10306000
10406880
8316756
12941208
10921680
6717735
9050400
10414880
6624000
11768226
7378560
8251875
11005184
12823328
7812700
5511375
8526384
11523200
5319960
12282840
7163520
8556800
11527020
8212218
10061550
10360000
9456588
9170820
14141952
11115360
8163045
14232240
6302340
7948530
12621888
8173770
8363520
8727273
17854720
8354304
14688420
6835140
11167164
8568342
15335840
12393000
6558300
8783424
9843600
7313625
6717963
8583408
8723700
11486700
10743030
11092928
9636144
11953656
12631680
11496576
8671040
8648640
16887040
8351760
11583000
9068184
10264320
7290300
9132570
6320420
8154918
9413415
7985040
18906400
14972800
10878336
8371800
15222528
14033152
8467200
11362140
9311652
6180000
11566800
13771296
11249280
11616000
8884566
9904608
6748560
8349660
7166520
8775000
8328600
17543808
6202680
8614350
26799360
9073800
9779616
9331860
9408000
12971088
6365232
10449000
9935820
6721380
9499580
13604608
9536940
7450920
17044992
7817472
7372620
9510480
14776344
8623020
17503200
7107912
10391040
7239780
7600248
8305576
13605840
12340350
17049600
10024992
6034671
11643588
9719028
10019664
13078400
10566216
7530354
9914400
9561200
22576800
10565640
14596200
12930840
9125550
10545600
8106280
9542400
13303350
11909520
9103680
7374000
8648640
12317184
14126112
7812000
11750824
21849600
11029704
9820680
10361520
10950720
8618400
10027080
15680220
7257276
12126144
15348960
12323360
12244320
10376192
12891312
9990000
11369808
15921360
10969200
8398080
14461440
9486720
6318592
10334520
9159156
14713536
22792448
8935200
14264640
17257896
8360000
14434200
8876562
14147184
8467740
8100972
10471680
10195443
7476072
9803592
8942160
10519344
12427000
17070336
10013952
6022080
8280000
13860000
8166150
12113640
7625016
9315000
10861884
9798840
11477376
14288400
11104128
11517120
13429800
5727600
8370000
10673880
5935032
14278500
21077280
13235010
6258420
13634460
7609140
6874686
6671808
9399780
10521432
5989836
7012125
7403760
8793810
6412112
14148024
9553575
14958720
15531360
25079600
8112744
9513000
13527988
9725400
10371804
8442880
15000480
11872800
5548032
9422400
8075540
9376328
5948028
9925478
6509385
11456640
10891260
20076160
7043652
7801600
15075720
8206524
15430626
8776800
10648800
22528044
10870848
7253190
14506920
9293292
12327744
12305280
11875248
7786584
16136064
7819392
6075216
16135680
16070400
9811125
9738630
13286052
7515480
9427284
10012860
7861320
7012320
11297664
14301180
11984760
8467200
7394940
11247120
7142742
7518960
12029472
9213740
6767280
13037436
9151380
9621612
15084000
9678240
12762600
26459136
6157215
7475220
8343648
19745100
11855358
13353984
8608032
10584000
12432882
15532560
12659328
9510144
11316996
9371295
9483264
14128360
5000940
8717280
11158200
10152000
11005800
6977880
15136992
10394496
22117536
10206000
10608000
16413120
10647712
7967862
7804500
5495490
10999480
14414112
8271480
10496820
9154080
8184000
6683824
7200000
15554808
10133064
9781800
11475408
12980016
12811140
13254432
21998400
5749200
9180080
9320880
8482100
7541505
13970000
8971560
6321000
8285304
9729720
11185776
8610240
6711808
11424000
9408364
9182040
8571825
8462496
5218668
8788824
10215720
17273088
7736418
8718720
9069840
10216800
8832000
9832680
11627240
12700800
15912960
13146432
12829824
11853576
5640336
9542880
8595120
8590500
13844512
9569196
17131520
6849630
8269620
7048764
6939184
7325640
10955820
6420465
14282640
6504030
13746240
11136150
12177984
7511232
6123600
7213290
6550725
12778560
8249700
12299040
14409360
7504560
8842500
7457500
11719440
9229869
18493800
18296148
10381280
12129120
7452000
9047832
10585080
11143440
9090144
12411360
17169600
9290160
13495680
8680584
10913176
6216475
9137988
10823220
10638324
14357520
10243296
7190640
12154320
7609600
13716864
9427860
8529300
11712000
10137234
15744000
12702000
9652608
9895500
9386110
12208968
7935840
10196608
8073000
25804800
36362240
7480512
12469632
10198062
10948608
14473920
8693568
8595360
13923360
9483360
6285195
14327040
7038495
11853216
8739900
11232576
10132425
13213200
11570148
9707340
8205624
17710920
9077760
8262000
7840395
7299846
8662896
12122880
8957256
10672080
8164800
8517600
9103500
10164672
7344000
8083350
9648996
15940080
8225280
12583512
9477000
8808750
6471044
21021120
10849176
11043540
11504592
7876440
16084800
6103161
14130468
7209066
15878304
13005360
14229594
12621987
5298426
7888152
7899723
9968400
10360872
8753400
10704960
10903410
9518544
8378748
11880960
6532488
19565760
11305656
21483216
11063736
8380260
7286832
13419186
9998208
12457368
8194680
8447040
15833664
8373525
10323612
8443050
11601480
8383680
6409530
10707552
10920960
10846720
16345056
11934000
10557000
11307600
8573400
20804672
7241220
12331440
8547084
7000462
11247930
10174842
9048960
11293920
6851884
8984925
13297370
15433416
12023100
10047744
18684448
20151120
10878912
7488456
6293664
9723120
7466004
12030480
13390650
8909280
13134940
12407304
8172336
17099280
6347125
8660925
13592448
10100720
12292560
7203735
11241360
6086745
6969900
18532800
8408400
7176816
9458100
10294875
9178720
22636800
13466112
9849120
6123600
7042464
16200000
12785040
22381200
7623000
8446000
12490416
21098880
6878115
6827534
14381280
7628544
6417744
7954408
13378500
8785260
10584000
10401552
11740848
5363925
10500000
18722656
15829992
9312240
9316620
12815820
10126480
12283008
10627848
15082128
13955436
6821640
7344000
11288160
18996216
10716048
6760850
12548448
6638112
16336080
6400836
9462012
8307720
11267424
10453050
6017850
9963000
6643560
7955976
7181328
8457696
6589584
26817208
13219200
10534050
8489376
9925416
9006570
11497464
12917880
6351600
8193150
8816640
10829160
9530460
6888960
13211550
13012480
8708168
7112250
13534992
8168160
10355226
10910052
6698325
9642240
7776000
7622316
8482320
8385930
5300250
8578440
5845288
8742840
13224708
7328475
6508080
10696448
8309784
11310480
10175640
8031384
8308440
9979200
9789900
12781368
6126400
8766210
14490000
10347370
15760000
10476504
8528814
5569425
14080248
8000370
12398400
12229920
15309000
12803040
14675760
10754154
10497600
6941952
12723600
6081600
13304880
10127040
9101160
14971320
18339840
12445920
14856912
11161800
17406960
8105328
5129082
11793600
13496940
9928800
11982816
6137481
10568290
6972750
9996480
8129160
9052524
18817920
9465600
10727640
10838880
7604352
12943800
9180000
8548397
9017880
12177216
8594910
7707600
6567008
10385944
9384020
10065177
6209280
12270456
10095840
17159868
9928104
11318400
11724288
14040000
6636816
9774432
7872525
8442288
13300140
13909200
9409500
9271875
11979900
5518881
10479600
6158592
10432368
12197064
8293428
8075340
4665780
9339840
8592480
10574388
7905600
9625200
8301528
12307680
10337280
10564480
13014720
11022480
13549120
12603216
9220500
8591700
10272906
7132752
18206064
14868880
5665440
7243344
6339060
14031360
11849544
9638352
12664350
21760992
9902880
19202112
9840480
19602912
9169575
5049915
10750320
7318500
10429560
15571116
11054400
8642340
18662208
10259784
6941376
9619155
10035576
13873800
14138874
11058432
7987176
11584224
10464795
13003200
7252560
8985600
10450350
14909952
