7533600
10939024
10726020
8051400
10922080
19214720
7023510
17105220
6759840
9685332
11943792
10921312
10610120
8806000
7058688
6729840
7495920
9741264
8731888
9549900
7766712
11552064
9906624
6718900
24365568
10744800
10396512
8179500
8507700
11811950
9246000
10310652
12247200
6455025
9737280
8347050
8164250
8568000
11378880
9513450
11260800
8136600
16942640
6336960
17236800
11756880
10978086
7829452
9716355
7596000
13598640
12343320
10383192
11155440
12280200
8819304
9429900
7773750
10430010
13259700
8154135
10789728
12213632
23903424
9647991
19388160
7479360
15989400
13772584
10705824
9072972
8255520
10038636
14607240
8058204
9953568
11926656
7700490
8429820
12761712
14373840
8246700
7545150
8735040
9066816
12820896
14001948
19141056
7513560
9143474
10671048
11193120
9794304
12486024
9977440
9277740
9011808
11123840
13324500
9927900
10171800
7382760
7997100
7993776
9813120
12773936
11664000
7628472
11073216
13082112
7593750
6859728
12611712
7435800
8395200
7473600
11303232
7921800
9422400
8925600
9132816
17055360
14981120
11245500
14497056
7873380
13934592
10093320
11181240
15240000
12943800
10689840
11722824
5827434
15451200
8640000
9469440
14601600
12320100
9336768
8658900
12870800
8553006
16038000
9565938
12720000
11414844
9555840
10104120
8551200
14066730
10510344
10709200
8385048
9597280
9060660
7038720
6228900
10207500
7604442
8303175
11178000
7539075
8460000
7375050
7657275
12512544
9437850
11302200
13328480
28625248
10929600
10271016
9620100
10555776
5997600
16340400
12784464
7836192
15562692
7567056
7394968
13614480
10912050
15295392
11729960
16419000
8946000
14487552
12458160
10846980
11340000
7394976
8122440
11813904
8868528
7348320
9903600
13305438
14511744
10659516
10205184
8716032
13122000
8458605
14318400
4968405
7708116
11999280
10305144
22896000
6727500
8813500
8633280
8475300
11934000
10153440
10098000
16866000
11824560
7980000
7406700
8063040
9363600
11321520
7569000
9799218
14555970
8871744
8854272
10827000
7146100
7787340
6327300
10653390
5438400
10630848
8977500
11826186
11614064
6414912
13114140
16044600
11602320
13018080
7470112
10351656
9794400
22488960
16371000
13860600
14813664
13935240
15507360
19730304
11134422
6569424
9659250
6308888
13942800
7971300
7544880
10977120
5773256
8660439
8985432
6210000
11285456
8482968
11426184
12487860
4753985
8237824
7958400
6700320
8289216
15153600
16815600
9929952
6063400
7005600
5070681
8449260
10121436
11130000
7876224
11414400
9870336
18937800
16018692
8915206
9013950
9606240
9871560
8664360
9178560
10510080
9052464
9521190
6447600
13027680
18289152
11046480
15777828
14447460
8614512
13184640
10376384
11883000
9277740
9557920
10074240
14086200
11838732
12770032
6670350
7884800
12836880
8638650
17978400
11957330
8524100
7806672
6525468
8205300
5359746
9075312
16946820
10950400
9279360
16112880
13332924
8891100
10360896
15156368
10131048
12686544
7677600
7604352
5515020
7741749
12313440
37589760
16169400
6771870
8634420
12690000
10209240
9865668
8690400
6160050
11516472
13347160
11566800
6457482
11381568
8878080
10008036
5529309
9615840
14834880
7174818
5241984
18439680
11604384
8429120
8508738
21719880
9544500
7436700
6351852
6115176
10040760
7016150
6008175
5961600
8993088
8742708
10495296
9532890
18102240
10931760
10891800
11065680
8225280
11270340
9373806
12415032
8414208
11288745
10505970
22282560
8812800
8527680
8716656
8944560
5564160
9337680
10644372
17451720
8448762
15590400
6908256
11093280
13195940
6195120
14483600
13311000
11089440
8675100
21632000
11155104
13632000
9547200
10870200
10702500
9411192
9859860
9017856
9394812
15209840
11370816
7870320
11540160
10206000
8723400
6462924
10530000
7967040
11192904
11278820
14410200
8011080
12275640
14735808
10846000
8172819
8986200
13757040
18792000
10675584
12432150
8836128
6896736
5516280
5543556
7562106
8437365
15054336
8222526
9743760
6677424
9517500
13179996
11025000
14078691
5889240
9354096
8981460
14845680
8401536
9354150
21644220
12056400
12962880
4821743
8856000
8127000
8989056
12645952
7874850
11440440
6990160
7736400
12584532
14583888
8915760
12897696
9277740
8569152
8061264
8176500
7817952
13223592
17398368
11838840
8777472
6615312
11936646
9212940
17025228
11689344
6866496
7543125
13189500
8870400
7241112
11323936
8058960
13438656
14618880
7895232
12441600
7697430
17936688
8464464
15022080
7152600
10060200
8303100
15763464
6385176
12653712
9324000
11846688
13698720
8236800
11321856
7839600
11474064
8537508
6257790
9848448
11684736
11284416
10769760
10759500
8331336
7619040
7763670
11106000
14137065
9770976
10303524
13284000
7635456
10867500
12600846
9640296
5655240
12082560
10679526
15172416
8668215
11880000
10580490
6636375
12355092
8255520
13596048
10419552
11722656
13454208
13057180
5086848
10712250
8949582
15467232
8558750
7451136
9136800
8422704
12618828
10112256
7430400
7867260
9622800
13146840
8748000
16340000
13887504
9302400
10521920
11823840
10764000
12471200
10396917
15068592
17702880
9942426
16286400
9700560
8703288
8084000
8196480
5335875
11178000
6555060
11521800
10762470
7628138
12174360
10873200
10303936
12999420
10238400
10390450
8934000
8262000
13605900
8946080
9824400
10935000
4816200
16334976
10003824
12306198
11893450
12429456
15263160
14765520
7527600
5240550
12723804
8700300
8258736
13802400
11194560
9132588
10980000
12976512
13530240
12195000
7632048
13189920
10233330
10024560
6735960
12838176
10449600
12419832
8669232
9067520
18785520
10579932
6365628
14590080
17899200
9515880
9904320
8680770
11372544
9756300
7676640
8922960
7118199
16962240
9008334
10967760
16288560
13913130
6966960
13980600
19388160
14104608
9412416
11372400
27561600
6810075
14101560
8136288
15741252
18620118
9054848
8991000
14915664
10249776
9942272
9594855
15013440
7938000
14375520
7509888
13915440
10833660
10308060
13655088
11796504
8963200
19684368
11264064
9124164
22166784
7757100
9406260
9576000
5641600
6888960
9554544
8159089
8168160
15127008
6965700
10854000
10486784
9838416
15833664
14592000
10740600
6727280
7767606
10673280
18689136
9855000
12552960
8230320
10612560
9512721
6003075
14294016
18608544
7867575
11894400
10231620
7064820
8217936
11038368
7796880
6995160
6753600
17403840
6790392
6865152
7018245
17055216
9072000
7581600
9942720
7080090
6746304
10649184
9710064
19796000
15047760
13665420
8382528
9041868
8619876
9116820
10742410
12530592
8420112
10359728
9533862
9064440
11446440
8370648
21514680
12995640
8241420
16212960
9835830
7184520
11429760
8721000
10487232
8392950
7876778
6731312
7022700
9233550
17407296
7017960
9565056
6721650
18708768
15868160
7637760
9837630
9675336
8031540
13259568
12532128
14163496
8485920
11442384
7142850
7971588
10866960
13519800
7756515
5735205
9331200
9146890
9352260
16303104
7754976
8093250
6829920
10881024
8387064
13257216
11883960
10332480
7039500
13020480
12071124
6582600
11785692
8622336
8894464
11010330
7090350
12648528
9094680
6467934
8608000
16790688
6925440
15952800
8608320
13562640
19148320
18903456
9549848
8087760
11167200
5059080
6937500
17307360
13772880
10072377
8878800
11318880
18564000
23496000
11158560
9844416
8549010
9837120
10093160
6348000
13717140
7469000
5917000
9852000
7832340
9526500
8059392
15443328
11091960
5355980
10536480
8812800
7429545
10884780
8383680
6485850
19862304
10150056
9820440
6489000
11197440
6361110
10631712
6676875
17444160
8416224
11151900
7596666
7197120
14781204
8775784
8202816
11796678
22488960
7248528
12632760
10992000
7550400
8954400
11378320
10195794
8727750
15257024
16357536
8461512
11797344
8699886
12954816
11646624
10899720
12849408
11244618
5141880
8450568
13342144
5713200
13057920
13014000
7827300
15676800
6565495
10426950
14952168
14792128
11726928
15523200
9840320
10144116
15218280
6631632
18051264
12216960
12479400
10062776
8944860
10978176
7418790
9481920
9702000
11681280
19111680
17731268
6481020
14918400
8662284
7553250
9860928
31530816
11644830
18289152
10876140
6948040
8449920
13770000
7552368
9297504
9819392
9326400
8114310
11820928
8416620
7695648
17474688
11614500
5685600
7892640
8474868
11247228
18649680
6418590
7300800
8671212
9836640
5793930
12751200
11616950
7949760
12313620
12841800
13224060
5660829
11377800
5259384
15644340
20484216
8907840
8553105
12735120
9691680
6445360
17979600
10175724
9928560
9659160
10716300
11870064
12245922
6904660
7328394
7892640
8317620
7227360
9954090
9525600
8800000
5908224
10035000
8294076
6878520
14460096
12875640
5952072
8745015
8880960
9932160
19057740
8890560
17479536
9576900
14047020
11890426
13417488
14221728
8086176
10957920
13483584
14419944
6635925
7434000
8860800
10177812
6770820
9809586
7493200
10778880
7296606
8343000
14691240
12127104
15865776
8532085
18903456
15054336
12583200
7620966
13435520
8043624
10560672
11450880
14085084
7001280
9243000
19667808
11448000
6918750
14969880
12072240
9215802
15138900
17903616
9217824
9868176
8025768
10237536
10599680
16580160
6965610
9547200
9626760
11739600
7755264
11610720
8102160
10621500
22836000
9049806
14214600
11970000
21257520
13794876
9119744
8169045
16302000
6314328
9536670
12701760
10170000
15824160
6644830
15559776
6125360
8682600
14117760
12664080
14385600
8421900
6003990
6758640
7581600
11414080
12911472
11253900
10179600
12697128
20225376
11901600
8080200
13962780
7880250
11649420
9906624
7450080
11518200
8678880
13365000
8126496
15586000
8133804
12700152
11214900
5304000
9447138
7710600
8904870
6085087
9018360
10474200
7594965
7298775
14929920
12900960
10316460
5052595
9203040
6170256
9047520
13746672
9732096
9963360
9641376
20774556
17012016
11764224
8946000
10044162
12441600
7475850
7962528
7929948
12247200
11647440
9959040
8630400
8313030
7564140
14828688
7957000
7002045
7192800
12803560
8608160
6235866
8163596
6396975
6747840
12061500
7704540
7111440
7875504
7824696
6648420
7634250
9865800
6766305
7620480
7961760
17807120
8709120
8464560
13443408
7622040
5592900
9405396
11519160
17947200
11787200
9869760
10259424
10086768
9417504
10442880
7947072
8775162
14612400
8695530
6232512
7296688
13530240
18853680
12925242
10750320
10024632
11520000
10977120
8408772
11787552
10459098
15318720
6597444
14040040
10960544
10777536
20289360
16130360
8910360
25056000
13671000
13243440
7875900
11393280
11041110
6778350
9477000
8675784
7613154
11721024
10584000
11503544
11874000
10319400
11964600
8040240
8240130
7560000
8545815
12413160
8184000
5938515
12193632
10224000
8192340
7871952
8622000
8899800
12008088
25390080
14181696
8942400
8412288
16357536
12913560
13288320
9431744
13585320
7847810
9816420
11657888
9983250
12926160
20030400
10107504
5813388
8419632
8205060
9160830
10614240
8108505
12236250
10591620
13773240
15522408
8055960
10212480
9266880
18403632
11583936
15999480
7995400
7129080
12804480
11179168
20138976
9289980
8911200
10042704
7004961
8742420
10260432
8877000
10259200
9515880
10537128
18344928
11278080
7632144
10287648
11430720
9266400
14491904
10999152
9977500
14618712
7143180
12943800
9860400
9092112
11016000
10159884
9839760
15011940
8604288
12637260
8591250
11682264
9038720
11294496
15310560
9473754
5083536
8278200
7287084
25356240
9930600
9667728
9362112
14999424
15554880
7035744
10199940
9488340
9109260
7318080
10335864
8924460
7034580
8045400
10760040
9961056
12264744
13061664
9761364
11122488
9577750
8519040
10202760
7042950
7177728
19266048
14665760
9318078
9057600
9860080
11660400
7933464
15956352
12150000
16061328
8168160
19597200
11268072
6670400
10325504
12505266
13698600
8642940
8888100
5806080
14380800
10905840
9335040
8523324
9120150
20148264
6377448
11206926
13245312
8832684
9710998
7151475
12831840
8845200
9128700
13493952
6063750
17346420
7703040
13305600
6135675
13844844
22016412
7933200
6132672
20168640
17413704
9112272
10235808
9909288
10449000
14097600
9237888
9137600
13277520
9374508
8553600
7633440
6861650
16786440
10096128
11893392
8034552
8016624
7309440
9905600
11097845
7315728
5418000
11082240
5487480
12798000
9621558
8206002
12529728
11780496
8950500
8277606
17075520
13295580
12515580
9816768
14062400
11426040
9595964
7342635
6577038
19490560
9630000
13101720
12277800
5850544
11780640
6350130
14458240
13865472
7686680
9961026
7741272
11702232
9839178
9312300
13305600
7172550
8743680
8796480
10432800
11151000
9879408
7893900
8834352
8737470
13112064
8793774
8332800
13839612
10176840
13240548
11460272
8658090
11465052
9055800
10349940
12690432
12052800
6758856
9911160
10058160
20012544
14064640
11891880
11649420
4611600
12493980
8774982
13456080
8906352
7998480
11642216
8365224
12931920
10523520
12572505
15127560
18486900
9641160
6915600
7295832
14778384
5425160
10828800
13613832
5836725
11369120
10619136
11187000
10033920
18628288
13727070
5349330
9461088
11627388
8622570
17860224
9121512
16921072
16716960
6940080
6941070
15699744
11607552
6644700
8505120
5930064
8297280
11803968
5379528
16886784
9186600
13946560
7257600
9755400
6061275
7407070
8914455
9787932
10801674
6363000
7878276
8231580
11101860
12972240
10857000
11553192
6796224
11593728
11430336
9549860
10001880
10230696
11936700
6687360
9060480
9115200
8695512
8569152
11576520
10175424
9545400
11532520
16528320
11371360
12283180
8851392
9978228
8787120
11128224
8342730
9863820
12588000
6995160
10719864
9804800
13634400
9423846
9767142
10137960
13724100
9884478
9562320
7766640
6408432
14492160
22311120
15052860
9616320
15300252
14573400
8605408
7640640
10116288
10452960
6978874
14347872
10186020
9694080
6661500
9041760
9407232
13852620
12993750
5346297
10769760
9009900
10119360
7068528
7200150
9473760
11401560
13600224
6098260
10781232
9517824
11412576
13795920
10797624
8353800
6984900
6286816
11364930
11536200
8501100
7699824
13214880
10391280
6014736
9825048
10751292
17169856
11758440
7586460
13591500
16400800
8879580
8105454
14674240
13266484
6467265
9366768
11046816
10614240
7234320
9082656
10036320
12979764
8629600
12106908
11985408
7166880
11097200
6222672
11717244
8442144
12814848
7597800
10114200
11795520
13023072
11923200
11072000
8471100
10710000
8681028
11877840
12710844
8660520
5079915
11610480
7751496
7452000
9879732
8468334
12507840
13851000
7545150
7779240
11280480
8309480
7161000
11439360
15744960
6688038
14841720
7947072
7039470
11418220
11463600
12991572
22271328
7076160
7106958
13219200
6622350
9180864
10009872
7142742
9583200
10734984
6943392
9644544
13510575
6393240
14113890
19000832
6604416
7694136
7380650
9495324
15366912
8786400
10839240
10797350
8437176
11225520
11185452
12984432
15039360
22581504
8858700
10430532
12760200
8921502
12930840
17644392
8188128
14905728
19406520
15063120
11761200
7013505
8849280
10602900
9749628
8228346
8048160
7377120
10379520
12847104
6815952
7322940
8401536
8494200
7837560
7565520
7650720
14540000
12133152
12700800
18882072
7970400
6113880
6281856
7224405
9713088
13681872
11425024
9294750
15966720
7508160
9995736
10411440
16067232
6366890
7914060
7931412
10693620
9082611
6408396
10861776
8310060
5449275
11732040
9120384
8162856
9143280
6424920
18061344
4926600
9925800
8823744
9316620
10626000
12192000
10575768
15850800
8607132
15389760
12163840
9564480
7926300
14823648
7426640
7831896
11057472
13061440
11461590
12393000
8003772
25027056
7827300
18994320
16665600
9768600
7716753
6534918
9836640
11661408
6809600
11835000
5844720
8206920
11181240
10765872
9426060
11408880
10949400
8604300
11206944
8447400
11520144
10487880
12444480
13184640
13859250
6444360
12147840
12499020
15288144
10576332
9367680
7621804
10505600
7679232
11104128
16721440
13530240
11184300
15390000
13543200
13873860
7439850
7207200
16875948
6562500
6718761
9240480
15033600
20724768
16410492
12179376
7994700
15248412
7683984
7619100
9644670
7697118
12253696
10334640
7427160
9053070
7327584
10520820
8492175
8286120
9751200
7358850
9646080
9808080
12465000
16161120
8476182
12130560
12561000
10657920
12235104
7734528
11560632
12216096
13206240
9685200
14129640
6521634
7418500
7902450
35654256
15699840
7020750
10707552
20343312
11124864
13560560
18106704
8647560
10890000
16030080
7793550
8979840
6491520
17010180
10487880
11007216
14294280
11142912
8246640
10314108
13031040
19209216
17769024
12713920
7506720
8374050
11719818
11914776
11604540
11861856
11907980
7887060
6885648
7904208
10880928
9598680
13211856
13996800
8717940
7994448
10438272
8204508
6362850
16422912
8806110
9633393
7365526
11664000
9694080
12406770
9136800
8332800
12029472
13625568
9179640
10134720
9537102
11440008
10214400
15798240
14579712
8739360
12101760
19019520
12857400
8586240
11186046
6811200
17919120
13193820
17640480
17884152
13351800
5573232
10080480
19238400
7691544
6701760
12486980
8279040
9998352
28304640
10402560
17253504
16542240
9963000
8147250
6939810
7566048
8287272
10810800
11381460
8670240
10571904
13913712
9173736
11356800
9710064
13047840
8750350
11698938
18787680
7219200
11307312
7561680
8724600
9630900
7621236
13265280
11387490
12275400
11699280
14258544
11127240
6932250
11096448
9389520
12722400
14187360
7952688
13759200
12153636
16656192
16733520
9874512
9836640
15034086
13000680
11009280
6132774
9446220
12723480
9707040
9830106
10388880
8829612
14935680
7700292
12719160
11351340
12142592
8385728
18662328
8860800
10085040
9868500
14662656
10883480
9192240
11565882
10694700
15116544
9023872
9333000
7411500
6303360
15135120
6256320
11332200
6992568
8366940
8172060
11267424
7855326
21465840
6303600
7668000
10991640
6361065
10840968
10906464
16471440
11770512
6228540
10964160
8496600
8100756
10115928
12852000
10546416
14930856
10000360
8629848
8813610
5868450
9656504
10050264
11800866
9602320
14758380
8180040
8461376
9117360
8207600
9549900
13167168
14421000
6662088
13579020
12474000
8576568
9104400
16288272
14667984
9746352
10532592
8686622
9477008
15106608
11482240
10963056
25903800
12422700
9089100
10532592
9833562
9090000
6709500
8240200
14197600
17264664
7887264
10504872
14695072
14605480
9319128
11235520
7811980
7862400
6206319
8922960
11436552
12984192
27148320
9128700
10660896
12943800
8856540
20491800
11004000
9515100
8325504
6672654
12628224
12265824
8304660
10630530
6775488
12282138
7647552
8222760
8655255
6984360
10500900
5938320
6854400
17271792
8616780
6693750
14155908
10977750
9493056
12798000
7146468
16517424
8324096
9605340
9484776
13918800
11335464
8207872
10230400
6587568
10919880
9977580
14660028
8624000
7738380
8837136
14406912
12144600
13443600
14928480
7560126
9946557
8741794
5619588
9064000
7271424
9934812
7762392
6732306
11416140
8044092
7061580
9767520
18176400
9262560
12272256
8011250
10471680
12997260
14798160
11808720
11508456
7038540
8491635
11006616
11624256
9480240
15645168
12879000
5105520
6518232
7267356
9106344
15874704
10461800
9297960
10727856
14292360
20253600
17335296
9609600
7591920
10819200
6359850
6624000
8219520
9405000
11815920
11552112
10170720
8243616
9083880
9047808
7149450
19388160
4834800
9204300
7990650
6205248
9960704
16832368
10908000
18128880
12714912
8613540
11452224
6008730
13536840
15824160
7813422
5595405
12730608
9621090
13878180
14743200
8206464
9787860
21984000
7377480
11244996
6948480
9551340
9692488
16088240
9629280
8497620
10351800
8652672
5487570
10134720
9622560
11633684
13305600
8927550
8409375
7628256
26495532
13825728
6820384
8768250
11647584
11363760
12393000
12089736
10396350
10640448
11285500
5418000
8589564
7348500
9906138
9220200
10544112
11456280
7722600
10345968
9659196
8175000
9455130
6755652
5738850
10035522
9883860
8893836
21537936
7518420
13633320
9599526
8227980
10555560
8128512
9758268
6473520
7934784
10559550
15488064
11295000
7160832
9961280
8516340
8453676
9569400
9757440
13953276
10111968
12682980
6316800
8687493
10424700
16141680
7449750
6549300
18200880
8578080
7706745
13931904
7037550
9418080
10751922
10215972
8182944
13070992
7720920
9139200
9753840
6124375
13669440
14100840
7439040
14035456
7805160
8357580
14215782
13656600
10812824
11536200
17133520
9514881
5731830
9837000
7805520
10454400
11716704
4636800
10361250
13619304
13472136
10314648
11247120
7545150
9525600
15708000
8379504
8122275
8696160
8264808
9313332
10777536
10321128
11255760
9100800
9668148
7394712
8319168
5576400
7778403
8515800
9345600
12804480
14963808
13737600
13420800
9220068
21632000
11222544
10345840
15954432
10567200
6224400
5790204
5498595
11746540
18170892
7056920
10051080
7773600
10927224
8280360
12980088
6893250
10818360
7587846
14500944
6426000
11520704
7506648
17957376
9311456
9117360
17932320
9606870
8856540
9698640
7275216
6601000
13922640
9171720
8760240
9498384
11333520
11121408
14981760
15404580
6588396
7979400
10019784
13646880
10747128
20791296
14825088
12827520
12802248
11264868
11014920
9541422
9615705
15570702
9157050
7970886
8479890
9549900
18491776
10952704
9644400
13947228
14374800
9423120
7896840
22977600
12546000
9525600
8743680
6024942
9042516
6393600
11491200
11293020
10114288
11793600
8269140
13632300
7431250
9666756
14536560
12339648
11034870
23675008
8137584
7824024
17368560
14521680
8135106
12760440
7556328
8532000
10661400
10881000
8799840
7662900
13796352
6914250
9132948
12773880
10532673
12464640
14156288
11822760
6779760
13574160
8491392
8877600
9392760
8875332
17562048
10262328
8850576
8487360
10071000
10548000
9972180
10101960
11088000
9892138
9479808
24821760
8169660
8346240
8173440
9526560
7637625
14659512
10147680
6525792
8799300
10035984
7852830
11022210
9400860
10409472
6457824
8929440
11257128
9678240
8443764
14834448
8721540
9355986
11757312
6898496
9957444
11841280
10609704
15436512
6101487
9590672
8128890
6894450
9389952
16096320
7025856
11680032
10147500
5195520
10634652
10781260
7054560
7419168
11161800
13063680
11016000
8039250
11542340
8527740
14246424
8255250
8289480
7115040
7042140
7192380
10642752
9988650
6875160
10537776
12948336
7520000
5962920
13615200
13198086
8604387
11719080
8200764
12128640
7996170
10395540
7629804
7915050
6924528
9745920
10440720
9385728
7955820
6549120
9068500
17232480
11798136
11520756
10317087
10821376
9671760
8154951
7971264
17301600
10221120
9263112
10455942
13292160
10909080
11771424
9747360
8142120
11707520
8455266
8031600
10576416
7756760
9414600
6263595
8528050
11024640
9635836
9347976
7381125
8698560
5035464
11585276
9502272
13996800
16310336
9514620
14268000
8039250
7003152
13102560
7005420
10414656
10015488
13099860
9612276
10988640
10038600
11913516
12625200
9141440
6875925
9164880
7386330
8975664
10042704
9818928
13712400
11258928
5376618
7464960
6186780
7095549
7995000
10825650
5067360
7087905
6546540
8664320
11226144
13229568
8544960
7761312
9715680
9542610
16324434
9329920
14929536
7245180
18734400
11290608
11788200
8241252
10673100
6136200
12454560
10806768
11546000
9940968
15776712
6726240
10760040
9929400
5403804
11680200
7030962
15092784
17009784
9240000
7257330
14959080
5940000
14460600
10397970
12095424
6038550
9666540
11361780
9066288
6716088
14113440
16067160
7434432
9497152
9797808
9031630
8685280
10309000
12763182
11257440
9339624
6970656
7499250
16349256
7801920
9071568
10809600
25546752
6297480
32672640
8982720
16148480
9404808
8735040
8446842
11052720
10200960
6835140
14113944
14790600
14634432
12925440
7683150
13911648
6041196
9465010
10895808
6552576
6717330
14118780
6775110
8318700
9031250
20219872
10195920
8037216
8510670
7284294
15584400
12256704
10977120
12981600
5193540
11172960
10513344
9243072
8082624
10644480
16794000
9835740
11073360
6448050
14342400
8225280
7118280
14556672
6624450
6873984
11932920
9172800
7893484
5995500
7281846
7411888
10648430
10354308
9619680
7193160
15669126
13548870
7102800
8700210
10905840
8733870
6157536
10200000
9613080
8196768
7880760
13604976
12690036
11934600
11603520
6334200
5713390
12474000
18120200
12241152
12430860
19132416
9135450
8533980
13715100
9600768
10224000
9253200
8881650
14538600
13276575
9642636
10524904
23337666
8248284
12070080
7929072
10780032
9861480
8296592
14933808
7712640
10378500
6993000
9264640
8780544
9316272
12302472
10195240
7803486
10745700
11737368
9721632
4371720
15567552
12138240
6121890
12621568
14541120
10053120
8799840
14594580
10326960
8744340
5855820
12959100
15450480
12498750
9747540
10783134
9310608
18063648
7449000
7933590
12558672
7030800
9199980
13536320
14851200
10044000
10840800
6706800
9053046
13834800
12723480
9469230
7938510
16971840
9088128
16614468
8077140
24611040
6242600
22224800
8403852
11374992
8354376
8409888
12029472
24233664
10642500
18197820
13417488
5987520
14430960
14971968
9255384
12027540
10376496
12043944
10094784
9906512
12329088
9914400
13803000
11246400
14152320
8704640
15919200
24546720
19911248
10977660
10011000
10750320
7747320
10462608
7581300
9764160
9794304
8192385
13094400
8858808
9995076
12631383
7310688
7147140
21481200
18748335
7126350
6940080
8634600
11965320
7690800
7843680
13010400
8424000
16342668
8249472
9942720
19128960
11197440
9994980
19004400
13571712
7640532
9497760
12704736
10172700
9636075
14202000
7637760
13078800
14750460
5808000
11120928
11158560
8118000
8541000
13125600
13974000
6402330
9618300
6351438
6144600
8477280
15829344
8376048
8549376
8909460
13936736
13628160
8454975
9114270
9100208
5644560
6378750
12578496
6885648
7816950
18768000
11425904
18866640
8107668
5442856
8971560
9516680
14843088
9653418
10234494
9383490
6792822
7637760
8528000
13966020
25646400
7601040
12772644
10299744
12637392
9198000
12083904
14068320
7138614
9987768
16708608
8139750
11492300
7402032
11198376
10103940
5937624
8799030
8033580
7955640
10819050
8634384
8717520
13064760
7497000
8899092
5920200
9444168
7309566
11734200
15603288
14258400
10644480
8469360
10566612
12802050
8450568
15543000
5576256
13268364
9596160
13263400
9695700
7801416
5167032
8541312
19268064
15900480
9129510
10858320
15950520
6948000
7760610
20900160
9333684
12786480
9079008
16541280
6313800
8045730
12424320
14503104
7856820
16347744
9757440
5923440
14853780
10408338
11996100
10239420
11132100
9331200
9644544
8608922
11193680
12547920
14772456
8286264
7239456
22459680
11505960
16279380
17289000
6865875
8100000
14281920
10179000
11285640
11111880
12027590
5304690
10060736
13040352
10886400
8194986
9064632
14677650
8553600
17914260
8061282
7190316
8723840
10422292
13588560
11503620
11165184
7449120
10537632
9212250
8889660
10600308
9515880
17269200
11022480
5778864
15457500
8174736
9525984
10099530
8588304
11301744
12426048
11187200
8730792
12535200
10787920
12143196
9934110
10427298
13860000
8360550
8984034
8842176
7492660
13681872
10481856
9724860
9840600
11884320
10525776
11291400
13334256
8300880
13301820
15947100
12591072
9399969
6753030
6669864
13196160
9682560
14531400
14557320
8510112
14005620
8721000
9795330
14641200
12382800
7402080
13063464
7491528
17136288
15868800
11717376
12084600
10627848
11414880
9802656
10398150
13974480
13709160
6598950
8613072
18859392
8383500
8883000
12764304
18222992
10373820
11342160
12312300
14287680
6618780
20438352
6133725
9147870
11096838
20026368
8524432
17368560
9583740
8262000
10405584
8521500
11360550
10894576
15725160
10388736
7015680
11849544
17821440
7453080
7584408
13721400
6949680
14152320
11029392
7678800
11684520
11888480
8189865
9219120
7344000
10683972
10907136
7566920
8283704
16257780
5294080
10329120
10179000
5295945
7651584
10795680
15005296
8925300
13792944
15677888
8586240
7187040
7886538
15333312
9207744
12972960
6693840
10895952
8644320
12004528
23911200
5963716
12297760
15571872
5207085
7761600
9691378
10706256
8497710
18213120
13803306
9782864
10540800
10278900
10649700
13013000
6918075
12027429
6033888
6589440
4995144
7602672
9255384
14086080
18539088
7814160
10485000
6937488
10697040
7753536
8779680
7903980
8222144
10832400
16804656
11848320
8996736
11924280
12636000
18504000
9242520
8837280
8426628
6284070
15831216
13031340
11933120
8468874
10675314
10128240
19905600
24777600
10195920
10678880
18716796
8248320
13611240
5963256
9585000
14791392
9290772
11318016
12573792
7750080
6460080
11947600
7974720
12474000
7592616
6599520
16294432
6020112
15799680
8933040
10114320
7365384
6551100
10229760
7222068
6997200
6984000
22043304
15916896
11934720
16669680
10483200
13805856
9998250
9926400
14841880
7054560
8395560
5893426
6575308
13382784
7434150
10699776
7904754
25763840
8991000
10575600
9490122
8870472
14055120
10535874
8342676
6497940
10341423
9417000
7408098
7087500
10342528
8342400
11062128
10944000
8361198
12458880
6823352
10790208
18430200
12374370
7681176
8320320
11530704
7459920
8100000
7382760
11313792
12494592
9761895
9084618
10013696
17752608
13404204
8082624
6741918
16587648
24872880
7784480
9662400
7926762
9175680
10602240
15132000
20132064
14216760
9038088
10061712
7538650
8435340
6486480
8207838
14982300
11625588
12516120
5282496
22221696
11972880
9924096
11945880
13243200
10024300
10791345
11312640
18403200
5940900
10267056
15607200
8589420
6857760
7967505
6624000
7591140
9134370
8130690
11630880
8715942
5558364
8851950
19167840
7000875
7575360
14358528
9849240
19338264
9594000
12962560
15109560
8079340
6808050
5201424
8831460
7538700
19819008
6112260
13260000
14307840
9669600
12312456
8212914
11976024
9901500
12804960
7972482
12938292
5356125
12203568
10878840
7107156
7348896
9446220
10860680
10786500
5482464
6105024
15122250
6104704
6329232
13388328
8148672
13102722
16848000
7600554
10034199
13394295
9430560
8630400
14074980
6669472
10398600
9353880
12458100
12030480
11164160
11348290
13416570
19498112
7692960
8008704
8354340
12399408
7834944
8001720
13357500
8765208
15959232
12062520
6875253
9536940
7263027
11868516
6630000
11078100
15036000
13821840
9193932
6518070
7706196
7779600
16116480
12724992
8452080
16627656
7395840
7967385
10359090
6894720
14223924
8830620
8228844
9540000
13744080
11518200
15937152
9542792
13601880
9556600
10576160
13813572
13202880
12925440
6285600
7504692
18311328
6253200
6608700
8296200
13875840
13163752
12029472
10607190
8627175
9523008
15481392
7206750
8323047
6916500
7739424
12543264
9225900
14292000
8197200
16135848
10438272
7241150
12764640
10346400
8403750
7116525
10723752
8573040
14424312
10032850
9813888
13954560
10919160
10596096
8017875
10649232
9731280
9298800
10538640
12037248
7839504
10065600
11711050
8036350
5559400
8346240
10972092
8351400
9101580
8456130
9547200
8385120
15485120
7810860
12872088
9289140
11018700
9531648
13541472
10485936
10813275
7596504
9269166
12713280
8201925
12225360
6455430
23617440
11522430
10432800
11360736
10686060
7930224
12041944
10281600
7647150
8874450
12379752
11674776
7841010
12627360
9745008
12567960
16964640
6427980
10424700
17340528
10308600
8838760
15475680
13700394
6664896
12433300
10378368
10777536
17915040
9369360
7180800
8006180
11745720
14463960
10857600
11830000
8020620
9617454
9888660
13740840
8004420
7419600
17184960
8610948
9272340
16634700
8644320
12471880
24937200
15705360
5798220
12137320
8191260
7008120
8471792
11902572
11464960
8635626
9791250
19829568
11426184
14724516
11665416
7860618
9110400
10047744
12107232
7146300
10508940
9969252
5510400
13887720
12280800
6341166
7034280
17962560
10597120
10592500
8074880
16551744
10326192
14462121
12414832
12752640
11665368
10281600
15088640
15517008
13070280
11332170
19060800
9660000
12426696
8611272
9882000
12282192
12158200
5757318
7332850
11654010
10333800
22568520
8263632
8087040
8049600
9164160
7200684
9104238
8322300
11771298
7006304
14394240
8756748
11417220
11759616
16952496
17017476
11107700
13335786
6520500
11138400
12153700
12618828
11690820
9313830
11620356
10629063
7880490
8055936
7598880
6791488
8058960
7407180
7653240
5602500
8076672
10405200
13016256
23094720
16516928
11352000
26304768
7916832
9213750
8034240
12684600
10153080
14524560
9849600
10935000
13685760
6663690
13093200
12085920
9127872
11873520
9043932
12048880
14028624
7021728
6676830
9266400
9847200
9302040
13294400
14939520
6911520
6985440
12204432
9430344
11706540
6426640
8828100
12452400
8714720
13404288
11309760
10726660
10725040
5815071
5980176
7423920
15966720
9412544
8067600
9139680
14035840
11350368
13023360
9108900
22740672
10618472
5627466
9726348
11643520
6108426
9723240
9590400
8295048
15647040
8632728
14805504
16857540
6648990
9254000
8112825
11278800
7565880
7597500
15166278
6149682
5991720
10395000
8847120
9736272
13127808
17559090
9968292
10404608
7477760
11734320
8455832
10440000
16542576
7252224
8820756
16687296
8808120
6982352
7182630
9031500
8227890
10726716
12807504
9185400
9998100
11585664
9618480
12361604
8524800
10222848
22068288
7160832
11443734
8210160
6297832
11217600
14385120
10065600
9793710
10009440
11301360
11503296
9300720
9203712
7702875
9710280
8706744
7518140
5736192
8038800
10727568
7284720
6916950
13763880
7112448
8766630
8544960
13413600
16343040
17786880
10925526
14618880
10307920
8263620
7643790
12519360
9735390
13735800
19991904
24640000
11231880
7869312
8250270
11387376
11119680
10479744
8330850
8348994
9653238
6784320
9825000
7517871
7441788
10083960
6637680
18041600
9232920
11831400
5503680
7784640
9412200
8204320
9897120
9316800
19182288
7290000
8460288
9600072
5748288
5778960
9697536
9958788
7744500
11563968
5800600
11737440
7722000
19009944
10538100
13723695
13040800
11468880
23367240
8873280
5714280
11251056
6169280
12629496
8037120
8826408
13039488
18023808
9073512
6811080
6965610
8201250
6354693
6696480
11442360
9494160
7977024
9252540
6369057
9225900
10105920
9736848
10760688
11607180
8895600
12629232
27306720
10718676
8147664
11978910
7279776
15557040
10229760
14644000
16035840
15969200
7932600
7809120
10936686
7474848
21213864
6682500
14298768
15415680
7404600
6858675
15615108
15251328
11572128
6572664
13693344
10924848
10307763
10748496
14450400
12136320
13316040
10939200
12104136
10117347
10168200
10255500
8813640
12569100
9763200
9921240
9833460
10412928
9132960
9106728
9522900
10195740
9598768
15832560
16130816
15871680
15377040
11796192
11107980
11623500
10425564
18025448
11088900
9281760
5680057
11654352
14970960
6552576
12318696
8500140
12852000
8731800
20733840
7829500
11477700
9996336
6189690
10507320
13302000
11570844
8544960
9706932
15631704
9163935
9416736
12456990
6053580
9315000
9474300
7697872
13686300
9440550
11111280
12030876
9789012
6229080
11692800
10870200
10435392
11610252
9402768
12083760
9646560
12644280
15350400
8307174
8275400
10732800
13835448
14210640
11220768
8710000
14688000
10310256
6023184
11985408
7369296
6051250
6955200
9261000
9702000
7982520
11017872
9142056
10513602
12978000
7507080
10171980
9317880
5793900
11213982
8598150
5934000
10716300
8961000
12354000
11430800
9666720
12115386
12286080
9947448
8550360
8159940
13841280
10497600
12125556
11272800
13898304
17499456
11268000
9542100
10255680
9722700
14915340
11943360
6355200
7460460
8498520
7537500
12694320
9563100
13857168
7536960
12672480
11215264
15523200
16753440
10666980
6288690
12182576
11091600
12339756
19045152
8963136
7668432
11414130
9351072
8751312
4950720
6888000
8851662
8794950
9218250
14550096
9046404
18401040
12003300
9120600
7281300
15265344
11009856
12607488
8720208
5580528
11054352
9864288
10966050
10085040
11355966
14169600
7365600
6233760
11066400
9825516
9859968
11289600
11980640
8855000
7368192
12855168
8268642
9020700
9968352
15340752
15015456
8564130
11144364
12346488
8256816
7673400
8972964
10373508
9690912
11209392
17405280
13413600
8255925
10348884
10557000
10636056
8835750
9796920
9088092
6735555
10143180
6578208
14048112
8907840
8532000
9867000
9369360
15396672
11502000
19530720
15050880
10308384
12242340
13686376
8182440
15409440
8347612
8583741
10712880
6275160
7305948
8049120
6705342
8309547
7769664
9816138
8408772
10065600
9760800
7480602
19313280
9639504
11250276
8715520
8165700
16036000
15387570
7919154
10198188
7903800
8332350
6482400
14327040
7395360
5967000
9810720
13403556
8412813
10105416
9009792
5286456
9046890
12202272
8680620
12474648
12757014
17597952
8406828
13334868
6199725
8314353
9253440
7701760
8944000
14142096
11210100
12569760
9979200
7957000
6978620
10190934
4964625
7013760
11389980
7817472
5885542
6357630
18617040
6785856
10561536
9997344
8232048
13530240
20995200
15033600
8347620
10832952
12448800
7467040
12466980
6613404
14079312
7747488
8457840
10654632
7771610
6460290
9729720
7597800
8737740
5719680
9599000
14052096
16148160
11579700
8421120
8903223
9097920
11260800
9258300
11129400
10575044
11811744
7211880
8604960
13357800
10948080
14740608
7613676
12741300
16068240
11347720
18510120
9579060
7678800
7769160
11836800
9206280
6839168
7851200
9933440
6059340
20067840
7858872
6794400
11381760
7266560
11810160
14405200
13079664
8345304
20029680
10270260
8565480
7126560
16953300
7178148
13020912
10208000
8271720
9656064
6271888
13256064
11037200
11718000
12972960
10798110
9785880
9101700
9051840
7555680
11545600
7782768
10032516
8708700
11997546
15035520
10429560
9091320
7650720
9966820
8702430
15321600
7566208
8588916
9627696
9636000
10380960
12561120
10772720
9597420
11119680
8825040
11010000
7833000
11729940
13120000
6310800
10911776
12841920
8545068
11232000
10155120
9372600
6836808
6402240
10739904
14094600
9598500
8475150
10536966
17302848
11952360
5042520
10285440
11937654
11425428
8684010
7847040
9177600
8866000
7024086
11109960
14673600
15514092
6314000
9768600
10768275
6674616
8667810
12743640
7796724
11031700
12912480
11979900
8614512
6747300
11979760
10711008
5544840
6754797
18425520
10247328
13046184
9164800
10571840
8282115
15185184
11232000
8002962
7705060
13089600
9166112
6408416
8274240
11385920
12459360
5462184
7040040
7220920
22908600
9734256
8761600
8711550
7136640
10303832
10509750
7873320
10025532
9487250
8239500
7450506
7489664
16039296
8595200
6588120
10530720
15130800
21060000
8964648
11524992
11634000
8857350
11362560
6273000
6070005
7873200
7098000
9771120
9516696
8517600
13366080
8784384
10428320
10230960
8655360
11979900
9523340
7711200
10685520
6925392
10264320
10655064
16011000
8502300
10967880
10454400
5609760
9215856
12369618
6266400
5043248
7990028
10862880
11615500
22025376
15257280
5184000
8513820
11365110
6460272
8739360
7384104
12503160
11733876
12851100
11992752
7996800
15577920
7960680
8579520
7287840
10967966
11851380
7276878
12571500
8796216
12650064
21744000
13261224
12149280
12712464
10872738
11195136
13022856
7594560
11919360
6898824
15338880
10293696
9055752
10418688
17263200
9874224
6664320
7412670
11460204
8648640
7462624
5665770
9385200
10586160
7490826
10889856
13970880
7654500
12156480
6440175
7874496
14222340
12108970
5628084
11785488
8355330
6990720
12260160
9809408
9842976
7720245
13432824
9308520
7050624
7276500
9085440
8844696
7209396
12285000
8112096
12470112
6378750
8355312
11662056
9833784
16939584
7348320
6756400
11087604
8860320
11437500
10471032
7148160
18792000
10118400
7505130
6897150
7039305
12277440
11841984
6132630
6773760
7835940
7512960
6213105
13209480
8280000
13280400
10508040
9874800
8781696
7523280
8708958
11119680
14140800
5891400
12079200
7987950
7721790
10539984
12469632
7985652
9341100
10056960
12684672
9942352
10816000
8375400
12249984
10587510
7233408
9457440
9798624
12241152
6886656
9696411
5406660
8971056
14186052
9132750
11162448
10389600
14279040
8672688
5650400
7780080
6231000
8768254
11751264
11018550
10453500
18764460
6887460
10732032
12489120
15282432
7756328
8344620
10639288
11757600
11430720
15444200
12233835
14641536
9256000
12576960
12465600
6219926
11218368
9288000
8382528
7553280
15034320
9658656
11475960
12790960
10448960
10823220
12057988
9473760
8569800
8662950
5647386
10087200
9119808
6818014
7282215
13328520
12815820
6634656
12388248
14469840
11903490
7233096
11746944
7647696
6375600
9633492
13074096
10387625
10546956
8912250
6791850
10414404
8048160
11700000
9188640
9564480
8268000
8828352
6287760
11583324
10122390
7516800
7794360
10310496
11477376
11433248
9710604
6656256
6365250
8648640
11351937
8534790
11901120
7922880
12198876
8728317
11102265
9095490
12386880
16152048
10312608
9232020
9453132
6863912
7971615
11940480
7671216
21211920
8129420
17643984
9944856
11415600
10083420
14769216
9418500
15586704
11745900
8071344
10206000
9821952
8000370
9951600
9439920
9537588
7634360
11731456
10501380
11664828
9974016
7675348
15092712
8805852
12044160
9709056
7289595
15473088
13725936
10807598
11115960
8804400
15022152
10478160
12440736
8906436
11431368
8881650
11999600
9860292
10587267
9266940
8730000
11890800
8981928
14483392
9473760
6694590
13630752
12288402
8487000
11976984
10746675
11528992
10015650
15757632
8697780
7972020
9830400
7050447
7596888
11290752
9568260
14255400
8140500
14234304
7429440
7047360
7769520
11298744
9767088
16957602
8856000
16150680
8960640
9547200
16692480
9788040
9558210
10698624
8573985
9730000
6932583
11203500
12168600
8790768
9564390
11643792
7439040
10134720
9005040
11119680
8796480
9897120
10629010
11192720
7252080
11970600
9982728
11845600
10962000
9973800
15454800
10198608
10593828
9734400
7777404
10298600
8533440
7389900
9715680
10206342
10597392
7679700
5909598
7173360
5694615
12096000
5377824
10131264
8878140
14256648
10078416
7724556
13374720
11520936
7867260
9611460
6408864
7684992
7198650
10878192
11793168
6818328
10233472
8902620
11194050
12497400
7419930
7975440
8005968
11514312
11314440
7060284
9647952
6525360
8108100
14981120
12636960
9291996
6329994
10387440
6508080
17550000
8495682
8699886
11499246
16165152
10780560
15258096
10192272
8142480
7552440
9916300
9286368
13109040
13826560
6061392
10497600
9483264
11135600
7357194
11518200
15222480
17097696
8424000
7824200
11989760
10822080
11020752
8820000
8629092
8375400
6859160
11858616
11789064
6187428
10298664
6972636
8264320
14119200
13520112
15941376
5005170
10711440
9898740
10005552
13571712
6740158
18163200
9366456
10894950
7597800
6174080
12623520
8180640
10261500
20871360
10345740
6895068
13870264
10030000
10082880
11158182
15107544
9238752
12345480
8436960
8031744
9305685
9446976
8760000
8388900
12108060
9477000
10060200
10366320
11008980
16900800
12582108
5295150
9825000
13586400
15921152
8242525
14031360
12507264
21498048
10581840
14288400
12673920
7950789
9710400
12276576
11555136
9180000
9225000
9180864
10537776
9839232
6833904
10083528
12812800
8649504
7968960
8092170
14200128
16424448
7870770
15130080
12944736
12733920
9041760
12795084
8685300
9792540
6647844
9644100
13385736
9054936
13888908
8755830
10983600
6832800
12125504
10289142
8899200
18258240
9219168
11626680
10634976
10483200
6974352
17782160
11685120
6798960
9243234
7362405
7624368
10438400
14589720
10221120
14040000
14394240
16727040
6504960
15702792
11643840
13716864
6633576
13478400
10291500
13894848
7653060
15724704
10678432
14846400
8879400
7387380
11364864
7029180
13117302
9419520
11815356
16524000
11531520
8845200
10846068
10078650
13999224
8118540
8751600
12529836
14475024
11790984
10699290
13617456
15712200
7704720
10348900
6437925
13432008
10164000
19280592
11288340
8910428
19662330
7134600
6720840
17571816
17768448
8793720
11289168
11024832
10864800
10212072
10902600
16048080
11202624
8032464
12359952
12013920
16358760
9807336
16756536
11086400
8603496
7589376
8174250
8044190
7562808
9460800
9929952
10432800
10004640
7042140
13980672
14240376
14724680
9052500
7258680
10680992
9590112
10834500
12949920
14446080
7733880
12783780
13125768
9809748
7956788
8639550
8750460
10896660
12451680
15557760
10499400
9146088
8351700
8925000
8350695
10111812
11015688
9069165
10817912
11312000
6009255
11366784
11841984
4856220
7998750
11289600
10120000
13119600
9687600
7237512
14883264
11601480
6511680
8427240
12295800
7166133
7409205
12553752
6117540
7154784
15271632
11868813
9471000
14905800
9766710
12886416
8938260
10979280
16826400
6152952
10684764
7906275
7913304
8571120
8723088
10764600
16965000
6952500
14266368
10636200
13163904
9344760
14648040
8614844
15975432
25230540
11515392
11181240
12440696
18221760
11799360
14345856
8384040
10740600
10254600
5131350
7713648
8053344
8920656
10231650
8929620
9294750
12046320
11786544
8063328
8284536
5908000
14025312
9030528
14434200
9060480
14688000
8606250
13662336
8313192
13725540
5561262
15143940
8934152
8749440
6766560
9813600
10386915
7162290
11455290
8608320
11499660
9171225
14830164
17712864
9538920
12638880
8952336
11954780
9821760
12370000
11256894
13524480
11494800
10313892
14000040
9999360
11542500
8023600
7609212
20011144
9806072
14679840
17344800
10065720
5629824
6048000
12835680
6618150
7722498
7988288
5649840
19014048
11037600
12538350
8248176
10243296
17339240
24668160
10322100
10991680
13899600
20484684
11162880
9164124
7923960
6775296
13825728
5775165
9599010
13323960
8627388
13090680
7775460
6749010
8241075
9398160
9483648
10108440
12366000
8086680
11402208
8819496
8770200
6283548
8383500
7006720
12055680
5319119
9112500
10168224
9888000
7366950
9308640
10639440
9683550
11133216
5626530
7534533
6531264
8536320
10438956
9904950
11881296
15509312
7358850
9959598
13670208
12804480
14720400
11056635
10549968
12762000
6844500
7454160
5936400
11135280
9989928
11358720
9221850
9120384
14086800
14589120
7098336
8346240
14569632
15733872
8055000
7146048
10104528
6895200
13675872
14113440
7591320
7960680
15366280
12065100
10819936
11993670
16511040
7519344
11087616
7696080
15048600
8709525
9111762
6890880
11090520
7715190
14736960
9166608
9237888
10016400
17901000
11056500
7054047
15735272
5664330
11377080
12753180
12130200
8791680
12091600
7918272
11244784
11432988
15396480
16581120
14364216
5091800
7884000
21898240
18506880
11038734
10954899
10202112
6715008
9939915
18627840
12940290
9171072
15106740
12440592
16479936
8080560
11629656
6866370
9864700
9538776
11387376
8631528
10964160
7947720
12460320
8672000
8817984
13581368
16937910
17542656
7906248
11490660
8971560
5906880
9225900
11183427
10598400
14550624
6022148
9804240
9355500
8298720
10335540
9172800
7691760
9534720
12583536
8951040
10826364
19293300
21734400
8601984
20263680
7250715
13026510
22882608
9354240
7698240
8316128
8137584
10576848
9434880
14256000
10612800
10079640
7534800
17333880
20182500
7192350
11924550
8065552
5985840
10033920
10007712
11315496
11701170
9079200
25342560
16164864
8143200
10219496
7995168
8187000
16207200
14901120
12870000
9821952
9783180
8676540
7428000
13264020
7389900
10035540
11922400
10337904
8353800
7444548
7080150
9176328
14320800
19875456
7962300
9698064
7187400
6836900
10752300
10613304
12020292
10467500
14700000
6991985
9621504
10368810
9820792
7923870
5901750
13248576
9234000
11324664
9644400
9918612
8939250
9948420
7116660
6296940
15142050
8366760
8900976
9272160
12280576
11341440
13450536
21951720
10084770
7796250
8731800
6921720
9310854
29253120
8899200
11235840
9510732
9320940
6628347
7394388
12227072
7421900
11408040
10179000
15116544
9824760
6665400
11357280
8225100
4986000
10323720
13299120
10516320
7534296
10944288
10815060
6930261
10005120
11531970
9056936
8699580
11590992
9223368
13206888
10611648
11434608
7637760
12971448
5624960
6862752
11619720
16691184
9282000
10760040
13132592
16098480
10736712
9836640
10328472
11810880
5764968
7997328
5259603
7336575
9247608
22629384
10089240
10472352
7649910
7902720
7289100
11101860
8176896
9459054
12804480
11446816
5728725
9874440
14350080
17435880
6394500
10743408
5945940
9277128
11772704
10280304
13977600
12135528
6823440
9590616
10833084
11816640
18287712
10040615
12222864
11251926
8933220
9756370
7909920
6319852
6780388
13320000
14081040
10897578
7830000
5445440
13679820
7288512
9413600
6995100
9744300
6199200
10528980
8127480
12140544
12036400
10458000
6064500
7827840
10164000
11264400
10517284
6702300
13217040
10404000
9375912
10166760
6321450
10575360
11723760
10076040
11256720
8236224
9629610
6770280
10393680
22324896
9348300
7891920
7267356
16128000
9746112
13490400
9724320
10646220
13055580
11076832
12489600
26526528
6445440
7854975
9816660
16088280
8666220
13289472
7983360
9030528
12204432
10043280
10472544
13645500
7060284
14252328
9515340
7085250
10056576
8921328
13028880
10321344
7084800
6119955
6123600
9622372
8781696
7377048
13724406
9210402
10751292
7196112
18448560
10248984
6255225
8568180
7155228
11214450
5637632
8419464
17000000
18517760
9631710
5673000
8661024
8395600
17510400
12227184
8004420
15040080
7907424
12732808
9695700
9797760
11558720
11532510
8709120
12931152
13208742
13995984
7269660
18157824
8141728
8176500
10070848
11281500
7808590
13502912
16655760
18682880
11354874
4847850
5787720
7690392
7486224
11577816
15998400
9525600
13508880
9266400
7543144
15577200
9719640
15962976
13537800
11122488
8968680
14643936
5532660
11681040
10321992
9130560
9078912
21508416
9157680
9517760
6834048
7558261
14398524
12241152
8603550
13940640
7194096
7953390
9972720
9337680
9795168
7111983
9167904
9741600
12304224
10194336
12293856
9110980
20666016
10283760
6352500
11273664
9144384
11050182
8338950
9257040
13812120
16691184
7483344
12600000
8746920
4935294
6908868
12919905
11257974
21987840
7032240
11261952
6400800
8686755
12495600
10609530
12772080
6835590
13305600
18126720
14904640
10027600
5870475
7523280
10281600
14027904
6237198
10075140
10166760
7480701
10122894
8452920
5901165
13144976
7034820
11175264
13113120
13320180
10558728
6420960
8786448
14492952
9275580
10292724
16831224
7422528
10042704
9045000
10932360
5168772
20083950
12898116
9670050
10806750
16621200
6755840
12960480
7882150
18562440
8207304
12412600
6611616
10192290
11014080
9860373
9653280
11649420
14981760
7508592
13099158
10039296
9446220
10646640
6884730
15657408
9985140
7125300
7443900
7614264
10733184
9086517
14127680
8846013
7233438
11223996
10849680
12609576
7928550
10635300
8731296
8500800
11168640
13441344
22832880
14027904
7048212
7124598
14632800
9951480
7714200
6812910
7067250
16462080
10091250
9525600
13543200
16342560
10760040
9337680
9728160
11854080
8383275
8949640
6686640
10417344
12833640
8017542
12328400
9060042
7805160
11547360
6480630
9300096
7335198
12550464
17948160
18853632
14901480
10060200
5605775
11934720
6127425
9794520
7665840
9973248
10492740
7435440
8192016
13920768
11514780
10587984
10740528
11034000
7968070
11355864
11910348
8771490
10690218
5732355
5699040
6217904
8078472
5706126
10981440
6749750
7293000
16341696
8663625
6929712
13319352
15678000
9820230
11877840
10891760
8349600
9135396
10836000
17819604
12440832
8082900
15795000
6496644
7741800
8074404
11288160
10077600
31622400
6470100
9948420
11605464
6737280
9559320
9487530
10424100
15243840
5681475
7417926
5433120
6907032
10499868
9380112
14253120
10185696
10496640
8323965
13450320
11000610
6601920
10492416
5652720
16922520
7857000
10069920
11928960
16781312
9888480
9375912
8075400
9459072
7429074
16310784
11109000
10157928
7389840
7022970
12469248
12652500
7287570
6981324
10353000
8876448
9547200
6214950
11475000
14464800
13919840
8223750
9769140
7084800
7764093
15434496
10013382
12091680
12359952
8593518
8456400
10811880
11284920
8520060
11601360
8765820
15292368
10047650
9278500
8403500
6963840
20039400
9684486
7973280
17482392
13088790
11537760
10115820
11376400
6930560
7064496
17557440
9345240
14914024
9790144
7220250
9724000
9191547
15507720
11637120
13763520
10365912
8805000
11328960
10287000
10450944
14918811
6185808
12631680
15712200
8663760
8280020
10941840
8011500
7644285
6530625
6537888
9450810
17496528
9050940
8549100
11967912
11146050
10304448
13843440
12089736
12371520
8482320
8656935
11161800
13408200
7542528
19595616
10093005
8202476
6874920
9058560
5790480
9153540
9403380
12262140
9690240
21803930
7983360
11686356
7195104
21149856
6563200
7496793
11291040
9068580
12516930
10505600
13810176
10891312
17507160
15737640
9691326
10862208
7519500
12499920
7690896
11664000
7854912
7542080
12082536
6539130
11709360
14841216
10572000
13860992
8845568
15448764
9768600
10993320
8496020
13543200
14843400
9996300
11835720
8115120
11995200
10464960
6930560
6968640
12168000
8740320
9283904
11757600
5646960
10525560
11208780
9661800
9599800
11555136
11577600
9991488
7174980
10791000
10462608
7367024
19590264
11028072
9733350
8939700
6243480
10272000
9950850
10133760
13388400
8746200
8410716
8893665
11195440
9798732
12694400
7937280
5871528
15952536
12017808
14832160
14327280
11038896
12501120
10588212
10886400
6641712
9072000
11524032
19189872
11249280
10924848
14551680
10325460
7191400
11201280
9499644
8087688
8030880
4855170
12914964
6757610
9775890
12897288
7775948
5917380
8547700
6264720
9481472
10439416
9845550
9107208
10079688
9979119
11385360
8019000
9547200
12191400
9853758
4948425
9736524
5313600
6949404
16332480
17824536
8723340
6509160
5958000
17390160
11783520
10325640
8088192
12460712
6095250
5976585
10191420
10258248
10634448
6586650
11456640
14137200
11184768
9706320
12312000
8334522
11283750
10419480
8560110
13485420
6497820
10883136
9302400
9087741
13747968
9433872
10518200
7076250
11625120
14651280
10207944
9286200
8467686
10296000
16793280
8568588
16788480
7197120
7160832
8842770
12045996
10546200
8472978
9537000
13011840
13763880
6903144
9710280
7623225
8359680
12152160
10989000
8790208
7879950
6209750
6349590
8308224
19380960
7309170
11721996
6885648
8982333
10419840
9135000
6841560
9122445
14144256
18559056
10873170
13686400
7677600
17451180
10611324
9896256
11685144
9232272
10909800
9842310
11091168
12728682
14177700
8870400
7371000
14966640
10954440
9881676
9959264
15062904
7229250
13661136
12640860
9612690
9878130
8605980
7497100
12718728
10383876
9434880
13370880
10024560
6850728
9828000
6291000
8514090
10932768
8230410
9983772
10808100
11441268
17059680
7948800
12596816
10185804
8440740
12573600
7316892
8716950
8777610
8299971
6522120
15593148
11532180
10557000
19293120
9398592
8249040
9446400
9180864
10749024
9662304
8859600
7618704
13787312
7353450
9250380
9299136
9003366
15949450
6561720
9582300
17408160
6759600
9006984
13763844
11573280
7879500
9185400
8474760
8221500
12199200
8395920
15058170
16860096
11976360
7294680
5240655
13413600
9930312
17678640
10842480
9126648
10217610
8555736
7501140
12230280
9251550
9147264
16315308
7452000
9951040
15225408
5382936
6851070
10967040
6443970
7890960
9696000
9238440
6914760
7233600
7738416
9273348
9646376
7385856
13804080
9423100
5607012
8764200
18702992
7293645
9613296
8526336
12592476
14848056
10091880
12083400
10308384
5906050
10935488
6952104
7198875
7710768
11012976
8870436
7552440
9634240
11566800
7979850
10056480
14348664
11257920
8557389
16687080
8873280
9126620
9961056
6865650
8660520
7678440
8630250
12830400
6049980
9621504
15037440
12104000
8900892
8457210
6666030
7626366
7442604
11117232
8557899
9728640
7768260
6306360
13395456
13053960
10526760
8770188
9688140
8247360
7030770
5728110
7153920
11452698
7844480
10031040
8286762
12542400
9605340
11796912
9049824
8302800
8139384
9413712
12551814
15143040
7761740
23200320
5854200
11278080
20551440
9004500
11268720
14772540
9581472
11834880
7433370
9709794
10570500
5806719
7829775
13226976
16402864
14257152
6370920
10308600
7711200
8368920
9765162
7229250
15471360
19019520
15629328
10596744
15802180
10886400
9546030
9216396
11945832
14278680
8383500
5673807
12653496
10649464
6954912
15569496
13699314
10733310
25430320
5872500
8160580
6792192
7220205
8036064
11459880
12571200
8700480
7470144
7663656
10992510
27735040
14686920
10730400
10474296
17381208
7832160
10503360
9092736
10387440
6722192
9870012
14460600
11274240
8884080
9943296
12160512
6626880
7230355
7328700
4975152
8316000
17674560
10229952
5158272
11941776
22124960
7577955
19843488
11871600
14851200
14185980
8773632
14015232
10970160
20027088
6500304
6310128
9622536
6805350
14434200
8337150
10855260
8036010
6986400
9661680
7906276
11636352
6889050
7216020
12089448
12626460
6034257
21027600
7952670
17841600
8722080
10057284
6817200
9266400
12959500
9772776
10796660
8739000
8642754
10731366
9551520
18461184
18526320
7229088
7741800
9899820
10558944
10155000
6435450
22573440
10862100
8942400
11871360
12136698
9031218
11456640
14592000
7723584
8330400
9570000
9664476
11975600
6615432
8675100
10748376
20067840
10468380
6697575
11456640
10661040
10114110
13833000
10828608
11803500
11145024
15386760
13029876
15646950
6800112
7889364
8784384
9089640
12441600
13790610
13725900
19062450
12409740
8139285
9015813
14291136
10888440
8690214
10019520
11538240
6144752
10750320
8877600
8642700
12882624
10026960
15360192
14978000
6235362
12337920
9216000
15013680
8639680
10461528
5333580
9635838
12536208
12198420
9503000
31714560
7360726
8357576
6650910
12252744
6843690
10378368
5865300
7985600
9211455
7014924
8102250
9934340
5668750
15336450
11148192
13533696
10734552
6516630
12514176
8244990
9946260
9016000
11645910
5458185
11106000
6275880
7156512
6732360
7951680
14514120
15482880
6822000
17496000
6732180
8718840
8145696
6562500
8845844
11664000
7032180
14625360
8000370
9060672
7923168
8765460
8035272
13415850
15825600
7713648
12729024
9880866
6383692
11490336
10132320
9542610
9248310
14878080
6005109
12549876
6708744
8070030
7568290
11845260
6937920
9644700
10423350
10232288
16108736
9768600
5950080
8888814
11010640
7223280
10384320
10011600
9244800
9017568
6842880
14357520
17987292
11251656
9702000
7927920
7806400
6618072
16425600
17996736
15689232
8559936
6658500
11198208
13708800
8086068
16146120
9195120
7585740
10858320
12414420
5818176
14837400
15924240
16706772
17029080
17818380
10177596
11146440
10238400
7782966
8479170
12585024
15406080
11354448
13101750
9653280
11145600
8116380
8289540
7647255
8422056
7864452
7994880
8616288
11055744
12633570
16197660
8523720
12465576
33939360
5075040
6171525
10475730
7942400
13874400
12921216
15396480
12038400
12044160
14784000
9247608
5129984
12151260
8988570
7927875
5439915
15673500
16230780
8199786
11217960
10461240
9658368
7064240
9979200
12793296
9788022
10325016
13438656
10205185
6892704
9364680
9252144
19731840
8589984
9639000
11949696
12163500
8643078
7481250
10701336
15404400
8748000
7369600
13510800
10606680
7755264
10382400
14833800
5547600
8596224
14517792
7499880
10470300
17472000
6920964
14667744
12204360
8121960
6834604
12893328
15020316
12466896
11496420
12372800
12353760
15438720
10608000
8876736
14034384
15533280
8626480
18999720
9119616
12492144
11317482
15396480
9530560
6781320
9101880
18864000
9822200
9757260
14307744
12045348
8748000
14604480
9554980
7546875
8339940
14641236
8935140
9288675
21397376
9532692
18724608
10319400
7550048
11316960
13821732
7389670
11216736
6621840
9115568
7395360
7087500
15050640
10614240
6207120
12049884
8375220
15066624
5211290
12064320
9156468
9040320
7022727
10614660
9167040
7420920
15867510
7019847
12874680
10768032
10614240
7129080
9895740
10648320
6286050
17212416
9644670
12243840
15845760
13191984
8009280
10590912
9057984
11852672
10222600
9616176
10587780
11990160
10547072
10226412
8381000
11966976
14675400
11077155
12765420
11240856
9768192
17453016
11848680
15765120
11304000
5962032
8775600
8857350
15912720
11092500
12655440
9446976
11042928
11567160
9208080
7620480
10115952
6588960
9408276
9169650
12394800
9570288
8540160
9952600
11355008
16035840
7319592
7925850
11161440
8013960
17063136
11143440
8703288
10326480
14470664
10128888
7960500
6940080
10542312
9184896
7050114
18448400
12085920
17690184
12999186
7008750
12379230
7342650
9874800
6847965
9266400
9285534
10618704
7746760
8334900
10403640
16952320
9380448
11547684
8659980
8181000
8005725
10458720
11525280
6461997
10162200
8055504
10258920
8484762
8924196
5986440
8360790
7994700
13724928
8482320
12213108
10845900
9350640
11325440
8164464
9296586
12799184
14739840
6652368
8248240
10063116
6063876
10962000
12772800
12204060
9979200
8798112
14265672
9796864
11194524
8726400
12762112
11038086
19427328
5728725
6074640
9789660
6970825
12142800
8944992
12096000
8191620
13256400
14587320
14415696
7234650
7277100
10847682
8393040
17810000
10326240
5754645
14889984
10211712
6778836
9585216
11769732
10059300
9491904
7503372
8902945
11978352
7520310
8763552
11809800
6265520
14618394
6386688
8762985
11748240
15722784
8834256
23210880
7741800
7094880
14932800
9586350
7290036
9421536
18079200
7647200
13195944
9295776
8107400
6633000
11639700
7467498
6369792
11404800
10058400
6408450
21041100
7992540
6535404
12054744
8128080
9427740
10012464
14464824
12225330
9230760
6404415
8353600
5080860
12398400
8972532
10135040
7885389
10216206
13365000
8726400
8523720
14364828
10191000
16075980
12771720
14197890
7749000
7556880
13126176
12677472
6901200
12884400
9890400
11127400
18953088
12076740
7254000
8848224
22521084
15292368
7215820
10715600
9906120
9674280
5703264
8124750
9186768
6163080
8845524
11575200
17140896
11885499
21191808
5036592
6226875
20329056
7974719
20245248
8083440
10142208
14164452
6396000
8842680
11268864
8910000
8568576
14531400
14438928
16025040
9109688
9853200
19809280
9681840
7359705
17204736
6535728
16012776
20465280
12049050
26917152
6701760
6110775
8675640
9455040
4986240
16292340
17025552
16718616
13105152
14477496
10483900
7970400
11304576
12567000
5393500
14137200
6560640
11703360
7987986
10710000
9074430
9996000
18369792
14375880
8691300
14980950
7250040
18929600
11072000
8293536
14303520
7239456
7120800
11550480
7413120
7500000
8083296
11089728
12888720
7735500
10927872
13287240
7067736
13224960
8469719
7630848
9865152
17312828
8495280
7434162
8823360
10027600
17029440
20176416
10051980
8676312
11798136
13117104
12384678
8473680
15765408
6175725
11437440
8327196
8483850
10367280
7904208
10860696
13634340
7735680
8684976
18143352
12012000
10760400
7562100
10120950
9633600
14385600
7682400
7814016
14939640
15623136
10090080
12081636
7111296
10319400
8814744
13321440
7733664
7922772
13385448
11777472
7749900
6885648
7896840
8410392
10235160
17333352
12665900
7545600
13437440
13281660
6486480
16124160
10277928
12052800
5439069
8763300
9675776
8573040
8843040
10814160
13765088
7653140
8568000
10622144
13304088
9594000
9047808
12470976
10722480
7182872
8105130
11027016
8825760
10886400
6312096
8672100
10746240
10653120
8548416
7064010
8164800
11005664
13057920
15854472
10024560
12166440
6177600
7452000
10247328
11648880
14936400
6467328
7144380
11804940
12685400
11953980
11120256
8546175
10004800
6089310
9247770
6912000
9168558
4982122
15667200
18748800
14742000
9091732
15517680
16067040
11657223
11168440
5471700
16184340
14350720
12402720
10352720
8278198
10640160
9592632
7191000
8078400
14113926
12127500
12670440
12391488
12639384
11473560
7745760
9297504
6443150
9148950
8874368
8511300
7667700
9645588
7707000
7637760
9436500
8980800
10337184
12263724
9824256
9933840
15023148
9394506
6785499
6681000
8875980
11712352
9660420
12897792
18787392
11523000
7434624
8568000
9733248
9860000
6618150
6381180
6704640
5949000
7949727
24886176
13685760
8835200
8838000
10763760
14868480
6381200
6472752
12277980
8814408
11409552
21573280
7762392
12456180
7423710
22514400
8279750
13003776
6877440
12290360
10143000
11053044
7418790
10358568
7853184
10064250
10664100
7581600
10757448
23001408
8408732
10889775
10332480
7400085
13897944
7725664
14854752
9856000
10773920
7763520
7839132
8842176
9821214
17821440
17423232
13428504
7514532
19070640
10735452
8840370
15601950
10152000
14365248
5911542
8237700
9693000
15940800
6597120
8696520
10372320
6350643
8466750
11511720
9784476
12590592
11925000
9300544
17734704
13531968
7637700
16300440
12883320
10431360
9733152
9547200
10850760
8492850
13114980
15487200
11505600
10155024
7122150
13225368
7413120
13329360
7588890
8570100
7701408
9324315
11651040
9665520
11584224
8037700
10811520
9261760
7126272
7073880
13109040
6918912
7392000
9964968
19695600
11313520
9828000
12573792
9543416
10916748
11046960
8246448
16524000
7162740
7542360
12310740
9535680
11118384
9557550
8852976
8445600
11863800
19262016
6844320
8810760
11772800
13604760
6982416
8246700
10954440
12597984
6712110
12972000
6012900
19051552
4906096
11161152
13826154
6153048
5776320
10872792
30419200
8748000
17521440
10355618
7696296
11286000
10309680
10464228
8709120
9444600
13850928
9994320
6317280
7768575
13151160
7776000
8789400
11704500
10050480
9018702
10582880
8505700
12570480
11586240
10303040
7954848
7123996
12437115
7897500
11583000
10342800
14798160
6880000
8619200
6945890
8287200
5979342
11271150
7877376
21876480
7970400
7970400
12040096
9727800
14450400
4956155
15560000
21515200
13534080
9625440
11544768
8066100
9116880
9685920
10882080
13617936
8954400
9488880
7307100
10131264
7838640
12542040
12769520
12614000
12271824
12433500
8081656
7947720
11490570
10536192
19328184
9591390
12140040
8810316
6450000
7747650
17289440
8614512
5757696
7507584
9043038
16933800
16742700
11311245
9933840
14503680
13789260
10359360
16520000
8691144
7164612
7753500
7222688
11153376
8873304
12825540
7150086
9135000
6803264
11782800
7346052
7340085
7196160
9226224
10825248
13185870
11907000
6572610
8638760
8487908
8110125
15800400
13962000
11971800
16548480
6671616
6196500
16351200
9304308
5688280
8537760
8010900
10119600
9068760
13438656
15848448
8253504
15304140
7833600
10536960
10327500
10805850
18719754
8762490
7609896
6396975
5261124
7275660
12243312
11251968
11983680
11847760
14343120
17658432
8399916
9334088
15609312
14665152
9027936
11972472
9005580
12985280
5349708
8182720
8126976
8346240
12338400
15539400
10186760
10089664
10653984
16816140
16554384
10860480
10621600
12211236
5612706
14642100
14932116
10629120
9719676
16655760
9944100
5036850
11203650
16313472
7673940
15002064
20534400
9329940
15095808
10086160
11479104
8158572
9697320
8035500
9806400
13557450
7674030
11133180
10887210
11384424
7985376
12208320
9521280
11366352
8887480
12002580
10789458
6444360
9901960
10330703
16038000
8538318
12265440
13892400
19084632
7354314
13914504
8158590
5927040
11453400
7733232
8570580
9930600
9208080
9861408
13892736
15480000
7296885
7780216
9894852
7107000
7497000
5765175
11233800
10020780
16201728
9331200
9262080
16226160
12743472
10455480
10863762
12638880
7584192
10865178
7067088
9844416
11735148
7788240
19566048
11615025
11217024
9805600
12996288
11010330
5772928
14506128
18137760
10391040
6951840
20104560
11291400
8337384
11323800
9737028
6897528
7771764
7408440
15993600
18673344
7628580
12640320
9996800
9348864
13082724
14143360
10125000
7917750
11934000
6806850
12792000
13130000
24112920
13830588
6739554
6041196
6946650
12961956
8797500
12775488
9799380
8436720
6789600
6751020
16097670
6181340
6402510
7974720
15973200
12169344
8661708
17597616
17829372
8264700
15435072
9203040
9202600
16019856
8940780
9022590
16422912
7479540
11848200
13125348
8240400
11637504
6098040
9546336
9218880
13940160
11783556
8010360
7651584
13640715
8472600
9639000
6809904
14203040
6381760
5991120
8779008
7929900
11968500
10534050
9008064
8448624
10028436
11009844
10957608
9793224
16055820
6172740
8523900
10053030
16282240
7837404
11566800
7817040
10474035
13080684
9379800
13602276
10144665
6642405
9590940
7734180
11360844
9886050
12248352
9085000
8051472
7699200
9984740
16744320
8768952
6259650
8375100
6577200
5821200
13540800
14100480
8147250
16816800
8013312
10011600
9044100
6791850
10661872
6616548
15196480
11814400
12756300
11326736
8647152
12677088
8050620
17352192
7970400
9459072
8018472
6723360
7341516
12640320
10214280
15364944
16596000
6388227
7068750
8388900
12132000
8248635
18146880
20330880
11127456
9956250
8771328
7886700
7786650
11196900
10127000
11029392
15448320
20019744
8154900
10827200
5746896
15868104
8426880
17639712
9292000
7126938
9506250
11179962
12371670
10549440
12762198
10841688
7350750
9817200
8573040
9636165
7326396
10931112
7768320
6380580
13413600
6199200
8973990
11028960
10200600
8110420
12501216
7343442
9135000
9210240
10072296
13867200
7476840
14732928
9336651
9765600
9227520
7361928
15005736
10663488
6780240
6841760
12533800
11232000
21871872
12628224
11748240
14636160
10240000
13472406
12188880
14741208
14811156
8196669
12327210
6686064
7047768
13053744
13519872
12510000
6650910
9873600
6311250
8073552
8049600
14690528
10765872
9266040
7534800
13868010
10653120
9443500
11256960
5796000
10189800
8731800
14093632
5191830
9883888
9218880
10800000
7245000
10013058
6940080
7899444
13164416
8195490
13234320
10969080
13606380
9038628
10575380
9266666
11635150
9108000
14952960
15585600
10899360
7042140
10206000
9100000
12474600
12472320
9042880
7779888
9982440
8101224
14313840
10299960
6955038
15447258
20763936
7358778
10839744
8808912
12612708
6381390
6441120
8544900
17434860
13275900
7875000
10871040
9503730
7893600
18850000
17496000
8317600
11471544
7140105
5511450
10628000
19652544
8897688
7641108
7439040
7437000
8132154
6701400
14496768
8019648
13083200
13265100
20570000
8825514
8459370
11612160
8951040
16309800
8488984
9019836
14369940
10221120
9534348
9686736
16725960
14859240
8150976
16063776
11199600
19429200
12368520
6073074
9736200
11600100
11467170
16912800
18262080
11870064
9463104
8938000
8518635
8766450
14250000
8895680
7838796
10085040
11652480
8234460
13228800
14354010
11144784
12341160
8419212
10968048
8624000
8428212
6258380
13441968
6628230
5436535
6907680
18418752
13356090
10155780
7242750
11666970
14497920
14636160
7822080
13494600
16707600
9320508
11968000
8080608
10324808
6562890
12368700
19935594
7706610
6181812
11642400
10780344
6204720
18349680
6208128
6836200
6851700
10856268
8437440
13203312
12900000
12342402
13299520
9536940
7094304
13208400
12167172
11745300
12553920
10340352
11201400
8782182
11027424
7646562
10103920
9066700
11080650
8225280
7453350
10777536
9198000
12138336
10910760
11108448
11740764
10077600
11411712
10876032
5275756
12569904
7178850
9988900
6340600
13682592
8972532
15898896
7283900
10458750
8165248
8033580
15491840
6230592
10366056
14226696
7923132
7658060
15069888
6763680
14233920
7510470
9868320
7069302
6220368
19827936
14036625
8300670
10955136
8213166
7014672
12541716
9453600
15893952
10741248
13386300
11131488
7898040
14224896
7442064
10096200
11561100
14955200
11672650
6881175
7020405
13956624
10924416
13981680
9787680
13890000
9688224
8780385
7356300
8344620
10231272
7526442
7479945
8545500
10054800
15087888
11832480
7015005
10728396
8492121
13130520
12009816
11037420
19504320
10682596
9659250
9811800
8536590
16420032
8514720
13136820
10531080
8128836
9352800
8527500
9721404
9251010
10727200
13316952
6948480
11927980
14798160
11387952
7671450
9804390
15123285
18239760
13618392
8959680
8762160
6768900
7079940
8435988
12473784
7238400
13618236
8499600
10228680
7260316
6959034
13281840
12743808
12471720
7408800
10291200
9847124
8785260
8974368
9108000
8988750
16198224
11338496
11074752
9294838
10071477
8921328
15558400
9793188
12809664
8345820
10623528
12798000
11971584
8202600
10691640
6612736
6793956
9104832
12196800
17028792
7464150
10351440
8491392
7996320
10759824
10429803
7472140
16446240
9276390
12558232
9593500
10201464
19503504
19356480
9035820
9215640
11748240
10375344
7699500
6545448
11773440
11295900
13638240
8168160
9339624
9322560
16656192
11636520
15562800
10573416
18836064
9685440
9638352
8164182
9999900
10208352
13048128
10146870
7029000
10206000
11646300
12695328
5358080
13215648
17171904
8908380
8322150
16207840
5934060
12122136
10025584
10375050
15066000
16752960
12847644
8901144
11158560
14103936
10074600
8138880
7399836
11172000
12998880
10090710
8306064
8627040
10768208
22325760
7419300
10064340
8885484
9008160
11341728
9835650
8471610
14528512
8259300
9020160
6791040
17670720
14007456
6626898
16241610
14061696
15073344
6208125
12588240
8212104
7812000
10128100
11052000
9967860
9050400
11781984
8848602
14232672
6842080
13471920
16615800
9285990
7815304
9232200
15844160
13743600
7321446
6680880
9015216
11748000
12833184
20047320
11110932
9929520
15885936
7897500
9236112
7854000
15296160
10707552
7585974
15150240
7210560
9425000
13936320
12494280
8678880
8337564
8143200
7667292
14287680
11756784
14210640
9092160
8261760
7994700
9203040
7082640
12833640
11937792
14386320
10668240
18597120
6125440
11214000
10428750
19224000
24783648
7800000
8244990
10148490
8493120
9745920
15147360
8149800
14521536
13921470
12332100
14277744
7405440
15344640
7270250
12024064
11618190
8077050
8316000
13849056
12983880
15264000
14340480
6348870
10318704
13049848
9693810
6804336
9139030
9992400
6510000
19603584
6840936
7386840
10923456
9282000
12350908
8176320
8828064
8157501
4864776
7847424
19020240
7036416
5797350
8941320
7726620
13208508
7944390
10026090
8745300
11531168
10395540
7781592
15160332
6361875
17662320
10590228
11621136
4715100
8501598
7021440
10588800
16390944
15438128
9942108
9597809
8500885
11075904
8387820
11734200
10506240
19438056
6241509
9145062
7066926
6263730
8360820
7126704
8130450
16654896
10881350
9100079
7752348
9668727
8718750
10691838
8579648
6820128
9457560
12361140
13632000
10512000
7870464
9901440
8618238
11531520
10965132
11217960
7782600
11712600
20124720
15790500
11955060
10220184
11699480
15792000
14727440
12708864
10088832
8078400
13122000
9154600
10967400
8294400
8172900
9553320
8773776
15091200
19026576
15327000
8383728
9492300
10808640
10147680
15534000
6723000
11253840
10189440
12075880
24307776
20946720
12790800
10541160
10333960
10050930
15476736
11798496
9288000
7072920
12021120
12106584
11122344
11784960
9461760
12710400
18837000
12997800
14712192
6870600
10967400
11589642
7705458
11954304
9551520
12491136
10067568
6476544
11148480
6761340
8321280
10916640
7856940
10002690
13770000
12827700
10643400
11350656
7169760
11344320
15415896
11225160
9074430
12889908
7856874
10484320
11744304
10167360
7848000
11565000
7591500
12920544
11480028
16156800
7974176
11430720
18286290
23901696
10266792
6935178
12584376
8864640
6227424
17737200
6974720
9438804
9891900
9847200
16616340
8406990
8964864
7370300
14472192
6618105
10082880
11347560
26801280
12035184
6910290
9887400
9907200
10601280
17405280
8264544
11137500
11599380
14605920
6167232
10568200
10745600
6929280
12607812
10231488
16022160
16531200
10209000
8273818
7426650
7684266
16689240
6893988
8102808
12414020
13737600
10880000
7577390
14462784
12136320
15530112
10682400
6924690
10570656
15937602
9090432
12246228
9891840
8456310
7010640
8709120
14806800
6564375
10626000
10554912
8331120
7508250
10192896
13689216
9014040
9486816
13003200
9945600
8010000
10299960
6367452
9861384
13463472
6982653
5675880
9358272
9362628
23014192
8317440
7692160
10625200
7594020
12877056
10442340
12166560
10221120
12410340
25149600
9582678
9087390
5719000
10749024
8503866
9792000
16904448
8068392
8126976
10315008
9909618
6783832
7199280
8701830
18701760
8481096
5773230
6794424
9959040
8391438
5286870
16398720
11757200
9073134
7574040
9186300
7946820
19404480
14688000
6070815
11106508
22679100
15264000
10959048
7676370
13401180
9965248
10126560
15342584
7892073
8590320
12604800
6343110
14981760
9501300
9123840
8890560
12821400
13348368
7691922
6864858
6918688
8898192
12218832
16518000
16567416
17066520
17297280
6458400
11138400
8492240
9283950
6950048
10300500
9568170
9498870
9247104
13644800
10655064
10103940
6870825
9128700
13505184
12299040
14911616
7391904
18108360
7519878
7188990
6611250
9828000
17067024
7555464
12702972
15046560
10799280
11531520
7778700
15395040
12767328
7546280
13728960
9141960
11392800
10991232
9368640
14365800
10540440
14037384
12063492
13706550
7122150
6831552
11091168
8920800
12285696
8974980
9396000
7197750
8684016
11211200
13998300
10218624
6827544
14920200
19858176
7085250
7685496
10006740
7756104
9073300
8379936
17302336
10767576
7766280
10858320
6925500
11526408
7260840
10943958
21288960
9377010
5995080
10584000
10263780
19584000
9900792
10698570
8560782
9427320
9951885
9764695
14564160
7472250
10525140
5211000
8128350
10895040
10125000
10681632
14688864
7872480
5804970
7500000
9015300
8349414
13979520
8249634
7037310
6157350
8596470
5443200
14496228
12316096
13137840
9179000
8208450
11527200
21669120
7826280
9058212
8339760
15240660
8008848
8560800
11278282
12681900
6002250
7631520
9940968
8301852
11542500
12612828
9595104
13512312
21614840
10693620
10637784
12655350
12106260
10124712
9419520
8807292
6110640
15435240
7540825
14316480
10987200
11181240
8023680
8735670
11290940
9730800
9307840
7296084
13483200
7202016
8908380
14846040
9362304
11078088
9546600
7273728
7907900
13508880
7638300
11916000
10151232
9842040
7731594
7851276
18633088
10573320
15118800
8913240
9151264
9325566
16223200
10198710
8197200
18817920
9382272
6938856
6959256
9304428
9521280
8966700
8892340
9321792
12117600
7386840
9779640
12477234
10631250
9343860
10006740
6291270
17288640
8192340
8015904
13590096
13531320
21719880
9822060
9857232
9322560
17030332
6822816
8505000
8958600
13372074
10578420
11300500
6945840
8689500
6529752
8432424
13401336
9064440
16007040
8339892
8840340
9721404
10935000
8997480
12175128
8227560
15418800
5621616
8836938
7490880
8911080
9796308
8930100
7811184
6201360
8025600
15397200
13347936
12024584
8147520
15407496
12668272
9394560
9594000
8171118
9480240
8047620
15126144
8943480
20855250
7903896
11566016
7473600
9334440
8608392
9874800
7814664
9406944
10629372
9308640
7742560
10917900
7106176
7522551
10966032
13719360
9625230
10036800
8541696
8311950
8976000
7637760
6416379
13349016
8379126
12885048
8738928
10745280
10043286
9008820
10419552
11608200
8699580
9806940
11090196
11692760
7862400
10008240
12013920
9279900
7887150
8752950
8037900
7825620
11138400
12161664
10065060
8530776
6602120
9742128
13396960
12119232
10932480
11306250
9030480
11634120
15458688
8164800
6767010
7567728
9316720
6037200
8622240
16272480
8352000
9718044
11182500
9687600
13698720
14971680
15487200
11060064
8483904
23843520
12119968
7806876
8849940
12082284
7828704
6238026
7141500
8313120
9631260
12110400
7542630
12894984
6448680
28217280
9307956
12287808
8783694
8463420
7852400
13780800
11277360
7971810
6047496
14968800
7651584
7062552
10817820
12301880
9203040
7584460
9656000
10856268
6756750
14037912
8829000
9886248
6588810
12064272
7690950
15124320
10089600
9171360
6257610
23714832
9145575
13876272
18934416
12068352
5929308
13745928
12357716
9849600
12308736
7527600
8492850
6684224
16317144
24023040
6946200
11002434
11877840
9505431
13818960
10551240
8207600
10154760
10528920
8988840
14545440
9501184
12516000
16614720
6486571
13006764
8421120
14887444
8055450
11548656
9687600
12582720
9831228
8731800
13186560
9277632
11005020
10546470
10370360
9081072
8685600
8064000
13948896
11875248
6166680
10895040
7514442
11143500
13649040
10676400
11078496
8243568
10544475
10454400
13503440
10689600
11056000
11632320
7718490
5175225
8448000
8731800
10787520
8880984
20010384
9256800
10652400
9347780
13087008
20747664
10080342
6800865
9749352
7581600
6135696
11457504
8764360
9866880
7325640
15385760
7352640
9088128
9503312
7784832
7923384
11323260
7499856
10502460
10501920
8963505
12828852
7869280
4986240
9815364
13257216
10200960
7221978
6917460
13649040
6294240
11572590
5518800
11232648
7388160
13105600
12564450
12412440
11913075
7276680
13326300
8379000
11128300
10866240
7091360
7962300
10410192
16344666
9290880
12109440
7291572
9306900
10786320
10455984
9156240
14041320
9164988
11737152
6888000
10850112
9967920
13632192
15096240
12621960
9313800
12405312
11534876
8491500
7226478
7260960
7497036
10498950
8578620
16373760
5432112
7700130
19435392
11033100
9214595
9547200
17031168
9248976
19870488
6287904
14155560
12808800
12511584
9088200
6642648
13166388
17934048
6901122
10410300
12776940
8985600
9331200
8691300
8543070
10149975
7010112
14596608
14551200
11290752
7197120
13266480
20021256
8654620
8576685
16927680
12716928
13577220
9294208
5962860
22204176
10878336
11398500
9326200
7439040
9859344
12078600
8138016
9567600
18205440
8251500
10204556
12882384
7879200
9757120
8417110
7764858
12072240
8499456
9588672
8928612
6952680
8147808
8709120
13683384
12718080
13175136
15997440
12693420
13210938
12393000
10260432
9832050
10272528
10051056
8447265
8529300
12069120
10250085
10574808
16438992
7588020
6625920
17696256
17920000
21675168
5348535
12016512
9273270
7862976
8644000
8136288
10992024
10081080
7927920
8934624
11848680
8266500
12334368
13600224
9841815
8221320
12706956
10378368
5609520
9869310
16305120
9380364
6129000
12508560
8316194
10225500
6767436
8609328
12364304
8485560
7338630
15416280
6624828
6879576
5768658
6441120
12763464
8210496
6652800
7853580
8334900
8502856
10787400
7520850
15552000
17563776
10989000
7957664
6471360
17671968
17712000
14688000
8387120
12791520
10973232
6924192
16990720
17627360
8962200
6454836
13328442
9277176
10668672
11489976
9402624
7386540
7044800
9688140
9668640
10167696
6962400
7948800
10575576
14346720
5317200
8072460
16448112
22791060
7074450
5707260
12335040
7927920
11101860
16848000
9636960
17455392
5236920
9842850
15002478
6520800
11097600
9624420
11509578
8316672
8438976
11217518
10773336
5728500
9344808
15033408
7021800
6190644
18823350
9908892
8263200
16665984
16174080
9657546
7144200
12602952
12151296
10874934
7153272
10731168
10116960
9502920
12393000
14681088
17451360
13618560
6091140
7658172
7680500
19972128
7764500
9149910
13403160
11613888
11838960
8991840
11384736
13601520
9030400
9770280
7585200
12397480
5651100
7364480
12814848
7953660
15637056
8544000
8558550
13044564
8333100
6547230
8417028
8101600
7447200
12081168
11650176
12380148
10815696
9204412
8213085
14714480
9865800
17072640
9648484
7128000
12050280
6509160
12645192
8101668
12931854
16028892
12290940
13456800
8966700
11901120
8812800
12652208
13439520
6675750
16058880
8912952
7839072
9953010
12831840
10711008
13817600
9508848
6406008
11840400
9124974
11238480
6208488
7724480
8810010
8591400
13517172
13063680
11370816
8299665
16283280
7100700
11074320
11352960
11792800
9186528
27813504
9710316
12409320
7869312
12916800
9847040
5144875
8788750
10597986
8009120
8340300
8305720
14586040
8966700
8474580
7697760
16300440
8942400
5944833
11077956
16620876
11003040
8913240
6587880
13106880
11899440
11482560
8597260
4973610
8688618
9333000
8078400
12541716
14024748
8812800
12894336
10040436
9514170
12537072
6840540
7967970
8942400
9544392
8117658
16015328
8164800
15859680
18707040
13630770
16450032
16211744
13608000
16165656
7794020
12337920
5315040
11560840
5920200
17584800
15168600
8509536
6493500
7913000
14499000
13180032
12536352
5584656
10277872
12327624
15711408
11191650
8983800
9248850
8830602
8681580
10518840
8988672
9782190
8864856
5909904
11882700
10329450
5608366
13092804
11221056
8782200
7164480
10788120
10264320
7600320
11049696
7731264
13955200
11691504
7992057
6255200
8018700
9038952
8840952
9918720
11424240
8843856
11906700
14492160
7163100
13540228
10596860
10802160
9953160
13926240
22599360
6040224
8947224
9272880
9943560
9511857
13270584
9258150
10144440
8087040
7545150
6147549
10089024
10333440
13395456
11464512
11772500
7353099
6982720
8223600
14398560
8149410
6220695
9549320
5059810
14225600
10772160
7557120
9699750
6360400
7621184
8277696
11304630
6618528
8041680
7563816
6096384
12952980
8028288
7279800
13918240
13720320
7736400
21459168
15116544
7070085
10169604
10366398
12416976
13894848
11985408
9177552
12025200
13743180
8478432
5189346
9987600
6233436
7168500
11485312
11992790
10406136
15120200
8468550
14140464
10407384
12721200
7761936
9160452
10679040
7413066
9104832
8445600
12852000
13749480
12054720
9595520
10393380
6699348
10157232
13708800
6988800
6005208
11127480
11664000
10624800
15679440
9362496
12041628
9459072
12265980
12812016
10075968
12483800
7247856
6309360
9473220
8836500
7233408
12319776
8811423
15046560
6479760
17664768
9659250
12649392
12388464
8300665
8748000
12743680
10727640
12899016
8710920
9189120
13047840
22272576
12971340
12027840
7273908
11272392
8592675
12484800
12490240
6414840
10355040
12199120
9035874
10635240
10715508
9143280
10235700
12821895
11128320
8523090
10501920
7668480
13816832
7337952
6871725
12288024
11627280
9039720
10682100
10982400
13332384
9020646
10506288
7243296
15548112
8563104
5034960
8369892
13302000
9743328
23755200
8554784
6321159
12482532
12581940
11399940
8926830
7950720
6383610
10523520
11796192
8051400
18479340
13673448
8190000
15485440
7253328
7015680
7304150
7309200
10076400
10312812
6006000
6758000
13378176
16873920
7702608
16524000
21428640
16275600
17812872
12834904
8495280
13497528
17321040
7107270
11975040
6775560
31166400
9055200
22581504
11711700
9180864
13050420
7990080
10090080
8161964
8233758
8663544
13769600
9592080
12624192
10470096
11776726
9745200
7418400
7590960
11359976
13128192
11374992
10329984
5554500
10659680
10469250
8543340
8405820
12498750
8087148
6913794
9817312
9121950
12008760
16156800
7988652
10271916
7381728
8444250
8346240
9205812
12985920
12270960
10733528
7416900
24280960
19333600
12483072
12990780
8363520
9553392
14909184
8194980
10909080
7825678
20241600
7546500
12321936
5759832
8759184
8294400
7472928
9561996
11848320
7323588
8902365
12611700
17513040
8296470
7962960
11312832
10333440
7436500
21039200
8425125
14212260
6577200
14124780
9388692
7144323
7234920
6424895
12278000
9614720
13651740
10836000
15624576
9185400
12176568
8357800
7452324
9577440
9696672
9562200
8346240
10674828
12171402
11321856
9899814
8147250
12032040
10898550
6576960
15663780
11620260
11233080
8746560
10936944
9211500
8757210
6631875
10508640
5698550
13496310
13510464
9853200
12280896
12144000
9790470
10926900
7435800
8964576
12312000
6543504
6368588
18821856
12432168
9519360
15552900
6534852
7358400
13952640
9408960
6868800
9989760
7870770
10015488
12140604
8668512
5411000
9360000
10034406
7356750
18892800
8371650
14561600
9102624
10543104
20700160
8104320
13097700
15132000
7899672
8812552
12739680
12937344
7177725
12480720
7069842
7898814
10842660
9448245
9597024
10440000
7213050
16327464
8048160
8058960
9948600
8863425
11705928
8102400
9443400
11302770
12098484
5587350
12247200
10344960
10945800
7151490
10491168
15630660
6548850
13589004
7802580
6801408
8358300
6953100
12261600
8462432
7456640
8000064
13540500
9294240
19127040
9142848
11079750
7654920
8511696
9013284
13165956
12175760
6038550
10818000
14363640
22159872
10550628
7805088
8702796
